2026-05-12 21:51:28.603  INFO 7192 --- [           main] trationDelegate$BeanPostProcessorChecker : Bean 'org.springframework.cloud.autoconfigure.ConfigurationPropertiesRebinderAutoConfiguration' of type [org.springframework.cloud.autoconfigure.ConfigurationPropertiesRebinderAutoConfiguration$$EnhancerBySpringCGLIB$$75b4dcc3] is not eligible for getting processed by all BeanPostProcessors (for example: not eligible for auto-proxying)

  .   ____          _            __ _ _
 /\\ / ___'_ __ _ _(_)_ __  __ _ \ \ \ \
( ( )\___ | '_ | '_| | '_ \/ _` | \ \ \ \
 \\/  ___)| |_)| | | | | || (_| |  ) ) ) )
  '  |____| .__|_| |_|_| |_\__, | / / / /
 =========|_|==============|___/=/_/_/_/
 :: Spring Boot ::        (v2.1.5.RELEASE)

2026-05-12 21:51:34.104  INFO 7192 --- [           main] c.r.apigateway.ApiGatewayApplication     : No active profile set, falling back to default profiles: default
2026-05-12 21:51:47.380  INFO 7192 --- [           main] .s.d.r.c.RepositoryConfigurationDelegate : Multiple Spring Data modules found, entering strict repository configuration mode!
2026-05-12 21:51:47.395  INFO 7192 --- [           main] .s.d.r.c.RepositoryConfigurationDelegate : Bootstrapping Spring Data repositories in DEFAULT mode.
2026-05-12 21:51:47.553  INFO 7192 --- [           main] .s.d.r.c.RepositoryConfigurationDelegate : Finished Spring Data repository scanning in 119ms. Found 0 repository interfaces.
2026-05-12 21:51:47.634  INFO 7192 --- [           main] .s.d.r.c.RepositoryConfigurationDelegate : Multiple Spring Data modules found, entering strict repository configuration mode!
2026-05-12 21:51:47.640  INFO 7192 --- [           main] .s.d.r.c.RepositoryConfigurationDelegate : Bootstrapping Spring Data repositories in DEFAULT mode.
2026-05-12 21:51:47.744  INFO 7192 --- [           main] .s.d.r.c.RepositoryConfigurationDelegate : Finished Spring Data repository scanning in 30ms. Found 0 repository interfaces.
2026-05-12 21:51:48.945  WARN 7192 --- [           main] o.s.boot.actuate.endpoint.EndpointId     : Endpoint ID 'service-registry' contains invalid characters, please migrate to a valid format.
2026-05-12 21:51:49.061  WARN 7192 --- [           main] o.s.boot.actuate.endpoint.EndpointId     : Endpoint ID 'hystrix.stream' contains invalid characters, please migrate to a valid format.
2026-05-12 21:51:52.808  INFO 7192 --- [           main] o.s.cloud.context.scope.GenericScope     : BeanFactory id=81c29577-b188-3091-930e-f5b871ed3537
2026-05-12 21:51:54.398  INFO 7192 --- [           main] trationDelegate$BeanPostProcessorChecker : Bean 'org.springframework.transaction.annotation.ProxyTransactionManagementConfiguration' of type [org.springframework.transaction.annotation.ProxyTransactionManagementConfiguration$$EnhancerBySpringCGLIB$$599ad9c6] is not eligible for getting processed by all BeanPostProcessors (for example: not eligible for auto-proxying)
2026-05-12 21:51:55.786  INFO 7192 --- [           main] trationDelegate$BeanPostProcessorChecker : Bean 'org.springframework.cloud.autoconfigure.ConfigurationPropertiesRebinderAutoConfiguration' of type [org.springframework.cloud.autoconfigure.ConfigurationPropertiesRebinderAutoConfiguration$$EnhancerBySpringCGLIB$$75b4dcc3] is not eligible for getting processed by all BeanPostProcessors (for example: not eligible for auto-proxying)
2026-05-12 21:52:26.446  INFO 7192 --- [           main] o.s.b.w.embedded.tomcat.TomcatWebServer  : Tomcat initialized with port(s): 8900 (http)
2026-05-12 21:52:26.821  INFO 7192 --- [           main] o.apache.catalina.core.StandardService   : Starting service [Tomcat]
2026-05-12 21:52:26.824  INFO 7192 --- [           main] org.apache.catalina.core.StandardEngine  : Starting Servlet engine: [Apache Tomcat/9.0.19]
2026-05-12 21:52:27.683  INFO 7192 --- [           main] o.a.c.c.C.[Tomcat].[localhost].[/]       : Initializing Spring embedded WebApplicationContext
2026-05-12 21:52:27.687  INFO 7192 --- [           main] o.s.web.context.ContextLoader            : Root WebApplicationContext: initialization completed in 52980 ms
2026-05-12 21:52:28.978  WARN 7192 --- [           main] c.n.c.sources.URLConfigurationSource     : No URLs will be polled as dynamic configuration sources.
2026-05-12 21:52:28.989  INFO 7192 --- [           main] c.n.c.sources.URLConfigurationSource     : To enable URLs as dynamic configuration sources, define System property archaius.configurationSource.additionalUrls or make config.properties available on classpath.
2026-05-12 21:52:29.297  INFO 7192 --- [           main] c.netflix.config.DynamicPropertyFactory  : DynamicPropertyFactory is initialized with configuration sources: com.netflix.config.ConcurrentCompositeConfiguration@40ee0a22
2026-05-12 21:52:31.686  INFO 7192 --- [           main] com.zaxxer.hikari.HikariDataSource       : HikariPool-1 - Starting...
2026-05-12 21:52:33.331  INFO 7192 --- [           main] com.zaxxer.hikari.HikariDataSource       : HikariPool-1 - Start completed.
2026-05-12 21:52:34.385  INFO 7192 --- [           main] o.hibernate.jpa.internal.util.LogHelper  : HHH000204: Processing PersistenceUnitInfo [
	name: default
	...]
2026-05-12 21:52:35.242  INFO 7192 --- [           main] org.hibernate.Version                    : HHH000412: Hibernate Core {5.3.10.Final}
2026-05-12 21:52:35.270  INFO 7192 --- [           main] org.hibernate.cfg.Environment            : HHH000206: hibernate.properties not found
2026-05-12 21:52:36.760  INFO 7192 --- [           main] o.hibernate.annotations.common.Version   : HCANN000001: Hibernate Commons Annotations {5.0.4.Final}
2026-05-12 21:52:47.156  INFO 7192 --- [           main] org.hibernate.dialect.Dialect            : HHH000400: Using dialect: org.hibernate.dialect.H2Dialect
2026-05-12 21:52:48.680  INFO 7192 --- [           main] o.h.t.schema.internal.SchemaCreatorImpl  : HHH000476: Executing import script 'org.hibernate.tool.schema.internal.exec.ScriptSourceInputNonExistentImpl@34d52ecd'
2026-05-12 21:52:48.701  INFO 7192 --- [           main] j.LocalContainerEntityManagerFactoryBean : Initialized JPA EntityManagerFactory for persistence unit 'default'
2026-05-12 21:52:59.123  WARN 7192 --- [           main] c.n.c.sources.URLConfigurationSource     : No URLs will be polled as dynamic configuration sources.
2026-05-12 21:52:59.130  INFO 7192 --- [           main] c.n.c.sources.URLConfigurationSource     : To enable URLs as dynamic configuration sources, define System property archaius.configurationSource.additionalUrls or make config.properties available on classpath.
2026-05-12 21:53:02.192  INFO 7192 --- [           main] o.s.s.concurrent.ThreadPoolTaskExecutor  : Initializing ExecutorService 'applicationTaskExecutor'
2026-05-12 21:53:02.967  WARN 7192 --- [           main] aWebConfiguration$JpaWebMvcConfiguration : spring.jpa.open-in-view is enabled by default. Therefore, database queries may be performed during view rendering. Explicitly configure spring.jpa.open-in-view to disable this warning
2026-05-12 21:53:03.355  INFO 7192 --- [           main] o.s.b.a.w.s.WelcomePageHandlerMapping    : Adding welcome page: class path resource [static/index.html]
2026-05-12 21:53:07.917  INFO 7192 --- [           main] .s.s.UserDetailsServiceAutoConfiguration : 

Using generated security password: 2a357087-2ff5-4402-aaab-a73ba26221bd

2026-05-12 21:53:09.068  INFO 7192 --- [           main] o.s.s.web.DefaultSecurityFilterChain     : Creating filter chain: any request, [org.springframework.security.web.context.request.async.WebAsyncManagerIntegrationFilter@4a50d04a, org.springframework.security.web.context.SecurityContextPersistenceFilter@52ae997b, org.springframework.security.web.header.HeaderWriterFilter@60f21960, org.springframework.security.web.authentication.logout.LogoutFilter@707e4fe4, org.springframework.security.web.savedrequest.RequestCacheAwareFilter@7061622, org.springframework.security.web.servletapi.SecurityContextHolderAwareRequestFilter@43ecfeb5, org.springframework.security.web.authentication.AnonymousAuthenticationFilter@5099c59b, org.springframework.security.web.session.SessionManagementFilter@6b9fdbc6, org.springframework.security.web.access.ExceptionTranslationFilter@25c2a9e3, org.springframework.security.web.access.intercept.FilterSecurityInterceptor@67770b37]
2026-05-12 21:53:10.783  INFO 7192 --- [           main] o.s.b.a.e.web.EndpointLinksResolver      : Exposing 2 endpoint(s) beneath base path '/actuator'
2026-05-12 21:53:13.056  INFO 7192 --- [           main] o.s.c.n.zuul.ZuulFilterInitializer       : Starting filter initializer
2026-05-12 21:53:13.417  INFO 7192 --- [           main] o.s.c.n.eureka.InstanceInfoFactory       : Setting initial instance status as: STARTING
2026-05-12 21:53:14.037  INFO 7192 --- [           main] com.netflix.discovery.DiscoveryClient    : Initializing Eureka in region us-east-1
2026-05-12 21:53:14.555  INFO 7192 --- [           main] c.n.d.provider.DiscoveryJerseyProvider   : Using JSON encoding codec LegacyJacksonJson
2026-05-12 21:53:14.561  INFO 7192 --- [           main] c.n.d.provider.DiscoveryJerseyProvider   : Using JSON decoding codec LegacyJacksonJson
2026-05-12 21:53:16.134  INFO 7192 --- [           main] c.n.d.provider.DiscoveryJerseyProvider   : Using XML encoding codec XStreamXml
2026-05-12 21:53:16.135  INFO 7192 --- [           main] c.n.d.provider.DiscoveryJerseyProvider   : Using XML decoding codec XStreamXml
2026-05-12 21:53:17.809  INFO 7192 --- [           main] c.n.d.s.r.aws.ConfigClusterResolver      : Resolving eureka endpoints via configuration
2026-05-12 21:53:18.462  INFO 7192 --- [           main] com.netflix.discovery.DiscoveryClient    : Disable delta property : false
2026-05-12 21:53:18.464  INFO 7192 --- [           main] com.netflix.discovery.DiscoveryClient    : Single vip registry refresh property : null
2026-05-12 21:53:18.466  INFO 7192 --- [           main] com.netflix.discovery.DiscoveryClient    : Force full registry fetch : false
2026-05-12 21:53:18.468  INFO 7192 --- [           main] com.netflix.discovery.DiscoveryClient    : Application is null : false
2026-05-12 21:53:18.470  INFO 7192 --- [           main] com.netflix.discovery.DiscoveryClient    : Registered Applications size is zero : true
2026-05-12 21:53:18.473  INFO 7192 --- [           main] com.netflix.discovery.DiscoveryClient    : Application version is -1: true
2026-05-12 21:53:18.475  INFO 7192 --- [           main] com.netflix.discovery.DiscoveryClient    : Getting all instance registry info from the eureka server
2026-05-12 21:53:19.632  INFO 7192 --- [           main] com.netflix.discovery.DiscoveryClient    : The response status is 200
2026-05-12 21:53:19.643  INFO 7192 --- [           main] com.netflix.discovery.DiscoveryClient    : Starting heartbeat executor: renew interval is: 30
2026-05-12 21:53:19.651  INFO 7192 --- [           main] c.n.discovery.InstanceInfoReplicator     : InstanceInfoReplicator onDemand update allowed rate per min is 4
2026-05-12 21:53:19.680  INFO 7192 --- [           main] com.netflix.discovery.DiscoveryClient    : Discovery Client initialized at timestamp 1778602999663 with initial instances count: 4
2026-05-12 21:53:19.695  INFO 7192 --- [           main] o.s.c.n.e.s.EurekaServiceRegistry        : Registering application API-GATEWAY with eureka with status UP
2026-05-12 21:53:19.700  INFO 7192 --- [           main] com.netflix.discovery.DiscoveryClient    : Saw local status change event StatusChangeEvent [timestamp=1778602999700, current=UP, previous=STARTING]
2026-05-12 21:53:19.721  INFO 7192 --- [nfoReplicator-0] com.netflix.discovery.DiscoveryClient    : DiscoveryClient_API-GATEWAY/Admin:api-gateway:8900: registering service...
2026-05-12 21:53:19.869  INFO 7192 --- [nfoReplicator-0] com.netflix.discovery.DiscoveryClient    : DiscoveryClient_API-GATEWAY/Admin:api-gateway:8900 - registration status: 204
2026-05-12 21:53:19.904  INFO 7192 --- [           main] s.a.ScheduledAnnotationBeanPostProcessor : No TaskScheduler/ScheduledExecutorService bean found for scheduled processing
2026-05-12 21:53:21.113  INFO 7192 --- [           main] o.s.b.w.embedded.tomcat.TomcatWebServer  : Tomcat started on port(s): 8900 (http) with context path ''
2026-05-12 21:53:21.118  INFO 7192 --- [           main] .s.c.n.e.s.EurekaAutoServiceRegistration : Updating port to 8900
2026-05-12 21:53:21.139  INFO 7192 --- [           main] c.r.apigateway.ApiGatewayApplication     : Started ApiGatewayApplication in 136.682 seconds (JVM running for 143.423)
