#
# There is insufficient memory for the Java Runtime Environment to continue.
# Native memory allocation (malloc) failed to allocate 1071696 bytes for Chunk::new
# Possible reasons:
#   The system is out of physical RAM or swap space
#   The process is running with CompressedOops enabled, and the Java Heap may be blocking the growth of the native heap
# Possible solutions:
#   Reduce memory load on the system
#   Increase physical memory or swap space
#   Check if swap backing store is full
#   Decrease Java heap size (-Xmx/-Xms)
#   Decrease number of Java threads
#   Decrease Java thread stack sizes (-Xss)
#   Set larger code cache with -XX:ReservedCodeCacheSize=
#   JVM is running with Unscaled Compressed Oops mode in which the Java heap is
#     placed in the first 4GB address space. The Java Heap base address is the
#     maximum limit for the native heap growth. Please use -XX:HeapBaseMinAddress
#     to set the Java Heap base and to place the Java Heap above 4GB virtual address.
# This output file may be truncated or incomplete.
#
#  Out of Memory Error (arena.cpp:189), pid=17504, tid=9868
#
# JRE version: Java(TM) SE Runtime Environment (17.0.12+8) (build 17.0.12+8-LTS-286)
# Java VM: Java HotSpot(TM) 64-Bit Server VM (17.0.12+8-LTS-286, mixed mode, sharing, tiered, compressed oops, compressed class ptrs, g1 gc, windows-amd64)
# No core dump will be written. Minidumps are not enabled by default on client versions of Windows
#

---------------  S U M M A R Y ------------

Command Line: -Dmaven.home=C:/Users/deepa/Downloads/e-commerce-microservices-master/e-commerce-microservices-master -Dmaven.multiModuleProjectDirectory=C:/Users/deepa/Downloads/e-commerce-microservices-master/e-commerce-microservices-master/api-gateway org.apache.maven.wrapper.MavenWrapperMain spring-boot:run

Host: AMD Ryzen 5 3500U with Radeon Vega Mobile Gfx  , 8 cores, 5G,  Windows 11 , 64 bit Build 26100 (10.0.26100.4768)
Time: Tue May 12 18:32:36 2026 India Standard Time elapsed time: 13.815828 seconds (0d 0h 0m 13s)

---------------  T H R E A D  ---------------

Current thread (0x00000266bf50d6f0):  JavaThread "C2 CompilerThread0" daemon [_thread_in_native, id=9868, stack(0x000000e293300000,0x000000e293400000)]


Current CompileTask:
C2:  13816 3554       4       org.apache.maven.model.validation.DefaultModelValidator::validateEffectiveDependency (732 bytes)

Stack: [0x000000e293300000,0x000000e293400000]
Native frames: (J=compiled Java code, j=interpreted, Vv=VM code, C=native code)
V  [jvm.dll+0x67a04a]
V  [jvm.dll+0x7da4ed]
V  [jvm.dll+0x7dbe33]
V  [jvm.dll+0x7dc4a3]
V  [jvm.dll+0x24508f]
V  [jvm.dll+0xab773]
V  [jvm.dll+0xabd3c]
V  [jvm.dll+0x361b9f]
V  [jvm.dll+0x32c431]
V  [jvm.dll+0x32b8ca]
V  [jvm.dll+0x21683f]
V  [jvm.dll+0x215c6f]
V  [jvm.dll+0x1a2960]
V  [jvm.dll+0x22610b]
V  [jvm.dll+0x2242ab]
V  [jvm.dll+0x79075c]
V  [jvm.dll+0x78abea]
V  [jvm.dll+0x678f35]
C  [ucrtbase.dll+0x37b0]
C  [KERNEL32.DLL+0x2e8d7]
C  [ntdll.dll+0x3c34c]


---------------  P R O C E S S  ---------------

Threads class SMR info:
_java_thread_list=0x00000267060caa30, length=13, elements={
0x00000266a2051040, 0x00000266a1cb66b0, 0x00000266bf4feef0, 0x00000266a1cbdfe0,
0x00000266a1cbe8b0, 0x00000266bf50c220, 0x00000266bf50caf0, 0x00000266bf50d6f0,
0x00000266bf50e410, 0x00000266bf50ed20, 0x00000266bf651f50, 0x00000266bf65c4f0,
0x00000267052500e0
}

Java Threads: ( => current thread )
  0x00000266a2051040 JavaThread "main" [_thread_in_native, id=31532, stack(0x000000e292100000,0x000000e292200000)]
  0x00000266a1cb66b0 JavaThread "Reference Handler" daemon [_thread_blocked, id=29836, stack(0x000000e292d00000,0x000000e292e00000)]
  0x00000266bf4feef0 JavaThread "Finalizer" daemon [_thread_blocked, id=15128, stack(0x000000e292e00000,0x000000e292f00000)]
  0x00000266a1cbdfe0 JavaThread "Signal Dispatcher" daemon [_thread_blocked, id=29788, stack(0x000000e292f00000,0x000000e293000000)]
  0x00000266a1cbe8b0 JavaThread "Attach Listener" daemon [_thread_blocked, id=31720, stack(0x000000e293000000,0x000000e293100000)]
  0x00000266bf50c220 JavaThread "Service Thread" daemon [_thread_blocked, id=28492, stack(0x000000e293100000,0x000000e293200000)]
  0x00000266bf50caf0 JavaThread "Monitor Deflation Thread" daemon [_thread_blocked, id=21688, stack(0x000000e293200000,0x000000e293300000)]
=>0x00000266bf50d6f0 JavaThread "C2 CompilerThread0" daemon [_thread_in_native, id=9868, stack(0x000000e293300000,0x000000e293400000)]
  0x00000266bf50e410 JavaThread "C1 CompilerThread0" daemon [_thread_blocked, id=30472, stack(0x000000e293400000,0x000000e293500000)]
  0x00000266bf50ed20 JavaThread "Sweeper thread" daemon [_thread_blocked, id=30164, stack(0x000000e293500000,0x000000e293600000)]
  0x00000266bf651f50 JavaThread "Notification Thread" daemon [_thread_blocked, id=28732, stack(0x000000e293600000,0x000000e293700000)]
  0x00000266bf65c4f0 JavaThread "Common-Cleaner" daemon [_thread_blocked, id=4640, stack(0x000000e293800000,0x000000e293900000)]
  0x00000267052500e0 JavaThread "C2 CompilerThread1" daemon [_thread_blocked, id=17968, stack(0x000000e293900000,0x000000e293a00000)]

Other Threads:
  0x00000266a1c42890 VMThread "VM Thread" [stack: 0x000000e292c00000,0x000000e292d00000] [id=21864]
  0x00000266a1bd95c0 WatcherThread [stack: 0x000000e293700000,0x000000e293800000] [id=19540]
  0x00000266a1bc90e0 GCTaskThread "GC Thread#0" [stack: 0x000000e292700000,0x000000e292800000] [id=30112]
  0x00000266bf7d4390 GCTaskThread "GC Thread#1" [stack: 0x000000e293a00000,0x000000e293b00000] [id=31056]
  0x00000266bf7d5150 GCTaskThread "GC Thread#2" [stack: 0x000000e293b00000,0x000000e293c00000] [id=25252]
  0x00000266bf7d4bd0 GCTaskThread "GC Thread#3" [stack: 0x000000e293c00000,0x000000e293d00000] [id=27460]
  0x00000266bf7d4e90 GCTaskThread "GC Thread#4" [stack: 0x000000e293d00000,0x000000e293e00000] [id=5180]
  0x00000266bf7d5410 GCTaskThread "GC Thread#5" [stack: 0x000000e293e00000,0x000000e293f00000] [id=31316]
  0x00000266bf7d56d0 GCTaskThread "GC Thread#6" [stack: 0x000000e293f00000,0x000000e294000000] [id=30180]
  0x00000266bf7d4650 GCTaskThread "GC Thread#7" [stack: 0x000000e294000000,0x000000e294100000] [id=6192]
  0x00000266a1bd6450 ConcurrentGCThread "G1 Main Marker" [stack: 0x000000e292800000,0x000000e292900000] [id=16104]
  0x00000266a1bd72b0 ConcurrentGCThread "G1 Conc#0" [stack: 0x000000e292900000,0x000000e292a00000] [id=26976]
  0x00000266a1c2ecc0 ConcurrentGCThread "G1 Refine#0" [stack: 0x000000e292a00000,0x000000e292b00000] [id=16472]
  0x00000266a1c2f9b0 ConcurrentGCThread "G1 Service" [stack: 0x000000e292b00000,0x000000e292c00000] [id=16988]

Threads with active compile tasks:
C2 CompilerThread0    14409 3554       4       org.apache.maven.model.validation.DefaultModelValidator::validateEffectiveDependency (732 bytes)

VM state: not at safepoint (normal execution)

VM Mutex/Monitor currently owned by a thread: None

Heap address: 0x00000000a0e00000, size: 1522 MB, Compressed Oops mode: 32-bit

CDS archive(s) mapped at: [0x00000266c0000000-0x00000266c0bd0000-0x00000266c0bd0000), size 12386304, SharedBaseAddress: 0x00000266c0000000, ArchiveRelocationMode: 1.
Compressed class space mapped at: 0x00000266c1000000-0x0000026701000000, reserved size: 1073741824
Narrow klass base: 0x00000266c0000000, Narrow klass shift: 0, Narrow klass range: 0x100000000

GC Precious Log:
 CPUs: 8 total, 8 available
 Memory: 6086M
 Large Page Support: Disabled
 NUMA Support: Disabled
 Compressed Oops: Enabled (32-bit)
 Heap Region Size: 1M
 Heap Min Capacity: 8M
 Heap Initial Capacity: 96M
 Heap Max Capacity: 1522M
 Pre-touch: Disabled
 Parallel Workers: 8
 Concurrent Workers: 2
 Concurrent Refinement Workers: 8
 Periodic GC: Disabled

Heap:
 garbage-first heap   total 196608K, used 28819K [0x00000000a0e00000, 0x0000000100000000)
  region size 1024K, 10 young (10240K), 2 survivors (2048K)
 Metaspace       used 13383K, committed 13632K, reserved 1114112K
  class space    used 1506K, committed 1600K, reserved 1048576K

Heap Regions: E=young(eden), S=young(survivor), O=old, HS=humongous(starts), HC=humongous(continues), CS=collection set, F=free, OA=open archive, CA=closed archive, TAMS=top-at-mark-start (previous, next)
|   0|0x00000000a0e00000, 0x00000000a0f00000, 0x00000000a0f00000|100%| O|  |TAMS 0x00000000a0e00000, 0x00000000a0e00000| Untracked 
|   1|0x00000000a0f00000, 0x00000000a1000000, 0x00000000a1000000|100%| O|  |TAMS 0x00000000a0f00000, 0x00000000a0f00000| Untracked 
|   2|0x00000000a1000000, 0x00000000a1100000, 0x00000000a1100000|100%| O|  |TAMS 0x00000000a1000000, 0x00000000a1000000| Untracked 
|   3|0x00000000a1100000, 0x00000000a1200000, 0x00000000a1200000|100%| O|  |TAMS 0x00000000a1100000, 0x00000000a1100000| Untracked 
|   4|0x00000000a1200000, 0x00000000a1300000, 0x00000000a1300000|100%| O|  |TAMS 0x00000000a1200000, 0x00000000a1200000| Untracked 
|   5|0x00000000a1300000, 0x00000000a1400000, 0x00000000a1400000|100%| O|  |TAMS 0x00000000a1300000, 0x00000000a1300000| Untracked 
|   6|0x00000000a1400000, 0x00000000a1500000, 0x00000000a1500000|100%| O|  |TAMS 0x00000000a1400000, 0x00000000a1400000| Untracked 
|   7|0x00000000a1500000, 0x00000000a1600000, 0x00000000a1600000|100%| O|  |TAMS 0x00000000a1500000, 0x00000000a1500000| Untracked 
|   8|0x00000000a1600000, 0x00000000a1700000, 0x00000000a1700000|100%| O|  |TAMS 0x00000000a1600000, 0x00000000a1600000| Untracked 
|   9|0x00000000a1700000, 0x00000000a1800000, 0x00000000a1800000|100%| O|  |TAMS 0x00000000a1700000, 0x00000000a1700000| Untracked 
|  10|0x00000000a1800000, 0x00000000a1900000, 0x00000000a1900000|100%| O|  |TAMS 0x00000000a1800000, 0x00000000a1800000| Untracked 
|  11|0x00000000a1900000, 0x00000000a1a00000, 0x00000000a1a00000|100%| O|  |TAMS 0x00000000a1900000, 0x00000000a1900000| Untracked 
|  12|0x00000000a1a00000, 0x00000000a1b00000, 0x00000000a1b00000|100%| O|  |TAMS 0x00000000a1a00000, 0x00000000a1a00000| Untracked 
|  13|0x00000000a1b00000, 0x00000000a1c00000, 0x00000000a1c00000|100%| O|  |TAMS 0x00000000a1b00000, 0x00000000a1b00000| Untracked 
|  14|0x00000000a1c00000, 0x00000000a1d00000, 0x00000000a1d00000|100%| O|  |TAMS 0x00000000a1c00000, 0x00000000a1c00000| Untracked 
|  15|0x00000000a1d00000, 0x00000000a1e00000, 0x00000000a1e00000|100%| O|  |TAMS 0x00000000a1d00000, 0x00000000a1d00000| Untracked 
|  16|0x00000000a1e00000, 0x00000000a1f00000, 0x00000000a1f00000|100%| O|  |TAMS 0x00000000a1e00000, 0x00000000a1e00000| Untracked 
|  17|0x00000000a1f00000, 0x00000000a2000000, 0x00000000a2000000|100%| O|  |TAMS 0x00000000a1f00000, 0x00000000a1f00000| Untracked 
|  18|0x00000000a2000000, 0x00000000a2100000, 0x00000000a2100000|100%| O|  |TAMS 0x00000000a2000000, 0x00000000a2000000| Untracked 
|  19|0x00000000a2100000, 0x00000000a21e5000, 0x00000000a2200000| 89%| O|  |TAMS 0x00000000a2100000, 0x00000000a2100000| Untracked 
|  20|0x00000000a2200000, 0x00000000a2200000, 0x00000000a2300000|  0%| F|  |TAMS 0x00000000a2200000, 0x00000000a2200000| Untracked 
|  21|0x00000000a2300000, 0x00000000a2300000, 0x00000000a2400000|  0%| F|  |TAMS 0x00000000a2300000, 0x00000000a2300000| Untracked 
|  22|0x00000000a2400000, 0x00000000a2400000, 0x00000000a2500000|  0%| F|  |TAMS 0x00000000a2400000, 0x00000000a2400000| Untracked 
|  23|0x00000000a2500000, 0x00000000a2500000, 0x00000000a2600000|  0%| F|  |TAMS 0x00000000a2500000, 0x00000000a2500000| Untracked 
|  24|0x00000000a2600000, 0x00000000a2600000, 0x00000000a2700000|  0%| F|  |TAMS 0x00000000a2600000, 0x00000000a2600000| Untracked 
|  25|0x00000000a2700000, 0x00000000a2700000, 0x00000000a2800000|  0%| F|  |TAMS 0x00000000a2700000, 0x00000000a2700000| Untracked 
|  26|0x00000000a2800000, 0x00000000a2800000, 0x00000000a2900000|  0%| F|  |TAMS 0x00000000a2800000, 0x00000000a2800000| Untracked 
|  27|0x00000000a2900000, 0x00000000a2900000, 0x00000000a2a00000|  0%| F|  |TAMS 0x00000000a2900000, 0x00000000a2900000| Untracked 
|  28|0x00000000a2a00000, 0x00000000a2a00000, 0x00000000a2b00000|  0%| F|  |TAMS 0x00000000a2a00000, 0x00000000a2a00000| Untracked 
|  29|0x00000000a2b00000, 0x00000000a2b00000, 0x00000000a2c00000|  0%| F|  |TAMS 0x00000000a2b00000, 0x00000000a2b00000| Untracked 
|  30|0x00000000a2c00000, 0x00000000a2c00000, 0x00000000a2d00000|  0%| F|  |TAMS 0x00000000a2c00000, 0x00000000a2c00000| Untracked 
|  31|0x00000000a2d00000, 0x00000000a2d00000, 0x00000000a2e00000|  0%| F|  |TAMS 0x00000000a2d00000, 0x00000000a2d00000| Untracked 
|  32|0x00000000a2e00000, 0x00000000a2e00000, 0x00000000a2f00000|  0%| F|  |TAMS 0x00000000a2e00000, 0x00000000a2e00000| Untracked 
|  33|0x00000000a2f00000, 0x00000000a2f00000, 0x00000000a3000000|  0%| F|  |TAMS 0x00000000a2f00000, 0x00000000a2f00000| Untracked 
|  34|0x00000000a3000000, 0x00000000a3000000, 0x00000000a3100000|  0%| F|  |TAMS 0x00000000a3000000, 0x00000000a3000000| Untracked 
|  35|0x00000000a3100000, 0x00000000a3100000, 0x00000000a3200000|  0%| F|  |TAMS 0x00000000a3100000, 0x00000000a3100000| Untracked 
|  36|0x00000000a3200000, 0x00000000a3200000, 0x00000000a3300000|  0%| F|  |TAMS 0x00000000a3200000, 0x00000000a3200000| Untracked 
|  37|0x00000000a3300000, 0x00000000a3300000, 0x00000000a3400000|  0%| F|  |TAMS 0x00000000a3300000, 0x00000000a3300000| Untracked 
|  38|0x00000000a3400000, 0x00000000a3400000, 0x00000000a3500000|  0%| F|  |TAMS 0x00000000a3400000, 0x00000000a3400000| Untracked 
|  39|0x00000000a3500000, 0x00000000a3500000, 0x00000000a3600000|  0%| F|  |TAMS 0x00000000a3500000, 0x00000000a3500000| Untracked 
|  40|0x00000000a3600000, 0x00000000a3600000, 0x00000000a3700000|  0%| F|  |TAMS 0x00000000a3600000, 0x00000000a3600000| Untracked 
|  41|0x00000000a3700000, 0x00000000a3700000, 0x00000000a3800000|  0%| F|  |TAMS 0x00000000a3700000, 0x00000000a3700000| Untracked 
|  42|0x00000000a3800000, 0x00000000a3800000, 0x00000000a3900000|  0%| F|  |TAMS 0x00000000a3800000, 0x00000000a3800000| Untracked 
|  43|0x00000000a3900000, 0x00000000a3900000, 0x00000000a3a00000|  0%| F|  |TAMS 0x00000000a3900000, 0x00000000a3900000| Untracked 
|  44|0x00000000a3a00000, 0x00000000a3a00000, 0x00000000a3b00000|  0%| F|  |TAMS 0x00000000a3a00000, 0x00000000a3a00000| Untracked 
|  45|0x00000000a3b00000, 0x00000000a3b00000, 0x00000000a3c00000|  0%| F|  |TAMS 0x00000000a3b00000, 0x00000000a3b00000| Untracked 
|  46|0x00000000a3c00000, 0x00000000a3c00000, 0x00000000a3d00000|  0%| F|  |TAMS 0x00000000a3c00000, 0x00000000a3c00000| Untracked 
|  47|0x00000000a3d00000, 0x00000000a3d00000, 0x00000000a3e00000|  0%| F|  |TAMS 0x00000000a3d00000, 0x00000000a3d00000| Untracked 
|  48|0x00000000a3e00000, 0x00000000a3e00000, 0x00000000a3f00000|  0%| F|  |TAMS 0x00000000a3e00000, 0x00000000a3e00000| Untracked 
|  49|0x00000000a3f00000, 0x00000000a3f00000, 0x00000000a4000000|  0%| F|  |TAMS 0x00000000a3f00000, 0x00000000a3f00000| Untracked 
|  50|0x00000000a4000000, 0x00000000a4000000, 0x00000000a4100000|  0%| F|  |TAMS 0x00000000a4000000, 0x00000000a4000000| Untracked 
|  51|0x00000000a4100000, 0x00000000a4100000, 0x00000000a4200000|  0%| F|  |TAMS 0x00000000a4100000, 0x00000000a4100000| Untracked 
|  52|0x00000000a4200000, 0x00000000a4200000, 0x00000000a4300000|  0%| F|  |TAMS 0x00000000a4200000, 0x00000000a4200000| Untracked 
|  53|0x00000000a4300000, 0x00000000a4300000, 0x00000000a4400000|  0%| F|  |TAMS 0x00000000a4300000, 0x00000000a4300000| Untracked 
|  54|0x00000000a4400000, 0x00000000a4400000, 0x00000000a4500000|  0%| F|  |TAMS 0x00000000a4400000, 0x00000000a4400000| Untracked 
|  55|0x00000000a4500000, 0x00000000a4500000, 0x00000000a4600000|  0%| F|  |TAMS 0x00000000a4500000, 0x00000000a4500000| Untracked 
|  56|0x00000000a4600000, 0x00000000a4600000, 0x00000000a4700000|  0%| F|  |TAMS 0x00000000a4600000, 0x00000000a4600000| Untracked 
|  57|0x00000000a4700000, 0x00000000a4700000, 0x00000000a4800000|  0%| F|  |TAMS 0x00000000a4700000, 0x00000000a4700000| Untracked 
|  58|0x00000000a4800000, 0x00000000a4800000, 0x00000000a4900000|  0%| F|  |TAMS 0x00000000a4800000, 0x00000000a4800000| Untracked 
|  59|0x00000000a4900000, 0x00000000a4900000, 0x00000000a4a00000|  0%| F|  |TAMS 0x00000000a4900000, 0x00000000a4900000| Untracked 
|  60|0x00000000a4a00000, 0x00000000a4a00000, 0x00000000a4b00000|  0%| F|  |TAMS 0x00000000a4a00000, 0x00000000a4a00000| Untracked 
|  61|0x00000000a4b00000, 0x00000000a4b00000, 0x00000000a4c00000|  0%| F|  |TAMS 0x00000000a4b00000, 0x00000000a4b00000| Untracked 
|  62|0x00000000a4c00000, 0x00000000a4c00000, 0x00000000a4d00000|  0%| F|  |TAMS 0x00000000a4c00000, 0x00000000a4c00000| Untracked 
|  63|0x00000000a4d00000, 0x00000000a4d00000, 0x00000000a4e00000|  0%| F|  |TAMS 0x00000000a4d00000, 0x00000000a4d00000| Untracked 
|  64|0x00000000a4e00000, 0x00000000a4e00000, 0x00000000a4f00000|  0%| F|  |TAMS 0x00000000a4e00000, 0x00000000a4e00000| Untracked 
|  65|0x00000000a4f00000, 0x00000000a4f00000, 0x00000000a5000000|  0%| F|  |TAMS 0x00000000a4f00000, 0x00000000a4f00000| Untracked 
|  66|0x00000000a5000000, 0x00000000a5000000, 0x00000000a5100000|  0%| F|  |TAMS 0x00000000a5000000, 0x00000000a5000000| Untracked 
|  67|0x00000000a5100000, 0x00000000a5100000, 0x00000000a5200000|  0%| F|  |TAMS 0x00000000a5100000, 0x00000000a5100000| Untracked 
|  68|0x00000000a5200000, 0x00000000a5200000, 0x00000000a5300000|  0%| F|  |TAMS 0x00000000a5200000, 0x00000000a5200000| Untracked 
|  69|0x00000000a5300000, 0x00000000a5300000, 0x00000000a5400000|  0%| F|  |TAMS 0x00000000a5300000, 0x00000000a5300000| Untracked 
|  70|0x00000000a5400000, 0x00000000a5400000, 0x00000000a5500000|  0%| F|  |TAMS 0x00000000a5400000, 0x00000000a5400000| Untracked 
|  71|0x00000000a5500000, 0x00000000a5500000, 0x00000000a5600000|  0%| F|  |TAMS 0x00000000a5500000, 0x00000000a5500000| Untracked 
|  72|0x00000000a5600000, 0x00000000a5600000, 0x00000000a5700000|  0%| F|  |TAMS 0x00000000a5600000, 0x00000000a5600000| Untracked 
|  73|0x00000000a5700000, 0x00000000a5700000, 0x00000000a5800000|  0%| F|  |TAMS 0x00000000a5700000, 0x00000000a5700000| Untracked 
|  74|0x00000000a5800000, 0x00000000a5800000, 0x00000000a5900000|  0%| F|  |TAMS 0x00000000a5800000, 0x00000000a5800000| Untracked 
|  75|0x00000000a5900000, 0x00000000a5900000, 0x00000000a5a00000|  0%| F|  |TAMS 0x00000000a5900000, 0x00000000a5900000| Untracked 
|  76|0x00000000a5a00000, 0x00000000a5a00000, 0x00000000a5b00000|  0%| F|  |TAMS 0x00000000a5a00000, 0x00000000a5a00000| Untracked 
|  77|0x00000000a5b00000, 0x00000000a5b00000, 0x00000000a5c00000|  0%| F|  |TAMS 0x00000000a5b00000, 0x00000000a5b00000| Untracked 
|  78|0x00000000a5c00000, 0x00000000a5c00000, 0x00000000a5d00000|  0%| F|  |TAMS 0x00000000a5c00000, 0x00000000a5c00000| Untracked 
|  79|0x00000000a5d00000, 0x00000000a5d00000, 0x00000000a5e00000|  0%| F|  |TAMS 0x00000000a5d00000, 0x00000000a5d00000| Untracked 
|  80|0x00000000a5e00000, 0x00000000a5e00000, 0x00000000a5f00000|  0%| F|  |TAMS 0x00000000a5e00000, 0x00000000a5e00000| Untracked 
|  81|0x00000000a5f00000, 0x00000000a5f00000, 0x00000000a6000000|  0%| F|  |TAMS 0x00000000a5f00000, 0x00000000a5f00000| Untracked 
|  82|0x00000000a6000000, 0x00000000a6000000, 0x00000000a6100000|  0%| F|  |TAMS 0x00000000a6000000, 0x00000000a6000000| Untracked 
|  83|0x00000000a6100000, 0x00000000a6100000, 0x00000000a6200000|  0%| F|  |TAMS 0x00000000a6100000, 0x00000000a6100000| Untracked 
|  84|0x00000000a6200000, 0x00000000a6200000, 0x00000000a6300000|  0%| F|  |TAMS 0x00000000a6200000, 0x00000000a6200000| Untracked 
|  85|0x00000000a6300000, 0x00000000a6300000, 0x00000000a6400000|  0%| F|  |TAMS 0x00000000a6300000, 0x00000000a6300000| Untracked 
|  86|0x00000000a6400000, 0x00000000a6400000, 0x00000000a6500000|  0%| F|  |TAMS 0x00000000a6400000, 0x00000000a6400000| Untracked 
|  87|0x00000000a6500000, 0x00000000a6500000, 0x00000000a6600000|  0%| F|  |TAMS 0x00000000a6500000, 0x00000000a6500000| Untracked 
|  88|0x00000000a6600000, 0x00000000a6600000, 0x00000000a6700000|  0%| F|  |TAMS 0x00000000a6600000, 0x00000000a6600000| Untracked 
|  89|0x00000000a6700000, 0x00000000a6700000, 0x00000000a6800000|  0%| F|  |TAMS 0x00000000a6700000, 0x00000000a6700000| Untracked 
|  90|0x00000000a6800000, 0x00000000a6800000, 0x00000000a6900000|  0%| F|  |TAMS 0x00000000a6800000, 0x00000000a6800000| Untracked 
|  91|0x00000000a6900000, 0x00000000a6900000, 0x00000000a6a00000|  0%| F|  |TAMS 0x00000000a6900000, 0x00000000a6900000| Untracked 
|  92|0x00000000a6a00000, 0x00000000a6a00000, 0x00000000a6b00000|  0%| F|  |TAMS 0x00000000a6a00000, 0x00000000a6a00000| Untracked 
|  93|0x00000000a6b00000, 0x00000000a6b00000, 0x00000000a6c00000|  0%| F|  |TAMS 0x00000000a6b00000, 0x00000000a6b00000| Untracked 
|  94|0x00000000a6c00000, 0x00000000a6c00000, 0x00000000a6d00000|  0%| F|  |TAMS 0x00000000a6c00000, 0x00000000a6c00000| Untracked 
|  95|0x00000000a6d00000, 0x00000000a6d00000, 0x00000000a6e00000|  0%| F|  |TAMS 0x00000000a6d00000, 0x00000000a6d00000| Untracked 
|  96|0x00000000a6e00000, 0x00000000a6e00000, 0x00000000a6f00000|  0%| F|  |TAMS 0x00000000a6e00000, 0x00000000a6e00000| Untracked 
|  97|0x00000000a6f00000, 0x00000000a6f00000, 0x00000000a7000000|  0%| F|  |TAMS 0x00000000a6f00000, 0x00000000a6f00000| Untracked 
|  98|0x00000000a7000000, 0x00000000a7000000, 0x00000000a7100000|  0%| F|  |TAMS 0x00000000a7000000, 0x00000000a7000000| Untracked 
|  99|0x00000000a7100000, 0x00000000a7100000, 0x00000000a7200000|  0%| F|  |TAMS 0x00000000a7100000, 0x00000000a7100000| Untracked 
| 100|0x00000000a7200000, 0x00000000a7200000, 0x00000000a7300000|  0%| F|  |TAMS 0x00000000a7200000, 0x00000000a7200000| Untracked 
| 101|0x00000000a7300000, 0x00000000a7300000, 0x00000000a7400000|  0%| F|  |TAMS 0x00000000a7300000, 0x00000000a7300000| Untracked 
| 102|0x00000000a7400000, 0x00000000a7400000, 0x00000000a7500000|  0%| F|  |TAMS 0x00000000a7400000, 0x00000000a7400000| Untracked 
| 103|0x00000000a7500000, 0x00000000a7500000, 0x00000000a7600000|  0%| F|  |TAMS 0x00000000a7500000, 0x00000000a7500000| Untracked 
| 104|0x00000000a7600000, 0x00000000a7600000, 0x00000000a7700000|  0%| F|  |TAMS 0x00000000a7600000, 0x00000000a7600000| Untracked 
| 105|0x00000000a7700000, 0x00000000a7700000, 0x00000000a7800000|  0%| F|  |TAMS 0x00000000a7700000, 0x00000000a7700000| Untracked 
| 106|0x00000000a7800000, 0x00000000a7800000, 0x00000000a7900000|  0%| F|  |TAMS 0x00000000a7800000, 0x00000000a7800000| Untracked 
| 107|0x00000000a7900000, 0x00000000a7900000, 0x00000000a7a00000|  0%| F|  |TAMS 0x00000000a7900000, 0x00000000a7900000| Untracked 
| 108|0x00000000a7a00000, 0x00000000a7a00000, 0x00000000a7b00000|  0%| F|  |TAMS 0x00000000a7a00000, 0x00000000a7a00000| Untracked 
| 109|0x00000000a7b00000, 0x00000000a7b00000, 0x00000000a7c00000|  0%| F|  |TAMS 0x00000000a7b00000, 0x00000000a7b00000| Untracked 
| 110|0x00000000a7c00000, 0x00000000a7c00000, 0x00000000a7d00000|  0%| F|  |TAMS 0x00000000a7c00000, 0x00000000a7c00000| Untracked 
| 111|0x00000000a7d00000, 0x00000000a7d00000, 0x00000000a7e00000|  0%| F|  |TAMS 0x00000000a7d00000, 0x00000000a7d00000| Untracked 
| 112|0x00000000a7e00000, 0x00000000a7e00000, 0x00000000a7f00000|  0%| F|  |TAMS 0x00000000a7e00000, 0x00000000a7e00000| Untracked 
| 113|0x00000000a7f00000, 0x00000000a7f00000, 0x00000000a8000000|  0%| F|  |TAMS 0x00000000a7f00000, 0x00000000a7f00000| Untracked 
| 114|0x00000000a8000000, 0x00000000a8000000, 0x00000000a8100000|  0%| F|  |TAMS 0x00000000a8000000, 0x00000000a8000000| Untracked 
| 115|0x00000000a8100000, 0x00000000a8100000, 0x00000000a8200000|  0%| F|  |TAMS 0x00000000a8100000, 0x00000000a8100000| Untracked 
| 116|0x00000000a8200000, 0x00000000a8200000, 0x00000000a8300000|  0%| F|  |TAMS 0x00000000a8200000, 0x00000000a8200000| Untracked 
| 117|0x00000000a8300000, 0x00000000a8300000, 0x00000000a8400000|  0%| F|  |TAMS 0x00000000a8300000, 0x00000000a8300000| Untracked 
| 118|0x00000000a8400000, 0x00000000a8400000, 0x00000000a8500000|  0%| F|  |TAMS 0x00000000a8400000, 0x00000000a8400000| Untracked 
| 119|0x00000000a8500000, 0x00000000a8500000, 0x00000000a8600000|  0%| F|  |TAMS 0x00000000a8500000, 0x00000000a8500000| Untracked 
| 120|0x00000000a8600000, 0x00000000a8600000, 0x00000000a8700000|  0%| F|  |TAMS 0x00000000a8600000, 0x00000000a8600000| Untracked 
| 121|0x00000000a8700000, 0x00000000a8700000, 0x00000000a8800000|  0%| F|  |TAMS 0x00000000a8700000, 0x00000000a8700000| Untracked 
| 122|0x00000000a8800000, 0x00000000a8800000, 0x00000000a8900000|  0%| F|  |TAMS 0x00000000a8800000, 0x00000000a8800000| Untracked 
| 123|0x00000000a8900000, 0x00000000a8900000, 0x00000000a8a00000|  0%| F|  |TAMS 0x00000000a8900000, 0x00000000a8900000| Untracked 
| 124|0x00000000a8a00000, 0x00000000a8a00000, 0x00000000a8b00000|  0%| F|  |TAMS 0x00000000a8a00000, 0x00000000a8a00000| Untracked 
| 125|0x00000000a8b00000, 0x00000000a8b00000, 0x00000000a8c00000|  0%| F|  |TAMS 0x00000000a8b00000, 0x00000000a8b00000| Untracked 
| 126|0x00000000a8c00000, 0x00000000a8c00000, 0x00000000a8d00000|  0%| F|  |TAMS 0x00000000a8c00000, 0x00000000a8c00000| Untracked 
| 127|0x00000000a8d00000, 0x00000000a8d00000, 0x00000000a8e00000|  0%| F|  |TAMS 0x00000000a8d00000, 0x00000000a8d00000| Untracked 
| 128|0x00000000a8e00000, 0x00000000a8e00000, 0x00000000a8f00000|  0%| F|  |TAMS 0x00000000a8e00000, 0x00000000a8e00000| Untracked 
| 129|0x00000000a8f00000, 0x00000000a8f00000, 0x00000000a9000000|  0%| F|  |TAMS 0x00000000a8f00000, 0x00000000a8f00000| Untracked 
| 130|0x00000000a9000000, 0x00000000a9000000, 0x00000000a9100000|  0%| F|  |TAMS 0x00000000a9000000, 0x00000000a9000000| Untracked 
| 131|0x00000000a9100000, 0x00000000a9100000, 0x00000000a9200000|  0%| F|  |TAMS 0x00000000a9100000, 0x00000000a9100000| Untracked 
| 132|0x00000000a9200000, 0x00000000a9200000, 0x00000000a9300000|  0%| F|  |TAMS 0x00000000a9200000, 0x00000000a9200000| Untracked 
| 133|0x00000000a9300000, 0x00000000a9300000, 0x00000000a9400000|  0%| F|  |TAMS 0x00000000a9300000, 0x00000000a9300000| Untracked 
| 134|0x00000000a9400000, 0x00000000a9400000, 0x00000000a9500000|  0%| F|  |TAMS 0x00000000a9400000, 0x00000000a9400000| Untracked 
| 135|0x00000000a9500000, 0x00000000a9500000, 0x00000000a9600000|  0%| F|  |TAMS 0x00000000a9500000, 0x00000000a9500000| Untracked 
| 136|0x00000000a9600000, 0x00000000a9600000, 0x00000000a9700000|  0%| F|  |TAMS 0x00000000a9600000, 0x00000000a9600000| Untracked 
| 137|0x00000000a9700000, 0x00000000a9700000, 0x00000000a9800000|  0%| F|  |TAMS 0x00000000a9700000, 0x00000000a9700000| Untracked 
| 138|0x00000000a9800000, 0x00000000a9800000, 0x00000000a9900000|  0%| F|  |TAMS 0x00000000a9800000, 0x00000000a9800000| Untracked 
| 139|0x00000000a9900000, 0x00000000a9900000, 0x00000000a9a00000|  0%| F|  |TAMS 0x00000000a9900000, 0x00000000a9900000| Untracked 
| 140|0x00000000a9a00000, 0x00000000a9a00000, 0x00000000a9b00000|  0%| F|  |TAMS 0x00000000a9a00000, 0x00000000a9a00000| Untracked 
| 141|0x00000000a9b00000, 0x00000000a9b00000, 0x00000000a9c00000|  0%| F|  |TAMS 0x00000000a9b00000, 0x00000000a9b00000| Untracked 
| 142|0x00000000a9c00000, 0x00000000a9c00000, 0x00000000a9d00000|  0%| F|  |TAMS 0x00000000a9c00000, 0x00000000a9c00000| Untracked 
| 143|0x00000000a9d00000, 0x00000000a9d00000, 0x00000000a9e00000|  0%| F|  |TAMS 0x00000000a9d00000, 0x00000000a9d00000| Untracked 
| 144|0x00000000a9e00000, 0x00000000a9e00000, 0x00000000a9f00000|  0%| F|  |TAMS 0x00000000a9e00000, 0x00000000a9e00000| Untracked 
| 145|0x00000000a9f00000, 0x00000000a9f00000, 0x00000000aa000000|  0%| F|  |TAMS 0x00000000a9f00000, 0x00000000a9f00000| Untracked 
| 146|0x00000000aa000000, 0x00000000aa000000, 0x00000000aa100000|  0%| F|  |TAMS 0x00000000aa000000, 0x00000000aa000000| Untracked 
| 147|0x00000000aa100000, 0x00000000aa100000, 0x00000000aa200000|  0%| F|  |TAMS 0x00000000aa100000, 0x00000000aa100000| Untracked 
| 148|0x00000000aa200000, 0x00000000aa200000, 0x00000000aa300000|  0%| F|  |TAMS 0x00000000aa200000, 0x00000000aa200000| Untracked 
| 149|0x00000000aa300000, 0x00000000aa300000, 0x00000000aa400000|  0%| F|  |TAMS 0x00000000aa300000, 0x00000000aa300000| Untracked 
| 150|0x00000000aa400000, 0x00000000aa400000, 0x00000000aa500000|  0%| F|  |TAMS 0x00000000aa400000, 0x00000000aa400000| Untracked 
| 151|0x00000000aa500000, 0x00000000aa500000, 0x00000000aa600000|  0%| F|  |TAMS 0x00000000aa500000, 0x00000000aa500000| Untracked 
| 152|0x00000000aa600000, 0x00000000aa600000, 0x00000000aa700000|  0%| F|  |TAMS 0x00000000aa600000, 0x00000000aa600000| Untracked 
| 153|0x00000000aa700000, 0x00000000aa700000, 0x00000000aa800000|  0%| F|  |TAMS 0x00000000aa700000, 0x00000000aa700000| Untracked 
| 154|0x00000000aa800000, 0x00000000aa800000, 0x00000000aa900000|  0%| F|  |TAMS 0x00000000aa800000, 0x00000000aa800000| Untracked 
| 155|0x00000000aa900000, 0x00000000aa900000, 0x00000000aaa00000|  0%| F|  |TAMS 0x00000000aa900000, 0x00000000aa900000| Untracked 
| 156|0x00000000aaa00000, 0x00000000aaa00000, 0x00000000aab00000|  0%| F|  |TAMS 0x00000000aaa00000, 0x00000000aaa00000| Untracked 
| 157|0x00000000aab00000, 0x00000000aab00000, 0x00000000aac00000|  0%| F|  |TAMS 0x00000000aab00000, 0x00000000aab00000| Untracked 
| 158|0x00000000aac00000, 0x00000000aac00000, 0x00000000aad00000|  0%| F|  |TAMS 0x00000000aac00000, 0x00000000aac00000| Untracked 
| 159|0x00000000aad00000, 0x00000000aad00000, 0x00000000aae00000|  0%| F|  |TAMS 0x00000000aad00000, 0x00000000aad00000| Untracked 
| 160|0x00000000aae00000, 0x00000000aae00000, 0x00000000aaf00000|  0%| F|  |TAMS 0x00000000aae00000, 0x00000000aae00000| Untracked 
| 161|0x00000000aaf00000, 0x00000000aaf00000, 0x00000000ab000000|  0%| F|  |TAMS 0x00000000aaf00000, 0x00000000aaf00000| Untracked 
| 162|0x00000000ab000000, 0x00000000ab000000, 0x00000000ab100000|  0%| F|  |TAMS 0x00000000ab000000, 0x00000000ab000000| Untracked 
| 163|0x00000000ab100000, 0x00000000ab100000, 0x00000000ab200000|  0%| F|  |TAMS 0x00000000ab100000, 0x00000000ab100000| Untracked 
| 164|0x00000000ab200000, 0x00000000ab200000, 0x00000000ab300000|  0%| F|  |TAMS 0x00000000ab200000, 0x00000000ab200000| Untracked 
| 165|0x00000000ab300000, 0x00000000ab300000, 0x00000000ab400000|  0%| F|  |TAMS 0x00000000ab300000, 0x00000000ab300000| Untracked 
| 166|0x00000000ab400000, 0x00000000ab400000, 0x00000000ab500000|  0%| F|  |TAMS 0x00000000ab400000, 0x00000000ab400000| Untracked 
| 167|0x00000000ab500000, 0x00000000ab500000, 0x00000000ab600000|  0%| F|  |TAMS 0x00000000ab500000, 0x00000000ab500000| Untracked 
| 168|0x00000000ab600000, 0x00000000ab600000, 0x00000000ab700000|  0%| F|  |TAMS 0x00000000ab600000, 0x00000000ab600000| Untracked 
| 169|0x00000000ab700000, 0x00000000ab700000, 0x00000000ab800000|  0%| F|  |TAMS 0x00000000ab700000, 0x00000000ab700000| Untracked 
| 170|0x00000000ab800000, 0x00000000ab800000, 0x00000000ab900000|  0%| F|  |TAMS 0x00000000ab800000, 0x00000000ab800000| Untracked 
| 171|0x00000000ab900000, 0x00000000ab900000, 0x00000000aba00000|  0%| F|  |TAMS 0x00000000ab900000, 0x00000000ab900000| Untracked 
| 172|0x00000000aba00000, 0x00000000aba00000, 0x00000000abb00000|  0%| F|  |TAMS 0x00000000aba00000, 0x00000000aba00000| Untracked 
| 173|0x00000000abb00000, 0x00000000abb00000, 0x00000000abc00000|  0%| F|  |TAMS 0x00000000abb00000, 0x00000000abb00000| Untracked 
| 174|0x00000000abc00000, 0x00000000abc00000, 0x00000000abd00000|  0%| F|  |TAMS 0x00000000abc00000, 0x00000000abc00000| Untracked 
| 175|0x00000000abd00000, 0x00000000abd00000, 0x00000000abe00000|  0%| F|  |TAMS 0x00000000abd00000, 0x00000000abd00000| Untracked 
| 176|0x00000000abe00000, 0x00000000abe00000, 0x00000000abf00000|  0%| F|  |TAMS 0x00000000abe00000, 0x00000000abe00000| Untracked 
| 177|0x00000000abf00000, 0x00000000abf00000, 0x00000000ac000000|  0%| F|  |TAMS 0x00000000abf00000, 0x00000000abf00000| Untracked 
| 178|0x00000000ac000000, 0x00000000ac000000, 0x00000000ac100000|  0%| F|  |TAMS 0x00000000ac000000, 0x00000000ac000000| Untracked 
| 179|0x00000000ac100000, 0x00000000ac100000, 0x00000000ac200000|  0%| F|  |TAMS 0x00000000ac100000, 0x00000000ac100000| Untracked 
| 180|0x00000000ac200000, 0x00000000ac200000, 0x00000000ac300000|  0%| F|  |TAMS 0x00000000ac200000, 0x00000000ac200000| Untracked 
| 181|0x00000000ac300000, 0x00000000ac300000, 0x00000000ac400000|  0%| F|  |TAMS 0x00000000ac300000, 0x00000000ac300000| Untracked 
| 182|0x00000000ac400000, 0x00000000ac43fca0, 0x00000000ac500000| 24%| S|CS|TAMS 0x00000000ac400000, 0x00000000ac400000| Complete 
| 183|0x00000000ac500000, 0x00000000ac600000, 0x00000000ac600000|100%| S|CS|TAMS 0x00000000ac500000, 0x00000000ac500000| Complete 
| 184|0x00000000ac600000, 0x00000000ac700000, 0x00000000ac700000|100%| E|  |TAMS 0x00000000ac600000, 0x00000000ac600000| Complete 
| 185|0x00000000ac700000, 0x00000000ac800000, 0x00000000ac800000|100%| E|CS|TAMS 0x00000000ac700000, 0x00000000ac700000| Complete 
| 186|0x00000000ac800000, 0x00000000ac900000, 0x00000000ac900000|100%| E|CS|TAMS 0x00000000ac800000, 0x00000000ac800000| Complete 
| 187|0x00000000ac900000, 0x00000000aca00000, 0x00000000aca00000|100%| E|CS|TAMS 0x00000000ac900000, 0x00000000ac900000| Complete 
| 188|0x00000000aca00000, 0x00000000acb00000, 0x00000000acb00000|100%| E|CS|TAMS 0x00000000aca00000, 0x00000000aca00000| Complete 
| 189|0x00000000acb00000, 0x00000000acc00000, 0x00000000acc00000|100%| E|CS|TAMS 0x00000000acb00000, 0x00000000acb00000| Complete 
| 190|0x00000000acc00000, 0x00000000acd00000, 0x00000000acd00000|100%| E|CS|TAMS 0x00000000acc00000, 0x00000000acc00000| Complete 
| 191|0x00000000acd00000, 0x00000000ace00000, 0x00000000ace00000|100%| E|CS|TAMS 0x00000000acd00000, 0x00000000acd00000| Complete 

Card table byte_map: [0x00000266b95f0000,0x00000266b98f0000] _byte_map_base: 0x00000266b90e9000

Marking Bits (Prev, Next): (CMBitMap*) 0x00000266a1bc93b0, (CMBitMap*) 0x00000266a1bc93f0
 Prev Bits: [0x00000266b9bf0000, 0x00000266bb3b8000)
 Next Bits: [0x00000266bb3c0000, 0x00000266bcb88000)

Polling page: 0x000002669ff60000

Metaspace:

Usage:
  Non-class:     11.60 MB used.
      Class:      1.47 MB used.
       Both:     13.07 MB used.

Virtual space:
  Non-class space:       64.00 MB reserved,      11.75 MB ( 18%) committed,  1 nodes.
      Class space:        1.00 GB reserved,       1.56 MB ( <1%) committed,  1 nodes.
             Both:        1.06 GB reserved,      13.31 MB (  1%) committed. 

Chunk freelists:
   Non-Class:  3.50 MB
       Class:  14.44 MB
        Both:  17.94 MB

MaxMetaspaceSize: unlimited
CompressedClassSpaceSize: 1.00 GB
Initial GC threshold: 21.00 MB
Current GC threshold: 21.00 MB
CDS: on
MetaspaceReclaimPolicy: balanced
 - commit_granule_bytes: 65536.
 - commit_granule_words: 8192.
 - virtual_space_node_default_size: 8388608.
 - enlarge_chunks_in_place: 1.
 - new_chunks_are_fully_committed: 0.
 - uncommit_free_chunks: 1.
 - use_allocation_guard: 0.
 - handle_deallocations: 1.


Internal statistics:

num_allocs_failed_limit: 0.
num_arena_births: 90.
num_arena_deaths: 0.
num_vsnodes_births: 2.
num_vsnodes_deaths: 0.
num_space_committed: 213.
num_space_uncommitted: 0.
num_chunks_returned_to_freelist: 0.
num_chunks_taken_from_freelist: 524.
num_chunk_merges: 0.
num_chunk_splits: 373.
num_chunks_enlarged: 293.
num_inconsistent_stats: 0.

CodeHeap 'non-profiled nmethods': size=120000Kb used=2294Kb max_used=2294Kb free=117705Kb
 bounds [0x00000266b1340000, 0x00000266b15b0000, 0x00000266b8870000]
CodeHeap 'profiled nmethods': size=120000Kb used=7147Kb max_used=7147Kb free=112852Kb
 bounds [0x00000266a9870000, 0x00000266a9f70000, 0x00000266b0da0000]
CodeHeap 'non-nmethods': size=5760Kb used=1178Kb max_used=1229Kb free=4581Kb
 bounds [0x00000266b0da0000, 0x00000266b1010000, 0x00000266b1340000]
 total_blobs=4052 nmethods=3585 adapters=379
 compilation: enabled
              stopped_count=0, restarted_count=0
 full_count=0

Compilation events (20 events):
Event: 12.620 Thread 0x00000266bf50e410 3558       3       org.codehaus.plexus.util.xml.pull.MXParser::parseAttribute (1641 bytes)
Event: 12.629 Thread 0x00000266bf50e410 nmethod 3558 0x00000266a9f4d490 code [0x00000266a9f4ddc0, 0x00000266a9f538b8]
Event: 12.687 Thread 0x00000266bf50e410 3559       3       java.util.AbstractSequentialList::<init> (5 bytes)
Event: 12.687 Thread 0x00000266bf50e410 nmethod 3559 0x00000266a9f55690 code [0x00000266a9f55840, 0x00000266a9f55a78]
Event: 12.687 Thread 0x00000266bf50e410 3560       3       org.eclipse.sisu.wire.EntrySetAdapter::iterator (12 bytes)
Event: 13.697 Thread 0x00000266bf50e410 nmethod 3560 0x00000266a9f55b90 code [0x00000266a9f55d40, 0x00000266a9f56088]
Event: 13.698 Thread 0x00000266bf50e410 3562   !   3       java.lang.Thread::blockedOn (27 bytes)
Event: 13.698 Thread 0x00000266bf50e410 nmethod 3562 0x00000266a9f56210 code [0x00000266a9f563c0, 0x00000266a9f56618]
Event: 13.698 Thread 0x00000266bf50e410 3563       3       org.eclipse.aether.RepositoryEvent$Builder::<init> (38 bytes)
Event: 13.699 Thread 0x00000266bf50e410 nmethod 3563 0x00000266a9f56710 code [0x00000266a9f56920, 0x00000266a9f56ff8]
Event: 13.699 Thread 0x00000266bf50e410 3564       3       org.eclipse.aether.RepositoryEvent$Builder::setTrace (7 bytes)
Event: 13.699 Thread 0x00000266bf50e410 nmethod 3564 0x00000266a9f57210 code [0x00000266a9f573a0, 0x00000266a9f574f8]
Event: 13.699 Thread 0x00000266bf50e410 3565       3       org.eclipse.aether.RepositoryEvent$Builder::setArtifact (7 bytes)
Event: 13.699 Thread 0x00000266bf50e410 nmethod 3565 0x00000266a9f57590 code [0x00000266a9f57720, 0x00000266a9f57878]
Event: 13.699 Thread 0x00000266bf50e410 3566       3       org.eclipse.aether.RepositoryEvent$Builder::build (9 bytes)
Event: 13.699 Thread 0x00000266bf50e410 nmethod 3566 0x00000266a9f57910 code [0x00000266a9f57ac0, 0x00000266a9f57c68]
Event: 13.699 Thread 0x00000266bf50e410 3567       3       org.eclipse.aether.RepositoryEvent::<init> (69 bytes)
Event: 13.699 Thread 0x00000266bf50e410 nmethod 3567 0x00000266a9f57d10 code [0x00000266a9f57ec0, 0x00000266a9f58338]
Event: 13.699 Thread 0x00000266bf50e410 3568   !   3       org.eclipse.aether.internal.impl.DefaultRepositoryEventDispatcher::dispatch (341 bytes)
Event: 13.702 Thread 0x00000266bf50e410 nmethod 3568 0x00000266a9f58410 code [0x00000266a9f58800, 0x00000266a9f5abb8]

GC Heap History (18 events):
Event: 2.839 GC heap before
{Heap before GC invocations=0 (full 0):
 garbage-first heap   total 98304K, used 23552K [0x00000000a0e00000, 0x0000000100000000)
  region size 1024K, 23 young (23552K), 0 survivors (0K)
 Metaspace       used 5595K, committed 5760K, reserved 1114112K
  class space    used 640K, committed 704K, reserved 1048576K
}
Event: 2.848 GC heap after
{Heap after GC invocations=1 (full 0):
 garbage-first heap   total 98304K, used 3932K [0x00000000a0e00000, 0x0000000100000000)
  region size 1024K, 3 young (3072K), 3 survivors (3072K)
 Metaspace       used 5595K, committed 5760K, reserved 1114112K
  class space    used 640K, committed 704K, reserved 1048576K
}
Event: 3.956 GC heap before
{Heap before GC invocations=1 (full 0):
 garbage-first heap   total 98304K, used 34652K [0x00000000a0e00000, 0x0000000100000000)
  region size 1024K, 33 young (33792K), 3 survivors (3072K)
 Metaspace       used 10093K, committed 10240K, reserved 1114112K
  class space    used 1231K, committed 1280K, reserved 1048576K
}
Event: 3.968 GC heap after
{Heap after GC invocations=2 (full 0):
 garbage-first heap   total 98304K, used 5861K [0x00000000a0e00000, 0x0000000100000000)
  region size 1024K, 2 young (2048K), 2 survivors (2048K)
 Metaspace       used 10093K, committed 10240K, reserved 1114112K
  class space    used 1231K, committed 1280K, reserved 1048576K
}
Event: 5.704 GC heap before
{Heap before GC invocations=2 (full 0):
 garbage-first heap   total 98304K, used 62181K [0x00000000a0e00000, 0x0000000100000000)
  region size 1024K, 57 young (58368K), 2 survivors (2048K)
 Metaspace       used 12846K, committed 13056K, reserved 1114112K
  class space    used 1483K, committed 1600K, reserved 1048576K
}
Event: 5.732 GC heap after
{Heap after GC invocations=3 (full 0):
 garbage-first heap   total 98304K, used 12872K [0x00000000a0e00000, 0x0000000100000000)
  region size 1024K, 8 young (8192K), 8 survivors (8192K)
 Metaspace       used 12846K, committed 13056K, reserved 1114112K
  class space    used 1483K, committed 1600K, reserved 1048576K
}
Event: 8.855 GC heap before
{Heap before GC invocations=3 (full 0):
 garbage-first heap   total 98304K, used 63048K [0x00000000a0e00000, 0x0000000100000000)
  region size 1024K, 57 young (58368K), 8 survivors (8192K)
 Metaspace       used 13197K, committed 13376K, reserved 1114112K
  class space    used 1506K, committed 1600K, reserved 1048576K
}
Event: 9.867 GC heap after
{Heap after GC invocations=4 (full 0):
 garbage-first heap   total 98304K, used 19654K [0x00000000a0e00000, 0x0000000100000000)
  region size 1024K, 7 young (7168K), 7 survivors (7168K)
 Metaspace       used 13197K, committed 13376K, reserved 1114112K
  class space    used 1506K, committed 1600K, reserved 1048576K
}
Event: 9.963 GC heap before
{Heap before GC invocations=4 (full 0):
 garbage-first heap   total 98304K, used 20678K [0x00000000a0e00000, 0x0000000100000000)
  region size 1024K, 8 young (8192K), 7 survivors (7168K)
 Metaspace       used 13207K, committed 13376K, reserved 1114112K
  class space    used 1506K, committed 1600K, reserved 1048576K
}
Event: 9.977 GC heap after
{Heap after GC invocations=5 (full 0):
 garbage-first heap   total 98304K, used 20480K [0x00000000a0e00000, 0x0000000100000000)
  region size 1024K, 1 young (1024K), 1 survivors (1024K)
 Metaspace       used 13207K, committed 13376K, reserved 1114112K
  class space    used 1506K, committed 1600K, reserved 1048576K
}
Event: 10.167 GC heap before
{Heap before GC invocations=5 (full 0):
 garbage-first heap   total 98304K, used 23552K [0x00000000a0e00000, 0x0000000100000000)
  region size 1024K, 4 young (4096K), 1 survivors (1024K)
 Metaspace       used 13215K, committed 13376K, reserved 1114112K
  class space    used 1506K, committed 1600K, reserved 1048576K
}
Event: 10.170 GC heap after
{Heap after GC invocations=6 (full 0):
 garbage-first heap   total 196608K, used 20119K [0x00000000a0e00000, 0x0000000100000000)
  region size 1024K, 1 young (1024K), 1 survivors (1024K)
 Metaspace       used 13215K, committed 13376K, reserved 1114112K
  class space    used 1506K, committed 1600K, reserved 1048576K
}
Event: 10.836 GC heap before
{Heap before GC invocations=6 (full 0):
 garbage-first heap   total 196608K, used 27287K [0x00000000a0e00000, 0x0000000100000000)
  region size 1024K, 9 young (9216K), 1 survivors (1024K)
 Metaspace       used 13302K, committed 13440K, reserved 1114112K
  class space    used 1506K, committed 1600K, reserved 1048576K
}
Event: 10.839 GC heap after
{Heap after GC invocations=7 (full 0):
 garbage-first heap   total 196608K, used 20619K [0x00000000a0e00000, 0x0000000100000000)
  region size 1024K, 2 young (2048K), 2 survivors (2048K)
 Metaspace       used 13302K, committed 13440K, reserved 1114112K
  class space    used 1506K, committed 1600K, reserved 1048576K
}
Event: 12.127 GC heap before
{Heap before GC invocations=7 (full 0):
 garbage-first heap   total 196608K, used 27787K [0x00000000a0e00000, 0x0000000100000000)
  region size 1024K, 9 young (9216K), 2 survivors (2048K)
 Metaspace       used 13346K, committed 13568K, reserved 1114112K
  class space    used 1506K, committed 1600K, reserved 1048576K
}
Event: 12.129 GC heap after
{Heap after GC invocations=8 (full 0):
 garbage-first heap   total 196608K, used 20806K [0x00000000a0e00000, 0x0000000100000000)
  region size 1024K, 2 young (2048K), 2 survivors (2048K)
 Metaspace       used 13346K, committed 13568K, reserved 1114112K
  class space    used 1506K, committed 1600K, reserved 1048576K
}
Event: 12.466 GC heap before
{Heap before GC invocations=8 (full 0):
 garbage-first heap   total 196608K, used 27974K [0x00000000a0e00000, 0x0000000100000000)
  region size 1024K, 9 young (9216K), 2 survivors (2048K)
 Metaspace       used 13355K, committed 13568K, reserved 1114112K
  class space    used 1506K, committed 1600K, reserved 1048576K
}
Event: 12.469 GC heap after
{Heap after GC invocations=9 (full 0):
 garbage-first heap   total 196608K, used 21651K [0x00000000a0e00000, 0x0000000100000000)
  region size 1024K, 2 young (2048K), 2 survivors (2048K)
 Metaspace       used 13355K, committed 13568K, reserved 1114112K
  class space    used 1506K, committed 1600K, reserved 1048576K
}

Deoptimization events (20 events):
Event: 10.828 Thread 0x00000266a2051040 DEOPT PACKING pc=0x00000266b155889c sp=0x000000e2921fc0c0
Event: 10.828 Thread 0x00000266a2051040 DEOPT UNPACKING pc=0x00000266b0df23a3 sp=0x000000e2921fc090 mode 2
Event: 10.831 Thread 0x00000266a2051040 Uncommon trap: trap_request=0xffffffbe fr.pc=0x00000266b155889c relative=0x000000000000103c
Event: 10.831 Thread 0x00000266a2051040 Uncommon trap: reason=profile_predicate action=maybe_recompile pc=0x00000266b155889c method=java.util.concurrent.ConcurrentHashMap.putAll(Ljava/util/Map;)V @ 28 c2
Event: 10.831 Thread 0x00000266a2051040 DEOPT PACKING pc=0x00000266b155889c sp=0x000000e2921fbe70
Event: 10.831 Thread 0x00000266a2051040 DEOPT UNPACKING pc=0x00000266b0df23a3 sp=0x000000e2921fbe40 mode 2
Event: 10.832 Thread 0x00000266a2051040 Uncommon trap: trap_request=0xffffffbe fr.pc=0x00000266b155889c relative=0x000000000000103c
Event: 10.832 Thread 0x00000266a2051040 Uncommon trap: reason=profile_predicate action=maybe_recompile pc=0x00000266b155889c method=java.util.concurrent.ConcurrentHashMap.putAll(Ljava/util/Map;)V @ 28 c2
Event: 10.832 Thread 0x00000266a2051040 DEOPT PACKING pc=0x00000266b155889c sp=0x000000e2921fbbf0
Event: 10.832 Thread 0x00000266a2051040 DEOPT UNPACKING pc=0x00000266b0df23a3 sp=0x000000e2921fbbc0 mode 2
Event: 10.832 Thread 0x00000266a2051040 Uncommon trap: trap_request=0xffffffbe fr.pc=0x00000266b155889c relative=0x000000000000103c
Event: 10.832 Thread 0x00000266a2051040 Uncommon trap: reason=profile_predicate action=maybe_recompile pc=0x00000266b155889c method=java.util.concurrent.ConcurrentHashMap.putAll(Ljava/util/Map;)V @ 28 c2
Event: 10.832 Thread 0x00000266a2051040 DEOPT PACKING pc=0x00000266b155889c sp=0x000000e2921fbb50
Event: 10.832 Thread 0x00000266a2051040 DEOPT UNPACKING pc=0x00000266b0df23a3 sp=0x000000e2921fbb20 mode 2
Event: 10.922 Thread 0x00000266a2051040 DEOPT PACKING pc=0x00000266a9e5cce7 sp=0x000000e2921fbaa0
Event: 10.922 Thread 0x00000266a2051040 DEOPT UNPACKING pc=0x00000266b0df2b43 sp=0x000000e2921faf68 mode 0
Event: 12.608 Thread 0x00000266a2051040 Uncommon trap: trap_request=0xffffff45 fr.pc=0x00000266b153001c relative=0x000000000000239c
Event: 12.609 Thread 0x00000266a2051040 Uncommon trap: reason=unstable_if action=reinterpret pc=0x00000266b153001c method=org.codehaus.plexus.util.xml.pull.MXParser.parseAttribute()C @ 1002 c2
Event: 12.609 Thread 0x00000266a2051040 DEOPT PACKING pc=0x00000266b153001c sp=0x000000e2921fbc10
Event: 12.609 Thread 0x00000266a2051040 DEOPT UNPACKING pc=0x00000266b0df23a3 sp=0x000000e2921fbb88 mode 2

Classes unloaded (0 events):
No events

Classes redefined (0 events):
No events

Internal exceptions (13 events):
Event: 0.731 Thread 0x00000266a2051040 Exception <a 'java/lang/NoSuchMethodError'{0x00000000a69cb6a0}: 'java.lang.Object java.lang.invoke.DirectMethodHandle$Holder.invokeStaticInit(java.lang.Object, int, int, int, int)'> (0x00000000a69cb6a0) 
thrown [s\open\src\hotspot\share\interpreter\linkResolver.cpp, line 759]
Event: 0.868 Thread 0x00000266a2051040 Exception <a 'java/lang/NoSuchMethodError'{0x00000000a68a32e8}: 'java.lang.Object java.lang.invoke.DirectMethodHandle$Holder.invokeStaticInit(java.lang.Object, java.lang.Object, int, int, int, int)'> (0x00000000a68a32e8) 
thrown [s\open\src\hotspot\share\interpreter\linkResolver.cpp, line 759]
Event: 2.657 Thread 0x00000266a2051040 Exception <a 'java/lang/NoSuchMethodError'{0x00000000a5c53458}: 'java.lang.Object java.lang.invoke.DirectMethodHandle$Holder.newInvokeSpecial(java.lang.Object, java.lang.Object, java.lang.Object, java.lang.Object, java.lang.Object)'> (0x00000000a5c53458) 
thrown [s\open\src\hotspot\share\interpreter\linkResolver.cpp, line 759]
Event: 4.056 Thread 0x00000266a2051040 Exception <a 'java/lang/NoClassDefFoundError'{0x00000000a6b4f950}: com/google/inject/servlet/ServletModuleTargetVisitor> (0x00000000a6b4f950) 
thrown [s\open\src\hotspot\share\classfile\systemDictionary.cpp, line 245]
Event: 4.056 Thread 0x00000266a2051040 Exception <a 'java/lang/NoClassDefFoundError'{0x00000000a6b52628}: javax/annotation/Priority> (0x00000000a6b52628) 
thrown [s\open\src\hotspot\share\classfile\systemDictionary.cpp, line 245]
Event: 4.344 Thread 0x00000266a2051040 Implicit null exception at 0x00000266b1367172 to 0x00000266b1367740
Event: 4.344 Thread 0x00000266a2051040 Implicit null exception at 0x00000266b1363072 to 0x00000266b1363650
Event: 5.757 Thread 0x00000266a2051040 Implicit null exception at 0x00000266b13e38ea to 0x00000266b13e3ab0
Event: 5.757 Thread 0x00000266a2051040 Implicit null exception at 0x00000266b13e2a6a to 0x00000266b13e2c24
Event: 5.757 Thread 0x00000266a2051040 Implicit null exception at 0x00000266b13e098f to 0x00000266b13e0a09
Event: 6.162 Thread 0x00000266a2051040 Implicit null exception at 0x00000266b1449e0f to 0x00000266b144b77c
Event: 6.162 Thread 0x00000266a2051040 Implicit null exception at 0x00000266b138dc9e to 0x00000266b138e5b0
Event: 6.201 Thread 0x00000266a2051040 Implicit null exception at 0x00000266b146dc74 to 0x00000266b146e00c

VM Operations (20 events):
Event: 7.035 Executing VM operation: HandshakeAllThreads
Event: 7.053 Executing VM operation: HandshakeAllThreads done
Event: 7.989 Executing VM operation: ICBufferFull
Event: 7.989 Executing VM operation: ICBufferFull done
Event: 8.855 Executing VM operation: G1CollectForAllocation
Event: 9.867 Executing VM operation: G1CollectForAllocation done
Event: 9.963 Executing VM operation: G1CollectForAllocation
Event: 9.977 Executing VM operation: G1CollectForAllocation done
Event: 10.167 Executing VM operation: G1CollectForAllocation
Event: 10.170 Executing VM operation: G1CollectForAllocation done
Event: 10.836 Executing VM operation: G1CollectForAllocation
Event: 10.839 Executing VM operation: G1CollectForAllocation done
Event: 11.848 Executing VM operation: Cleanup
Event: 11.848 Executing VM operation: Cleanup done
Event: 12.127 Executing VM operation: G1CollectForAllocation
Event: 12.129 Executing VM operation: G1CollectForAllocation done
Event: 12.466 Executing VM operation: G1CollectForAllocation
Event: 12.469 Executing VM operation: G1CollectForAllocation done
Event: 13.478 Executing VM operation: Cleanup
Event: 13.698 Executing VM operation: Cleanup done

Events (20 events):
Event: 4.386 loading class sun/nio/ch/FileLockTable$FileLockReference
Event: 4.386 loading class sun/nio/ch/FileLockTable$FileLockReference done
Event: 4.386 loading class java/nio/channels/spi/AbstractInterruptibleChannel$1
Event: 4.386 loading class sun/nio/ch/Interruptible
Event: 4.386 loading class sun/nio/ch/Interruptible done
Event: 4.386 loading class java/nio/channels/spi/AbstractInterruptibleChannel$1 done
Event: 4.393 Thread 0x0000026705b752a0 Thread added: 0x0000026705b752a0
Event: 4.509 loading class jdk/internal/reflect/UnsafeQualifiedObjectFieldAccessorImpl
Event: 4.509 loading class jdk/internal/reflect/UnsafeQualifiedFieldAccessorImpl
Event: 4.509 loading class jdk/internal/reflect/UnsafeQualifiedFieldAccessorImpl done
Event: 4.509 loading class jdk/internal/reflect/UnsafeQualifiedObjectFieldAccessorImpl done
Event: 4.535 loading class java/util/ArrayList$ListItr
Event: 4.535 loading class java/util/ArrayList$ListItr done
Event: 5.375 loading class java/util/LinkedList$ListItr
Event: 5.375 loading class java/util/LinkedList$ListItr done
Event: 8.343 loading class sun/nio/cs/ISO_8859_1$Decoder
Event: 8.343 loading class sun/nio/cs/ISO_8859_1$Decoder done
Event: 9.867 Thread 0x0000026705b752a0 Thread exited: 0x0000026705b752a0
Event: 10.676 Thread 0x0000026706420130 Thread added: 0x0000026706420130
Event: 12.294 Thread 0x0000026706420130 Thread exited: 0x0000026706420130


Dynamic libraries:
0x00007ff709990000 - 0x00007ff7099a0000 	C:\Program Files\Java\jdk-17\bin\java.exe
0x00007ff811940000 - 0x00007ff811ba7000 	C:\WINDOWS\SYSTEM32\ntdll.dll
0x00007ff810720000 - 0x00007ff8107e9000 	C:\WINDOWS\System32\KERNEL32.DLL
0x00007ff80f070000 - 0x00007ff80f460000 	C:\WINDOWS\System32\KERNELBASE.dll
0x00007ff80bac0000 - 0x00007ff80bb5e000 	C:\WINDOWS\SYSTEM32\apphelp.dll
0x00007fffb1210000 - 0x00007fffb12be000 	c:\Users\deepa\AppData\Local\Programs\Trae\resources\app\modules\sandbox\x64\trae_sbox.dll
0x00007ff8105e0000 - 0x00007ff810694000 	C:\WINDOWS\System32\ADVAPI32.dll
0x00007ff8102b0000 - 0x00007ff810359000 	C:\WINDOWS\System32\msvcrt.dll
0x00007ff810b80000 - 0x00007ff810c26000 	C:\WINDOWS\System32\sechost.dll
0x00007ff80ffa0000 - 0x00007ff8100b8000 	C:\WINDOWS\System32\RPCRT4.dll
0x00007ff80ee60000 - 0x00007ff80efab000 	C:\WINDOWS\System32\ucrtbase.dll
0x00007fffecd70000 - 0x00007fffecd89000 	C:\Program Files\Java\jdk-17\bin\jli.dll
0x00007fffe7480000 - 0x00007fffe749b000 	C:\Program Files\Java\jdk-17\bin\VCRUNTIME140.dll
0x00007ff8100c0000 - 0x00007ff810285000 	C:\WINDOWS\System32\USER32.dll
0x00007ffff6f10000 - 0x00007ffff71aa000 	C:\WINDOWS\WinSxS\amd64_microsoft.windows.common-controls_6595b64144ccf1df_6.0.26100.4768_none_3e0c112ce331287c\COMCTL32.dll
0x00007ff80f470000 - 0x00007ff80f497000 	C:\WINDOWS\System32\win32u.dll
0x00007ff811350000 - 0x00007ff81137b000 	C:\WINDOWS\System32\GDI32.dll
0x00007ff80ec90000 - 0x00007ff80edc8000 	C:\WINDOWS\System32\gdi32full.dll
0x00007ff80f4a0000 - 0x00007ff80f543000 	C:\WINDOWS\System32\msvcp_win.dll
0x00007ff805dd0000 - 0x00007ff805ddb000 	C:\WINDOWS\SYSTEM32\VERSION.dll
0x00007fffb19d0000 - 0x00007fffb1a5f000 	c:\Users\deepa\AppData\Local\Programs\Trae\resources\app\modules\sandbox\x64\sbox_ipc.dll
0x00007ff810f40000 - 0x00007ff810f6f000 	C:\WINDOWS\System32\IMM32.DLL
0x00007ffff3840000 - 0x00007ffff3a81000 	C:\WINDOWS\SYSTEM32\dbghelp.dll
0x00007ff8107f0000 - 0x00007ff810b75000 	C:\WINDOWS\System32\combase.dll
0x00007ff811380000 - 0x00007ff811460000 	C:\WINDOWS\System32\OLEAUT32.dll
0x00007ffff7700000 - 0x00007ffff770c000 	C:\Program Files\Java\jdk-17\bin\vcruntime140_1.dll
0x00007ffff2d40000 - 0x00007ffff2d83000 	C:\WINDOWS\SYSTEM32\dbgcore.DLL
0x00007fffb1180000 - 0x00007fffb120e000 	C:\Program Files\Java\jdk-17\bin\msvcp140.dll
0x00007fff775b0000 - 0x00007fff78190000 	C:\Program Files\Java\jdk-17\bin\server\jvm.dll
0x00007ff810c30000 - 0x00007ff810c38000 	C:\WINDOWS\System32\PSAPI.DLL
0x00007ff801be0000 - 0x00007ff801bea000 	C:\WINDOWS\SYSTEM32\WSOCK32.dll
0x00007ff80fe40000 - 0x00007ff80feb4000 	C:\WINDOWS\System32\WS2_32.dll
0x00007ff805d90000 - 0x00007ff805dc5000 	C:\WINDOWS\SYSTEM32\WINMM.dll
0x00007ff80d7f0000 - 0x00007ff80d80b000 	C:\WINDOWS\SYSTEM32\kernel.appcore.dll
0x00007ffff73f0000 - 0x00007ffff73fa000 	C:\Program Files\Java\jdk-17\bin\jimage.dll
0x00007ff80ebf0000 - 0x00007ff80ec89000 	C:\WINDOWS\System32\bcryptPrimitives.dll
0x00007ff80d240000 - 0x00007ff80d366000 	C:\WINDOWS\SYSTEM32\dnsapi.dll
0x00007ff80d200000 - 0x00007ff80d233000 	C:\WINDOWS\SYSTEM32\IPHLPAPI.DLL
0x00007ff810290000 - 0x00007ff81029a000 	C:\WINDOWS\System32\NSI.dll
0x00007ff80f6d0000 - 0x00007ff80fe1d000 	C:\WINDOWS\System32\Shell32.dll
0x00007ff80f550000 - 0x00007ff80f6c3000 	C:\WINDOWS\System32\wintypes.dll
0x00007ff80c690000 - 0x00007ff80cef0000 	C:\WINDOWS\SYSTEM32\windows.storage.dll
0x00007ff811000000 - 0x00007ff8110f5000 	C:\WINDOWS\System32\shcore.dll
0x00007ff80bce0000 - 0x00007ff80bd8f000 	C:\WINDOWS\system32\uxtheme.dll
0x00007ff8112b0000 - 0x00007ff81131a000 	C:\WINDOWS\System32\shlwapi.dll
0x00007ff810360000 - 0x00007ff810408000 	C:\WINDOWS\System32\clbcatq.dll
0x00007ff802950000 - 0x00007ff802f94000 	C:\Windows\System32\OneCoreUAPCommonProxyStub.dll
0x00007ff811100000 - 0x00007ff8112a0000 	C:\WINDOWS\System32\ole32.dll
0x00007ff80e5c0000 - 0x00007ff80e617000 	C:\WINDOWS\SYSTEM32\CFGMGR32.dll
0x00007ff809860000 - 0x00007ff80996d000 	C:\WINDOWS\system32\propsys.dll
0x00007fffe6da0000 - 0x00007fffe6f21000 	C:\Windows\System32\Windows.System.Launcher.dll
0x00007ffffdfa0000 - 0x00007ffffdfba000 	C:\WINDOWS\SYSTEM32\windows.staterepositorycore.dll
0x00007fffef3d0000 - 0x00007fffef494000 	C:\Windows\System32\Windows.StateRepositoryPS.dll
0x00007ff80d920000 - 0x00007ff80d956000 	C:\WINDOWS\SYSTEM32\ntmarta.dll
0x00007fffe6cd0000 - 0x00007fffe6d92000 	C:\Windows\System32\Windows.FileExplorer.Common.dll
0x00007ffff0060000 - 0x00007ffff00b0000 	C:\WINDOWS\SYSTEM32\windows.staterepositoryclient.dll
0x00007fffe66d0000 - 0x00007fffe66ff000 	C:\Windows\System32\cldapi.dll
0x00007ff80daa0000 - 0x00007ff80dae9000 	C:\WINDOWS\SYSTEM32\SspiCli.dll
0x00007ffffae80000 - 0x00007ffffb065000 	C:\Windows\System32\urlmon.dll
0x00007ffffabb0000 - 0x00007ffffae7a000 	C:\Windows\System32\iertutil.dll
0x00007ffffab80000 - 0x00007ffffaba9000 	C:\Windows\System32\srvcli.dll
0x00007ff80d1c0000 - 0x00007ff80d1cd000 	C:\Windows\System32\netutils.dll
0x00007ff80e960000 - 0x00007ff80e986000 	C:\WINDOWS\SYSTEM32\bcrypt.dll
0x00007fffd4790000 - 0x00007fffd47bf000 	C:\WINDOWS\system32\mssprxy.dll
0x00007ff80e990000 - 0x00007ff80e9b9000 	C:\WINDOWS\SYSTEM32\profapi.dll
0x00007fffe6080000 - 0x00007fffe60a5000 	C:\Program Files\Java\jdk-17\bin\java.dll
0x00007fffabd30000 - 0x00007fffabe07000 	C:\Program Files\Java\jdk-17\bin\jsvml.dll
0x00007fffe6620000 - 0x00007fffe6639000 	C:\Program Files\Java\jdk-17\bin\net.dll
0x00007ff8063e0000 - 0x00007ff8064fe000 	C:\WINDOWS\SYSTEM32\WINHTTP.dll
0x00007ff80dd80000 - 0x00007ff80ddeb000 	C:\WINDOWS\system32\mswsock.dll
0x00007fffe62e0000 - 0x00007fffe62f6000 	C:\Program Files\Java\jdk-17\bin\nio.dll
0x00007fffe6000000 - 0x00007fffe6018000 	C:\Program Files\Java\jdk-17\bin\zip.dll
0x00007ffff6af0000 - 0x00007ffff6b00000 	C:\Program Files\Java\jdk-17\bin\verify.dll
0x00007ff80e040000 - 0x00007ff80e05b000 	C:\WINDOWS\SYSTEM32\CRYPTSP.dll
0x00007ff80d750000 - 0x00007ff80d78b000 	C:\WINDOWS\system32\rsaenh.dll
0x00007ff80de20000 - 0x00007ff80de4b000 	C:\WINDOWS\SYSTEM32\USERENV.dll
0x00007ff80e060000 - 0x00007ff80e06c000 	C:\WINDOWS\SYSTEM32\CRYPTBASE.dll
0x00007ff8061f0000 - 0x00007ff80620f000 	C:\WINDOWS\SYSTEM32\dhcpcsvc6.DLL
0x00007ff8061c0000 - 0x00007ff8061e5000 	C:\WINDOWS\SYSTEM32\dhcpcsvc.DLL
0x00007ff809b20000 - 0x00007ff809b2a000 	C:\Users\deepa\AppData\Local\Temp\jansi-1.17.1-927971693492625300.dll
0x00007ff8085b0000 - 0x00007ff8085ba000 	C:\Users\deepa\AppData\Local\Temp\jansi-1.17.1-2470607420578560149.dll

dbghelp: loaded successfully - version: 4.0.5 - missing functions: none
symbol engine: initialized successfully - sym options: 0x614 - pdb path: .;C:\Program Files\Java\jdk-17\bin;C:\WINDOWS\SYSTEM32;c:\Users\deepa\AppData\Local\Programs\Trae\resources\app\modules\sandbox\x64;C:\WINDOWS\WinSxS\amd64_microsoft.windows.common-controls_6595b64144ccf1df_6.0.26100.4768_none_3e0c112ce331287c;C:\Program Files\Java\jdk-17\bin\server;C:\Users\deepa\AppData\Local\Temp

VM Arguments:
jvm_args: -Dmaven.home=C:/Users/deepa/Downloads/e-commerce-microservices-master/e-commerce-microservices-master -Dmaven.multiModuleProjectDirectory=C:/Users/deepa/Downloads/e-commerce-microservices-master/e-commerce-microservices-master/api-gateway 
java_command: org.apache.maven.wrapper.MavenWrapperMain spring-boot:run
java_class_path (initial): C:/Users/deepa/Downloads/e-commerce-microservices-master/e-commerce-microservices-master/api-gateway/.mvn/wrapper/maven-wrapper.jar
Launcher Type: SUN_STANDARD

[Global flags]
     intx CICompilerCount                          = 4                                         {product} {ergonomic}
     uint ConcGCThreads                            = 2                                         {product} {ergonomic}
     uint G1ConcRefinementThreads                  = 8                                         {product} {ergonomic}
   size_t G1HeapRegionSize                         = 1048576                                   {product} {ergonomic}
    uintx GCDrainStackTargetSize                   = 64                                        {product} {ergonomic}
   size_t InitialHeapSize                          = 100663296                                 {product} {ergonomic}
   size_t MarkStackSize                            = 4194304                                   {product} {ergonomic}
   size_t MaxHeapSize                              = 1595932672                                {product} {ergonomic}
   size_t MaxNewSize                               = 957349888                                 {product} {ergonomic}
   size_t MinHeapDeltaBytes                        = 1048576                                   {product} {ergonomic}
   size_t MinHeapSize                              = 8388608                                   {product} {ergonomic}
    uintx NonNMethodCodeHeapSize                   = 5839372                                {pd product} {ergonomic}
    uintx NonProfiledCodeHeapSize                  = 122909434                              {pd product} {ergonomic}
    uintx ProfiledCodeHeapSize                     = 122909434                              {pd product} {ergonomic}
    uintx ReservedCodeCacheSize                    = 251658240                              {pd product} {ergonomic}
     bool SegmentedCodeCache                       = true                                      {product} {ergonomic}
   size_t SoftMaxHeapSize                          = 1595932672                             {manageable} {ergonomic}
     bool UseCompressedClassPointers               = true                           {product lp64_product} {ergonomic}
     bool UseCompressedOops                        = true                           {product lp64_product} {ergonomic}
     bool UseG1GC                                  = true                                      {product} {ergonomic}
     bool UseLargePagesIndividualAllocation        = false                                  {pd product} {ergonomic}

Logging:
Log output configuration:
 #0: stdout all=warning uptime,level,tags
 #1: stderr all=off uptime,level,tags

Environment Variables:
JAVA_HOME=C:/Program Files/Java/jdk-17
PATH=c;C:\Users\deepa\.trae\tools\trae-gopls\current;c;C:\Users\deepa\.trae\sdks\workspaces\d87b252e\versions\node\current;c;C:\Users\deepa\.trae\sdks\versions\node\current;C:\c\Users\deepa\bin;C:\Program Files\Git\mingw64\bin;C:\Program Files\Git\usr\local\bin;C:\Program Files\Git\usr\bin;C:\Program Files\Git\usr\bin;C:\Program Files\Git\mingw64\bin;C:\Program Files\Git\usr\bin;C:\Users\deepa\bin;C:\Users\deepa\.trae\tools\trae-gopls\current;C:\Users\deepa\.trae\sdks\workspaces\d87b252e\versions\node\current;C:\Users\deepa\.trae\sdks\versions\node\current;C:\Program Files\Common Files\Oracle\Java\javapath;C:\Users\deepa\AppData\Local\Programs\Python\Python313\Scripts;C:\Users\deepa\AppData\Local\Programs\Python\Python313;C:\WINDOWS\system32;C:\WINDOWS;C:\WINDOWS\System32\Wbem;C:\WINDOWS\System32\WindowsPowerShell\v1.0;C:\WINDOWS\System32\OpenSSH;C:\Program Files\nodejs;C:\ProgramData\chocolatey\bin;C:\Program Files\MySQL\MySQL Server 9.2\bin;C:\Program Files\MySQL\MySQL Server 8.0\bin;C:\Program Files\Git\cmd;C:\Program Files\Java\jdk-17\bin;C:\Users\deepa\AppData\Local\Programs\Trae\bin;C:\Users\deepa\AppData\Local\Programs\Python\Launcher;C:\Users\deepa\AppData\Local\Microsoft\WindowsApps;C:\Users\deepa\AppData\Local\Programs\Microsoft VS Code\bin;C:\Users\deepa\AppData\Roaming\npm;C:\Users\deepa\AppData\Local\Programs\cursor\resources\app\bin;E:\apache-tomcat-10.1.44\apache-tomcat-10.1.44\bin;C:\Program Files\Java\jdk-17\bin;C:\Users\deepa\.trae\extensions\vscjava.vscode-java-debug-0.59.0-universal\bundled\scripts\noConfigScripts;C:\Program Files\Git\usr\bin\vendor_perl;C:\Program Files\Git\usr\bin\core_perl
USERNAME=deepa
SHELL=C:\Program Files\Git\usr\bin\bash.exe
DISPLAY=needs-to-be-defined
LANG=en_US.UTF-8
OS=Windows_NT
PROCESSOR_IDENTIFIER=AMD64 Family 23 Model 24 Stepping 1, AuthenticAMD



---------------  S Y S T E M  ---------------

OS:
 Windows 11 , 64 bit Build 26100 (10.0.26100.4768)
OS uptime: 16 days 7:34 hours

CPU: total 8 (initial active 8) (8 cores per cpu, 2 threads per core) family 23 model 24 stepping 1 microcode 0x8108109, cx8, cmov, fxsr, ht, mmx, 3dnowpref, sse, sse2, sse3, ssse3, sse4a, sse4.1, sse4.2, popcnt, lzcnt, tsc, tscinvbit, avx, avx2, aes, clmul, bmi1, bmi2, adx, sha, fma, vzeroupper, clflush, clflushopt

Memory: 4k page, system-wide physical 6086M (422M free)
TotalPageFile size 24518M (AvailPageFile size 50M)
current process WorkingSet (physical memory assigned to process): 196M, peak: 205M
current process commit charge ("private bytes"): 321M, peak: 336M

vm_info: Java HotSpot(TM) 64-Bit Server VM (17.0.12+8-LTS-286) for windows-amd64 JRE (17.0.12+8-LTS-286), built on Jun  5 2024 06:46:59 by "mach5one" with MS VC++ 17.6 (VS2022)

END.
