2026-05-12 21:50:04.383  INFO 31272 --- [           main] trationDelegate$BeanPostProcessorChecker : Bean 'org.springframework.cloud.autoconfigure.ConfigurationPropertiesRebinderAutoConfiguration' of type [org.springframework.cloud.autoconfigure.ConfigurationPropertiesRebinderAutoConfiguration$$EnhancerBySpringCGLIB$$fdb6d8aa] is not eligible for getting processed by all BeanPostProcessors (for example: not eligible for auto-proxying)

  .   ____          _            __ _ _
 /\\ / ___'_ __ _ _(_)_ __  __ _ \ \ \ \
( ( )\___ | '_ | '_| | '_ \/ _` | \ \ \ \
 \\/  ___)| |_)| | | | | || (_| |  ) ) ) )
  '  |____| .__|_| |_|_| |_\__, | / / / /
 =========|_|==============|___/=/_/_/_/
 :: Spring Boot ::        (v2.1.5.RELEASE)

2026-05-12 21:50:06.959  INFO 31272 --- [           main] c.r.e.EurekaServerApplication            : No active profile set, falling back to default profiles: default
2026-05-12 21:50:09.901  WARN 31272 --- [           main] o.s.boot.actuate.endpoint.EndpointId     : Endpoint ID 'service-registry' contains invalid characters, please migrate to a valid format.
2026-05-12 21:50:11.302  INFO 31272 --- [           main] o.s.cloud.context.scope.GenericScope     : BeanFactory id=70732503-b5f4-38d3-8aa5-7fe93f9c0d3b
2026-05-12 21:50:12.191  INFO 31272 --- [           main] trationDelegate$BeanPostProcessorChecker : Bean 'org.springframework.cloud.autoconfigure.ConfigurationPropertiesRebinderAutoConfiguration' of type [org.springframework.cloud.autoconfigure.ConfigurationPropertiesRebinderAutoConfiguration$$EnhancerBySpringCGLIB$$fdb6d8aa] is not eligible for getting processed by all BeanPostProcessors (for example: not eligible for auto-proxying)
2026-05-12 21:50:15.853  INFO 31272 --- [           main] o.s.b.w.embedded.tomcat.TomcatWebServer  : Tomcat initialized with port(s): 8761 (http)
2026-05-12 21:50:16.012  INFO 31272 --- [           main] o.apache.catalina.core.StandardService   : Starting service [Tomcat]
2026-05-12 21:50:16.015  INFO 31272 --- [           main] org.apache.catalina.core.StandardEngine  : Starting Servlet engine: [Apache Tomcat/9.0.19]
2026-05-12 21:50:17.793  WARN 31272 --- [           main] o.a.tomcat.util.scan.StandardJarScanner  : Failed to scan [jar:file:/C:/Users/deepa/Downloads/e-commerce-microservices-master/e-commerce-microservices-master/eureka-server/target/eureka-server-0.0.1-SNAPSHOT.jar!/BOOT-INF/lib/spring-webmvc-5.1.7.RELEASE.jar!/] from classloader hierarchy

java.io.IOException: Unable to open root Jar file 'war:file:/C:/Users/deepa/Downloads/e-commerce-microservices-master/e-commerce-microservices-master/eureka-server/target/eureka-server-0.0.1-SNAPSHOT.jar*/BOOT-INF/lib/spring-webmvc-5.1.7.RELEASE.jar'
	at org.springframework.boot.loader.jar.Handler.getRootJarFile(Handler.java:324) ~[eureka-server-0.0.1-SNAPSHOT.jar:0.0.1-SNAPSHOT]
	at org.springframework.boot.loader.jar.Handler.getRootJarFileFromUrl(Handler.java:305) ~[eureka-server-0.0.1-SNAPSHOT.jar:0.0.1-SNAPSHOT]
	at org.springframework.boot.loader.jar.Handler.openConnection(Handler.java:84) ~[eureka-server-0.0.1-SNAPSHOT.jar:0.0.1-SNAPSHOT]
	at java.base/java.net.URL.openConnection(URL.java:1094) ~[na:na]
	at java.base/java.net.URL.openStream(URL.java:1161) ~[na:na]
	at org.apache.tomcat.util.descriptor.tld.TldResourcePath.openStream(TldResourcePath.java:127) ~[tomcat-embed-core-9.0.19.jar!/:9.0.19]
	at org.apache.tomcat.util.descriptor.tld.TldParser.parse(TldParser.java:61) ~[tomcat-embed-core-9.0.19.jar!/:9.0.19]
	at org.apache.jasper.servlet.TldScanner.parseTld(TldScanner.java:279) ~[tomcat-embed-jasper-9.0.19.jar!/:9.0.19]
	at org.apache.jasper.servlet.TldScanner$TldScannerCallback.scan(TldScanner.java:313) ~[tomcat-embed-jasper-9.0.19.jar!/:9.0.19]
	at org.apache.tomcat.util.scan.StandardJarScanner.process(StandardJarScanner.java:378) ~[tomcat-embed-core-9.0.19.jar!/:9.0.19]
	at org.apache.tomcat.util.scan.StandardJarScanner.processURLs(StandardJarScanner.java:309) ~[tomcat-embed-core-9.0.19.jar!/:9.0.19]
	at org.apache.tomcat.util.scan.StandardJarScanner.doScanClassPath(StandardJarScanner.java:266) ~[tomcat-embed-core-9.0.19.jar!/:9.0.19]
	at org.apache.tomcat.util.scan.StandardJarScanner.scan(StandardJarScanner.java:229) ~[tomcat-embed-core-9.0.19.jar!/:9.0.19]
	at org.apache.jasper.servlet.TldScanner.scanJars(TldScanner.java:262) ~[tomcat-embed-jasper-9.0.19.jar!/:9.0.19]
	at org.apache.jasper.servlet.TldScanner.scan(TldScanner.java:104) ~[tomcat-embed-jasper-9.0.19.jar!/:9.0.19]
	at org.apache.jasper.servlet.JasperInitializer.onStartup(JasperInitializer.java:83) ~[tomcat-embed-jasper-9.0.19.jar!/:9.0.19]
	at org.apache.catalina.core.StandardContext.startInternal(StandardContext.java:5139) ~[tomcat-embed-core-9.0.19.jar!/:9.0.19]
	at org.apache.catalina.util.LifecycleBase.start(LifecycleBase.java:183) ~[tomcat-embed-core-9.0.19.jar!/:9.0.19]
	at org.apache.catalina.core.ContainerBase$StartChild.call(ContainerBase.java:1377) ~[tomcat-embed-core-9.0.19.jar!/:9.0.19]
	at org.apache.catalina.core.ContainerBase$StartChild.call(ContainerBase.java:1367) ~[tomcat-embed-core-9.0.19.jar!/:9.0.19]
	at java.base/java.util.concurrent.FutureTask.run(FutureTask.java:264) ~[na:na]
	at org.apache.tomcat.util.threads.InlineExecutorService.execute(InlineExecutorService.java:75) ~[tomcat-embed-core-9.0.19.jar!/:9.0.19]
	at java.base/java.util.concurrent.AbstractExecutorService.submit(AbstractExecutorService.java:145) ~[na:na]
	at org.apache.catalina.core.ContainerBase.startInternal(ContainerBase.java:902) ~[tomcat-embed-core-9.0.19.jar!/:9.0.19]
	at org.apache.catalina.core.StandardHost.startInternal(StandardHost.java:831) ~[tomcat-embed-core-9.0.19.jar!/:9.0.19]
	at org.apache.catalina.util.LifecycleBase.start(LifecycleBase.java:183) ~[tomcat-embed-core-9.0.19.jar!/:9.0.19]
	at org.apache.catalina.core.ContainerBase$StartChild.call(ContainerBase.java:1377) ~[tomcat-embed-core-9.0.19.jar!/:9.0.19]
	at org.apache.catalina.core.ContainerBase$StartChild.call(ContainerBase.java:1367) ~[tomcat-embed-core-9.0.19.jar!/:9.0.19]
	at java.base/java.util.concurrent.FutureTask.run(FutureTask.java:264) ~[na:na]
	at org.apache.tomcat.util.threads.InlineExecutorService.execute(InlineExecutorService.java:75) ~[tomcat-embed-core-9.0.19.jar!/:9.0.19]
	at java.base/java.util.concurrent.AbstractExecutorService.submit(AbstractExecutorService.java:145) ~[na:na]
	at org.apache.catalina.core.ContainerBase.startInternal(ContainerBase.java:902) ~[tomcat-embed-core-9.0.19.jar!/:9.0.19]
	at org.apache.catalina.core.StandardEngine.startInternal(StandardEngine.java:262) ~[tomcat-embed-core-9.0.19.jar!/:9.0.19]
	at org.apache.catalina.util.LifecycleBase.start(LifecycleBase.java:183) ~[tomcat-embed-core-9.0.19.jar!/:9.0.19]
	at org.apache.catalina.core.StandardService.startInternal(StandardService.java:423) ~[tomcat-embed-core-9.0.19.jar!/:9.0.19]
	at org.apache.catalina.util.LifecycleBase.start(LifecycleBase.java:183) ~[tomcat-embed-core-9.0.19.jar!/:9.0.19]
	at org.apache.catalina.core.StandardServer.startInternal(StandardServer.java:932) ~[tomcat-embed-core-9.0.19.jar!/:9.0.19]
	at org.apache.catalina.util.LifecycleBase.start(LifecycleBase.java:183) ~[tomcat-embed-core-9.0.19.jar!/:9.0.19]
	at org.apache.catalina.startup.Tomcat.start(Tomcat.java:455) ~[tomcat-embed-core-9.0.19.jar!/:9.0.19]
	at org.springframework.boot.web.embedded.tomcat.TomcatWebServer.initialize(TomcatWebServer.java:106) ~[spring-boot-2.1.5.RELEASE.jar!/:2.1.5.RELEASE]
	at org.springframework.boot.web.embedded.tomcat.TomcatWebServer.<init>(TomcatWebServer.java:86) ~[spring-boot-2.1.5.RELEASE.jar!/:2.1.5.RELEASE]
	at org.springframework.boot.web.embedded.tomcat.TomcatServletWebServerFactory.getTomcatWebServer(TomcatServletWebServerFactory.java:427) ~[spring-boot-2.1.5.RELEASE.jar!/:2.1.5.RELEASE]
	at org.springframework.boot.web.embedded.tomcat.TomcatServletWebServerFactory.getWebServer(TomcatServletWebServerFactory.java:180) ~[spring-boot-2.1.5.RELEASE.jar!/:2.1.5.RELEASE]
	at org.springframework.boot.web.servlet.context.ServletWebServerApplicationContext.createWebServer(ServletWebServerApplicationContext.java:181) ~[spring-boot-2.1.5.RELEASE.jar!/:2.1.5.RELEASE]
	at org.springframework.boot.web.servlet.context.ServletWebServerApplicationContext.onRefresh(ServletWebServerApplicationContext.java:154) ~[spring-boot-2.1.5.RELEASE.jar!/:2.1.5.RELEASE]
	at org.springframework.context.support.AbstractApplicationContext.refresh(AbstractApplicationContext.java:543) ~[spring-context-5.1.7.RELEASE.jar!/:5.1.7.RELEASE]
	at org.springframework.boot.web.servlet.context.ServletWebServerApplicationContext.refresh(ServletWebServerApplicationContext.java:142) ~[spring-boot-2.1.5.RELEASE.jar!/:2.1.5.RELEASE]
	at org.springframework.boot.SpringApplication.refresh(SpringApplication.java:775) ~[spring-boot-2.1.5.RELEASE.jar!/:2.1.5.RELEASE]
	at org.springframework.boot.SpringApplication.refreshContext(SpringApplication.java:397) ~[spring-boot-2.1.5.RELEASE.jar!/:2.1.5.RELEASE]
	at org.springframework.boot.SpringApplication.run(SpringApplication.java:316) ~[spring-boot-2.1.5.RELEASE.jar!/:2.1.5.RELEASE]
	at org.springframework.boot.SpringApplication.run(SpringApplication.java:1260) ~[spring-boot-2.1.5.RELEASE.jar!/:2.1.5.RELEASE]
	at org.springframework.boot.SpringApplication.run(SpringApplication.java:1248) ~[spring-boot-2.1.5.RELEASE.jar!/:2.1.5.RELEASE]
	at com.rainbowforest.eurekaserver.EurekaServerApplication.main(EurekaServerApplication.java:11) ~[classes!/:0.0.1-SNAPSHOT]
	at java.base/jdk.internal.reflect.NativeMethodAccessorImpl.invoke0(Native Method) ~[na:na]
	at java.base/jdk.internal.reflect.NativeMethodAccessorImpl.invoke(NativeMethodAccessorImpl.java:77) ~[na:na]
	at java.base/jdk.internal.reflect.DelegatingMethodAccessorImpl.invoke(DelegatingMethodAccessorImpl.java:43) ~[na:na]
	at java.base/java.lang.reflect.Method.invoke(Method.java:568) ~[na:na]
	at org.springframework.boot.loader.MainMethodRunner.run(MainMethodRunner.java:48) ~[eureka-server-0.0.1-SNAPSHOT.jar:0.0.1-SNAPSHOT]
	at org.springframework.boot.loader.Launcher.launch(Launcher.java:87) ~[eureka-server-0.0.1-SNAPSHOT.jar:0.0.1-SNAPSHOT]
	at org.springframework.boot.loader.Launcher.launch(Launcher.java:50) ~[eureka-server-0.0.1-SNAPSHOT.jar:0.0.1-SNAPSHOT]
	at org.springframework.boot.loader.JarLauncher.main(JarLauncher.java:51) ~[eureka-server-0.0.1-SNAPSHOT.jar:0.0.1-SNAPSHOT]
Caused by: java.lang.IllegalStateException: Not a file URL
	at org.springframework.boot.loader.jar.Handler.getRootJarFile(Handler.java:311) ~[eureka-server-0.0.1-SNAPSHOT.jar:0.0.1-SNAPSHOT]
	... 60 common frames omitted

2026-05-12 21:50:17.966  WARN 31272 --- [           main] o.a.tomcat.util.scan.StandardJarScanner  : Failed to scan [jar:file:/C:/Users/deepa/Downloads/e-commerce-microservices-master/e-commerce-microservices-master/eureka-server/target/eureka-server-0.0.1-SNAPSHOT.jar!/BOOT-INF/lib/jersey-servlet-1.19.1.jar!/] from classloader hierarchy

java.io.IOException: Unable to open root Jar file 'war:file:/C:/Users/deepa/Downloads/e-commerce-microservices-master/e-commerce-microservices-master/eureka-server/target/eureka-server-0.0.1-SNAPSHOT.jar*/BOOT-INF/lib/jersey-servlet-1.19.1.jar'
	at org.springframework.boot.loader.jar.Handler.getRootJarFile(Handler.java:324) ~[eureka-server-0.0.1-SNAPSHOT.jar:0.0.1-SNAPSHOT]
	at org.springframework.boot.loader.jar.Handler.getRootJarFileFromUrl(Handler.java:305) ~[eureka-server-0.0.1-SNAPSHOT.jar:0.0.1-SNAPSHOT]
	at org.springframework.boot.loader.jar.Handler.openConnection(Handler.java:84) ~[eureka-server-0.0.1-SNAPSHOT.jar:0.0.1-SNAPSHOT]
	at java.base/java.net.URL.openConnection(URL.java:1094) ~[na:na]
	at java.base/java.net.URL.openStream(URL.java:1161) ~[na:na]
	at org.apache.tomcat.util.descriptor.tld.TldResourcePath.openStream(TldResourcePath.java:127) ~[tomcat-embed-core-9.0.19.jar!/:9.0.19]
	at org.apache.tomcat.util.descriptor.tld.TldParser.parse(TldParser.java:61) ~[tomcat-embed-core-9.0.19.jar!/:9.0.19]
	at org.apache.jasper.servlet.TldScanner.parseTld(TldScanner.java:279) ~[tomcat-embed-jasper-9.0.19.jar!/:9.0.19]
	at org.apache.jasper.servlet.TldScanner$TldScannerCallback.scan(TldScanner.java:313) ~[tomcat-embed-jasper-9.0.19.jar!/:9.0.19]
	at org.apache.tomcat.util.scan.StandardJarScanner.process(StandardJarScanner.java:378) ~[tomcat-embed-core-9.0.19.jar!/:9.0.19]
	at org.apache.tomcat.util.scan.StandardJarScanner.processURLs(StandardJarScanner.java:309) ~[tomcat-embed-core-9.0.19.jar!/:9.0.19]
	at org.apache.tomcat.util.scan.StandardJarScanner.doScanClassPath(StandardJarScanner.java:266) ~[tomcat-embed-core-9.0.19.jar!/:9.0.19]
	at org.apache.tomcat.util.scan.StandardJarScanner.scan(StandardJarScanner.java:229) ~[tomcat-embed-core-9.0.19.jar!/:9.0.19]
	at org.apache.jasper.servlet.TldScanner.scanJars(TldScanner.java:262) ~[tomcat-embed-jasper-9.0.19.jar!/:9.0.19]
	at org.apache.jasper.servlet.TldScanner.scan(TldScanner.java:104) ~[tomcat-embed-jasper-9.0.19.jar!/:9.0.19]
	at org.apache.jasper.servlet.JasperInitializer.onStartup(JasperInitializer.java:83) ~[tomcat-embed-jasper-9.0.19.jar!/:9.0.19]
	at org.apache.catalina.core.StandardContext.startInternal(StandardContext.java:5139) ~[tomcat-embed-core-9.0.19.jar!/:9.0.19]
	at org.apache.catalina.util.LifecycleBase.start(LifecycleBase.java:183) ~[tomcat-embed-core-9.0.19.jar!/:9.0.19]
	at org.apache.catalina.core.ContainerBase$StartChild.call(ContainerBase.java:1377) ~[tomcat-embed-core-9.0.19.jar!/:9.0.19]
	at org.apache.catalina.core.ContainerBase$StartChild.call(ContainerBase.java:1367) ~[tomcat-embed-core-9.0.19.jar!/:9.0.19]
	at java.base/java.util.concurrent.FutureTask.run(FutureTask.java:264) ~[na:na]
	at org.apache.tomcat.util.threads.InlineExecutorService.execute(InlineExecutorService.java:75) ~[tomcat-embed-core-9.0.19.jar!/:9.0.19]
	at java.base/java.util.concurrent.AbstractExecutorService.submit(AbstractExecutorService.java:145) ~[na:na]
	at org.apache.catalina.core.ContainerBase.startInternal(ContainerBase.java:902) ~[tomcat-embed-core-9.0.19.jar!/:9.0.19]
	at org.apache.catalina.core.StandardHost.startInternal(StandardHost.java:831) ~[tomcat-embed-core-9.0.19.jar!/:9.0.19]
	at org.apache.catalina.util.LifecycleBase.start(LifecycleBase.java:183) ~[tomcat-embed-core-9.0.19.jar!/:9.0.19]
	at org.apache.catalina.core.ContainerBase$StartChild.call(ContainerBase.java:1377) ~[tomcat-embed-core-9.0.19.jar!/:9.0.19]
	at org.apache.catalina.core.ContainerBase$StartChild.call(ContainerBase.java:1367) ~[tomcat-embed-core-9.0.19.jar!/:9.0.19]
	at java.base/java.util.concurrent.FutureTask.run(FutureTask.java:264) ~[na:na]
	at org.apache.tomcat.util.threads.InlineExecutorService.execute(InlineExecutorService.java:75) ~[tomcat-embed-core-9.0.19.jar!/:9.0.19]
	at java.base/java.util.concurrent.AbstractExecutorService.submit(AbstractExecutorService.java:145) ~[na:na]
	at org.apache.catalina.core.ContainerBase.startInternal(ContainerBase.java:902) ~[tomcat-embed-core-9.0.19.jar!/:9.0.19]
	at org.apache.catalina.core.StandardEngine.startInternal(StandardEngine.java:262) ~[tomcat-embed-core-9.0.19.jar!/:9.0.19]
	at org.apache.catalina.util.LifecycleBase.start(LifecycleBase.java:183) ~[tomcat-embed-core-9.0.19.jar!/:9.0.19]
	at org.apache.catalina.core.StandardService.startInternal(StandardService.java:423) ~[tomcat-embed-core-9.0.19.jar!/:9.0.19]
	at org.apache.catalina.util.LifecycleBase.start(LifecycleBase.java:183) ~[tomcat-embed-core-9.0.19.jar!/:9.0.19]
	at org.apache.catalina.core.StandardServer.startInternal(StandardServer.java:932) ~[tomcat-embed-core-9.0.19.jar!/:9.0.19]
	at org.apache.catalina.util.LifecycleBase.start(LifecycleBase.java:183) ~[tomcat-embed-core-9.0.19.jar!/:9.0.19]
	at org.apache.catalina.startup.Tomcat.start(Tomcat.java:455) ~[tomcat-embed-core-9.0.19.jar!/:9.0.19]
	at org.springframework.boot.web.embedded.tomcat.TomcatWebServer.initialize(TomcatWebServer.java:106) ~[spring-boot-2.1.5.RELEASE.jar!/:2.1.5.RELEASE]
	at org.springframework.boot.web.embedded.tomcat.TomcatWebServer.<init>(TomcatWebServer.java:86) ~[spring-boot-2.1.5.RELEASE.jar!/:2.1.5.RELEASE]
	at org.springframework.boot.web.embedded.tomcat.TomcatServletWebServerFactory.getTomcatWebServer(TomcatServletWebServerFactory.java:427) ~[spring-boot-2.1.5.RELEASE.jar!/:2.1.5.RELEASE]
	at org.springframework.boot.web.embedded.tomcat.TomcatServletWebServerFactory.getWebServer(TomcatServletWebServerFactory.java:180) ~[spring-boot-2.1.5.RELEASE.jar!/:2.1.5.RELEASE]
	at org.springframework.boot.web.servlet.context.ServletWebServerApplicationContext.createWebServer(ServletWebServerApplicationContext.java:181) ~[spring-boot-2.1.5.RELEASE.jar!/:2.1.5.RELEASE]
	at org.springframework.boot.web.servlet.context.ServletWebServerApplicationContext.onRefresh(ServletWebServerApplicationContext.java:154) ~[spring-boot-2.1.5.RELEASE.jar!/:2.1.5.RELEASE]
	at org.springframework.context.support.AbstractApplicationContext.refresh(AbstractApplicationContext.java:543) ~[spring-context-5.1.7.RELEASE.jar!/:5.1.7.RELEASE]
	at org.springframework.boot.web.servlet.context.ServletWebServerApplicationContext.refresh(ServletWebServerApplicationContext.java:142) ~[spring-boot-2.1.5.RELEASE.jar!/:2.1.5.RELEASE]
	at org.springframework.boot.SpringApplication.refresh(SpringApplication.java:775) ~[spring-boot-2.1.5.RELEASE.jar!/:2.1.5.RELEASE]
	at org.springframework.boot.SpringApplication.refreshContext(SpringApplication.java:397) ~[spring-boot-2.1.5.RELEASE.jar!/:2.1.5.RELEASE]
	at org.springframework.boot.SpringApplication.run(SpringApplication.java:316) ~[spring-boot-2.1.5.RELEASE.jar!/:2.1.5.RELEASE]
	at org.springframework.boot.SpringApplication.run(SpringApplication.java:1260) ~[spring-boot-2.1.5.RELEASE.jar!/:2.1.5.RELEASE]
	at org.springframework.boot.SpringApplication.run(SpringApplication.java:1248) ~[spring-boot-2.1.5.RELEASE.jar!/:2.1.5.RELEASE]
	at com.rainbowforest.eurekaserver.EurekaServerApplication.main(EurekaServerApplication.java:11) ~[classes!/:0.0.1-SNAPSHOT]
	at java.base/jdk.internal.reflect.NativeMethodAccessorImpl.invoke0(Native Method) ~[na:na]
	at java.base/jdk.internal.reflect.NativeMethodAccessorImpl.invoke(NativeMethodAccessorImpl.java:77) ~[na:na]
	at java.base/jdk.internal.reflect.DelegatingMethodAccessorImpl.invoke(DelegatingMethodAccessorImpl.java:43) ~[na:na]
	at java.base/java.lang.reflect.Method.invoke(Method.java:568) ~[na:na]
	at org.springframework.boot.loader.MainMethodRunner.run(MainMethodRunner.java:48) ~[eureka-server-0.0.1-SNAPSHOT.jar:0.0.1-SNAPSHOT]
	at org.springframework.boot.loader.Launcher.launch(Launcher.java:87) ~[eureka-server-0.0.1-SNAPSHOT.jar:0.0.1-SNAPSHOT]
	at org.springframework.boot.loader.Launcher.launch(Launcher.java:50) ~[eureka-server-0.0.1-SNAPSHOT.jar:0.0.1-SNAPSHOT]
	at org.springframework.boot.loader.JarLauncher.main(JarLauncher.java:51) ~[eureka-server-0.0.1-SNAPSHOT.jar:0.0.1-SNAPSHOT]
Caused by: java.lang.IllegalStateException: Not a file URL
	at org.springframework.boot.loader.jar.Handler.getRootJarFile(Handler.java:311) ~[eureka-server-0.0.1-SNAPSHOT.jar:0.0.1-SNAPSHOT]
	... 60 common frames omitted

2026-05-12 21:50:18.280  INFO 31272 --- [           main] org.apache.jasper.servlet.TldScanner     : At least one JAR was scanned for TLDs yet contained no TLDs. Enable debug logging for this logger for a complete list of JARs that were scanned but no TLDs were found in them. Skipping unneeded JARs during scanning can improve startup time and JSP compilation time.
2026-05-12 21:50:18.313  INFO 31272 --- [           main] o.a.c.c.C.[Tomcat].[localhost].[/]       : Initializing Spring embedded WebApplicationContext
2026-05-12 21:50:18.321  INFO 31272 --- [           main] o.s.web.context.ContextLoader            : Root WebApplicationContext: initialization completed in 11305 ms
2026-05-12 21:50:18.730  WARN 31272 --- [           main] c.n.c.sources.URLConfigurationSource     : No URLs will be polled as dynamic configuration sources.
2026-05-12 21:50:18.732  INFO 31272 --- [           main] c.n.c.sources.URLConfigurationSource     : To enable URLs as dynamic configuration sources, define System property archaius.configurationSource.additionalUrls or make config.properties available on classpath.
2026-05-12 21:50:18.805  INFO 31272 --- [           main] c.netflix.config.DynamicPropertyFactory  : DynamicPropertyFactory is initialized with configuration sources: com.netflix.config.ConcurrentCompositeConfiguration@1e392345
2026-05-12 21:50:23.117  INFO 31272 --- [           main] c.s.j.s.i.a.WebApplicationImpl           : Initiating Jersey application, version 'Jersey: 1.19.1 03/11/2016 02:08 PM'
2026-05-12 21:50:23.532  INFO 31272 --- [           main] c.n.d.provider.DiscoveryJerseyProvider   : Using JSON encoding codec LegacyJacksonJson
2026-05-12 21:50:23.538  INFO 31272 --- [           main] c.n.d.provider.DiscoveryJerseyProvider   : Using JSON decoding codec LegacyJacksonJson
2026-05-12 21:50:26.265  INFO 31272 --- [           main] c.n.d.provider.DiscoveryJerseyProvider   : Using XML encoding codec XStreamXml
2026-05-12 21:50:26.266  INFO 31272 --- [           main] c.n.d.provider.DiscoveryJerseyProvider   : Using XML decoding codec XStreamXml
2026-05-12 21:50:29.901  WARN 31272 --- [           main] c.n.c.sources.URLConfigurationSource     : No URLs will be polled as dynamic configuration sources.
2026-05-12 21:50:30.039  INFO 31272 --- [           main] c.n.c.sources.URLConfigurationSource     : To enable URLs as dynamic configuration sources, define System property archaius.configurationSource.additionalUrls or make config.properties available on classpath.
2026-05-12 21:50:31.844  INFO 31272 --- [           main] o.s.s.concurrent.ThreadPoolTaskExecutor  : Initializing ExecutorService 'applicationTaskExecutor'
2026-05-12 21:50:40.161  INFO 31272 --- [           main] o.s.c.n.eureka.InstanceInfoFactory       : Setting initial instance status as: STARTING
2026-05-12 21:50:40.531  INFO 31272 --- [           main] com.netflix.discovery.DiscoveryClient    : Initializing Eureka in region us-east-1
2026-05-12 21:50:40.533  INFO 31272 --- [           main] com.netflix.discovery.DiscoveryClient    : Client configured to neither register nor query for data.
2026-05-12 21:50:40.595  INFO 31272 --- [           main] com.netflix.discovery.DiscoveryClient    : Discovery Client initialized at timestamp 1778602840574 with initial instances count: 0
2026-05-12 21:50:41.019  INFO 31272 --- [           main] c.n.eureka.DefaultEurekaServerContext    : Initializing ...
2026-05-12 21:50:41.031  INFO 31272 --- [           main] c.n.eureka.cluster.PeerEurekaNodes       : Adding new peer nodes [http://localhost:8761/eureka/]
2026-05-12 21:50:42.974  INFO 31272 --- [           main] c.n.d.provider.DiscoveryJerseyProvider   : Using JSON encoding codec LegacyJacksonJson
2026-05-12 21:50:42.978  INFO 31272 --- [           main] c.n.d.provider.DiscoveryJerseyProvider   : Using JSON decoding codec LegacyJacksonJson
2026-05-12 21:50:42.978  INFO 31272 --- [           main] c.n.d.provider.DiscoveryJerseyProvider   : Using XML encoding codec XStreamXml
2026-05-12 21:50:42.979  INFO 31272 --- [           main] c.n.d.provider.DiscoveryJerseyProvider   : Using XML decoding codec XStreamXml
2026-05-12 21:50:43.696  INFO 31272 --- [           main] c.n.eureka.cluster.PeerEurekaNodes       : Replica node URL:  http://localhost:8761/eureka/
2026-05-12 21:50:43.728  INFO 31272 --- [           main] c.n.e.registry.AbstractInstanceRegistry  : Finished initializing remote region registries. All known remote regions: []
2026-05-12 21:50:43.733  INFO 31272 --- [           main] c.n.eureka.DefaultEurekaServerContext    : Initialized
2026-05-12 21:50:43.980  INFO 31272 --- [           main] o.s.b.a.e.web.EndpointLinksResolver      : Exposing 2 endpoint(s) beneath base path '/actuator'
2026-05-12 21:50:44.520  INFO 31272 --- [           main] o.s.c.n.e.s.EurekaServiceRegistry        : Registering application EUREKA-SERVER with eureka with status UP
2026-05-12 21:50:44.693  INFO 31272 --- [      Thread-10] o.s.c.n.e.server.EurekaServerBootstrap   : Setting the eureka configuration..
2026-05-12 21:50:44.696  INFO 31272 --- [      Thread-10] o.s.c.n.e.server.EurekaServerBootstrap   : Eureka data center value eureka.datacenter is not set, defaulting to default
2026-05-12 21:50:44.698  INFO 31272 --- [      Thread-10] o.s.c.n.e.server.EurekaServerBootstrap   : Eureka environment value eureka.environment is not set, defaulting to test
2026-05-12 21:50:44.739  INFO 31272 --- [      Thread-10] o.s.c.n.e.server.EurekaServerBootstrap   : isAws returned false
2026-05-12 21:50:44.742  INFO 31272 --- [      Thread-10] o.s.c.n.e.server.EurekaServerBootstrap   : Initialized server context
2026-05-12 21:50:44.743  INFO 31272 --- [      Thread-10] c.n.e.r.PeerAwareInstanceRegistryImpl    : Got 1 instances from neighboring DS node
2026-05-12 21:50:44.746  INFO 31272 --- [      Thread-10] c.n.e.r.PeerAwareInstanceRegistryImpl    : Renew threshold is: 1
2026-05-12 21:50:44.748  INFO 31272 --- [      Thread-10] c.n.e.r.PeerAwareInstanceRegistryImpl    : Changing status to UP
2026-05-12 21:50:44.770  INFO 31272 --- [      Thread-10] e.s.EurekaServerInitializerConfiguration : Started Eureka Server
2026-05-12 21:50:46.845  INFO 31272 --- [           main] o.s.b.w.embedded.tomcat.TomcatWebServer  : Tomcat started on port(s): 8761 (http) with context path ''
2026-05-12 21:50:46.852  INFO 31272 --- [           main] .s.c.n.e.s.EurekaAutoServiceRegistration : Updating port to 8761
2026-05-12 21:50:46.859  INFO 31272 --- [           main] c.r.e.EurekaServerApplication            : Started EurekaServerApplication in 48.106 seconds (JVM running for 64.455)
2026-05-12 21:51:29.046  INFO 31272 --- [nio-8761-exec-3] o.a.c.c.C.[Tomcat].[localhost].[/]       : Initializing Spring DispatcherServlet 'dispatcherServlet'
2026-05-12 21:51:29.054  INFO 31272 --- [nio-8761-exec-3] o.s.web.servlet.DispatcherServlet        : Initializing Servlet 'dispatcherServlet'
2026-05-12 21:51:29.114  INFO 31272 --- [nio-8761-exec-3] o.s.web.servlet.DispatcherServlet        : Completed initialization in 55 ms
2026-05-12 21:51:32.714  INFO 31272 --- [nio-8761-exec-4] c.n.e.registry.AbstractInstanceRegistry  : Registered instance USER-SERVICE/Admin:user-service:8811 with status UP (replication=false)
2026-05-12 21:51:35.099  INFO 31272 --- [nio-8761-exec-7] c.n.e.registry.AbstractInstanceRegistry  : Registered instance USER-SERVICE/Admin:user-service:8811 with status UP (replication=true)
2026-05-12 21:51:40.642  INFO 31272 --- [nio-8761-exec-1] c.n.e.registry.AbstractInstanceRegistry  : Registered instance PRODUCT-CATALOG-SERVICE/Admin:product-catalog-service:8810 with status UP (replication=false)
2026-05-12 21:51:41.219  INFO 31272 --- [nio-8761-exec-2] c.n.e.registry.AbstractInstanceRegistry  : Registered instance PRODUCT-CATALOG-SERVICE/Admin:product-catalog-service:8810 with status UP (replication=true)
2026-05-12 21:51:44.869  INFO 31272 --- [a-EvictionTimer] c.n.e.registry.AbstractInstanceRegistry  : Running the evict task with compensationTime 0ms
