#
# There is insufficient memory for the Java Runtime Environment to continue.
# Native memory allocation (malloc) failed to allocate 693328 bytes for Chunk::new
# Possible reasons:
#   The system is out of physical RAM or swap space
#   The process is running with CompressedOops enabled, and the Java Heap may be blocking the growth of the native heap
# Possible solutions:
#   Reduce memory load on the system
#   Increase physical memory or swap space
#   Check if swap backing store is full
#   Decrease Java heap size (-Xmx/-Xms)
#   Decrease number of Java threads
#   Decrease Java thread stack sizes (-Xss)
#   Set larger code cache with -XX:ReservedCodeCacheSize=
#   JVM is running with Unscaled Compressed Oops mode in which the Java heap is
#     placed in the first 4GB address space. The Java Heap base address is the
#     maximum limit for the native heap growth. Please use -XX:HeapBaseMinAddress
#     to set the Java Heap base and to place the Java Heap above 4GB virtual address.
# This output file may be truncated or incomplete.
#
#  Out of Memory Error (arena.cpp:189), pid=29308, tid=2548
#
# JRE version: Java(TM) SE Runtime Environment (17.0.12+8) (build 17.0.12+8-LTS-286)
# Java VM: Java HotSpot(TM) 64-Bit Server VM (17.0.12+8-LTS-286, mixed mode, sharing, tiered, compressed oops, compressed class ptrs, g1 gc, windows-amd64)
# No core dump will be written. Minidumps are not enabled by default on client versions of Windows
#

---------------  S U M M A R Y ------------

Command Line: -Xmx128m target/eureka-server-0.0.1-SNAPSHOT.jar

Host: AMD Ryzen 5 3500U with Radeon Vega Mobile Gfx  , 8 cores, 5G,  Windows 11 , 64 bit Build 26100 (10.0.26100.4768)
Time: Tue May 12 19:06:53 2026 India Standard Time elapsed time: 1265.985761 seconds (0d 0h 21m 5s)

---------------  T H R E A D  ---------------

Current thread (0x0000027276545060):  JavaThread "C2 CompilerThread1" daemon [_thread_in_native, id=2548, stack(0x000000baeb700000,0x000000baeb800000)]


Current CompileTask:
C2:1265992 3684   !   4       org.springframework.boot.loader.LaunchedURLClassLoader::lambda$definePackage$0 (163 bytes)

Stack: [0x000000baeb700000,0x000000baeb800000]
Native frames: (J=compiled Java code, j=interpreted, Vv=VM code, C=native code)
V  [jvm.dll+0x67a04a]
V  [jvm.dll+0x7da4ed]
V  [jvm.dll+0x7dbe33]
V  [jvm.dll+0x7dc4a3]
V  [jvm.dll+0x24508f]
V  [jvm.dll+0xab773]
V  [jvm.dll+0xabd3c]
V  [jvm.dll+0x11e324]
V  [jvm.dll+0x60e1a3]
V  [jvm.dll+0x60c84a]
V  [jvm.dll+0x2166be]
V  [jvm.dll+0x215c6f]
V  [jvm.dll+0x1a2960]
V  [jvm.dll+0x22610b]
V  [jvm.dll+0x2242ab]
V  [jvm.dll+0x79075c]
V  [jvm.dll+0x78abea]
V  [jvm.dll+0x678f35]
C  [ucrtbase.dll+0x37b0]
C  [KERNEL32.DLL+0x2e8d7]
C  [ntdll.dll+0x3c34c]


---------------  P R O C E S S  ---------------

Threads class SMR info:
_java_thread_list=0x0000027276603520, length=14, elements={
0x00000272163dd670, 0x0000027216038750, 0x0000027216039020, 0x0000027230341180,
0x0000027230341a50, 0x0000027230342320, 0x0000027230342bf0, 0x0000027230343e10,
0x000002723034b070, 0x000002723034c990, 0x0000027230493580, 0x00000272304b8120,
0x0000027276545060, 0x0000027276546af0
}

Java Threads: ( => current thread )
  0x00000272163dd670 JavaThread "main" [_thread_in_Java, id=17076, stack(0x000000baebe00000,0x000000baebf00000)]
  0x0000027216038750 JavaThread "Reference Handler" daemon [_thread_blocked, id=17932, stack(0x000000baeca00000,0x000000baecb00000)]
  0x0000027216039020 JavaThread "Finalizer" daemon [_thread_blocked, id=14692, stack(0x000000baecb00000,0x000000baecc00000)]
  0x0000027230341180 JavaThread "Signal Dispatcher" daemon [_thread_blocked, id=28500, stack(0x000000baecc00000,0x000000baecd00000)]
  0x0000027230341a50 JavaThread "Attach Listener" daemon [_thread_blocked, id=11768, stack(0x000000baecd00000,0x000000baece00000)]
  0x0000027230342320 JavaThread "Service Thread" daemon [_thread_blocked, id=27428, stack(0x000000baece00000,0x000000baecf00000)]
  0x0000027230342bf0 JavaThread "Monitor Deflation Thread" daemon [_thread_blocked, id=8196, stack(0x000000baecf00000,0x000000baed000000)]
  0x0000027230343e10 JavaThread "C2 CompilerThread0" daemon [_thread_in_native, id=29116, stack(0x000000baed000000,0x000000baed100000)]
  0x000002723034b070 JavaThread "C1 CompilerThread0" daemon [_thread_blocked, id=19752, stack(0x000000baed100000,0x000000baed200000)]
  0x000002723034c990 JavaThread "Sweeper thread" daemon [_thread_blocked, id=17424, stack(0x000000baed200000,0x000000baed300000)]
  0x0000027230493580 JavaThread "Notification Thread" daemon [_thread_blocked, id=29796, stack(0x000000baed300000,0x000000baed400000)]
  0x00000272304b8120 JavaThread "Common-Cleaner" daemon [_thread_blocked, id=30956, stack(0x000000baed500000,0x000000baed600000)]
=>0x0000027276545060 JavaThread "C2 CompilerThread1" daemon [_thread_in_native, id=2548, stack(0x000000baeb700000,0x000000baeb800000)]
  0x0000027276546af0 JavaThread "C2 CompilerThread2" daemon [_thread_in_native, id=19028, stack(0x000000baeb900000,0x000000baeba00000)]

Other Threads:
  0x0000027215f7c080 VMThread "VM Thread" [stack: 0x000000baec900000,0x000000baeca00000] [id=916]
  0x00000272304b7a80 WatcherThread [stack: 0x000000baed400000,0x000000baed500000] [id=16248]
  0x0000027215f1cc20 GCTaskThread "GC Thread#0" [stack: 0x000000baec400000,0x000000baec500000] [id=29560]
  0x0000027230687670 GCTaskThread "GC Thread#1" [stack: 0x000000baed600000,0x000000baed700000] [id=22372]
  0x0000027276529620 GCTaskThread "GC Thread#2" [stack: 0x000000baed700000,0x000000baed800000] [id=19444]
  0x000002727623a880 GCTaskThread "GC Thread#3" [stack: 0x000000baed800000,0x000000baed900000] [id=13840]
  0x00000272764eb240 GCTaskThread "GC Thread#4" [stack: 0x000000baed900000,0x000000baeda00000] [id=31292]
  0x0000027276df49a0 GCTaskThread "GC Thread#5" [stack: 0x000000baeda00000,0x000000baedb00000] [id=17332]
  0x00000272764a1bd0 GCTaskThread "GC Thread#6" [stack: 0x000000baedc00000,0x000000baedd00000] [id=27572]
  0x00000272305904a0 GCTaskThread "GC Thread#7" [stack: 0x000000baedd00000,0x000000baede00000] [id=26868]
  0x0000027215f21dd0 ConcurrentGCThread "G1 Main Marker" [stack: 0x000000baec500000,0x000000baec600000] [id=26656]
  0x0000027215f22490 ConcurrentGCThread "G1 Conc#0" [stack: 0x000000baec600000,0x000000baec700000] [id=1348]
  0x0000027230387080 ConcurrentGCThread "G1 Conc#1" [stack: 0x000000baeb800000,0x000000baeb900000] [id=30724]
  0x0000027215f656a0 ConcurrentGCThread "G1 Refine#0" [stack: 0x000000baec700000,0x000000baec800000] [id=18572]
  0x0000027215f65d80 ConcurrentGCThread "G1 Service" [stack: 0x000000baec800000,0x000000baec900000] [id=19124]

Threads with active compile tasks:
C2 CompilerThread0  1268708 4128       4       jdk.internal.org.objectweb.asm.Frame::execute (2305 bytes)
C2 CompilerThread1  1268708 3684   !   4       org.springframework.boot.loader.LaunchedURLClassLoader::lambda$definePackage$0 (163 bytes)
C2 CompilerThread2  1268708 4237       4       org.springframework.asm.Label::resolve (219 bytes)

VM state: not at safepoint (normal execution)

VM Mutex/Monitor currently owned by a thread: None

Heap address: 0x00000000f8000000, size: 128 MB, Compressed Oops mode: 32-bit

CDS archive(s) mapped at: [0x0000027231000000-0x0000027231bd0000-0x0000027231bd0000), size 12386304, SharedBaseAddress: 0x0000027231000000, ArchiveRelocationMode: 1.
Compressed class space mapped at: 0x0000027232000000-0x0000027272000000, reserved size: 1073741824
Narrow klass base: 0x0000027231000000, Narrow klass shift: 0, Narrow klass range: 0x100000000

GC Precious Log:
 CPUs: 8 total, 8 available
 Memory: 6086M
 Large Page Support: Disabled
 NUMA Support: Disabled
 Compressed Oops: Enabled (32-bit)
 Heap Region Size: 1M
 Heap Min Capacity: 8M
 Heap Initial Capacity: 96M
 Heap Max Capacity: 128M
 Pre-touch: Disabled
 Parallel Workers: 8
 Concurrent Workers: 2
 Concurrent Refinement Workers: 8
 Periodic GC: Disabled

Heap:
 garbage-first heap   total 37888K, used 28495K [0x00000000f8000000, 0x0000000100000000)
  region size 1024K, 14 young (14336K), 2 survivors (2048K)
 Metaspace       used 29069K, committed 29440K, reserved 1114112K
  class space    used 3645K, committed 3840K, reserved 1048576K

Heap Regions: E=young(eden), S=young(survivor), O=old, HS=humongous(starts), HC=humongous(continues), CS=collection set, F=free, OA=open archive, CA=closed archive, TAMS=top-at-mark-start (previous, next)
|   0|0x00000000f8000000, 0x00000000f8100000, 0x00000000f8100000|100%| O|  |TAMS 0x00000000f8100000, 0x00000000f8000000| Untracked 
|   1|0x00000000f8100000, 0x00000000f8200000, 0x00000000f8200000|100%| O|  |TAMS 0x00000000f8200000, 0x00000000f8100000| Untracked 
|   2|0x00000000f8200000, 0x00000000f8300000, 0x00000000f8300000|100%| O|  |TAMS 0x00000000f8300000, 0x00000000f8200000| Untracked 
|   3|0x00000000f8300000, 0x00000000f8400000, 0x00000000f8400000|100%| O|  |TAMS 0x00000000f83b4000, 0x00000000f8300000| Untracked 
|   4|0x00000000f8400000, 0x00000000f8500000, 0x00000000f8500000|100%| O|  |TAMS 0x00000000f8400000, 0x00000000f8400000| Untracked 
|   5|0x00000000f8500000, 0x00000000f8600000, 0x00000000f8600000|100%| O|  |TAMS 0x00000000f8500000, 0x00000000f8500000| Untracked 
|   6|0x00000000f8600000, 0x00000000f8700000, 0x00000000f8700000|100%| O|  |TAMS 0x00000000f8600000, 0x00000000f8600000| Untracked 
|   7|0x00000000f8700000, 0x00000000f8800000, 0x00000000f8800000|100%| O|  |TAMS 0x00000000f8700000, 0x00000000f8700000| Untracked 
|   8|0x00000000f8800000, 0x00000000f8900000, 0x00000000f8900000|100%| O|  |TAMS 0x00000000f8800000, 0x00000000f8800000| Untracked 
|   9|0x00000000f8900000, 0x00000000f8a00000, 0x00000000f8a00000|100%| O|  |TAMS 0x00000000f8900000, 0x00000000f8900000| Untracked 
|  10|0x00000000f8a00000, 0x00000000f8b00000, 0x00000000f8b00000|100%| O|  |TAMS 0x00000000f8a00000, 0x00000000f8a00000| Untracked 
|  11|0x00000000f8b00000, 0x00000000f8c00000, 0x00000000f8c00000|100%| O|  |TAMS 0x00000000f8b00000, 0x00000000f8b00000| Untracked 
|  12|0x00000000f8c00000, 0x00000000f8d00000, 0x00000000f8d00000|100%| O|  |TAMS 0x00000000f8c00000, 0x00000000f8c00000| Untracked 
|  13|0x00000000f8d00000, 0x00000000f8e00000, 0x00000000f8e00000|100%| O|  |TAMS 0x00000000f8d00000, 0x00000000f8d00000| Untracked 
|  14|0x00000000f8e00000, 0x00000000f8f00000, 0x00000000f8f00000|100%| O|  |TAMS 0x00000000f8e00000, 0x00000000f8e00000| Untracked 
|  15|0x00000000f8f00000, 0x00000000f8f1ce00, 0x00000000f9000000| 11%| O|  |TAMS 0x00000000f8f00000, 0x00000000f8f00000| Untracked 
|  16|0x00000000f9000000, 0x00000000f9000000, 0x00000000f9100000|  0%| F|  |TAMS 0x00000000f9000000, 0x00000000f9000000| Untracked 
|  17|0x00000000f9100000, 0x00000000f9100000, 0x00000000f9200000|  0%| F|  |TAMS 0x00000000f9100000, 0x00000000f9100000| Untracked 
|  18|0x00000000f9200000, 0x00000000f9200000, 0x00000000f9300000|  0%| F|  |TAMS 0x00000000f9200000, 0x00000000f9200000| Untracked 
|  19|0x00000000f9300000, 0x00000000f93b7110, 0x00000000f9400000| 71%| S|CS|TAMS 0x00000000f9300000, 0x00000000f9300000| Complete 
|  20|0x00000000f9400000, 0x00000000f9500000, 0x00000000f9500000|100%| S|CS|TAMS 0x00000000f9400000, 0x00000000f9400000| Complete 
|  21|0x00000000f9500000, 0x00000000f9500000, 0x00000000f9600000|  0%| F|  |TAMS 0x00000000f9500000, 0x00000000f9500000| Untracked 
|  22|0x00000000f9600000, 0x00000000f9600000, 0x00000000f9700000|  0%| F|  |TAMS 0x00000000f9600000, 0x00000000f9600000| Untracked 
|  23|0x00000000f9700000, 0x00000000f9700000, 0x00000000f9800000|  0%| F|  |TAMS 0x00000000f9700000, 0x00000000f9700000| Untracked 
|  24|0x00000000f9800000, 0x00000000f9800000, 0x00000000f9900000|  0%| F|  |TAMS 0x00000000f9800000, 0x00000000f9800000| Untracked 
|  25|0x00000000f9900000, 0x00000000f99c6520, 0x00000000f9a00000| 77%| E|  |TAMS 0x00000000f9900000, 0x00000000f9900000| Complete 
|  26|0x00000000f9a00000, 0x00000000f9b00000, 0x00000000f9b00000|100%| E|CS|TAMS 0x00000000f9a00000, 0x00000000f9a00000| Complete 
|  27|0x00000000f9b00000, 0x00000000f9c00000, 0x00000000f9c00000|100%| E|CS|TAMS 0x00000000f9b00000, 0x00000000f9b00000| Complete 
|  28|0x00000000f9c00000, 0x00000000f9d00000, 0x00000000f9d00000|100%| E|CS|TAMS 0x00000000f9c00000, 0x00000000f9c00000| Complete 
|  29|0x00000000f9d00000, 0x00000000f9e00000, 0x00000000f9e00000|100%| E|CS|TAMS 0x00000000f9d00000, 0x00000000f9d00000| Complete 
|  30|0x00000000f9e00000, 0x00000000f9f00000, 0x00000000f9f00000|100%| E|CS|TAMS 0x00000000f9e00000, 0x00000000f9e00000| Complete 
|  66|0x00000000fc200000, 0x00000000fc300000, 0x00000000fc300000|100%| E|CS|TAMS 0x00000000fc200000, 0x00000000fc200000| Complete 
|  67|0x00000000fc300000, 0x00000000fc400000, 0x00000000fc400000|100%| E|CS|TAMS 0x00000000fc300000, 0x00000000fc300000| Complete 
|  68|0x00000000fc400000, 0x00000000fc500000, 0x00000000fc500000|100%| E|CS|TAMS 0x00000000fc400000, 0x00000000fc400000| Complete 
|  69|0x00000000fc500000, 0x00000000fc600000, 0x00000000fc600000|100%| E|CS|TAMS 0x00000000fc500000, 0x00000000fc500000| Complete 
|  70|0x00000000fc600000, 0x00000000fc700000, 0x00000000fc700000|100%| E|CS|TAMS 0x00000000fc600000, 0x00000000fc600000| Complete 
|  95|0x00000000fdf00000, 0x00000000fe000000, 0x00000000fe000000|100%| E|CS|TAMS 0x00000000fdf00000, 0x00000000fdf00000| Complete 

Card table byte_map: [0x000002722d5b0000,0x000002722d5f0000] _byte_map_base: 0x000002722cdf0000

Marking Bits (Prev, Next): (CMBitMap*) 0x0000027215f1cf30, (CMBitMap*) 0x0000027215f1cef0
 Prev Bits: [0x000002722d830000, 0x000002722da30000)
 Next Bits: [0x000002722d630000, 0x000002722d830000)

Polling page: 0x00000272142b0000

Metaspace:

Usage:
  Non-class:     24.83 MB used.
      Class:      3.56 MB used.
       Both:     28.39 MB used.

Virtual space:
  Non-class space:       64.00 MB reserved,      25.00 MB ( 39%) committed,  1 nodes.
      Class space:        1.00 GB reserved,       3.75 MB ( <1%) committed,  1 nodes.
             Both:        1.06 GB reserved,      28.75 MB (  3%) committed. 

Chunk freelists:
   Non-Class:  7.05 MB
       Class:  12.16 MB
        Both:  19.21 MB

MaxMetaspaceSize: unlimited
CompressedClassSpaceSize: 1.00 GB
Initial GC threshold: 21.00 MB
Current GC threshold: 35.25 MB
CDS: on
MetaspaceReclaimPolicy: balanced
 - commit_granule_bytes: 65536.
 - commit_granule_words: 8192.
 - virtual_space_node_default_size: 8388608.
 - enlarge_chunks_in_place: 1.
 - new_chunks_are_fully_committed: 0.
 - uncommit_free_chunks: 1.
 - use_allocation_guard: 0.
 - handle_deallocations: 1.


Internal statistics:

num_allocs_failed_limit: 3.
num_arena_births: 328.
num_arena_deaths: 0.
num_vsnodes_births: 2.
num_vsnodes_deaths: 0.
num_space_committed: 460.
num_space_uncommitted: 0.
num_chunks_returned_to_freelist: 3.
num_chunks_taken_from_freelist: 1382.
num_chunk_merges: 0.
num_chunk_splits: 893.
num_chunks_enlarged: 649.
num_inconsistent_stats: 0.

CodeHeap 'non-profiled nmethods': size=120000Kb used=2476Kb max_used=2476Kb free=117523Kb
 bounds [0x00000272256c0000, 0x0000027225930000, 0x000002722cbf0000]
CodeHeap 'profiled nmethods': size=120000Kb used=9462Kb max_used=9462Kb free=110537Kb
 bounds [0x000002721dbf0000, 0x000002721e530000, 0x0000027225120000]
CodeHeap 'non-nmethods': size=5760Kb used=1208Kb max_used=1263Kb free=4551Kb
 bounds [0x0000027225120000, 0x0000027225390000, 0x00000272256c0000]
 total_blobs=4737 nmethods=4227 adapters=422
 compilation: enabled
              stopped_count=0, restarted_count=0
 full_count=0

Compilation events (20 events):
Event: 40.963 Thread 0x000002723034b070 3854       3       org.springframework.cglib.core.CodeEmitter::invoke_static (10 bytes)
Event: 40.963 Thread 0x000002723034b070 nmethod 3854 0x000002721e415390 code [0x000002721e415520, 0x000002721e415668]
Event: 40.963 Thread 0x000002723034b070 3851       3       org.springframework.cglib.core.CodeEmitter::super_invoke (16 bytes)
Event: 40.963 Thread 0x000002723034b070 nmethod 3851 0x000002721e415710 code [0x000002721e4158c0, 0x000002721e415bd8]
Event: 40.963 Thread 0x000002723034b070 3852       1       org.springframework.cglib.proxy.Enhancer::access$600 (5 bytes)
Event: 40.963 Thread 0x000002723034b070 nmethod 3852 0x00000272258de390 code [0x00000272258de520, 0x00000272258de5d8]
Event: 40.963 Thread 0x000002723034b070 3855       1       org.springframework.cglib.core.AbstractClassGenerator::getNamingPolicy (5 bytes)
Event: 40.964 Thread 0x000002723034b070 nmethod 3855 0x00000272258de690 code [0x00000272258de820, 0x00000272258de8f8]
Event: 40.964 Thread 0x000002723034b070 3856       1       org.springframework.cglib.core.AbstractClassGenerator::getStrategy (5 bytes)
Event: 40.964 Thread 0x000002723034b070 nmethod 3856 0x00000272258de990 code [0x00000272258deb20, 0x00000272258debf8]
Event: 40.964 Thread 0x000002723034b070 3857       1       org.springframework.cglib.core.AbstractClassGenerator::getAttemptLoad (5 bytes)
Event: 40.964 Thread 0x000002723034b070 nmethod 3857 0x00000272258dec90 code [0x00000272258dee20, 0x00000272258deef8]
Event: 40.964 Thread 0x000002723034b070 3853       1       org.springframework.cglib.core.ClassEmitter$3::isStaticHook (2 bytes)
Event: 40.964 Thread 0x000002723034b070 nmethod 3853 0x00000272258def90 code [0x00000272258df120, 0x00000272258df1f8]
Event: 40.964 Thread 0x0000027276546af0 nmethod 3811 0x00000272258df290 code [0x00000272258df4e0, 0x00000272258e0e70]
Event: 40.965 Thread 0x0000027276546af0 3800       4       java.util.HashMap::hash (20 bytes)
Event: 40.966 Thread 0x0000027276546af0 nmethod 3800 0x00000272258e1a10 code [0x00000272258e1b80, 0x00000272258e1c58]
Event: 40.966 Thread 0x0000027276546af0 3702       4       org.springframework.core.SimpleAliasRegistry::isAlias (11 bytes)
Event: 40.967 Thread 0x000002723034b070 3860       3       org.springframework.cglib.core.ClassInfo::hashCode (8 bytes)
Event: 40.967 Thread 0x000002723034b070 nmethod 3860 0x000002721e415d10 code [0x000002721e415ec0, 0x000002721e4160b8]

GC Heap History (20 events):
Event: 37.594 GC heap before
{Heap before GC invocations=12 (full 0):
 garbage-first heap   total 37888K, used 29941K [0x00000000f8000000, 0x0000000100000000)
  region size 1024K, 20 young (20480K), 1 survivors (1024K)
 Metaspace       used 22112K, committed 22400K, reserved 1114112K
  class space    used 2750K, committed 2880K, reserved 1048576K
}
Event: 37.595 GC heap after
{Heap after GC invocations=13 (full 0):
 garbage-first heap   total 37888K, used 10509K [0x00000000f8000000, 0x0000000100000000)
  region size 1024K, 1 young (1024K), 1 survivors (1024K)
 Metaspace       used 22112K, committed 22400K, reserved 1114112K
  class space    used 2750K, committed 2880K, reserved 1048576K
}
Event: 38.335 GC heap before
{Heap before GC invocations=13 (full 0):
 garbage-first heap   total 37888K, used 29965K [0x00000000f8000000, 0x0000000100000000)
  region size 1024K, 20 young (20480K), 1 survivors (1024K)
 Metaspace       used 22457K, committed 22784K, reserved 1114112K
  class space    used 2788K, committed 2944K, reserved 1048576K
}
Event: 38.339 GC heap after
{Heap after GC invocations=14 (full 0):
 garbage-first heap   total 37888K, used 10893K [0x00000000f8000000, 0x0000000100000000)
  region size 1024K, 2 young (2048K), 2 survivors (2048K)
 Metaspace       used 22457K, committed 22784K, reserved 1114112K
  class space    used 2788K, committed 2944K, reserved 1048576K
}
Event: 38.771 GC heap before
{Heap before GC invocations=14 (full 0):
 garbage-first heap   total 37888K, used 30349K [0x00000000f8000000, 0x0000000100000000)
  region size 1024K, 21 young (21504K), 2 survivors (2048K)
 Metaspace       used 22739K, committed 23040K, reserved 1114112K
  class space    used 2818K, committed 2944K, reserved 1048576K
}
Event: 38.776 GC heap after
{Heap after GC invocations=15 (full 0):
 garbage-first heap   total 37888K, used 11318K [0x00000000f8000000, 0x0000000100000000)
  region size 1024K, 2 young (2048K), 2 survivors (2048K)
 Metaspace       used 22739K, committed 23040K, reserved 1114112K
  class space    used 2818K, committed 2944K, reserved 1048576K
}
Event: 39.035 GC heap before
{Heap before GC invocations=15 (full 0):
 garbage-first heap   total 37888K, used 30774K [0x00000000f8000000, 0x0000000100000000)
  region size 1024K, 21 young (21504K), 2 survivors (2048K)
 Metaspace       used 23002K, committed 23296K, reserved 1114112K
  class space    used 2856K, committed 3008K, reserved 1048576K
}
Event: 39.043 GC heap after
{Heap after GC invocations=16 (full 0):
 garbage-first heap   total 37888K, used 12098K [0x00000000f8000000, 0x0000000100000000)
  region size 1024K, 3 young (3072K), 3 survivors (3072K)
 Metaspace       used 23002K, committed 23296K, reserved 1114112K
  class space    used 2856K, committed 3008K, reserved 1048576K
}
Event: 39.207 GC heap before
{Heap before GC invocations=16 (full 0):
 garbage-first heap   total 37888K, used 29506K [0x00000000f8000000, 0x0000000100000000)
  region size 1024K, 20 young (20480K), 3 survivors (3072K)
 Metaspace       used 23116K, committed 23360K, reserved 1114112K
  class space    used 2868K, committed 3008K, reserved 1048576K
}
Event: 39.214 GC heap after
{Heap after GC invocations=17 (full 0):
 garbage-first heap   total 37888K, used 12815K [0x00000000f8000000, 0x0000000100000000)
  region size 1024K, 3 young (3072K), 3 survivors (3072K)
 Metaspace       used 23116K, committed 23360K, reserved 1114112K
  class space    used 2868K, committed 3008K, reserved 1048576K
}
Event: 39.468 GC heap before
{Heap before GC invocations=17 (full 0):
 garbage-first heap   total 37888K, used 29199K [0x00000000f8000000, 0x0000000100000000)
  region size 1024K, 19 young (19456K), 3 survivors (3072K)
 Metaspace       used 23337K, committed 23680K, reserved 1114112K
  class space    used 2893K, committed 3072K, reserved 1048576K
}
Event: 39.478 GC heap after
{Heap after GC invocations=18 (full 0):
 garbage-first heap   total 37888K, used 13406K [0x00000000f8000000, 0x0000000100000000)
  region size 1024K, 3 young (3072K), 3 survivors (3072K)
 Metaspace       used 23337K, committed 23680K, reserved 1114112K
  class space    used 2893K, committed 3072K, reserved 1048576K
}
Event: 39.918 GC heap before
{Heap before GC invocations=18 (full 0):
 garbage-first heap   total 37888K, used 29790K [0x00000000f8000000, 0x0000000100000000)
  region size 1024K, 19 young (19456K), 3 survivors (3072K)
 Metaspace       used 23842K, committed 24192K, reserved 1114112K
  class space    used 2965K, committed 3136K, reserved 1048576K
}
Event: 39.926 GC heap after
{Heap after GC invocations=19 (full 0):
 garbage-first heap   total 37888K, used 13799K [0x00000000f8000000, 0x0000000100000000)
  region size 1024K, 2 young (2048K), 2 survivors (2048K)
 Metaspace       used 23842K, committed 24192K, reserved 1114112K
  class space    used 2965K, committed 3136K, reserved 1048576K
}
Event: 40.255 GC heap before
{Heap before GC invocations=19 (full 0):
 garbage-first heap   total 37888K, used 30183K [0x00000000f8000000, 0x0000000100000000)
  region size 1024K, 19 young (19456K), 2 survivors (2048K)
 Metaspace       used 24604K, committed 24960K, reserved 1114112K
  class space    used 3083K, committed 3264K, reserved 1048576K
}
Event: 40.263 GC heap after
{Heap after GC invocations=20 (full 0):
 garbage-first heap   total 37888K, used 14431K [0x00000000f8000000, 0x0000000100000000)
  region size 1024K, 2 young (2048K), 2 survivors (2048K)
 Metaspace       used 24604K, committed 24960K, reserved 1114112K
  class space    used 3083K, committed 3264K, reserved 1048576K
}
Event: 40.472 GC heap before
{Heap before GC invocations=20 (full 0):
 garbage-first heap   total 37888K, used 30815K [0x00000000f8000000, 0x0000000100000000)
  region size 1024K, 18 young (18432K), 2 survivors (2048K)
 Metaspace       used 24994K, committed 25344K, reserved 1114112K
  class space    used 3141K, committed 3328K, reserved 1048576K
}
Event: 40.479 GC heap after
{Heap after GC invocations=21 (full 0):
 garbage-first heap   total 37888K, used 14754K [0x00000000f8000000, 0x0000000100000000)
  region size 1024K, 2 young (2048K), 2 survivors (2048K)
 Metaspace       used 24994K, committed 25344K, reserved 1114112K
  class space    used 3141K, committed 3328K, reserved 1048576K
}
Event: 40.745 GC heap before
{Heap before GC invocations=21 (full 0):
 garbage-first heap   total 37888K, used 31138K [0x00000000f8000000, 0x0000000100000000)
  region size 1024K, 18 young (18432K), 2 survivors (2048K)
 Metaspace       used 25653K, committed 25920K, reserved 1114112K
  class space    used 3246K, committed 3392K, reserved 1048576K
}
Event: 40.751 GC heap after
{Heap after GC invocations=22 (full 0):
 garbage-first heap   total 37888K, used 15220K [0x00000000f8000000, 0x0000000100000000)
  region size 1024K, 2 young (2048K), 2 survivors (2048K)
 Metaspace       used 25653K, committed 25920K, reserved 1114112K
  class space    used 3246K, committed 3392K, reserved 1048576K
}

Deoptimization events (20 events):
Event: 40.864 Thread 0x00000272163dd670 Uncommon trap: trap_request=0xffffffde fr.pc=0x00000272258b335c relative=0x000000000000041c
Event: 40.864 Thread 0x00000272163dd670 Uncommon trap: reason=class_check action=maybe_recompile pc=0x00000272258b335c method=java.util.HashMap.getNode(Ljava/lang/Object;)Ljava/util/HashMap$Node; @ 128 c2
Event: 40.864 Thread 0x00000272163dd670 DEOPT PACKING pc=0x00000272258b335c sp=0x000000baebefd600
Event: 40.864 Thread 0x00000272163dd670 DEOPT UNPACKING pc=0x00000272251723a3 sp=0x000000baebefd568 mode 2
Event: 40.864 Thread 0x00000272163dd670 Uncommon trap: trap_request=0xffffffde fr.pc=0x00000272258db900 relative=0x0000000000000440
Event: 40.864 Thread 0x00000272163dd670 Uncommon trap: reason=class_check action=maybe_recompile pc=0x00000272258db900 method=java.util.HashMap.getNode(Ljava/lang/Object;)Ljava/util/HashMap$Node; @ 128 c2
Event: 40.864 Thread 0x00000272163dd670 DEOPT PACKING pc=0x00000272258db900 sp=0x000000baebefd640
Event: 40.864 Thread 0x00000272163dd670 DEOPT UNPACKING pc=0x00000272251723a3 sp=0x000000baebefd548 mode 2
Event: 40.864 Thread 0x00000272163dd670 Uncommon trap: trap_request=0xffffffde fr.pc=0x00000272258db900 relative=0x0000000000000440
Event: 40.864 Thread 0x00000272163dd670 Uncommon trap: reason=class_check action=maybe_recompile pc=0x00000272258db900 method=java.util.HashMap.getNode(Ljava/lang/Object;)Ljava/util/HashMap$Node; @ 128 c2
Event: 40.864 Thread 0x00000272163dd670 DEOPT PACKING pc=0x00000272258db900 sp=0x000000baebefd640
Event: 40.864 Thread 0x00000272163dd670 DEOPT UNPACKING pc=0x00000272251723a3 sp=0x000000baebefd548 mode 2
Event: 40.864 Thread 0x00000272163dd670 Uncommon trap: trap_request=0xffffffde fr.pc=0x00000272258db900 relative=0x0000000000000440
Event: 40.864 Thread 0x00000272163dd670 Uncommon trap: reason=class_check action=maybe_recompile pc=0x00000272258db900 method=java.util.HashMap.getNode(Ljava/lang/Object;)Ljava/util/HashMap$Node; @ 128 c2
Event: 40.864 Thread 0x00000272163dd670 DEOPT PACKING pc=0x00000272258db900 sp=0x000000baebefd640
Event: 40.864 Thread 0x00000272163dd670 DEOPT UNPACKING pc=0x00000272251723a3 sp=0x000000baebefd548 mode 2
Event: 40.864 Thread 0x00000272163dd670 Uncommon trap: trap_request=0xffffffde fr.pc=0x00000272258b335c relative=0x000000000000041c
Event: 40.864 Thread 0x00000272163dd670 Uncommon trap: reason=class_check action=maybe_recompile pc=0x00000272258b335c method=java.util.HashMap.getNode(Ljava/lang/Object;)Ljava/util/HashMap$Node; @ 128 c2
Event: 40.864 Thread 0x00000272163dd670 DEOPT PACKING pc=0x00000272258b335c sp=0x000000baebefd5d0
Event: 40.864 Thread 0x00000272163dd670 DEOPT UNPACKING pc=0x00000272251723a3 sp=0x000000baebefd548 mode 2

Classes unloaded (0 events):
No events

Classes redefined (0 events):
No events

Internal exceptions (20 events):
Event: 35.088 Thread 0x00000272760dedf0 Exception <a 'java/lang/IncompatibleClassChangeError'{0x00000000fd5949f8}: Found class java.lang.Object, but interface was expected> (0x00000000fd5949f8) 
thrown [s\open\src\hotspot\share\interpreter\linkResolver.cpp, line 826]
Event: 35.435 Thread 0x00000272163dd670 Exception <a 'java/lang/NoSuchMethodError'{0x00000000fcca6128}: 'void java.lang.invoke.DirectMethodHandle$Holder.invokeInterface(java.lang.Object, java.lang.Object, java.lang.Object)'> (0x00000000fcca6128) 
thrown [s\open\src\hotspot\share\interpreter\linkResolver.cpp, line 759]
Event: 35.656 Thread 0x00000272163dd670 Exception <a 'java/lang/NoSuchMethodError'{0x00000000fc922960}: 'java.lang.Object java.lang.invoke.DirectMethodHandle$Holder.newInvokeSpecial(java.lang.Object, java.lang.Object, int, java.lang.Object, java.lang.Object)'> (0x00000000fc922960) 
thrown [s\open\src\hotspot\share\interpreter\linkResolver.cpp, line 759]
Event: 36.556 Thread 0x00000272163dd670 Exception <a 'java/lang/NoClassDefFoundError'{0x00000000f90fcf10}: org/springframework/jdbc/CannotGetJdbcConnectionException> (0x00000000f90fcf10) 
thrown [s\open\src\hotspot\share\classfile\systemDictionary.cpp, line 245]
Event: 36.576 Thread 0x00000272163dd670 Implicit null exception at 0x00000272256fab8a to 0x00000272256fad98
Event: 36.793 Thread 0x00000272163dd670 Exception <a 'java/lang/ClassNotFoundException'{0x00000000fc3698a0}: java/lang/ObjectCustomizer> (0x00000000fc3698a0) 
thrown [s\open\src\hotspot\share\classfile\systemDictionary.cpp, line 256]
Event: 36.795 Thread 0x00000272163dd670 Exception <a 'java/lang/ClassNotFoundException'{0x00000000fc3baf30}: org/springframework/context/annotation/ConfigurationClassPostProcessorCustomizer> (0x00000000fc3baf30) 
thrown [s\open\src\hotspot\share\classfile\systemDictionary.cpp, line 256]
Event: 36.797 Thread 0x00000272163dd670 Exception <a 'java/lang/ClassNotFoundException'{0x00000000fc21a050}: org/springframework/beans/factory/support/BeanDefinitionRegistryPostProcessorCustomizer> (0x00000000fc21a050) 
thrown [s\open\src\hotspot\share\classfile\systemDictionary.cpp, line 256]
Event: 36.798 Thread 0x00000272163dd670 Exception <a 'java/lang/ClassNotFoundException'{0x00000000fc267e90}: org/springframework/beans/factory/config/BeanFactoryPostProcessorCustomizer> (0x00000000fc267e90) 
thrown [s\open\src\hotspot\share\classfile\systemDictionary.cpp, line 256]
Event: 36.799 Thread 0x00000272163dd670 Exception <a 'java/lang/ClassNotFoundException'{0x00000000fc2aef90}: org/springframework/core/PriorityOrderedCustomizer> (0x00000000fc2aef90) 
thrown [s\open\src\hotspot\share\classfile\systemDictionary.cpp, line 256]
Event: 36.800 Thread 0x00000272163dd670 Exception <a 'java/lang/ClassNotFoundException'{0x00000000fc2f33f8}: org/springframework/core/OrderedCustomizer> (0x00000000fc2f33f8) 
thrown [s\open\src\hotspot\share\classfile\systemDictionary.cpp, line 256]
Event: 36.802 Thread 0x00000272163dd670 Exception <a 'java/lang/ClassNotFoundException'{0x00000000f9e3c460}: org/springframework/context/ResourceLoaderAwareCustomizer> (0x00000000f9e3c460) 
thrown [s\open\src\hotspot\share\classfile\systemDictionary.cpp, line 256]
Event: 36.803 Thread 0x00000272163dd670 Exception <a 'java/lang/ClassNotFoundException'{0x00000000f9e83570}: org/springframework/beans/factory/AwareCustomizer> (0x00000000f9e83570) 
thrown [s\open\src\hotspot\share\classfile\systemDictionary.cpp, line 256]
Event: 36.805 Thread 0x00000272163dd670 Exception <a 'java/lang/ClassNotFoundException'{0x00000000f9ecd740}: org/springframework/beans/factory/BeanClassLoaderAwareCustomizer> (0x00000000f9ecd740) 
thrown [s\open\src\hotspot\share\classfile\systemDictionary.cpp, line 256]
Event: 36.806 Thread 0x00000272163dd670 Exception <a 'java/lang/ClassNotFoundException'{0x00000000f9d14e50}: org/springframework/beans/factory/AwareCustomizer> (0x00000000f9d14e50) 
thrown [s\open\src\hotspot\share\classfile\systemDictionary.cpp, line 256]
Event: 36.807 Thread 0x00000272163dd670 Exception <a 'java/lang/ClassNotFoundException'{0x00000000f9d5c8d8}: org/springframework/context/EnvironmentAwareCustomizer> (0x00000000f9d5c8d8) 
thrown [s\open\src\hotspot\share\classfile\systemDictionary.cpp, line 256]
Event: 36.809 Thread 0x00000272163dd670 Exception <a 'java/lang/ClassNotFoundException'{0x00000000f9da3a38}: org/springframework/beans/factory/AwareCustomizer> (0x00000000f9da3a38) 
thrown [s\open\src\hotspot\share\classfile\systemDictionary.cpp, line 256]
Event: 36.815 Thread 0x00000272163dd670 Exception <a 'java/lang/ClassNotFoundException'{0x00000000f9c2f238}: org/springframework/boot/loader/jar/Handler> (0x00000000f9c2f238) 
thrown [s\open\src\hotspot\share\classfile\systemDictionary.cpp, line 256]
Event: 38.102 Thread 0x00000272163dd670 Exception <a 'java/lang/IncompatibleClassChangeError'{0x00000000f976ff18}: Found class java.lang.Object, but interface was expected> (0x00000000f976ff18) 
thrown [s\open\src\hotspot\share\interpreter\linkResolver.cpp, line 826]
Event: 38.216 Thread 0x00000272163dd670 Exception <a 'java/lang/NoSuchMethodError'{0x00000000f95cf5a0}: 'int java.lang.invoke.DirectMethodHandle$Holder.invokeStatic(java.lang.Object, java.lang.Object, java.lang.Object, java.lang.Object)'> (0x00000000f95cf5a0) 
thrown [s\open\src\hotspot\share\interpreter\linkResolver.cpp, line 759]

VM Operations (20 events):
Event: 38.776 Executing VM operation: G1CollectForAllocation done
Event: 39.035 Executing VM operation: G1CollectForAllocation
Event: 39.043 Executing VM operation: G1CollectForAllocation done
Event: 39.207 Executing VM operation: G1CollectForAllocation
Event: 39.214 Executing VM operation: G1CollectForAllocation done
Event: 39.468 Executing VM operation: G1CollectForAllocation
Event: 39.478 Executing VM operation: G1CollectForAllocation done
Event: 39.918 Executing VM operation: G1CollectForAllocation
Event: 39.926 Executing VM operation: G1CollectForAllocation done
Event: 39.969 Executing VM operation: HandshakeAllThreads
Event: 39.969 Executing VM operation: HandshakeAllThreads done
Event: 40.255 Executing VM operation: G1CollectForAllocation
Event: 40.263 Executing VM operation: G1CollectForAllocation done
Event: 40.330 Executing VM operation: HandshakeAllThreads
Event: 40.331 Executing VM operation: HandshakeAllThreads done
Event: 40.472 Executing VM operation: G1CollectForAllocation
Event: 40.479 Executing VM operation: G1CollectForAllocation done
Event: 40.745 Executing VM operation: G1CollectForAllocation
Event: 40.751 Executing VM operation: G1CollectForAllocation done
Event: 1264.464 Executing VM operation: Cleanup

Events (20 events):
Event: 36.818 loading class java/util/regex/Pattern$Loop
Event: 36.818 loading class java/util/regex/Pattern$Loop done
Event: 36.818 loading class java/util/regex/Pattern$LazyLoop done
Event: 36.818 loading class java/util/regex/Pattern$Prolog
Event: 36.818 loading class java/util/regex/Pattern$Prolog done
Event: 37.023 Thread 0x000002727723ca40 Thread added: 0x000002727723ca40
Event: 37.117 loading class javax/naming/ldap/LdapContext
Event: 37.117 loading class javax/naming/directory/DirContext
Event: 37.117 loading class javax/naming/directory/DirContext done
Event: 37.118 loading class javax/naming/ldap/LdapContext done
Event: 37.580 Thread 0x00000272765465a0 Thread exited: 0x00000272765465a0
Event: 37.702 Thread 0x000002727723ca40 Thread exited: 0x000002727723ca40
Event: 39.022 Thread 0x0000027276546af0 Thread added: 0x0000027276546af0
Event: 39.966 Thread 0x0000027276546af0 Thread exited: 0x0000027276546af0
Event: 40.054 Thread 0x0000027276545060 Thread added: 0x0000027276545060
Event: 40.174 Thread 0x0000027276544b10 Thread added: 0x0000027276544b10
Event: 40.442 Thread 0x0000027276544b10 Thread exited: 0x0000027276544b10
Event: 40.669 loading class jdk/internal/access/foreign/MemorySegmentProxy
Event: 40.669 loading class jdk/internal/access/foreign/MemorySegmentProxy done
Event: 40.853 Thread 0x0000027276546af0 Thread added: 0x0000027276546af0


Dynamic libraries:
0x00007ff709990000 - 0x00007ff7099a0000 	C:\Program Files\Java\jdk-17\bin\java.exe
0x00007ff811940000 - 0x00007ff811ba7000 	C:\WINDOWS\SYSTEM32\ntdll.dll
0x00007ff810720000 - 0x00007ff8107e9000 	C:\WINDOWS\System32\KERNEL32.DLL
0x00007ff80f070000 - 0x00007ff80f460000 	C:\WINDOWS\System32\KERNELBASE.dll
0x00007ff80bac0000 - 0x00007ff80bb5e000 	C:\WINDOWS\SYSTEM32\apphelp.dll
0x00007fffb1210000 - 0x00007fffb12be000 	c:\Users\deepa\AppData\Local\Programs\Trae\resources\app\modules\sandbox\x64\trae_sbox.dll
0x00007ff8105e0000 - 0x00007ff810694000 	C:\WINDOWS\System32\ADVAPI32.dll
0x00007ff8102b0000 - 0x00007ff810359000 	C:\WINDOWS\System32\msvcrt.dll
0x00007ff810b80000 - 0x00007ff810c26000 	C:\WINDOWS\System32\sechost.dll
0x00007ff80ffa0000 - 0x00007ff8100b8000 	C:\WINDOWS\System32\RPCRT4.dll
0x00007ff80ee60000 - 0x00007ff80efab000 	C:\WINDOWS\System32\ucrtbase.dll
0x00007fffe7480000 - 0x00007fffe749b000 	C:\Program Files\Java\jdk-17\bin\VCRUNTIME140.dll
0x00007fffecd70000 - 0x00007fffecd89000 	C:\Program Files\Java\jdk-17\bin\jli.dll
0x00007ff8100c0000 - 0x00007ff810285000 	C:\WINDOWS\System32\USER32.dll
0x00007ffff6f10000 - 0x00007ffff71aa000 	C:\WINDOWS\WinSxS\amd64_microsoft.windows.common-controls_6595b64144ccf1df_6.0.26100.4768_none_3e0c112ce331287c\COMCTL32.dll
0x00007ff80f470000 - 0x00007ff80f497000 	C:\WINDOWS\System32\win32u.dll
0x00007ff811350000 - 0x00007ff81137b000 	C:\WINDOWS\System32\GDI32.dll
0x00007ff80ec90000 - 0x00007ff80edc8000 	C:\WINDOWS\System32\gdi32full.dll
0x00007ff80f4a0000 - 0x00007ff80f543000 	C:\WINDOWS\System32\msvcp_win.dll
0x00007ff805dd0000 - 0x00007ff805ddb000 	C:\WINDOWS\SYSTEM32\VERSION.dll
0x00007fffb19d0000 - 0x00007fffb1a5f000 	c:\Users\deepa\AppData\Local\Programs\Trae\resources\app\modules\sandbox\x64\sbox_ipc.dll
0x00007ff810f40000 - 0x00007ff810f6f000 	C:\WINDOWS\System32\IMM32.DLL
0x00007ffff3840000 - 0x00007ffff3a81000 	C:\WINDOWS\SYSTEM32\dbghelp.dll
0x00007ff8107f0000 - 0x00007ff810b75000 	C:\WINDOWS\System32\combase.dll
0x00007ff811380000 - 0x00007ff811460000 	C:\WINDOWS\System32\OLEAUT32.dll
0x00007ffff2d40000 - 0x00007ffff2d83000 	C:\WINDOWS\SYSTEM32\dbgcore.DLL
0x00007ffff7700000 - 0x00007ffff770c000 	C:\Program Files\Java\jdk-17\bin\vcruntime140_1.dll
0x00007fffb1180000 - 0x00007fffb120e000 	C:\Program Files\Java\jdk-17\bin\msvcp140.dll
0x00007fff775b0000 - 0x00007fff78190000 	C:\Program Files\Java\jdk-17\bin\server\jvm.dll
0x00007ff810c30000 - 0x00007ff810c38000 	C:\WINDOWS\System32\PSAPI.DLL
0x00007ff801be0000 - 0x00007ff801bea000 	C:\WINDOWS\SYSTEM32\WSOCK32.dll
0x00007ff80fe40000 - 0x00007ff80feb4000 	C:\WINDOWS\System32\WS2_32.dll
0x00007ff805d90000 - 0x00007ff805dc5000 	C:\WINDOWS\SYSTEM32\WINMM.dll
0x00007ff80d7f0000 - 0x00007ff80d80b000 	C:\WINDOWS\SYSTEM32\kernel.appcore.dll
0x00007ffff73f0000 - 0x00007ffff73fa000 	C:\Program Files\Java\jdk-17\bin\jimage.dll
0x00007ff80ebf0000 - 0x00007ff80ec89000 	C:\WINDOWS\System32\bcryptPrimitives.dll
0x00007ff80d240000 - 0x00007ff80d366000 	C:\WINDOWS\SYSTEM32\dnsapi.dll
0x00007ff80d200000 - 0x00007ff80d233000 	C:\WINDOWS\SYSTEM32\IPHLPAPI.DLL
0x00007ff810290000 - 0x00007ff81029a000 	C:\WINDOWS\System32\NSI.dll
0x00007ff80f6d0000 - 0x00007ff80fe1d000 	C:\WINDOWS\System32\Shell32.dll
0x00007ff80f550000 - 0x00007ff80f6c3000 	C:\WINDOWS\System32\wintypes.dll
0x00007ff80c690000 - 0x00007ff80cef0000 	C:\WINDOWS\SYSTEM32\windows.storage.dll
0x00007ff811000000 - 0x00007ff8110f5000 	C:\WINDOWS\System32\shcore.dll
0x00007ff80bce0000 - 0x00007ff80bd8f000 	C:\WINDOWS\system32\uxtheme.dll
0x00007ff8112b0000 - 0x00007ff81131a000 	C:\WINDOWS\System32\shlwapi.dll
0x00007ff810360000 - 0x00007ff810408000 	C:\WINDOWS\System32\clbcatq.dll
0x00007ff802950000 - 0x00007ff802f94000 	C:\Windows\System32\OneCoreUAPCommonProxyStub.dll
0x00007ff811100000 - 0x00007ff8112a0000 	C:\WINDOWS\System32\ole32.dll
0x00007ff80e5c0000 - 0x00007ff80e617000 	C:\WINDOWS\SYSTEM32\CFGMGR32.dll
0x00007ff809860000 - 0x00007ff80996d000 	C:\WINDOWS\system32\propsys.dll
0x00007fffe6da0000 - 0x00007fffe6f21000 	C:\Windows\System32\Windows.System.Launcher.dll
0x00007ffffdfa0000 - 0x00007ffffdfba000 	C:\WINDOWS\SYSTEM32\windows.staterepositorycore.dll
0x00007fffef3d0000 - 0x00007fffef494000 	C:\Windows\System32\Windows.StateRepositoryPS.dll
0x00007ff80d920000 - 0x00007ff80d956000 	C:\WINDOWS\SYSTEM32\ntmarta.dll
0x00007fffe6cd0000 - 0x00007fffe6d92000 	C:\Windows\System32\Windows.FileExplorer.Common.dll
0x00007ffff0060000 - 0x00007ffff00b0000 	C:\WINDOWS\SYSTEM32\windows.staterepositoryclient.dll
0x00007fffe66d0000 - 0x00007fffe66ff000 	C:\Windows\System32\cldapi.dll
0x00007ff80daa0000 - 0x00007ff80dae9000 	C:\WINDOWS\SYSTEM32\SspiCli.dll
0x00007ffffae80000 - 0x00007ffffb065000 	C:\Windows\System32\urlmon.dll
0x00007ffffabb0000 - 0x00007ffffae7a000 	C:\Windows\System32\iertutil.dll
0x00007ffffab80000 - 0x00007ffffaba9000 	C:\Windows\System32\srvcli.dll
0x00007ff80d1c0000 - 0x00007ff80d1cd000 	C:\Windows\System32\netutils.dll
0x00007ff80e960000 - 0x00007ff80e986000 	C:\WINDOWS\SYSTEM32\bcrypt.dll
0x00007ff80e990000 - 0x00007ff80e9b9000 	C:\WINDOWS\SYSTEM32\profapi.dll
0x00007fffe6080000 - 0x00007fffe60a5000 	C:\Program Files\Java\jdk-17\bin\java.dll
0x00007fffabd30000 - 0x00007fffabe07000 	C:\Program Files\Java\jdk-17\bin\jsvml.dll
0x00007fffe6620000 - 0x00007fffe6639000 	C:\Program Files\Java\jdk-17\bin\net.dll
0x00007ff8063e0000 - 0x00007ff8064fe000 	C:\WINDOWS\SYSTEM32\WINHTTP.dll
0x00007ff80dd80000 - 0x00007ff80ddeb000 	C:\WINDOWS\system32\mswsock.dll
0x00007fffe62e0000 - 0x00007fffe62f6000 	C:\Program Files\Java\jdk-17\bin\nio.dll
0x00007fffe6000000 - 0x00007fffe6018000 	C:\Program Files\Java\jdk-17\bin\zip.dll
0x00007ffff6af0000 - 0x00007ffff6b00000 	C:\Program Files\Java\jdk-17\bin\verify.dll
0x00007ff8061f0000 - 0x00007ff80620f000 	C:\WINDOWS\SYSTEM32\dhcpcsvc6.DLL
0x00007ff8061c0000 - 0x00007ff8061e5000 	C:\WINDOWS\SYSTEM32\dhcpcsvc.DLL
0x00007ff8075a0000 - 0x00007ff8075ab000 	C:\Windows\System32\rasadhlp.dll
0x00007ff803790000 - 0x00007ff803816000 	C:\WINDOWS\System32\fwpuclnt.dll
0x00007ffff05c0000 - 0x00007ffff05ca000 	C:\Program Files\Java\jdk-17\bin\management.dll
0x00007ffff0360000 - 0x00007ffff036b000 	C:\Program Files\Java\jdk-17\bin\management_ext.dll
0x00007fffef2a0000 - 0x00007fffef2b8000 	C:\WINDOWS\system32\napinsp.dll
0x00007fffef280000 - 0x00007fffef292000 	C:\WINDOWS\System32\winrnr.dll
0x00007fffef240000 - 0x00007fffef270000 	C:\WINDOWS\system32\nlansp_c.dll
0x00007ff806560000 - 0x00007ff806580000 	C:\WINDOWS\system32\wshbth.dll

dbghelp: loaded successfully - version: 4.0.5 - missing functions: none
symbol engine: initialized successfully - sym options: 0x614 - pdb path: .;C:\Program Files\Java\jdk-17\bin;C:\WINDOWS\SYSTEM32;c:\Users\deepa\AppData\Local\Programs\Trae\resources\app\modules\sandbox\x64;C:\WINDOWS\WinSxS\amd64_microsoft.windows.common-controls_6595b64144ccf1df_6.0.26100.4768_none_3e0c112ce331287c;C:\Program Files\Java\jdk-17\bin\server

VM Arguments:
jvm_args: -Xmx128m 
java_command: target/eureka-server-0.0.1-SNAPSHOT.jar
java_class_path (initial): target/eureka-server-0.0.1-SNAPSHOT.jar
Launcher Type: SUN_STANDARD

[Global flags]
     intx CICompilerCount                          = 4                                         {product} {ergonomic}
     uint ConcGCThreads                            = 2                                         {product} {ergonomic}
     uint G1ConcRefinementThreads                  = 8                                         {product} {ergonomic}
   size_t G1HeapRegionSize                         = 1048576                                   {product} {ergonomic}
    uintx GCDrainStackTargetSize                   = 64                                        {product} {ergonomic}
   size_t InitialHeapSize                          = 100663296                                 {product} {ergonomic}
   size_t MarkStackSize                            = 4194304                                   {product} {ergonomic}
   size_t MaxHeapSize                              = 134217728                                 {product} {command line}
   size_t MaxNewSize                               = 79691776                                  {product} {ergonomic}
   size_t MinHeapDeltaBytes                        = 1048576                                   {product} {ergonomic}
   size_t MinHeapSize                              = 8388608                                   {product} {ergonomic}
    uintx NonNMethodCodeHeapSize                   = 5839372                                {pd product} {ergonomic}
    uintx NonProfiledCodeHeapSize                  = 122909434                              {pd product} {ergonomic}
    uintx ProfiledCodeHeapSize                     = 122909434                              {pd product} {ergonomic}
    uintx ReservedCodeCacheSize                    = 251658240                              {pd product} {ergonomic}
     bool SegmentedCodeCache                       = true                                      {product} {ergonomic}
   size_t SoftMaxHeapSize                          = 134217728                              {manageable} {ergonomic}
     bool UseCompressedClassPointers               = true                           {product lp64_product} {ergonomic}
     bool UseCompressedOops                        = true                           {product lp64_product} {ergonomic}
     bool UseG1GC                                  = true                                      {product} {ergonomic}
     bool UseLargePagesIndividualAllocation        = false                                  {pd product} {ergonomic}

Logging:
Log output configuration:
 #0: stdout all=warning uptime,level,tags
 #1: stderr all=off uptime,level,tags

Environment Variables:
JAVA_HOME=C:\Program Files\Java\jdk-17
PATH=c;C:\Users\deepa\.trae\tools\trae-gopls\current;c;C:\Users\deepa\.trae\sdks\workspaces\d87b252e\versions\node\current;c;C:\Users\deepa\.trae\sdks\versions\node\current;\c\Users\deepa\bin;C:\Program Files\Git\mingw64\bin;C:\Program Files\Git\usr\local\bin;C:\Program Files\Git\usr\bin;C:\Program Files\Git\usr\bin;C:\Program Files\Git\mingw64\bin;C:\Program Files\Git\usr\bin;C:\Users\deepa\bin;C:\Users\deepa\.trae\tools\trae-gopls\current;C:\Users\deepa\.trae\sdks\workspaces\d87b252e\versions\node\current;C:\Users\deepa\.trae\sdks\versions\node\current;C:\Program Files\Common Files\Oracle\Java\javapath;C:\Users\deepa\AppData\Local\Programs\Python\Python313\Scripts;C:\Users\deepa\AppData\Local\Programs\Python\Python313;C:\WINDOWS\system32;C:\WINDOWS;C:\WINDOWS\System32\Wbem;C:\WINDOWS\System32\WindowsPowerShell\v1.0;C:\WINDOWS\System32\OpenSSH;C:\Program Files\nodejs;C:\ProgramData\chocolatey\bin;C:\Program Files\MySQL\MySQL Server 9.2\bin;C:\Program Files\MySQL\MySQL Server 8.0\bin;C:\Program Files\Git\cmd;C:\Program Files\Java\jdk-17\bin;C:\Users\deepa\AppData\Local\Programs\Trae\bin;C:\Users\deepa\AppData\Local\Programs\Python\Launcher;C:\Users\deepa\AppData\Local\Microsoft\WindowsApps;C:\Users\deepa\AppData\Local\Programs\Microsoft VS Code\bin;C:\Users\deepa\AppData\Roaming\npm;C:\Users\deepa\AppData\Local\Programs\cursor\resources\app\bin;E:\apache-tomcat-10.1.44\apache-tomcat-10.1.44\bin;C:\Program Files\Java\jdk-17\bin;C:\Users\deepa\.trae\extensions\vscjava.vscode-java-debug-0.59.0-universal\bundled\scripts\noConfigScripts;C:\Program Files\Git\usr\bin\vendor_perl;C:\Program Files\Git\usr\bin\core_perl
USERNAME=deepa
SHELL=C:\Program Files\Git\usr\bin\bash.exe
DISPLAY=needs-to-be-defined
LANG=en_US.UTF-8
OS=Windows_NT
PROCESSOR_IDENTIFIER=AMD64 Family 23 Model 24 Stepping 1, AuthenticAMD



---------------  S Y S T E M  ---------------

OS:
 Windows 11 , 64 bit Build 26100 (10.0.26100.4768)
OS uptime: 16 days 8:08 hours

CPU: total 8 (initial active 8) (8 cores per cpu, 2 threads per core) family 23 model 24 stepping 1 microcode 0x8108109, cx8, cmov, fxsr, ht, mmx, 3dnowpref, sse, sse2, sse3, ssse3, sse4a, sse4.1, sse4.2, popcnt, lzcnt, tsc, tscinvbit, avx, avx2, aes, clmul, bmi1, bmi2, adx, sha, fma, vzeroupper, clflush, clflushopt

Memory: 4k page, system-wide physical 6086M (637M free)
TotalPageFile size 24518M (AvailPageFile size 72M)
current process WorkingSet (physical memory assigned to process): 183M, peak: 195M
current process commit charge ("private bytes"): 202M, peak: 249M

vm_info: Java HotSpot(TM) 64-Bit Server VM (17.0.12+8-LTS-286) for windows-amd64 JRE (17.0.12+8-LTS-286), built on Jun  5 2024 06:46:59 by "mach5one" with MS VC++ 17.6 (VS2022)

END.
