#
# There is insufficient memory for the Java Runtime Environment to continue.
# Native memory allocation (malloc) failed to allocate 1150896 bytes for Chunk::new
# Possible reasons:
#   The system is out of physical RAM or swap space
#   The process is running with CompressedOops enabled, and the Java Heap may be blocking the growth of the native heap
# Possible solutions:
#   Reduce memory load on the system
#   Increase physical memory or swap space
#   Check if swap backing store is full
#   Decrease Java heap size (-Xmx/-Xms)
#   Decrease number of Java threads
#   Decrease Java thread stack sizes (-Xss)
#   Set larger code cache with -XX:ReservedCodeCacheSize=
#   JVM is running with Unscaled Compressed Oops mode in which the Java heap is
#     placed in the first 4GB address space. The Java Heap base address is the
#     maximum limit for the native heap growth. Please use -XX:HeapBaseMinAddress
#     to set the Java Heap base and to place the Java Heap above 4GB virtual address.
# This output file may be truncated or incomplete.
#
#  Out of Memory Error (arena.cpp:189), pid=19352, tid=31668
#
# JRE version: Java(TM) SE Runtime Environment (17.0.12+8) (build 17.0.12+8-LTS-286)
# Java VM: Java HotSpot(TM) 64-Bit Server VM (17.0.12+8-LTS-286, mixed mode, sharing, tiered, compressed oops, compressed class ptrs, g1 gc, windows-amd64)
# No core dump will be written. Minidumps are not enabled by default on client versions of Windows
#

---------------  S U M M A R Y ------------

Command Line: -Dmaven.home=C:/Users/deepa/Downloads/e-commerce-microservices-master/e-commerce-microservices-master -Dmaven.multiModuleProjectDirectory=C:/Users/deepa/Downloads/e-commerce-microservices-master/e-commerce-microservices-master/eureka-server org.apache.maven.wrapper.MavenWrapperMain spring-boot:run

Host: AMD Ryzen 5 3500U with Radeon Vega Mobile Gfx  , 8 cores, 5G,  Windows 11 , 64 bit Build 26100 (10.0.26100.4768)
Time: Tue May 12 18:35:15 2026 India Standard Time elapsed time: 9.909562 seconds (0d 0h 0m 9s)

---------------  T H R E A D  ---------------

Current thread (0x0000022898ea9d60):  JavaThread "C2 CompilerThread2" daemon [_thread_in_native, id=31668, stack(0x000000d678100000,0x000000d678200000)]


Current CompileTask:
C2:   9909 3648       4       org.apache.maven.model.inheritance.DefaultInheritanceAssembler$InheritanceModelMerger::mergePlugin (71 bytes)

Stack: [0x000000d678100000,0x000000d678200000]
Native frames: (J=compiled Java code, j=interpreted, Vv=VM code, C=native code)
V  [jvm.dll+0x67a04a]
V  [jvm.dll+0x7da4ed]
V  [jvm.dll+0x7dbe33]
V  [jvm.dll+0x7dc4a3]
V  [jvm.dll+0x24508f]
V  [jvm.dll+0xab773]
V  [jvm.dll+0xabd3c]
V  [jvm.dll+0x361b9f]
V  [jvm.dll+0x1ba64a]
V  [jvm.dll+0x216997]
V  [jvm.dll+0x215c6f]
V  [jvm.dll+0x1a2960]
V  [jvm.dll+0x22610b]
V  [jvm.dll+0x2242ab]
V  [jvm.dll+0x79075c]
V  [jvm.dll+0x78abea]
V  [jvm.dll+0x678f35]
C  [ucrtbase.dll+0x37b0]
C  [KERNEL32.DLL+0x2e8d7]
C  [ntdll.dll+0x3c34c]


---------------  P R O C E S S  ---------------

Threads class SMR info:
_java_thread_list=0x0000022898eaada0, length=14, elements={
0x00000228352a2ec0, 0x0000022835434590, 0x0000022835434a70, 0x000002283543e8d0,
0x0000022852bd3f70, 0x0000022852bd6460, 0x0000022852bd6940, 0x0000022852be7180,
0x0000022852be86b0, 0x0000022852bfdfe0, 0x0000022852d1b3b0, 0x0000022852d19040,
0x000002289838ad80, 0x0000022898ea9d60
}

Java Threads: ( => current thread )
  0x00000228352a2ec0 JavaThread "main" [_thread_in_native, id=28868, stack(0x000000d676800000,0x000000d676900000)]
  0x0000022835434590 JavaThread "Reference Handler" daemon [_thread_blocked, id=20716, stack(0x000000d677400000,0x000000d677500000)]
  0x0000022835434a70 JavaThread "Finalizer" daemon [_thread_blocked, id=18872, stack(0x000000d677500000,0x000000d677600000)]
  0x000002283543e8d0 JavaThread "Signal Dispatcher" daemon [_thread_blocked, id=15628, stack(0x000000d677600000,0x000000d677700000)]
  0x0000022852bd3f70 JavaThread "Attach Listener" daemon [_thread_blocked, id=31372, stack(0x000000d677700000,0x000000d677800000)]
  0x0000022852bd6460 JavaThread "Service Thread" daemon [_thread_blocked, id=12080, stack(0x000000d677800000,0x000000d677900000)]
  0x0000022852bd6940 JavaThread "Monitor Deflation Thread" daemon [_thread_blocked, id=26252, stack(0x000000d677900000,0x000000d677a00000)]
  0x0000022852be7180 JavaThread "C2 CompilerThread0" daemon [_thread_blocked, id=15676, stack(0x000000d677a00000,0x000000d677b00000)]
  0x0000022852be86b0 JavaThread "C1 CompilerThread0" daemon [_thread_blocked, id=5524, stack(0x000000d677b00000,0x000000d677c00000)]
  0x0000022852bfdfe0 JavaThread "Sweeper thread" daemon [_thread_blocked, id=23512, stack(0x000000d677c00000,0x000000d677d00000)]
  0x0000022852d1b3b0 JavaThread "Notification Thread" daemon [_thread_blocked, id=17672, stack(0x000000d677d00000,0x000000d677e00000)]
  0x0000022852d19040 JavaThread "Common-Cleaner" daemon [_thread_blocked, id=7336, stack(0x000000d677f00000,0x000000d678000000)]
  0x000002289838ad80 JavaThread "C2 CompilerThread1" daemon [_thread_blocked, id=3672, stack(0x000000d678000000,0x000000d678100000)]
=>0x0000022898ea9d60 JavaThread "C2 CompilerThread2" daemon [_thread_in_native, id=31668, stack(0x000000d678100000,0x000000d678200000)]

Other Threads:
  0x00000228353cccf0 VMThread "VM Thread" [stack: 0x000000d677300000,0x000000d677400000] [id=5628]
  0x0000022835365e00 WatcherThread [stack: 0x000000d677e00000,0x000000d677f00000] [id=1996]
  0x00000228357ac010 GCTaskThread "GC Thread#0" [stack: 0x000000d676e00000,0x000000d676f00000] [id=29308]
  0x0000022898c85be0 GCTaskThread "GC Thread#1" [stack: 0x000000d678200000,0x000000d678300000] [id=13296]
  0x0000022898bd2c10 GCTaskThread "GC Thread#2" [stack: 0x000000d678300000,0x000000d678400000] [id=8520]
  0x0000022898400020 GCTaskThread "GC Thread#3" [stack: 0x000000d678400000,0x000000d678500000] [id=28704]
  0x000002289886fba0 GCTaskThread "GC Thread#4" [stack: 0x000000d678500000,0x000000d678600000] [id=27248]
  0x0000022898c73090 GCTaskThread "GC Thread#5" [stack: 0x000000d678600000,0x000000d678700000] [id=11588]
  0x00000228989eb120 GCTaskThread "GC Thread#6" [stack: 0x000000d678700000,0x000000d678800000] [id=22216]
  0x00000228989eb3e0 GCTaskThread "GC Thread#7" [stack: 0x000000d678800000,0x000000d678900000] [id=16180]
  0x00000228353604c0 ConcurrentGCThread "G1 Main Marker" [stack: 0x000000d676f00000,0x000000d677000000] [id=26792]
  0x0000022835362b90 ConcurrentGCThread "G1 Conc#0" [stack: 0x000000d677000000,0x000000d677100000] [id=26536]
  0x00000228353bc1d0 ConcurrentGCThread "G1 Refine#0" [stack: 0x000000d677100000,0x000000d677200000] [id=26880]
  0x00000228353be4d0 ConcurrentGCThread "G1 Service" [stack: 0x000000d677200000,0x000000d677300000] [id=16668]

Threads with active compile tasks:
C2 CompilerThread2    10040 3648       4       org.apache.maven.model.inheritance.DefaultInheritanceAssembler$InheritanceModelMerger::mergePlugin (71 bytes)

VM state: not at safepoint (normal execution)

VM Mutex/Monitor currently owned by a thread: None

Heap address: 0x00000000a0e00000, size: 1522 MB, Compressed Oops mode: 32-bit

CDS archive(s) mapped at: [0x0000022853000000-0x0000022853bd0000-0x0000022853bd0000), size 12386304, SharedBaseAddress: 0x0000022853000000, ArchiveRelocationMode: 1.
Compressed class space mapped at: 0x0000022854000000-0x0000022894000000, reserved size: 1073741824
Narrow klass base: 0x0000022853000000, Narrow klass shift: 0, Narrow klass range: 0x100000000

GC Precious Log:
 CPUs: 8 total, 8 available
 Memory: 6086M
 Large Page Support: Disabled
 NUMA Support: Disabled
 Compressed Oops: Enabled (32-bit)
 Heap Region Size: 1M
 Heap Min Capacity: 8M
 Heap Initial Capacity: 96M
 Heap Max Capacity: 1522M
 Pre-touch: Disabled
 Parallel Workers: 8
 Concurrent Workers: 2
 Concurrent Refinement Workers: 8
 Periodic GC: Disabled

Heap:
 garbage-first heap   total 98304K, used 48640K [0x00000000a0e00000, 0x0000000100000000)
  region size 1024K, 29 young (29696K), 5 survivors (5120K)
 Metaspace       used 13595K, committed 13760K, reserved 1114112K
  class space    used 1506K, committed 1600K, reserved 1048576K

Heap Regions: E=young(eden), S=young(survivor), O=old, HS=humongous(starts), HC=humongous(continues), CS=collection set, F=free, OA=open archive, CA=closed archive, TAMS=top-at-mark-start (previous, next)
|   0|0x00000000a0e00000, 0x00000000a0f00000, 0x00000000a0f00000|100%| O|  |TAMS 0x00000000a0e00000, 0x00000000a0e00000| Untracked 
|   1|0x00000000a0f00000, 0x00000000a1000000, 0x00000000a1000000|100%| O|  |TAMS 0x00000000a0f00000, 0x00000000a0f00000| Untracked 
|   2|0x00000000a1000000, 0x00000000a1100000, 0x00000000a1100000|100%| O|  |TAMS 0x00000000a1000000, 0x00000000a1000000| Untracked 
|   3|0x00000000a1100000, 0x00000000a1200000, 0x00000000a1200000|100%| O|  |TAMS 0x00000000a1100000, 0x00000000a1100000| Untracked 
|   4|0x00000000a1200000, 0x00000000a1300000, 0x00000000a1300000|100%| O|  |TAMS 0x00000000a1200000, 0x00000000a1200000| Untracked 
|   5|0x00000000a1300000, 0x00000000a1400000, 0x00000000a1400000|100%| O|  |TAMS 0x00000000a1300000, 0x00000000a1300000| Untracked 
|   6|0x00000000a1400000, 0x00000000a1500000, 0x00000000a1500000|100%| O|  |TAMS 0x00000000a1400000, 0x00000000a1400000| Untracked 
|   7|0x00000000a1500000, 0x00000000a1600000, 0x00000000a1600000|100%| O|  |TAMS 0x00000000a1500000, 0x00000000a1500000| Untracked 
|   8|0x00000000a1600000, 0x00000000a1700000, 0x00000000a1700000|100%| O|  |TAMS 0x00000000a1600000, 0x00000000a1600000| Untracked 
|   9|0x00000000a1700000, 0x00000000a1800000, 0x00000000a1800000|100%| O|  |TAMS 0x00000000a1700000, 0x00000000a1700000| Untracked 
|  10|0x00000000a1800000, 0x00000000a1900000, 0x00000000a1900000|100%| O|  |TAMS 0x00000000a1800000, 0x00000000a1800000| Untracked 
|  11|0x00000000a1900000, 0x00000000a1a00000, 0x00000000a1a00000|100%| O|  |TAMS 0x00000000a1900000, 0x00000000a1900000| Untracked 
|  12|0x00000000a1a00000, 0x00000000a1b00000, 0x00000000a1b00000|100%| O|  |TAMS 0x00000000a1a00000, 0x00000000a1a00000| Untracked 
|  13|0x00000000a1b00000, 0x00000000a1c00000, 0x00000000a1c00000|100%| O|  |TAMS 0x00000000a1b00000, 0x00000000a1b00000| Untracked 
|  14|0x00000000a1c00000, 0x00000000a1d00000, 0x00000000a1d00000|100%| O|  |TAMS 0x00000000a1c00000, 0x00000000a1c00000| Untracked 
|  15|0x00000000a1d00000, 0x00000000a1e00000, 0x00000000a1e00000|100%| O|  |TAMS 0x00000000a1d00000, 0x00000000a1d00000| Untracked 
|  16|0x00000000a1e00000, 0x00000000a1f00000, 0x00000000a1f00000|100%| O|  |TAMS 0x00000000a1e00000, 0x00000000a1e00000| Untracked 
|  17|0x00000000a1f00000, 0x00000000a2000000, 0x00000000a2000000|100%| O|  |TAMS 0x00000000a1f00000, 0x00000000a1f00000| Untracked 
|  18|0x00000000a2000000, 0x00000000a2100000, 0x00000000a2100000|100%| O|  |TAMS 0x00000000a2000000, 0x00000000a2000000| Untracked 
|  19|0x00000000a2100000, 0x00000000a2200000, 0x00000000a2200000|100%| O|  |TAMS 0x00000000a2100000, 0x00000000a2100000| Untracked 
|  20|0x00000000a2200000, 0x00000000a2200000, 0x00000000a2300000|  0%| F|  |TAMS 0x00000000a2200000, 0x00000000a2200000| Untracked 
|  21|0x00000000a2300000, 0x00000000a2300000, 0x00000000a2400000|  0%| F|  |TAMS 0x00000000a2300000, 0x00000000a2300000| Untracked 
|  22|0x00000000a2400000, 0x00000000a2400000, 0x00000000a2500000|  0%| F|  |TAMS 0x00000000a2400000, 0x00000000a2400000| Untracked 
|  23|0x00000000a2500000, 0x00000000a2500000, 0x00000000a2600000|  0%| F|  |TAMS 0x00000000a2500000, 0x00000000a2500000| Untracked 
|  24|0x00000000a2600000, 0x00000000a2600000, 0x00000000a2700000|  0%| F|  |TAMS 0x00000000a2600000, 0x00000000a2600000| Untracked 
|  25|0x00000000a2700000, 0x00000000a2700000, 0x00000000a2800000|  0%| F|  |TAMS 0x00000000a2700000, 0x00000000a2700000| Untracked 
|  26|0x00000000a2800000, 0x00000000a2800000, 0x00000000a2900000|  0%| F|  |TAMS 0x00000000a2800000, 0x00000000a2800000| Untracked 
|  27|0x00000000a2900000, 0x00000000a2900000, 0x00000000a2a00000|  0%| F|  |TAMS 0x00000000a2900000, 0x00000000a2900000| Untracked 
|  28|0x00000000a2a00000, 0x00000000a2a00000, 0x00000000a2b00000|  0%| F|  |TAMS 0x00000000a2a00000, 0x00000000a2a00000| Untracked 
|  29|0x00000000a2b00000, 0x00000000a2b00000, 0x00000000a2c00000|  0%| F|  |TAMS 0x00000000a2b00000, 0x00000000a2b00000| Untracked 
|  30|0x00000000a2c00000, 0x00000000a2c00000, 0x00000000a2d00000|  0%| F|  |TAMS 0x00000000a2c00000, 0x00000000a2c00000| Untracked 
|  31|0x00000000a2d00000, 0x00000000a2d00000, 0x00000000a2e00000|  0%| F|  |TAMS 0x00000000a2d00000, 0x00000000a2d00000| Untracked 
|  32|0x00000000a2e00000, 0x00000000a2e00000, 0x00000000a2f00000|  0%| F|  |TAMS 0x00000000a2e00000, 0x00000000a2e00000| Untracked 
|  33|0x00000000a2f00000, 0x00000000a2f00000, 0x00000000a3000000|  0%| F|  |TAMS 0x00000000a2f00000, 0x00000000a2f00000| Untracked 
|  34|0x00000000a3000000, 0x00000000a3000000, 0x00000000a3100000|  0%| F|  |TAMS 0x00000000a3000000, 0x00000000a3000000| Untracked 
|  35|0x00000000a3100000, 0x00000000a3100000, 0x00000000a3200000|  0%| F|  |TAMS 0x00000000a3100000, 0x00000000a3100000| Untracked 
|  36|0x00000000a3200000, 0x00000000a3200000, 0x00000000a3300000|  0%| F|  |TAMS 0x00000000a3200000, 0x00000000a3200000| Untracked 
|  37|0x00000000a3300000, 0x00000000a3300000, 0x00000000a3400000|  0%| F|  |TAMS 0x00000000a3300000, 0x00000000a3300000| Untracked 
|  38|0x00000000a3400000, 0x00000000a3400000, 0x00000000a3500000|  0%| F|  |TAMS 0x00000000a3400000, 0x00000000a3400000| Untracked 
|  39|0x00000000a3500000, 0x00000000a3580000, 0x00000000a3600000| 50%| S|CS|TAMS 0x00000000a3500000, 0x00000000a3500000| Complete 
|  40|0x00000000a3600000, 0x00000000a3600000, 0x00000000a3700000|  0%| F|  |TAMS 0x00000000a3600000, 0x00000000a3600000| Untracked 
|  41|0x00000000a3700000, 0x00000000a3700000, 0x00000000a3800000|  0%| F|  |TAMS 0x00000000a3700000, 0x00000000a3700000| Untracked 
|  42|0x00000000a3800000, 0x00000000a3800000, 0x00000000a3900000|  0%| F|  |TAMS 0x00000000a3800000, 0x00000000a3800000| Untracked 
|  43|0x00000000a3900000, 0x00000000a3900000, 0x00000000a3a00000|  0%| F|  |TAMS 0x00000000a3900000, 0x00000000a3900000| Untracked 
|  44|0x00000000a3a00000, 0x00000000a3a00000, 0x00000000a3b00000|  0%| F|  |TAMS 0x00000000a3a00000, 0x00000000a3a00000| Untracked 
|  45|0x00000000a3b00000, 0x00000000a3b00000, 0x00000000a3c00000|  0%| F|  |TAMS 0x00000000a3b00000, 0x00000000a3b00000| Untracked 
|  46|0x00000000a3c00000, 0x00000000a3c00000, 0x00000000a3d00000|  0%| F|  |TAMS 0x00000000a3c00000, 0x00000000a3c00000| Untracked 
|  47|0x00000000a3d00000, 0x00000000a3e00000, 0x00000000a3e00000|100%| S|CS|TAMS 0x00000000a3d00000, 0x00000000a3d00000| Complete 
|  48|0x00000000a3e00000, 0x00000000a3f00000, 0x00000000a3f00000|100%| S|CS|TAMS 0x00000000a3e00000, 0x00000000a3e00000| Complete 
|  49|0x00000000a3f00000, 0x00000000a4000000, 0x00000000a4000000|100%| S|CS|TAMS 0x00000000a3f00000, 0x00000000a3f00000| Complete 
|  50|0x00000000a4000000, 0x00000000a4100000, 0x00000000a4100000|100%| S|CS|TAMS 0x00000000a4000000, 0x00000000a4000000| Complete 
|  51|0x00000000a4100000, 0x00000000a4100000, 0x00000000a4200000|  0%| F|  |TAMS 0x00000000a4100000, 0x00000000a4100000| Untracked 
|  52|0x00000000a4200000, 0x00000000a4200000, 0x00000000a4300000|  0%| F|  |TAMS 0x00000000a4200000, 0x00000000a4200000| Untracked 
|  53|0x00000000a4300000, 0x00000000a4300000, 0x00000000a4400000|  0%| F|  |TAMS 0x00000000a4300000, 0x00000000a4300000| Untracked 
|  54|0x00000000a4400000, 0x00000000a4400000, 0x00000000a4500000|  0%| F|  |TAMS 0x00000000a4400000, 0x00000000a4400000| Untracked 
|  55|0x00000000a4500000, 0x00000000a4500000, 0x00000000a4600000|  0%| F|  |TAMS 0x00000000a4500000, 0x00000000a4500000| Untracked 
|  56|0x00000000a4600000, 0x00000000a4600000, 0x00000000a4700000|  0%| F|  |TAMS 0x00000000a4600000, 0x00000000a4600000| Untracked 
|  57|0x00000000a4700000, 0x00000000a4700000, 0x00000000a4800000|  0%| F|  |TAMS 0x00000000a4700000, 0x00000000a4700000| Untracked 
|  58|0x00000000a4800000, 0x00000000a4800000, 0x00000000a4900000|  0%| F|  |TAMS 0x00000000a4800000, 0x00000000a4800000| Untracked 
|  59|0x00000000a4900000, 0x00000000a4900000, 0x00000000a4a00000|  0%| F|  |TAMS 0x00000000a4900000, 0x00000000a4900000| Untracked 
|  60|0x00000000a4a00000, 0x00000000a4a00000, 0x00000000a4b00000|  0%| F|  |TAMS 0x00000000a4a00000, 0x00000000a4a00000| Untracked 
|  61|0x00000000a4b00000, 0x00000000a4b00000, 0x00000000a4c00000|  0%| F|  |TAMS 0x00000000a4b00000, 0x00000000a4b00000| Untracked 
|  62|0x00000000a4c00000, 0x00000000a4c00000, 0x00000000a4d00000|  0%| F|  |TAMS 0x00000000a4c00000, 0x00000000a4c00000| Untracked 
|  63|0x00000000a4d00000, 0x00000000a4d00000, 0x00000000a4e00000|  0%| F|  |TAMS 0x00000000a4d00000, 0x00000000a4d00000| Untracked 
|  64|0x00000000a4e00000, 0x00000000a4e00000, 0x00000000a4f00000|  0%| F|  |TAMS 0x00000000a4e00000, 0x00000000a4e00000| Untracked 
|  65|0x00000000a4f00000, 0x00000000a4f00000, 0x00000000a5000000|  0%| F|  |TAMS 0x00000000a4f00000, 0x00000000a4f00000| Untracked 
|  66|0x00000000a5000000, 0x00000000a5000000, 0x00000000a5100000|  0%| F|  |TAMS 0x00000000a5000000, 0x00000000a5000000| Untracked 
|  67|0x00000000a5100000, 0x00000000a5100000, 0x00000000a5200000|  0%| F|  |TAMS 0x00000000a5100000, 0x00000000a5100000| Untracked 
|  68|0x00000000a5200000, 0x00000000a5200000, 0x00000000a5300000|  0%| F|  |TAMS 0x00000000a5200000, 0x00000000a5200000| Untracked 
|  69|0x00000000a5300000, 0x00000000a5300000, 0x00000000a5400000|  0%| F|  |TAMS 0x00000000a5300000, 0x00000000a5300000| Untracked 
|  70|0x00000000a5400000, 0x00000000a5400000, 0x00000000a5500000|  0%| F|  |TAMS 0x00000000a5400000, 0x00000000a5400000| Untracked 
|  71|0x00000000a5500000, 0x00000000a5500000, 0x00000000a5600000|  0%| F|  |TAMS 0x00000000a5500000, 0x00000000a5500000| Untracked 
|  72|0x00000000a5600000, 0x00000000a5680800, 0x00000000a5700000| 50%| E|  |TAMS 0x00000000a5600000, 0x00000000a5600000| Complete 
|  73|0x00000000a5700000, 0x00000000a5800000, 0x00000000a5800000|100%| E|CS|TAMS 0x00000000a5700000, 0x00000000a5700000| Complete 
|  74|0x00000000a5800000, 0x00000000a5900000, 0x00000000a5900000|100%| E|CS|TAMS 0x00000000a5800000, 0x00000000a5800000| Complete 
|  75|0x00000000a5900000, 0x00000000a5a00000, 0x00000000a5a00000|100%| E|CS|TAMS 0x00000000a5900000, 0x00000000a5900000| Complete 
|  76|0x00000000a5a00000, 0x00000000a5b00000, 0x00000000a5b00000|100%| E|CS|TAMS 0x00000000a5a00000, 0x00000000a5a00000| Complete 
|  77|0x00000000a5b00000, 0x00000000a5c00000, 0x00000000a5c00000|100%| E|CS|TAMS 0x00000000a5b00000, 0x00000000a5b00000| Complete 
|  78|0x00000000a5c00000, 0x00000000a5d00000, 0x00000000a5d00000|100%| E|CS|TAMS 0x00000000a5c00000, 0x00000000a5c00000| Complete 
|  79|0x00000000a5d00000, 0x00000000a5e00000, 0x00000000a5e00000|100%| E|CS|TAMS 0x00000000a5d00000, 0x00000000a5d00000| Complete 
|  80|0x00000000a5e00000, 0x00000000a5f00000, 0x00000000a5f00000|100%| E|CS|TAMS 0x00000000a5e00000, 0x00000000a5e00000| Complete 
|  81|0x00000000a5f00000, 0x00000000a6000000, 0x00000000a6000000|100%| E|CS|TAMS 0x00000000a5f00000, 0x00000000a5f00000| Complete 
|  82|0x00000000a6000000, 0x00000000a6100000, 0x00000000a6100000|100%| E|CS|TAMS 0x00000000a6000000, 0x00000000a6000000| Complete 
|  83|0x00000000a6100000, 0x00000000a6200000, 0x00000000a6200000|100%| E|CS|TAMS 0x00000000a6100000, 0x00000000a6100000| Complete 
|  84|0x00000000a6200000, 0x00000000a6300000, 0x00000000a6300000|100%| E|CS|TAMS 0x00000000a6200000, 0x00000000a6200000| Complete 
|  85|0x00000000a6300000, 0x00000000a6400000, 0x00000000a6400000|100%| E|CS|TAMS 0x00000000a6300000, 0x00000000a6300000| Complete 
|  86|0x00000000a6400000, 0x00000000a6500000, 0x00000000a6500000|100%| E|CS|TAMS 0x00000000a6400000, 0x00000000a6400000| Complete 
|  87|0x00000000a6500000, 0x00000000a6600000, 0x00000000a6600000|100%| E|CS|TAMS 0x00000000a6500000, 0x00000000a6500000| Complete 
|  88|0x00000000a6600000, 0x00000000a6700000, 0x00000000a6700000|100%| E|CS|TAMS 0x00000000a6600000, 0x00000000a6600000| Complete 
|  89|0x00000000a6700000, 0x00000000a6800000, 0x00000000a6800000|100%| E|CS|TAMS 0x00000000a6700000, 0x00000000a6700000| Complete 
|  90|0x00000000a6800000, 0x00000000a6900000, 0x00000000a6900000|100%| E|CS|TAMS 0x00000000a6800000, 0x00000000a6800000| Complete 
|  91|0x00000000a6900000, 0x00000000a6a00000, 0x00000000a6a00000|100%| E|CS|TAMS 0x00000000a6900000, 0x00000000a6900000| Complete 
|  92|0x00000000a6a00000, 0x00000000a6b00000, 0x00000000a6b00000|100%| E|CS|TAMS 0x00000000a6a00000, 0x00000000a6a00000| Complete 
|  93|0x00000000a6b00000, 0x00000000a6c00000, 0x00000000a6c00000|100%| E|CS|TAMS 0x00000000a6b00000, 0x00000000a6b00000| Complete 
|  94|0x00000000a6c00000, 0x00000000a6d00000, 0x00000000a6d00000|100%| E|CS|TAMS 0x00000000a6c00000, 0x00000000a6c00000| Complete 
|  95|0x00000000a6d00000, 0x00000000a6e00000, 0x00000000a6e00000|100%| E|CS|TAMS 0x00000000a6d00000, 0x00000000a6d00000| Complete 

Card table byte_map: [0x000002284cc60000,0x000002284cf60000] _byte_map_base: 0x000002284c759000

Marking Bits (Prev, Next): (CMBitMap*) 0x00000228357ac2e0, (CMBitMap*) 0x00000228357ac320
 Prev Bits: [0x000002284d260000, 0x000002284ea28000)
 Next Bits: [0x000002284ea30000, 0x00000228501f8000)

Polling page: 0x0000022833660000

Metaspace:

Usage:
  Non-class:     11.81 MB used.
      Class:      1.47 MB used.
       Both:     13.28 MB used.

Virtual space:
  Non-class space:       64.00 MB reserved,      11.88 MB ( 19%) committed,  1 nodes.
      Class space:        1.00 GB reserved,       1.56 MB ( <1%) committed,  1 nodes.
             Both:        1.06 GB reserved,      13.44 MB (  1%) committed. 

Chunk freelists:
   Non-Class:  3.31 MB
       Class:  14.44 MB
        Both:  17.76 MB

MaxMetaspaceSize: unlimited
CompressedClassSpaceSize: 1.00 GB
Initial GC threshold: 21.00 MB
Current GC threshold: 21.00 MB
CDS: on
MetaspaceReclaimPolicy: balanced
 - commit_granule_bytes: 65536.
 - commit_granule_words: 8192.
 - virtual_space_node_default_size: 8388608.
 - enlarge_chunks_in_place: 1.
 - new_chunks_are_fully_committed: 0.
 - uncommit_free_chunks: 1.
 - use_allocation_guard: 0.
 - handle_deallocations: 1.


Internal statistics:

num_allocs_failed_limit: 0.
num_arena_births: 86.
num_arena_deaths: 0.
num_vsnodes_births: 2.
num_vsnodes_deaths: 0.
num_space_committed: 215.
num_space_uncommitted: 0.
num_chunks_returned_to_freelist: 0.
num_chunks_taken_from_freelist: 531.
num_chunk_merges: 0.
num_chunk_splits: 375.
num_chunks_enlarged: 297.
num_inconsistent_stats: 0.

CodeHeap 'non-profiled nmethods': size=120000Kb used=2466Kb max_used=2466Kb free=117533Kb
 bounds [0x0000022844ac0000, 0x0000022844d30000, 0x000002284bff0000]
CodeHeap 'profiled nmethods': size=120000Kb used=7812Kb max_used=7812Kb free=112188Kb
 bounds [0x000002283cff0000, 0x000002283d7a0000, 0x0000022844520000]
CodeHeap 'non-nmethods': size=5760Kb used=1176Kb max_used=1267Kb free=4583Kb
 bounds [0x0000022844520000, 0x0000022844790000, 0x0000022844ac0000]
 total_blobs=4254 nmethods=3787 adapters=379
 compilation: enabled
              stopped_count=0, restarted_count=0
 full_count=0

Compilation events (20 events):
Event: 8.774 Thread 0x0000022852be7180 3764       4       org.apache.maven.model.interpolation.AbstractStringBasedModelInterpolator$3::getValue (32 bytes)
Event: 8.777 Thread 0x0000022852be86b0 nmethod 3763 0x000002283d780090 code [0x000002283d7804c0, 0x000002283d7821c8]
Event: 8.778 Thread 0x0000022852be86b0 3765       3       org.apache.maven.model.building.ModelCacheTag$2::fromCache (9 bytes)
Event: 8.778 Thread 0x0000022852be86b0 nmethod 3765 0x000002283d782c90 code [0x000002283d782e60, 0x000002283d7831e8]
Event: 8.778 Thread 0x0000022852be86b0 3766       3       org.apache.maven.model.building.ModelCacheTag$2::fromCache (6 bytes)
Event: 8.779 Thread 0x0000022852be86b0 nmethod 3766 0x000002283d783310 code [0x000002283d7834c0, 0x000002283d7836e8]
Event: 8.792 Thread 0x000002289838ad80 nmethod 3762% 0x0000022844d1f190 code [0x0000022844d1f380, 0x0000022844d20128]
Event: 8.805 Thread 0x0000022852be7180 nmethod 3764 0x0000022844d20790 code [0x0000022844d20960, 0x0000022844d21378]
Event: 8.869 Thread 0x000002289838ad80 3767       4       java.util.LinkedHashMap$LinkedKeyIterator::next (8 bytes)
Event: 8.874 Thread 0x000002289838ad80 nmethod 3767 0x0000022844d21b90 code [0x0000022844d21d00, 0x0000022844d21f78]
Event: 8.886 Thread 0x000002289838ad80 3768       4       java.util.ArrayList::addAll (76 bytes)
Event: 8.887 Thread 0x0000022852be86b0 3769       1       org.apache.maven.model.profile.activation.JdkVersionProfileActivator$RangeValue::access$000 (5 bytes)
Event: 8.887 Thread 0x0000022852be86b0 nmethod 3769 0x0000022844d22090 code [0x0000022844d22220, 0x0000022844d222d8]
Event: 8.887 Thread 0x0000022852be86b0 3770       3       org.apache.maven.model.merge.ModelMerger::mergeReportPlugin_ArtifactId (41 bytes)
Event: 8.889 Thread 0x0000022852be86b0 nmethod 3770 0x000002283d783810 code [0x000002283d783a20, 0x000002283d784438]
Event: 8.889 Thread 0x0000022852be86b0 3771       3       org.apache.maven.model.merge.ModelMerger::mergeReportPlugin_Version (41 bytes)
Event: 8.890 Thread 0x0000022852be86b0 nmethod 3771 0x000002283d784710 code [0x000002283d784920, 0x000002283d785338]
Event: 8.890 Thread 0x0000022852be86b0 3772       3       java.lang.reflect.AccessibleObject::slowVerifyAccess (67 bytes)
Event: 8.891 Thread 0x0000022852be86b0 nmethod 3772 0x000002283d785610 code [0x000002283d785820, 0x000002283d785f88]
Event: 8.924 Thread 0x0000022852be86b0 3773       3       java.util.Formatter$FixedString::<init> (26 bytes)

GC Heap History (10 events):
Event: 1.820 GC heap before
{Heap before GC invocations=0 (full 0):
 garbage-first heap   total 98304K, used 23552K [0x00000000a0e00000, 0x0000000100000000)
  region size 1024K, 23 young (23552K), 0 survivors (0K)
 Metaspace       used 5596K, committed 5760K, reserved 1114112K
  class space    used 640K, committed 704K, reserved 1048576K
}
Event: 1.831 GC heap after
{Heap after GC invocations=1 (full 0):
 garbage-first heap   total 98304K, used 3972K [0x00000000a0e00000, 0x0000000100000000)
  region size 1024K, 3 young (3072K), 3 survivors (3072K)
 Metaspace       used 5596K, committed 5760K, reserved 1114112K
  class space    used 640K, committed 704K, reserved 1048576K
}
Event: 2.784 GC heap before
{Heap before GC invocations=1 (full 0):
 garbage-first heap   total 98304K, used 33668K [0x00000000a0e00000, 0x0000000100000000)
  region size 1024K, 32 young (32768K), 3 survivors (3072K)
 Metaspace       used 9961K, committed 10112K, reserved 1114112K
  class space    used 1209K, committed 1280K, reserved 1048576K
}
Event: 2.795 GC heap after
{Heap after GC invocations=2 (full 0):
 garbage-first heap   total 98304K, used 5615K [0x00000000a0e00000, 0x0000000100000000)
  region size 1024K, 2 young (2048K), 2 survivors (2048K)
 Metaspace       used 9961K, committed 10112K, reserved 1114112K
  class space    used 1209K, committed 1280K, reserved 1048576K
}
Event: 4.456 GC heap before
{Heap before GC invocations=2 (full 0):
 garbage-first heap   total 98304K, used 61935K [0x00000000a0e00000, 0x0000000100000000)
  region size 1024K, 57 young (58368K), 2 survivors (2048K)
 Metaspace       used 12773K, committed 12992K, reserved 1114112K
  class space    used 1477K, committed 1600K, reserved 1048576K
}
Event: 4.486 GC heap after
{Heap after GC invocations=3 (full 0):
 garbage-first heap   total 98304K, used 13242K [0x00000000a0e00000, 0x0000000100000000)
  region size 1024K, 8 young (8192K), 8 survivors (8192K)
 Metaspace       used 12773K, committed 12992K, reserved 1114112K
  class space    used 1477K, committed 1600K, reserved 1048576K
}
Event: 5.887 GC heap before
{Heap before GC invocations=3 (full 0):
 garbage-first heap   total 98304K, used 63418K [0x00000000a0e00000, 0x0000000100000000)
  region size 1024K, 57 young (58368K), 8 survivors (8192K)
 Metaspace       used 13170K, committed 13376K, reserved 1114112K
  class space    used 1503K, committed 1600K, reserved 1048576K
}
Event: 5.926 GC heap after
{Heap after GC invocations=4 (full 0):
 garbage-first heap   total 98304K, used 20480K [0x00000000a0e00000, 0x0000000100000000)
  region size 1024K, 7 young (7168K), 7 survivors (7168K)
 Metaspace       used 13170K, committed 13376K, reserved 1114112K
  class space    used 1503K, committed 1600K, reserved 1048576K
}
Event: 8.376 GC heap before
{Heap before GC invocations=4 (full 0):
 garbage-first heap   total 98304K, used 66560K [0x00000000a0e00000, 0x0000000100000000)
  region size 1024K, 52 young (53248K), 7 survivors (7168K)
 Metaspace       used 13451K, committed 13632K, reserved 1114112K
  class space    used 1505K, committed 1600K, reserved 1048576K
}
Event: 8.402 GC heap after
{Heap after GC invocations=5 (full 0):
 garbage-first heap   total 98304K, used 25088K [0x00000000a0e00000, 0x0000000100000000)
  region size 1024K, 5 young (5120K), 5 survivors (5120K)
 Metaspace       used 13451K, committed 13632K, reserved 1114112K
  class space    used 1505K, committed 1600K, reserved 1048576K
}

Deoptimization events (20 events):
Event: 8.227 Thread 0x00000228352a2ec0 DEOPT UNPACKING pc=0x00000228445723a3 sp=0x000000d6768fb100 mode 2
Event: 8.338 Thread 0x00000228352a2ec0 Uncommon trap: trap_request=0xffffffd6 fr.pc=0x0000022844d104ec relative=0x000000000000044c
Event: 8.338 Thread 0x00000228352a2ec0 Uncommon trap: reason=array_check action=maybe_recompile pc=0x0000022844d104ec method=java.util.HashMap.keysToArray([Ljava/lang/Object;)[Ljava/lang/Object; @ 62 c2
Event: 8.338 Thread 0x00000228352a2ec0 DEOPT PACKING pc=0x0000022844d104ec sp=0x000000d6768fae30
Event: 8.338 Thread 0x00000228352a2ec0 DEOPT UNPACKING pc=0x00000228445723a3 sp=0x000000d6768fadc8 mode 2
Event: 8.338 Thread 0x00000228352a2ec0 Uncommon trap: trap_request=0xffffffd6 fr.pc=0x0000022844d104ec relative=0x000000000000044c
Event: 8.338 Thread 0x00000228352a2ec0 Uncommon trap: reason=array_check action=maybe_recompile pc=0x0000022844d104ec method=java.util.HashMap.keysToArray([Ljava/lang/Object;)[Ljava/lang/Object; @ 62 c2
Event: 8.338 Thread 0x00000228352a2ec0 DEOPT PACKING pc=0x0000022844d104ec sp=0x000000d6768fb180
Event: 8.338 Thread 0x00000228352a2ec0 DEOPT UNPACKING pc=0x00000228445723a3 sp=0x000000d6768fb118 mode 2
Event: 8.340 Thread 0x00000228352a2ec0 Uncommon trap: trap_request=0xffffffd6 fr.pc=0x0000022844d104ec relative=0x000000000000044c
Event: 8.340 Thread 0x00000228352a2ec0 Uncommon trap: reason=array_check action=maybe_recompile pc=0x0000022844d104ec method=java.util.HashMap.keysToArray([Ljava/lang/Object;)[Ljava/lang/Object; @ 62 c2
Event: 8.340 Thread 0x00000228352a2ec0 DEOPT PACKING pc=0x0000022844d104ec sp=0x000000d6768fae60
Event: 8.340 Thread 0x00000228352a2ec0 DEOPT UNPACKING pc=0x00000228445723a3 sp=0x000000d6768fadf8 mode 2
Event: 8.340 Thread 0x00000228352a2ec0 Uncommon trap: trap_request=0xffffffd6 fr.pc=0x0000022844d104ec relative=0x000000000000044c
Event: 8.340 Thread 0x00000228352a2ec0 Uncommon trap: reason=array_check action=maybe_recompile pc=0x0000022844d104ec method=java.util.HashMap.keysToArray([Ljava/lang/Object;)[Ljava/lang/Object; @ 62 c2
Event: 8.340 Thread 0x00000228352a2ec0 DEOPT PACKING pc=0x0000022844d104ec sp=0x000000d6768fae60
Event: 8.340 Thread 0x00000228352a2ec0 DEOPT UNPACKING pc=0x00000228445723a3 sp=0x000000d6768fadf8 mode 2
Event: 8.473 Thread 0x00000228352a2ec0 DEOPT PACKING pc=0x000002283d11ba59 sp=0x000000d6768fb780
Event: 8.473 Thread 0x00000228352a2ec0 DEOPT UNPACKING pc=0x0000022844572b43 sp=0x000000d6768fac60 mode 0
Event: 8.954 Thread 0x00000228352a2ec0 Uncommon trap: trap_request=0xffffff45 fr.pc=0x0000022844aeb740 relative=0x00000000000004a0

Classes unloaded (0 events):
No events

Classes redefined (0 events):
No events

Internal exceptions (13 events):
Event: 0.746 Thread 0x00000228352a2ec0 Exception <a 'java/lang/NoSuchMethodError'{0x00000000a69cd768}: 'java.lang.Object java.lang.invoke.DirectMethodHandle$Holder.invokeStaticInit(java.lang.Object, int, int, int, int)'> (0x00000000a69cd768) 
thrown [s\open\src\hotspot\share\interpreter\linkResolver.cpp, line 759]
Event: 0.873 Thread 0x00000228352a2ec0 Exception <a 'java/lang/NoSuchMethodError'{0x00000000a68a5438}: 'java.lang.Object java.lang.invoke.DirectMethodHandle$Holder.invokeStaticInit(java.lang.Object, java.lang.Object, int, int, int, int)'> (0x00000000a68a5438) 
thrown [s\open\src\hotspot\share\interpreter\linkResolver.cpp, line 759]
Event: 1.638 Thread 0x00000228352a2ec0 Exception <a 'java/lang/NoSuchMethodError'{0x00000000a5c53458}: 'java.lang.Object java.lang.invoke.DirectMethodHandle$Holder.newInvokeSpecial(java.lang.Object, java.lang.Object, java.lang.Object, java.lang.Object, java.lang.Object)'> (0x00000000a5c53458) 
thrown [s\open\src\hotspot\share\interpreter\linkResolver.cpp, line 759]
Event: 2.927 Thread 0x00000228352a2ec0 Exception <a 'java/lang/NoClassDefFoundError'{0x00000000a6a533f8}: com/google/inject/servlet/ServletModuleTargetVisitor> (0x00000000a6a533f8) 
thrown [s\open\src\hotspot\share\classfile\systemDictionary.cpp, line 245]
Event: 2.927 Thread 0x00000228352a2ec0 Exception <a 'java/lang/NoClassDefFoundError'{0x00000000a6a560d0}: javax/annotation/Priority> (0x00000000a6a560d0) 
thrown [s\open\src\hotspot\share\classfile\systemDictionary.cpp, line 245]
Event: 3.207 Thread 0x00000228352a2ec0 Implicit null exception at 0x0000022844ae7472 to 0x0000022844ae7a40
Event: 3.207 Thread 0x00000228352a2ec0 Implicit null exception at 0x0000022844ae3272 to 0x0000022844ae3850
Event: 4.561 Thread 0x00000228352a2ec0 Implicit null exception at 0x0000022844b6b46a to 0x0000022844b6b620
Event: 4.561 Thread 0x00000228352a2ec0 Implicit null exception at 0x0000022844b6a5ea to 0x0000022844b6a7a4
Event: 4.561 Thread 0x00000228352a2ec0 Implicit null exception at 0x0000022844b67a8f to 0x0000022844b67b09
Event: 4.699 Thread 0x00000228352a2ec0 Implicit null exception at 0x0000022844beda5b to 0x0000022844bef3ac
Event: 4.699 Thread 0x00000228352a2ec0 Implicit null exception at 0x0000022844b1401e to 0x0000022844b14930
Event: 4.736 Thread 0x00000228352a2ec0 Implicit null exception at 0x0000022844c03276 to 0x0000022844c0361c

VM Operations (20 events):
Event: 3.082 Executing VM operation: ICBufferFull done
Event: 3.409 Executing VM operation: HandshakeAllThreads
Event: 3.409 Executing VM operation: HandshakeAllThreads done
Event: 3.657 Executing VM operation: ICBufferFull
Event: 3.657 Executing VM operation: ICBufferFull done
Event: 4.456 Executing VM operation: G1CollectForAllocation
Event: 4.486 Executing VM operation: G1CollectForAllocation done
Event: 4.863 Executing VM operation: HandshakeAllThreads
Event: 4.863 Executing VM operation: HandshakeAllThreads done
Event: 4.892 Executing VM operation: ICBufferFull
Event: 4.893 Executing VM operation: ICBufferFull done
Event: 5.887 Executing VM operation: G1CollectForAllocation
Event: 5.926 Executing VM operation: G1CollectForAllocation done
Event: 6.936 Executing VM operation: Cleanup
Event: 6.937 Executing VM operation: Cleanup done
Event: 7.947 Executing VM operation: Cleanup
Event: 7.947 Executing VM operation: Cleanup done
Event: 8.376 Executing VM operation: G1CollectForAllocation
Event: 8.402 Executing VM operation: G1CollectForAllocation done
Event: 9.414 Executing VM operation: Cleanup

Events (20 events):
Event: 3.253 loading class sun/nio/ch/FileLockTable done
Event: 3.253 loading class sun/nio/ch/FileKey
Event: 3.254 loading class sun/nio/ch/FileKey done
Event: 3.254 loading class sun/nio/ch/FileLockTable$FileLockReference
Event: 3.254 loading class sun/nio/ch/FileLockTable$FileLockReference done
Event: 3.254 loading class java/nio/channels/spi/AbstractInterruptibleChannel$1
Event: 3.254 loading class sun/nio/ch/Interruptible
Event: 3.254 loading class sun/nio/ch/Interruptible done
Event: 3.254 loading class java/nio/channels/spi/AbstractInterruptibleChannel$1 done
Event: 3.292 Thread 0x0000022898ea9d60 Thread added: 0x0000022898ea9d60
Event: 3.384 loading class jdk/internal/reflect/UnsafeQualifiedObjectFieldAccessorImpl
Event: 3.384 loading class jdk/internal/reflect/UnsafeQualifiedFieldAccessorImpl
Event: 3.384 loading class jdk/internal/reflect/UnsafeQualifiedFieldAccessorImpl done
Event: 3.384 loading class jdk/internal/reflect/UnsafeQualifiedObjectFieldAccessorImpl done
Event: 3.408 loading class java/util/ArrayList$ListItr
Event: 3.408 loading class java/util/ArrayList$ListItr done
Event: 4.197 loading class java/util/LinkedList$ListItr
Event: 4.197 loading class java/util/LinkedList$ListItr done
Event: 7.551 loading class sun/nio/cs/ISO_8859_1$Decoder
Event: 7.552 loading class sun/nio/cs/ISO_8859_1$Decoder done


Dynamic libraries:
0x00007ff709990000 - 0x00007ff7099a0000 	C:\Program Files\Java\jdk-17\bin\java.exe
0x00007ff811940000 - 0x00007ff811ba7000 	C:\WINDOWS\SYSTEM32\ntdll.dll
0x00007ff810720000 - 0x00007ff8107e9000 	C:\WINDOWS\System32\KERNEL32.DLL
0x00007ff80f070000 - 0x00007ff80f460000 	C:\WINDOWS\System32\KERNELBASE.dll
0x00007ff80bac0000 - 0x00007ff80bb5e000 	C:\WINDOWS\SYSTEM32\apphelp.dll
0x00007fffb1210000 - 0x00007fffb12be000 	c:\Users\deepa\AppData\Local\Programs\Trae\resources\app\modules\sandbox\x64\trae_sbox.dll
0x00007ff8105e0000 - 0x00007ff810694000 	C:\WINDOWS\System32\ADVAPI32.dll
0x00007ff8102b0000 - 0x00007ff810359000 	C:\WINDOWS\System32\msvcrt.dll
0x00007ff810b80000 - 0x00007ff810c26000 	C:\WINDOWS\System32\sechost.dll
0x00007ff80ffa0000 - 0x00007ff8100b8000 	C:\WINDOWS\System32\RPCRT4.dll
0x00007ff80ee60000 - 0x00007ff80efab000 	C:\WINDOWS\System32\ucrtbase.dll
0x00007fffecd70000 - 0x00007fffecd89000 	C:\Program Files\Java\jdk-17\bin\jli.dll
0x00007fffe7480000 - 0x00007fffe749b000 	C:\Program Files\Java\jdk-17\bin\VCRUNTIME140.dll
0x00007ff8100c0000 - 0x00007ff810285000 	C:\WINDOWS\System32\USER32.dll
0x00007ffff6f10000 - 0x00007ffff71aa000 	C:\WINDOWS\WinSxS\amd64_microsoft.windows.common-controls_6595b64144ccf1df_6.0.26100.4768_none_3e0c112ce331287c\COMCTL32.dll
0x00007ff80f470000 - 0x00007ff80f497000 	C:\WINDOWS\System32\win32u.dll
0x00007ff811350000 - 0x00007ff81137b000 	C:\WINDOWS\System32\GDI32.dll
0x00007ff80ec90000 - 0x00007ff80edc8000 	C:\WINDOWS\System32\gdi32full.dll
0x00007ff80f4a0000 - 0x00007ff80f543000 	C:\WINDOWS\System32\msvcp_win.dll
0x00007ff805dd0000 - 0x00007ff805ddb000 	C:\WINDOWS\SYSTEM32\VERSION.dll
0x00007fffb19d0000 - 0x00007fffb1a5f000 	c:\Users\deepa\AppData\Local\Programs\Trae\resources\app\modules\sandbox\x64\sbox_ipc.dll
0x00007ff810f40000 - 0x00007ff810f6f000 	C:\WINDOWS\System32\IMM32.DLL
0x00007ffff3840000 - 0x00007ffff3a81000 	C:\WINDOWS\SYSTEM32\dbghelp.dll
0x00007ff8107f0000 - 0x00007ff810b75000 	C:\WINDOWS\System32\combase.dll
0x00007ff811380000 - 0x00007ff811460000 	C:\WINDOWS\System32\OLEAUT32.dll
0x00007ffff7700000 - 0x00007ffff770c000 	C:\Program Files\Java\jdk-17\bin\vcruntime140_1.dll
0x00007ffff2d40000 - 0x00007ffff2d83000 	C:\WINDOWS\SYSTEM32\dbgcore.DLL
0x00007fffb1180000 - 0x00007fffb120e000 	C:\Program Files\Java\jdk-17\bin\msvcp140.dll
0x00007fff775b0000 - 0x00007fff78190000 	C:\Program Files\Java\jdk-17\bin\server\jvm.dll
0x00007ff810c30000 - 0x00007ff810c38000 	C:\WINDOWS\System32\PSAPI.DLL
0x00007ff801be0000 - 0x00007ff801bea000 	C:\WINDOWS\SYSTEM32\WSOCK32.dll
0x00007ff80fe40000 - 0x00007ff80feb4000 	C:\WINDOWS\System32\WS2_32.dll
0x00007ff805d90000 - 0x00007ff805dc5000 	C:\WINDOWS\SYSTEM32\WINMM.dll
0x00007ff80d7f0000 - 0x00007ff80d80b000 	C:\WINDOWS\SYSTEM32\kernel.appcore.dll
0x00007ffff73f0000 - 0x00007ffff73fa000 	C:\Program Files\Java\jdk-17\bin\jimage.dll
0x00007ff80ebf0000 - 0x00007ff80ec89000 	C:\WINDOWS\System32\bcryptPrimitives.dll
0x00007ff80d240000 - 0x00007ff80d366000 	C:\WINDOWS\SYSTEM32\dnsapi.dll
0x00007ff80d200000 - 0x00007ff80d233000 	C:\WINDOWS\SYSTEM32\IPHLPAPI.DLL
0x00007ff810290000 - 0x00007ff81029a000 	C:\WINDOWS\System32\NSI.dll
0x00007ff80f6d0000 - 0x00007ff80fe1d000 	C:\WINDOWS\System32\Shell32.dll
0x00007ff80f550000 - 0x00007ff80f6c3000 	C:\WINDOWS\System32\wintypes.dll
0x00007ff80c690000 - 0x00007ff80cef0000 	C:\WINDOWS\SYSTEM32\windows.storage.dll
0x00007ff811000000 - 0x00007ff8110f5000 	C:\WINDOWS\System32\shcore.dll
0x00007ff80bce0000 - 0x00007ff80bd8f000 	C:\WINDOWS\system32\uxtheme.dll
0x00007ff8112b0000 - 0x00007ff81131a000 	C:\WINDOWS\System32\shlwapi.dll
0x00007ff810360000 - 0x00007ff810408000 	C:\WINDOWS\System32\clbcatq.dll
0x00007ff802950000 - 0x00007ff802f94000 	C:\Windows\System32\OneCoreUAPCommonProxyStub.dll
0x00007ff811100000 - 0x00007ff8112a0000 	C:\WINDOWS\System32\ole32.dll
0x00007ff80e5c0000 - 0x00007ff80e617000 	C:\WINDOWS\SYSTEM32\CFGMGR32.dll
0x00007ff809860000 - 0x00007ff80996d000 	C:\WINDOWS\system32\propsys.dll
0x00007fffe6da0000 - 0x00007fffe6f21000 	C:\Windows\System32\Windows.System.Launcher.dll
0x00007ffffdfa0000 - 0x00007ffffdfba000 	C:\WINDOWS\SYSTEM32\windows.staterepositorycore.dll
0x00007fffef3d0000 - 0x00007fffef494000 	C:\Windows\System32\Windows.StateRepositoryPS.dll
0x00007ff80d920000 - 0x00007ff80d956000 	C:\WINDOWS\SYSTEM32\ntmarta.dll
0x00007fffe6cd0000 - 0x00007fffe6d92000 	C:\Windows\System32\Windows.FileExplorer.Common.dll
0x00007ffff0060000 - 0x00007ffff00b0000 	C:\WINDOWS\SYSTEM32\windows.staterepositoryclient.dll
0x00007fffe66d0000 - 0x00007fffe66ff000 	C:\Windows\System32\cldapi.dll
0x00007ff80daa0000 - 0x00007ff80dae9000 	C:\WINDOWS\SYSTEM32\SspiCli.dll
0x00007ffffae80000 - 0x00007ffffb065000 	C:\Windows\System32\urlmon.dll
0x00007ffffabb0000 - 0x00007ffffae7a000 	C:\Windows\System32\iertutil.dll
0x00007ffffab80000 - 0x00007ffffaba9000 	C:\Windows\System32\srvcli.dll
0x00007ff80d1c0000 - 0x00007ff80d1cd000 	C:\Windows\System32\netutils.dll
0x00007ff80e960000 - 0x00007ff80e986000 	C:\WINDOWS\SYSTEM32\bcrypt.dll
0x00007ff80e990000 - 0x00007ff80e9b9000 	C:\WINDOWS\SYSTEM32\profapi.dll
0x00007fffd4790000 - 0x00007fffd47bf000 	C:\WINDOWS\system32\mssprxy.dll
0x00007fffe6080000 - 0x00007fffe60a5000 	C:\Program Files\Java\jdk-17\bin\java.dll
0x00007fffabd30000 - 0x00007fffabe07000 	C:\Program Files\Java\jdk-17\bin\jsvml.dll
0x00007fffe6620000 - 0x00007fffe6639000 	C:\Program Files\Java\jdk-17\bin\net.dll
0x00007ff8063e0000 - 0x00007ff8064fe000 	C:\WINDOWS\SYSTEM32\WINHTTP.dll
0x00007ff80dd80000 - 0x00007ff80ddeb000 	C:\WINDOWS\system32\mswsock.dll
0x00007fffe62e0000 - 0x00007fffe62f6000 	C:\Program Files\Java\jdk-17\bin\nio.dll
0x00007fffe6000000 - 0x00007fffe6018000 	C:\Program Files\Java\jdk-17\bin\zip.dll
0x00007ffff6af0000 - 0x00007ffff6b00000 	C:\Program Files\Java\jdk-17\bin\verify.dll
0x00007ff80e040000 - 0x00007ff80e05b000 	C:\WINDOWS\SYSTEM32\CRYPTSP.dll
0x00007ff80d750000 - 0x00007ff80d78b000 	C:\WINDOWS\system32\rsaenh.dll
0x00007ff80de20000 - 0x00007ff80de4b000 	C:\WINDOWS\SYSTEM32\USERENV.dll
0x00007ff80e060000 - 0x00007ff80e06c000 	C:\WINDOWS\SYSTEM32\CRYPTBASE.dll
0x00007ff8061f0000 - 0x00007ff80620f000 	C:\WINDOWS\SYSTEM32\dhcpcsvc6.DLL
0x00007ff8061c0000 - 0x00007ff8061e5000 	C:\WINDOWS\SYSTEM32\dhcpcsvc.DLL
0x00007ff809aa0000 - 0x00007ff809aaa000 	C:\Users\deepa\AppData\Local\Temp\jansi-1.17.1-4528494234210434803.dll
0x00007ff809a90000 - 0x00007ff809a9a000 	C:\Users\deepa\AppData\Local\Temp\jansi-1.17.1-11159907688024182167.dll

dbghelp: loaded successfully - version: 4.0.5 - missing functions: none
symbol engine: initialized successfully - sym options: 0x614 - pdb path: .;C:\Program Files\Java\jdk-17\bin;C:\WINDOWS\SYSTEM32;c:\Users\deepa\AppData\Local\Programs\Trae\resources\app\modules\sandbox\x64;C:\WINDOWS\WinSxS\amd64_microsoft.windows.common-controls_6595b64144ccf1df_6.0.26100.4768_none_3e0c112ce331287c;C:\Program Files\Java\jdk-17\bin\server;C:\Users\deepa\AppData\Local\Temp

VM Arguments:
jvm_args: -Dmaven.home=C:/Users/deepa/Downloads/e-commerce-microservices-master/e-commerce-microservices-master -Dmaven.multiModuleProjectDirectory=C:/Users/deepa/Downloads/e-commerce-microservices-master/e-commerce-microservices-master/eureka-server 
java_command: org.apache.maven.wrapper.MavenWrapperMain spring-boot:run
java_class_path (initial): C:/Users/deepa/Downloads/e-commerce-microservices-master/e-commerce-microservices-master/eureka-server/.mvn/wrapper/maven-wrapper.jar
Launcher Type: SUN_STANDARD

[Global flags]
     intx CICompilerCount                          = 4                                         {product} {ergonomic}
     uint ConcGCThreads                            = 2                                         {product} {ergonomic}
     uint G1ConcRefinementThreads                  = 8                                         {product} {ergonomic}
   size_t G1HeapRegionSize                         = 1048576                                   {product} {ergonomic}
    uintx GCDrainStackTargetSize                   = 64                                        {product} {ergonomic}
   size_t InitialHeapSize                          = 100663296                                 {product} {ergonomic}
   size_t MarkStackSize                            = 4194304                                   {product} {ergonomic}
   size_t MaxHeapSize                              = 1595932672                                {product} {ergonomic}
   size_t MaxNewSize                               = 957349888                                 {product} {ergonomic}
   size_t MinHeapDeltaBytes                        = 1048576                                   {product} {ergonomic}
   size_t MinHeapSize                              = 8388608                                   {product} {ergonomic}
    uintx NonNMethodCodeHeapSize                   = 5839372                                {pd product} {ergonomic}
    uintx NonProfiledCodeHeapSize                  = 122909434                              {pd product} {ergonomic}
    uintx ProfiledCodeHeapSize                     = 122909434                              {pd product} {ergonomic}
    uintx ReservedCodeCacheSize                    = 251658240                              {pd product} {ergonomic}
     bool SegmentedCodeCache                       = true                                      {product} {ergonomic}
   size_t SoftMaxHeapSize                          = 1595932672                             {manageable} {ergonomic}
     bool UseCompressedClassPointers               = true                           {product lp64_product} {ergonomic}
     bool UseCompressedOops                        = true                           {product lp64_product} {ergonomic}
     bool UseG1GC                                  = true                                      {product} {ergonomic}
     bool UseLargePagesIndividualAllocation        = false                                  {pd product} {ergonomic}

Logging:
Log output configuration:
 #0: stdout all=warning uptime,level,tags
 #1: stderr all=off uptime,level,tags

Environment Variables:
JAVA_HOME=C:/Program Files/Java/jdk-17
PATH=c;C:\Users\deepa\.trae\tools\trae-gopls\current;c;C:\Users\deepa\.trae\sdks\workspaces\d87b252e\versions\node\current;c;C:\Users\deepa\.trae\sdks\versions\node\current;C:\c\Users\deepa\bin;C:\Program Files\Git\mingw64\bin;C:\Program Files\Git\usr\local\bin;C:\Program Files\Git\usr\bin;C:\Program Files\Git\usr\bin;C:\Program Files\Git\mingw64\bin;C:\Program Files\Git\usr\bin;C:\Users\deepa\bin;C:\Users\deepa\.trae\tools\trae-gopls\current;C:\Users\deepa\.trae\sdks\workspaces\d87b252e\versions\node\current;C:\Users\deepa\.trae\sdks\versions\node\current;C:\Program Files\Common Files\Oracle\Java\javapath;C:\Users\deepa\AppData\Local\Programs\Python\Python313\Scripts;C:\Users\deepa\AppData\Local\Programs\Python\Python313;C:\WINDOWS\system32;C:\WINDOWS;C:\WINDOWS\System32\Wbem;C:\WINDOWS\System32\WindowsPowerShell\v1.0;C:\WINDOWS\System32\OpenSSH;C:\Program Files\nodejs;C:\ProgramData\chocolatey\bin;C:\Program Files\MySQL\MySQL Server 9.2\bin;C:\Program Files\MySQL\MySQL Server 8.0\bin;C:\Program Files\Git\cmd;C:\Program Files\Java\jdk-17\bin;C:\Users\deepa\AppData\Local\Programs\Trae\bin;C:\Users\deepa\AppData\Local\Programs\Python\Launcher;C:\Users\deepa\AppData\Local\Microsoft\WindowsApps;C:\Users\deepa\AppData\Local\Programs\Microsoft VS Code\bin;C:\Users\deepa\AppData\Roaming\npm;C:\Users\deepa\AppData\Local\Programs\cursor\resources\app\bin;E:\apache-tomcat-10.1.44\apache-tomcat-10.1.44\bin;C:\Program Files\Java\jdk-17\bin;C:\Users\deepa\.trae\extensions\vscjava.vscode-java-debug-0.59.0-universal\bundled\scripts\noConfigScripts;C:\Program Files\Git\usr\bin\vendor_perl;C:\Program Files\Git\usr\bin\core_perl
USERNAME=deepa
SHELL=C:\Program Files\Git\usr\bin\bash.exe
DISPLAY=needs-to-be-defined
LANG=en_US.UTF-8
OS=Windows_NT
PROCESSOR_IDENTIFIER=AMD64 Family 23 Model 24 Stepping 1, AuthenticAMD



---------------  S Y S T E M  ---------------

OS:
 Windows 11 , 64 bit Build 26100 (10.0.26100.4768)
OS uptime: 16 days 7:36 hours

CPU: total 8 (initial active 8) (8 cores per cpu, 2 threads per core) family 23 model 24 stepping 1 microcode 0x8108109, cx8, cmov, fxsr, ht, mmx, 3dnowpref, sse, sse2, sse3, ssse3, sse4a, sse4.1, sse4.2, popcnt, lzcnt, tsc, tscinvbit, avx, avx2, aes, clmul, bmi1, bmi2, adx, sha, fma, vzeroupper, clflush, clflushopt

Memory: 4k page, system-wide physical 6086M (488M free)
TotalPageFile size 24518M (AvailPageFile size 92M)
current process WorkingSet (physical memory assigned to process): 212M, peak: 214M
current process commit charge ("private bytes"): 246M, peak: 252M

vm_info: Java HotSpot(TM) 64-Bit Server VM (17.0.12+8-LTS-286) for windows-amd64 JRE (17.0.12+8-LTS-286), built on Jun  5 2024 06:46:59 by "mach5one" with MS VC++ 17.6 (VS2022)

END.
