#
# There is insufficient memory for the Java Runtime Environment to continue.
# Native memory allocation (malloc) failed to allocate 1608656 bytes for Chunk::new
# Possible reasons:
#   The system is out of physical RAM or swap space
#   The process is running with CompressedOops enabled, and the Java Heap may be blocking the growth of the native heap
# Possible solutions:
#   Reduce memory load on the system
#   Increase physical memory or swap space
#   Check if swap backing store is full
#   Decrease Java heap size (-Xmx/-Xms)
#   Decrease number of Java threads
#   Decrease Java thread stack sizes (-Xss)
#   Set larger code cache with -XX:ReservedCodeCacheSize=
#   JVM is running with Unscaled Compressed Oops mode in which the Java heap is
#     placed in the first 4GB address space. The Java Heap base address is the
#     maximum limit for the native heap growth. Please use -XX:HeapBaseMinAddress
#     to set the Java Heap base and to place the Java Heap above 4GB virtual address.
# This output file may be truncated or incomplete.
#
#  Out of Memory Error (arena.cpp:189), pid=25416, tid=28292
#
# JRE version: Java(TM) SE Runtime Environment (17.0.12+8) (build 17.0.12+8-LTS-286)
# Java VM: Java HotSpot(TM) 64-Bit Server VM (17.0.12+8-LTS-286, mixed mode, sharing, tiered, compressed oops, compressed class ptrs, g1 gc, windows-amd64)
# No core dump will be written. Minidumps are not enabled by default on client versions of Windows
#

---------------  S U M M A R Y ------------

Command Line: -Xmx128m -Xss256k target/eureka-server-0.0.1-SNAPSHOT.jar

Host: AMD Ryzen 5 3500U with Radeon Vega Mobile Gfx  , 8 cores, 5G,  Windows 11 , 64 bit Build 26100 (10.0.26100.4768)
Time: Tue May 12 19:14:28 2026 India Standard Time elapsed time: 23.522970 seconds (0d 0h 0m 23s)

---------------  T H R E A D  ---------------

Current thread (0x000001dfec2c9c40):  JavaThread "C2 CompilerThread0" daemon [_thread_in_native, id=28292, stack(0x0000005e2d200000,0x0000005e2d300000)]


Current CompileTask:
C2:  23525 5003       4       org.springframework.asm.ClassReader::readCode (5085 bytes)

Stack: [0x0000005e2d200000,0x0000005e2d300000]
Native frames: (J=compiled Java code, j=interpreted, Vv=VM code, C=native code)
V  [jvm.dll+0x67a04a]
V  [jvm.dll+0x7da4ed]
V  [jvm.dll+0x7dbe33]
V  [jvm.dll+0x7dc4a3]
V  [jvm.dll+0x24508f]
V  [jvm.dll+0xab773]
V  [jvm.dll+0xabd3c]
V  [jvm.dll+0x361b9f]
V  [jvm.dll+0x1ba45a]
V  [jvm.dll+0x216997]
V  [jvm.dll+0x215c6f]
V  [jvm.dll+0x1a2960]
V  [jvm.dll+0x22610b]
V  [jvm.dll+0x2242ab]
V  [jvm.dll+0x79075c]
V  [jvm.dll+0x78abea]
V  [jvm.dll+0x678f35]
C  [ucrtbase.dll+0x37b0]
C  [KERNEL32.DLL+0x2e8d7]
C  [ntdll.dll+0x3c34c]


---------------  P R O C E S S  ---------------

Threads class SMR info:
_java_thread_list=0x000001dfec4c1f20, length=13, elements={
0x000001dfd0b7a7f0, 0x000001dfec2a64e0, 0x000001dfec2a80c0, 0x000001dfec2c2680,
0x000001dfec2c2f50, 0x000001dfec2c3820, 0x000001dfec2c4c60, 0x000001dfec2c9c40,
0x000001dfec35bd70, 0x000001dfec35c290, 0x000001dfec5316c0, 0x000001dfec537e50,
0x000001dff30cdf90
}

Java Threads: ( => current thread )
  0x000001dfd0b7a7f0 JavaThread "main" [_thread_in_vm, id=15072, stack(0x0000005e2c540000,0x0000005e2c580000)]
  0x000001dfec2a64e0 JavaThread "Reference Handler" daemon [_thread_blocked, id=30976, stack(0x0000005e2c580000,0x0000005e2c5c0000)]
  0x000001dfec2a80c0 JavaThread "Finalizer" daemon [_thread_blocked, id=10572, stack(0x0000005e2c5c0000,0x0000005e2c600000)]
  0x000001dfec2c2680 JavaThread "Signal Dispatcher" daemon [_thread_blocked, id=14616, stack(0x0000005e2d100000,0x0000005e2d140000)]
  0x000001dfec2c2f50 JavaThread "Attach Listener" daemon [_thread_blocked, id=25756, stack(0x0000005e2d140000,0x0000005e2d180000)]
  0x000001dfec2c3820 JavaThread "Service Thread" daemon [_thread_blocked, id=29796, stack(0x0000005e2d180000,0x0000005e2d1c0000)]
  0x000001dfec2c4c60 JavaThread "Monitor Deflation Thread" daemon [_thread_blocked, id=20968, stack(0x0000005e2d1c0000,0x0000005e2d200000)]
=>0x000001dfec2c9c40 JavaThread "C2 CompilerThread0" daemon [_thread_in_native, id=28292, stack(0x0000005e2d200000,0x0000005e2d300000)]
  0x000001dfec35bd70 JavaThread "C1 CompilerThread0" daemon [_thread_blocked, id=13356, stack(0x0000005e2d300000,0x0000005e2d400000)]
  0x000001dfec35c290 JavaThread "Sweeper thread" daemon [_thread_blocked, id=6652, stack(0x0000005e2d400000,0x0000005e2d440000)]
  0x000001dfec5316c0 JavaThread "Notification Thread" daemon [_thread_blocked, id=13948, stack(0x0000005e2d440000,0x0000005e2d480000)]
  0x000001dfec537e50 JavaThread "Common-Cleaner" daemon [_thread_blocked, id=28452, stack(0x0000005e2d580000,0x0000005e2d5c0000)]
  0x000001dff30cdf90 JavaThread "spring.cloud.inetutils" daemon [_thread_blocked, id=24008, stack(0x0000005e2dac0000,0x0000005e2db00000)]

Other Threads:
  0x000001dfec2a2d20 VMThread "VM Thread" [stack: 0x0000005e2d000000,0x0000005e2d100000] [id=20320]
  0x000001dfec537bc0 WatcherThread [stack: 0x0000005e2d480000,0x0000005e2d580000] [id=28184]
  0x000001dfd0b9d4b0 GCTaskThread "GC Thread#0" [stack: 0x0000005e2cb00000,0x0000005e2cc00000] [id=30672]
  0x000001dff1082140 GCTaskThread "GC Thread#1" [stack: 0x0000005e2d5c0000,0x0000005e2d6c0000] [id=25088]
  0x000001dff109a160 GCTaskThread "GC Thread#2" [stack: 0x0000005e2d6c0000,0x0000005e2d7c0000] [id=29844]
  0x000001dff14bff80 GCTaskThread "GC Thread#3" [stack: 0x0000005e2d7c0000,0x0000005e2d8c0000] [id=7852]
  0x000001dfec72ac90 GCTaskThread "GC Thread#4" [stack: 0x0000005e2d8c0000,0x0000005e2d9c0000] [id=21276]
  0x000001dff145c4e0 GCTaskThread "GC Thread#5" [stack: 0x0000005e2d9c0000,0x0000005e2dac0000] [id=27428]
  0x000001dfec6fe110 GCTaskThread "GC Thread#6" [stack: 0x0000005e2db00000,0x0000005e2dc00000] [id=21416]
  0x000001dff1479190 GCTaskThread "GC Thread#7" [stack: 0x0000005e2dc00000,0x0000005e2dd00000] [id=25924]
  0x000001dfd0b9f310 ConcurrentGCThread "G1 Main Marker" [stack: 0x0000005e2cc00000,0x0000005e2cd00000] [id=20504]
  0x000001dfd0ba0900 ConcurrentGCThread "G1 Conc#0" [stack: 0x0000005e2cd00000,0x0000005e2ce00000] [id=16104]
  0x000001dff1f78840 ConcurrentGCThread "G1 Conc#1" [stack: 0x0000005e2dd00000,0x0000005e2de00000] [id=2884]
  0x000001dfd0c121e0 ConcurrentGCThread "G1 Refine#0" [stack: 0x0000005e2ce00000,0x0000005e2cf00000] [id=21076]
  0x000001dfd0c12b20 ConcurrentGCThread "G1 Service" [stack: 0x0000005e2cf00000,0x0000005e2d000000] [id=1436]

Threads with active compile tasks:
C2 CompilerThread0    23631 5003       4       org.springframework.asm.ClassReader::readCode (5085 bytes)

VM state: not at safepoint (normal execution)

VM Mutex/Monitor currently owned by a thread: None

Heap address: 0x00000000f8000000, size: 128 MB, Compressed Oops mode: 32-bit

CDS archive(s) mapped at: [0x000001df80000000-0x000001df80bd0000-0x000001df80bd0000), size 12386304, SharedBaseAddress: 0x000001df80000000, ArchiveRelocationMode: 1.
Compressed class space mapped at: 0x000001df81000000-0x000001dfc1000000, reserved size: 1073741824
Narrow klass base: 0x000001df80000000, Narrow klass shift: 0, Narrow klass range: 0x100000000

GC Precious Log:
 CPUs: 8 total, 8 available
 Memory: 6086M
 Large Page Support: Disabled
 NUMA Support: Disabled
 Compressed Oops: Enabled (32-bit)
 Heap Region Size: 1M
 Heap Min Capacity: 8M
 Heap Initial Capacity: 96M
 Heap Max Capacity: 128M
 Pre-touch: Disabled
 Parallel Workers: 8
 Concurrent Workers: 2
 Concurrent Refinement Workers: 8
 Periodic GC: Disabled

Heap:
 garbage-first heap   total 46080K, used 32994K [0x00000000f8000000, 0x0000000100000000)
  region size 1024K, 11 young (11264K), 3 survivors (3072K)
 Metaspace       used 37993K, committed 38336K, reserved 1114112K
  class space    used 4744K, committed 4928K, reserved 1048576K

Heap Regions: E=young(eden), S=young(survivor), O=old, HS=humongous(starts), HC=humongous(continues), CS=collection set, F=free, OA=open archive, CA=closed archive, TAMS=top-at-mark-start (previous, next)
|   0|0x00000000f8000000, 0x00000000f8100000, 0x00000000f8100000|100%| O|  |TAMS 0x00000000f8100000, 0x00000000f8000000| Untracked 
|   1|0x00000000f8100000, 0x00000000f8200000, 0x00000000f8200000|100%| O|  |TAMS 0x00000000f8200000, 0x00000000f8100000| Untracked 
|   2|0x00000000f8200000, 0x00000000f8300000, 0x00000000f8300000|100%| O|  |TAMS 0x00000000f8300000, 0x00000000f8200000| Untracked 
|   3|0x00000000f8300000, 0x00000000f8400000, 0x00000000f8400000|100%| O|  |TAMS 0x00000000f8400000, 0x00000000f8300000| Untracked 
|   4|0x00000000f8400000, 0x00000000f8500000, 0x00000000f8500000|100%| O|  |TAMS 0x00000000f8500000, 0x00000000f8400000| Untracked 
|   5|0x00000000f8500000, 0x00000000f8600000, 0x00000000f8600000|100%| O|  |TAMS 0x00000000f8600000, 0x00000000f8500000| Untracked 
|   6|0x00000000f8600000, 0x00000000f8700000, 0x00000000f8700000|100%| O|  |TAMS 0x00000000f8700000, 0x00000000f8600000| Untracked 
|   7|0x00000000f8700000, 0x00000000f8800000, 0x00000000f8800000|100%| O|  |TAMS 0x00000000f8800000, 0x00000000f8700000| Untracked 
|   8|0x00000000f8800000, 0x00000000f8900000, 0x00000000f8900000|100%| O|  |TAMS 0x00000000f8900000, 0x00000000f8800000| Untracked 
|   9|0x00000000f8900000, 0x00000000f8a00000, 0x00000000f8a00000|100%| O|  |TAMS 0x00000000f8a00000, 0x00000000f8900000| Untracked 
|  10|0x00000000f8a00000, 0x00000000f8b00000, 0x00000000f8b00000|100%| O|  |TAMS 0x00000000f8b00000, 0x00000000f8a00000| Untracked 
|  11|0x00000000f8b00000, 0x00000000f8c00000, 0x00000000f8c00000|100%| O|  |TAMS 0x00000000f8c00000, 0x00000000f8b00000| Untracked 
|  12|0x00000000f8c00000, 0x00000000f8d00000, 0x00000000f8d00000|100%| O|  |TAMS 0x00000000f8d00000, 0x00000000f8c00000| Untracked 
|  13|0x00000000f8d00000, 0x00000000f8e00000, 0x00000000f8e00000|100%| O|  |TAMS 0x00000000f8e00000, 0x00000000f8d00000| Untracked 
|  14|0x00000000f8e00000, 0x00000000f8f00000, 0x00000000f8f00000|100%| O|  |TAMS 0x00000000f8f00000, 0x00000000f8e00000| Untracked 
|  15|0x00000000f8f00000, 0x00000000f9000000, 0x00000000f9000000|100%| O|  |TAMS 0x00000000f9000000, 0x00000000f8f00000| Untracked 
|  16|0x00000000f9000000, 0x00000000f9100000, 0x00000000f9100000|100%| O|  |TAMS 0x00000000f9100000, 0x00000000f9000000| Untracked 
|  17|0x00000000f9100000, 0x00000000f9200000, 0x00000000f9200000|100%| O|  |TAMS 0x00000000f9200000, 0x00000000f9100000| Untracked 
|  18|0x00000000f9200000, 0x00000000f9300000, 0x00000000f9300000|100%| O|  |TAMS 0x00000000f9300000, 0x00000000f9200000| Untracked 
|  19|0x00000000f9300000, 0x00000000f9400000, 0x00000000f9400000|100%| O|  |TAMS 0x00000000f9400000, 0x00000000f9300000| Untracked 
|  20|0x00000000f9400000, 0x00000000f9500000, 0x00000000f9500000|100%| O|  |TAMS 0x00000000f9500000, 0x00000000f9400000| Untracked 
|  21|0x00000000f9500000, 0x00000000f9600000, 0x00000000f9600000|100%| O|  |TAMS 0x00000000f9500000, 0x00000000f9500000| Untracked 
|  22|0x00000000f9600000, 0x00000000f9638800, 0x00000000f9700000| 22%| O|  |TAMS 0x00000000f9600000, 0x00000000f9600000| Untracked 
|  23|0x00000000f9700000, 0x00000000f9700000, 0x00000000f9800000|  0%| F|  |TAMS 0x00000000f9700000, 0x00000000f9700000| Untracked 
|  24|0x00000000f9800000, 0x00000000f9800000, 0x00000000f9900000|  0%| F|  |TAMS 0x00000000f9800000, 0x00000000f9800000| Untracked 
|  25|0x00000000f9900000, 0x00000000f9a00000, 0x00000000f9a00000|100%| S|CS|TAMS 0x00000000f9900000, 0x00000000f9900000| Complete 
|  26|0x00000000f9a00000, 0x00000000f9a00000, 0x00000000f9b00000|  0%| F|  |TAMS 0x00000000f9a00000, 0x00000000f9a00000| Untracked 
|  27|0x00000000f9b00000, 0x00000000f9b00000, 0x00000000f9c00000|  0%| F|  |TAMS 0x00000000f9b00000, 0x00000000f9b00000| Untracked 
|  28|0x00000000f9c00000, 0x00000000f9d00000, 0x00000000f9d00000|100%| S|CS|TAMS 0x00000000f9c00000, 0x00000000f9c00000| Complete 
|  29|0x00000000f9d00000, 0x00000000f9e00000, 0x00000000f9e00000|100%| S|CS|TAMS 0x00000000f9d00000, 0x00000000f9d00000| Complete 
|  30|0x00000000f9e00000, 0x00000000f9e00000, 0x00000000f9f00000|  0%| F|  |TAMS 0x00000000f9e00000, 0x00000000f9e00000| Untracked 
|  31|0x00000000f9f00000, 0x00000000f9f00000, 0x00000000fa000000|  0%| F|  |TAMS 0x00000000f9f00000, 0x00000000f9f00000| Untracked 
|  32|0x00000000fa000000, 0x00000000fa000000, 0x00000000fa100000|  0%| F|  |TAMS 0x00000000fa000000, 0x00000000fa000000| Untracked 
|  33|0x00000000fa100000, 0x00000000fa100000, 0x00000000fa200000|  0%| F|  |TAMS 0x00000000fa100000, 0x00000000fa100000| Untracked 
|  34|0x00000000fa200000, 0x00000000fa200000, 0x00000000fa300000|  0%| F|  |TAMS 0x00000000fa200000, 0x00000000fa200000| Untracked 
|  35|0x00000000fa300000, 0x00000000fa300000, 0x00000000fa400000|  0%| F|  |TAMS 0x00000000fa300000, 0x00000000fa300000| Untracked 
|  36|0x00000000fa400000, 0x00000000fa4335b8, 0x00000000fa500000| 20%| E|  |TAMS 0x00000000fa400000, 0x00000000fa400000| Complete 
|  37|0x00000000fa500000, 0x00000000fa600000, 0x00000000fa600000|100%| E|CS|TAMS 0x00000000fa500000, 0x00000000fa500000| Complete 
|  69|0x00000000fc500000, 0x00000000fc600000, 0x00000000fc600000|100%| E|CS|TAMS 0x00000000fc500000, 0x00000000fc500000| Complete 
|  70|0x00000000fc600000, 0x00000000fc700000, 0x00000000fc700000|100%| E|CS|TAMS 0x00000000fc600000, 0x00000000fc600000| Complete 
|  71|0x00000000fc700000, 0x00000000fc800000, 0x00000000fc800000|100%| E|CS|TAMS 0x00000000fc700000, 0x00000000fc700000| Complete 
|  72|0x00000000fc800000, 0x00000000fc900000, 0x00000000fc900000|100%| E|CS|TAMS 0x00000000fc800000, 0x00000000fc800000| Complete 
|  73|0x00000000fc900000, 0x00000000fca00000, 0x00000000fca00000|100%| E|CS|TAMS 0x00000000fc900000, 0x00000000fc900000| Complete 
|  94|0x00000000fde00000, 0x00000000fdf00000, 0x00000000fdf00000|100%| E|CS|TAMS 0x00000000fde00000, 0x00000000fde00000| Complete 
|  95|0x00000000fdf00000, 0x00000000fe000000, 0x00000000fe000000|100%| E|CS|TAMS 0x00000000fdf00000, 0x00000000fdf00000| Complete 

Card table byte_map: [0x000001dfd0c30000,0x000001dfd0c70000] _byte_map_base: 0x000001dfd0470000

Marking Bits (Prev, Next): (CMBitMap*) 0x000001dfd0b9d9e0, (CMBitMap*) 0x000001dfd0b9da20
 Prev Bits: [0x000001dfe94f0000, 0x000001dfe96f0000)
 Next Bits: [0x000001dfe96f0000, 0x000001dfe98f0000)

Polling page: 0x000001dfd0880000

Metaspace:

Usage:
  Non-class:     32.48 MB used.
      Class:      4.63 MB used.
       Both:     37.12 MB used.

Virtual space:
  Non-class space:       64.00 MB reserved,      32.62 MB ( 51%) committed,  1 nodes.
      Class space:        1.00 GB reserved,       4.81 MB ( <1%) committed,  1 nodes.
             Both:        1.06 GB reserved,      37.44 MB (  3%) committed. 

Chunk freelists:
   Non-Class:  15.39 MB
       Class:  11.16 MB
        Both:  26.55 MB

MaxMetaspaceSize: unlimited
CompressedClassSpaceSize: 1.00 GB
Initial GC threshold: 21.00 MB
Current GC threshold: 60.94 MB
CDS: on
MetaspaceReclaimPolicy: balanced
 - commit_granule_bytes: 65536.
 - commit_granule_words: 8192.
 - virtual_space_node_default_size: 8388608.
 - enlarge_chunks_in_place: 1.
 - new_chunks_are_fully_committed: 0.
 - uncommit_free_chunks: 1.
 - use_allocation_guard: 0.
 - handle_deallocations: 1.


Internal statistics:

num_allocs_failed_limit: 3.
num_arena_births: 412.
num_arena_deaths: 0.
num_vsnodes_births: 2.
num_vsnodes_deaths: 0.
num_space_committed: 599.
num_space_uncommitted: 0.
num_chunks_returned_to_freelist: 3.
num_chunks_taken_from_freelist: 1780.
num_chunk_merges: 0.
num_chunk_splits: 1177.
num_chunks_enlarged: 862.
num_inconsistent_stats: 0.

CodeHeap 'non-profiled nmethods': size=120000Kb used=1980Kb max_used=2406Kb free=118020Kb
 bounds [0x000001dfe1510000, 0x000001dfe1780000, 0x000001dfe8a40000]
CodeHeap 'profiled nmethods': size=120000Kb used=9604Kb max_used=10631Kb free=110395Kb
 bounds [0x000001dfd9a40000, 0x000001dfda4b0000, 0x000001dfe0f70000]
CodeHeap 'non-nmethods': size=5760Kb used=1219Kb max_used=1256Kb free=4541Kb
 bounds [0x000001dfe0f70000, 0x000001dfe11e0000, 0x000001dfe1510000]
 total_blobs=5194 nmethods=4669 adapters=437
 compilation: enabled
              stopped_count=0, restarted_count=0
 full_count=0

Compilation events (20 events):
Event: 22.488 Thread 0x000001dfec35bd70 5690       2       java.time.zone.ZoneOffsetTransitionRule::readExternal (262 bytes)
Event: 22.489 Thread 0x000001dfec35bd70 nmethod 5690 0x000001dfd9bf9d10 code [0x000001dfd9bf9f80, 0x000001dfd9bfa4e8]
Event: 22.489 Thread 0x000001dfec35bd70 5696       2       java.util.Formatter$FormatSpecifier::checkBadFlags (49 bytes)
Event: 22.490 Thread 0x000001dfec35bd70 nmethod 5696 0x000001dfd9bfb290 code [0x000001dfd9bfb440, 0x000001dfd9bfb648]
Event: 22.490 Thread 0x000001dfec35bd70 5697       2       java.lang.Long::toString (139 bytes)
Event: 22.490 Thread 0x000001dfec35bd70 nmethod 5697 0x000001dfd9bf9510 code [0x000001dfd9bf96e0, 0x000001dfd9bf9b38]
Event: 22.490 Thread 0x000001dfec35bd70 5698       2       java.util.Formatter$FormatSpecifier::leadingSign (82 bytes)
Event: 22.491 Thread 0x000001dfec35bd70 nmethod 5698 0x000001dfd9bf8e10 code [0x000001dfd9bf8fe0, 0x000001dfd9bf9278]
Event: 22.492 Thread 0x000001dfec35bd70 5699       2       java.time.zone.ZoneOffsetTransitionRule::<init> (79 bytes)
Event: 22.492 Thread 0x000001dfec35bd70 nmethod 5699 0x000001dfd9bf8810 code [0x000001dfd9bf89c0, 0x000001dfd9bf8d78]
Event: 22.499 Thread 0x000001dfec35bd70 5700       2       java.util.ServiceLoader::loadInstalled (17 bytes)
Event: 22.500 Thread 0x000001dfec35bd70 nmethod 5700 0x000001dfd9b6ae90 code [0x000001dfd9b6b060, 0x000001dfd9b6b3b8]
Event: 22.500 Thread 0x000001dfec35bd70 5701       2       sun.util.resources.LocaleData$LocaleDataStrategy::getCandidateLocales (219 bytes)
Event: 22.502 Thread 0x000001dfec35bd70 nmethod 5701 0x000001dfd9b69a10 code [0x000001dfd9b69d20, 0x000001dfd9b6a7a8]
Event: 22.505 Thread 0x000001dfec35bd70 5702       2       java.time.LocalDate::lengthOfMonth (81 bytes)
Event: 22.505 Thread 0x000001dfec35bd70 nmethod 5702 0x000001dfd9bfae10 code [0x000001dfd9bfafc0, 0x000001dfd9bfb1a8]
Event: 22.505 Thread 0x000001dfec35bd70 5703       3       java.util.regex.Pattern$Node::study (21 bytes)
Event: 22.506 Thread 0x000001dfec35bd70 nmethod 5703 0x000001dfd9b69510 code [0x000001dfd9b696c0, 0x000001dfd9b69908]
Event: 22.512 Thread 0x000001dfec35bd70 5704       3       java.lang.String::regionMatches (150 bytes)
Event: 22.513 Thread 0x000001dfec35bd70 nmethod 5704 0x000001dfd9c53790 code [0x000001dfd9c539e0, 0x000001dfd9c541e8]

GC Heap History (20 events):
Event: 18.628 GC heap before
{Heap before GC invocations=28 (full 0):
 garbage-first heap   total 45056K, used 37078K [0x00000000f8000000, 0x0000000100000000)
  region size 1024K, 19 young (19456K), 2 survivors (2048K)
 Metaspace       used 33086K, committed 33472K, reserved 1114112K
  class space    used 4092K, committed 4288K, reserved 1048576K
}
Event: 18.636 GC heap after
{Heap after GC invocations=29 (full 0):
 garbage-first heap   total 45056K, used 20308K [0x00000000f8000000, 0x0000000100000000)
  region size 1024K, 2 young (2048K), 2 survivors (2048K)
 Metaspace       used 33086K, committed 33472K, reserved 1114112K
  class space    used 4092K, committed 4288K, reserved 1048576K
}
Event: 18.843 GC heap before
{Heap before GC invocations=29 (full 0):
 garbage-first heap   total 45056K, used 37716K [0x00000000f8000000, 0x0000000100000000)
  region size 1024K, 19 young (19456K), 2 survivors (2048K)
 Metaspace       used 33862K, committed 34176K, reserved 1114112K
  class space    used 4210K, committed 4352K, reserved 1048576K
}
Event: 18.851 GC heap after
{Heap after GC invocations=30 (full 0):
 garbage-first heap   total 45056K, used 20515K [0x00000000f8000000, 0x0000000100000000)
  region size 1024K, 2 young (2048K), 2 survivors (2048K)
 Metaspace       used 33862K, committed 34176K, reserved 1114112K
  class space    used 4210K, committed 4352K, reserved 1048576K
}
Event: 19.141 GC heap before
{Heap before GC invocations=30 (full 0):
 garbage-first heap   total 45056K, used 36899K [0x00000000f8000000, 0x0000000100000000)
  region size 1024K, 18 young (18432K), 2 survivors (2048K)
 Metaspace       used 34254K, committed 34624K, reserved 1114112K
  class space    used 4262K, committed 4416K, reserved 1048576K
}
Event: 19.148 GC heap after
{Heap after GC invocations=31 (full 0):
 garbage-first heap   total 45056K, used 21217K [0x00000000f8000000, 0x0000000100000000)
  region size 1024K, 2 young (2048K), 2 survivors (2048K)
 Metaspace       used 34254K, committed 34624K, reserved 1114112K
  class space    used 4262K, committed 4416K, reserved 1048576K
}
Event: 19.333 GC heap before
{Heap before GC invocations=31 (full 0):
 garbage-first heap   total 45056K, used 37601K [0x00000000f8000000, 0x0000000100000000)
  region size 1024K, 18 young (18432K), 2 survivors (2048K)
 Metaspace       used 34418K, committed 34752K, reserved 1114112K
  class space    used 4289K, committed 4416K, reserved 1048576K
}
Event: 19.340 GC heap after
{Heap after GC invocations=32 (full 0):
 garbage-first heap   total 45056K, used 21141K [0x00000000f8000000, 0x0000000100000000)
  region size 1024K, 2 young (2048K), 2 survivors (2048K)
 Metaspace       used 34418K, committed 34752K, reserved 1114112K
  class space    used 4289K, committed 4416K, reserved 1048576K
}
Event: 20.621 GC heap before
{Heap before GC invocations=32 (full 0):
 garbage-first heap   total 45056K, used 36501K [0x00000000f8000000, 0x0000000100000000)
  region size 1024K, 17 young (17408K), 2 survivors (2048K)
 Metaspace       used 34933K, committed 35264K, reserved 1114112K
  class space    used 4364K, committed 4544K, reserved 1048576K
}
Event: 20.631 GC heap after
{Heap after GC invocations=33 (full 0):
 garbage-first heap   total 45056K, used 21648K [0x00000000f8000000, 0x0000000100000000)
  region size 1024K, 2 young (2048K), 2 survivors (2048K)
 Metaspace       used 34933K, committed 35264K, reserved 1114112K
  class space    used 4364K, committed 4544K, reserved 1048576K
}
Event: 21.060 GC heap before
{Heap before GC invocations=34 (full 0):
 garbage-first heap   total 45056K, used 37008K [0x00000000f8000000, 0x0000000100000000)
  region size 1024K, 17 young (17408K), 2 survivors (2048K)
 Metaspace       used 35394K, committed 35776K, reserved 1114112K
  class space    used 4426K, committed 4608K, reserved 1048576K
}
Event: 21.069 GC heap after
{Heap after GC invocations=35 (full 0):
 garbage-first heap   total 45056K, used 22167K [0x00000000f8000000, 0x0000000100000000)
  region size 1024K, 2 young (2048K), 2 survivors (2048K)
 Metaspace       used 35394K, committed 35776K, reserved 1114112K
  class space    used 4426K, committed 4608K, reserved 1048576K
}
Event: 21.377 GC heap before
{Heap before GC invocations=35 (full 0):
 garbage-first heap   total 45056K, used 37527K [0x00000000f8000000, 0x0000000100000000)
  region size 1024K, 17 young (17408K), 2 survivors (2048K)
 Metaspace       used 35952K, committed 36288K, reserved 1114112K
  class space    used 4502K, committed 4672K, reserved 1048576K
}
Event: 21.387 GC heap after
{Heap after GC invocations=36 (full 0):
 garbage-first heap   total 45056K, used 22390K [0x00000000f8000000, 0x0000000100000000)
  region size 1024K, 2 young (2048K), 2 survivors (2048K)
 Metaspace       used 35952K, committed 36288K, reserved 1114112K
  class space    used 4502K, committed 4672K, reserved 1048576K
}
Event: 21.611 GC heap before
{Heap before GC invocations=37 (full 0):
 garbage-first heap   total 46080K, used 36726K [0x00000000f8000000, 0x0000000100000000)
  region size 1024K, 16 young (16384K), 2 survivors (2048K)
 Metaspace       used 36423K, committed 36736K, reserved 1114112K
  class space    used 4576K, committed 4736K, reserved 1048576K
}
Event: 21.619 GC heap after
{Heap after GC invocations=38 (full 0):
 garbage-first heap   total 46080K, used 22528K [0x00000000f8000000, 0x0000000100000000)
  region size 1024K, 1 young (1024K), 1 survivors (1024K)
 Metaspace       used 36423K, committed 36736K, reserved 1114112K
  class space    used 4576K, committed 4736K, reserved 1048576K
}
Event: 21.875 GC heap before
{Heap before GC invocations=38 (full 0):
 garbage-first heap   total 46080K, used 38912K [0x00000000f8000000, 0x0000000100000000)
  region size 1024K, 17 young (17408K), 1 survivors (1024K)
 Metaspace       used 37051K, committed 37312K, reserved 1114112K
  class space    used 4663K, committed 4800K, reserved 1048576K
}
Event: 21.882 GC heap after
{Heap after GC invocations=39 (full 0):
 garbage-first heap   total 46080K, used 22631K [0x00000000f8000000, 0x0000000100000000)
  region size 1024K, 2 young (2048K), 2 survivors (2048K)
 Metaspace       used 37051K, committed 37312K, reserved 1114112K
  class space    used 4663K, committed 4800K, reserved 1048576K
}
Event: 22.453 GC heap before
{Heap before GC invocations=40 (full 0):
 garbage-first heap   total 46080K, used 37991K [0x00000000f8000000, 0x0000000100000000)
  region size 1024K, 17 young (17408K), 2 survivors (2048K)
 Metaspace       used 37440K, committed 37760K, reserved 1114112K
  class space    used 4680K, committed 4800K, reserved 1048576K
}
Event: 22.466 GC heap after
{Heap after GC invocations=41 (full 0):
 garbage-first heap   total 46080K, used 25826K [0x00000000f8000000, 0x0000000100000000)
  region size 1024K, 3 young (3072K), 3 survivors (3072K)
 Metaspace       used 37440K, committed 37760K, reserved 1114112K
  class space    used 4680K, committed 4800K, reserved 1048576K
}

Deoptimization events (20 events):
Event: 21.960 Thread 0x000001dfd0b7a7f0 DEOPT PACKING pc=0x000001dfe1726f8c sp=0x0000005e2c579800
Event: 21.960 Thread 0x000001dfd0b7a7f0 DEOPT UNPACKING pc=0x000001dfe0fc23a3 sp=0x0000005e2c579780 mode 2
Event: 22.194 Thread 0x000001dfd0b7a7f0 DEOPT PACKING pc=0x000001dfd9c5a9ba sp=0x0000005e2c579620
Event: 22.194 Thread 0x000001dfd0b7a7f0 DEOPT UNPACKING pc=0x000001dfe0fc2b43 sp=0x0000005e2c578ac0 mode 0
Event: 22.236 Thread 0x000001dfd0b7a7f0 Uncommon trap: trap_request=0xffffff45 fr.pc=0x000001dfe1734f14 relative=0x0000000000000194
Event: 22.236 Thread 0x000001dfd0b7a7f0 Uncommon trap: reason=unstable_if action=reinterpret pc=0x000001dfe1734f14 method=java.time.chrono.IsoChronology.isLeapYear(J)Z @ 17 c2
Event: 22.236 Thread 0x000001dfd0b7a7f0 DEOPT PACKING pc=0x000001dfe1734f14 sp=0x0000005e2c5791b0
Event: 22.236 Thread 0x000001dfd0b7a7f0 DEOPT UNPACKING pc=0x000001dfe0fc23a3 sp=0x0000005e2c579058 mode 2
Event: 22.236 Thread 0x000001dfd0b7a7f0 Uncommon trap: trap_request=0xffffff45 fr.pc=0x000001dfe1732004 relative=0x0000000000000364
Event: 22.236 Thread 0x000001dfd0b7a7f0 Uncommon trap: reason=unstable_if action=reinterpret pc=0x000001dfe1732004 method=java.time.LocalDate.ofEpochDay(J)Ljava/time/LocalDate; @ 108 c2
Event: 22.237 Thread 0x000001dfd0b7a7f0 DEOPT PACKING pc=0x000001dfe1732004 sp=0x0000005e2c5791a0
Event: 22.237 Thread 0x000001dfd0b7a7f0 DEOPT UNPACKING pc=0x000001dfe0fc23a3 sp=0x0000005e2c5790e8 mode 2
Event: 22.393 Thread 0x000001dfd0b7a7f0 DEOPT PACKING pc=0x000001dfd9bccdce sp=0x0000005e2c5795e0
Event: 22.393 Thread 0x000001dfd0b7a7f0 DEOPT UNPACKING pc=0x000001dfe0fc2b43 sp=0x0000005e2c578ae0 mode 0
Event: 22.448 Thread 0x000001dfd0b7a7f0 DEOPT PACKING pc=0x000001dfd9c0fc6e sp=0x0000005e2c579840
Event: 22.449 Thread 0x000001dfd0b7a7f0 DEOPT UNPACKING pc=0x000001dfe0fc2b43 sp=0x0000005e2c578d18 mode 0
Event: 22.506 Thread 0x000001dfd0b7a7f0 Uncommon trap: trap_request=0xffffff45 fr.pc=0x000001dfe156619c relative=0x000000000000065c
Event: 22.506 Thread 0x000001dfd0b7a7f0 Uncommon trap: reason=unstable_if action=reinterpret pc=0x000001dfe156619c method=java.lang.String.regionMatches(ZILjava/lang/String;II)Z @ 36 c2
Event: 22.506 Thread 0x000001dfd0b7a7f0 DEOPT PACKING pc=0x000001dfe156619c sp=0x0000005e2c579d30
Event: 22.506 Thread 0x000001dfd0b7a7f0 DEOPT UNPACKING pc=0x000001dfe0fc23a3 sp=0x0000005e2c579cd8 mode 2

Classes unloaded (0 events):
No events

Classes redefined (0 events):
No events

Internal exceptions (20 events):
Event: 18.577 Thread 0x000001dfd0b7a7f0 Exception <a 'java/lang/NoSuchMethodError'{0x00000000f9e1ba08}: 'double java.lang.invoke.DirectMethodHandle$Holder.invokeStatic(java.lang.Object, java.lang.Object, java.lang.Object)'> (0x00000000f9e1ba08) 
thrown [s\open\src\hotspot\share\interpreter\linkResolver.cpp, line 759]
Event: 18.657 Thread 0x000001dfd0b7a7f0 Exception <a 'java/lang/reflect/InvocationTargetException'{0x00000000fc906508}> (0x00000000fc906508) 
thrown [s\open\src\hotspot\share\runtime\reflection.cpp, line 1121]
Event: 18.773 Thread 0x000001dfd0b7a7f0 Exception <a 'java/lang/ClassNotFoundException'{0x00000000fa0d4330}: java/lang/ObjectCustomizer> (0x00000000fa0d4330) 
thrown [s\open\src\hotspot\share\classfile\systemDictionary.cpp, line 256]
Event: 18.778 Thread 0x000001dfd0b7a7f0 Exception <a 'java/lang/ClassNotFoundException'{0x00000000f9f234d8}: org/springframework/aop/framework/ProxyConfigCustomizer> (0x00000000f9f234d8) 
thrown [s\open\src\hotspot\share\classfile\systemDictionary.cpp, line 256]
Event: 18.783 Thread 0x000001dfd0b7a7f0 Exception <a 'java/lang/ClassNotFoundException'{0x00000000f9f77cd0}: org/springframework/aop/scope/ScopedProxyFactoryBeanCustomizer> (0x00000000f9f77cd0) 
thrown [s\open\src\hotspot\share\classfile\systemDictionary.cpp, line 256]
Event: 18.788 Thread 0x000001dfd0b7a7f0 Exception <a 'java/lang/ClassNotFoundException'{0x00000000f9fd2fa8}: org/springframework/cloud/context/scope/GenericScope$LockedScopedProxyFactoryBeanCustomizer> (0x00000000f9fd2fa8) 
thrown [s\open\src\hotspot\share\classfile\systemDictionary.cpp, line 256]
Event: 18.795 Thread 0x000001dfd0b7a7f0 Exception <a 'java/lang/ClassNotFoundException'{0x00000000f9e2d850}: org/aopalliance/intercept/MethodInterceptorCustomizer> (0x00000000f9e2d850) 
thrown [s\open\src\hotspot\share\classfile\systemDictionary.cpp, line 256]
Event: 18.798 Thread 0x000001dfd0b7a7f0 Exception <a 'java/lang/ClassNotFoundException'{0x00000000f9ea3b80}: org/aopalliance/intercept/InterceptorCustomizer> (0x00000000f9ea3b80) 
thrown [s\open\src\hotspot\share\classfile\systemDictionary.cpp, line 256]
Event: 18.802 Thread 0x000001dfd0b7a7f0 Exception <a 'java/lang/ClassNotFoundException'{0x00000000f9eeaa90}: org/aopalliance/aop/AdviceCustomizer> (0x00000000f9eeaa90) 
thrown [s\open\src\hotspot\share\classfile\systemDictionary.cpp, line 256]
Event: 18.805 Thread 0x000001dfd0b7a7f0 Exception <a 'java/lang/ClassNotFoundException'{0x00000000f9d36a08}: org/springframework/beans/factory/FactoryBeanCustomizer> (0x00000000f9d36a08) 
thrown [s\open\src\hotspot\share\classfile\systemDictionary.cpp, line 256]
Event: 18.810 Thread 0x000001dfd0b7a7f0 Exception <a 'java/lang/ClassNotFoundException'{0x00000000f9d87e80}: org/springframework/beans/factory/BeanFactoryAwareCustomizer> (0x00000000f9d87e80) 
thrown [s\open\src\hotspot\share\classfile\systemDictionary.cpp, line 256]
Event: 18.813 Thread 0x000001dfd0b7a7f0 Exception <a 'java/lang/ClassNotFoundException'{0x00000000f9dd3300}: org/springframework/beans/factory/AwareCustomizer> (0x00000000f9dd3300) 
thrown [s\open\src\hotspot\share\classfile\systemDictionary.cpp, line 256]
Event: 18.815 Thread 0x000001dfd0b7a7f0 Exception <a 'java/lang/ClassNotFoundException'{0x00000000f9c21748}: org/springframework/aop/framework/AopInfrastructureBeanCustomizer> (0x00000000f9c21748) 
thrown [s\open\src\hotspot\share\classfile\systemDictionary.cpp, line 256]
Event: 18.961 Thread 0x000001dfd0b7a7f0 Exception <a 'java/lang/NoSuchMethodError'{0x00000000fc7cb4e0}: 'java.lang.Object java.lang.invoke.DirectMethodHandle$Holder.invokeSpecial(java.lang.Object, java.lang.Object, java.lang.Object, java.lang.Object, java.lang.Object, java.lang.Object, int)'> (0x00000000fc7cb4e0) 
thrown [s\open\src\hotspot\share\interpreter\linkResolver.cpp, line 759]
Event: 18.962 Thread 0x000001dfd0b7a7f0 Exception <a 'java/lang/NoSuchMethodError'{0x00000000fc7d5f90}: 'java.lang.Object java.lang.invoke.DirectMethodHandle$Holder.newInvokeSpecial(java.lang.Object, java.lang.Object, java.lang.Object, java.lang.Object, java.lang.Object, java.lang.Object, int)'> (0x00000000fc7d5f90) 
thrown [s\open\src\hotspot\share\interpreter\linkResolver.cpp, line 759]
Event: 18.963 Thread 0x000001dfd0b7a7f0 Exception <a 'java/lang/NoSuchMethodError'{0x00000000fc7db520}: 'java.lang.Object java.lang.invoke.DirectMethodHandle$Holder.invokeSpecial(java.lang.Object, java.lang.Object, java.lang.Object, java.lang.Object, java.lang.Object, java.lang.Object, java.lang.Object, int)'> (0x00000000fc7db520) 
thrown [s\open\src\hotspot\share\interpreter\linkResolver.cpp, line 759]
Event: 18.971 Thread 0x000001dfd0b7a7f0 Implicit null exception at 0x000001dfe174b6da to 0x000001dfe174b914
Event: 20.294 Thread 0x000001dfd0b7a7f0 Exception <a 'java/lang/ClassNotFoundException'{0x00000000fa220f30}: org/springframework/boot/loader/http/Handler> (0x00000000fa220f30) 
thrown [s\open\src\hotspot\share\classfile\systemDictionary.cpp, line 256]
Event: 21.135 Thread 0x000001dfd0b7a7f0 Exception <a 'java/io/FileNotFoundException'{0x00000000fc742000}> (0x00000000fc742000) 
thrown [s\open\src\hotspot\share\prims\jni.cpp, line 516]
Event: 21.426 Thread 0x000001dfd0b7a7f0 Exception <a 'sun/nio/fs/WindowsException'{0x00000000fc93caf0}> (0x00000000fc93caf0) 
thrown [s\open\src\hotspot\share\prims\jni.cpp, line 516]

VM Operations (20 events):
Event: 21.377 Executing VM operation: G1CollectForAllocation
Event: 21.387 Executing VM operation: G1CollectForAllocation done
Event: 21.436 Executing VM operation: G1Concurrent
Event: 21.445 Executing VM operation: G1Concurrent done
Event: 21.464 Executing VM operation: HandshakeAllThreads
Event: 21.464 Executing VM operation: HandshakeAllThreads done
Event: 21.465 Executing VM operation: G1Concurrent
Event: 21.466 Executing VM operation: G1Concurrent done
Event: 21.611 Executing VM operation: G1CollectForAllocation
Event: 21.619 Executing VM operation: G1CollectForAllocation done
Event: 21.875 Executing VM operation: G1CollectForAllocation
Event: 21.882 Executing VM operation: G1CollectForAllocation done
Event: 21.935 Executing VM operation: G1Concurrent
Event: 21.945 Executing VM operation: G1Concurrent done
Event: 21.966 Executing VM operation: G1Concurrent
Event: 21.984 Executing VM operation: G1Concurrent done
Event: 22.453 Executing VM operation: G1CollectForAllocation
Event: 22.466 Executing VM operation: G1CollectForAllocation done
Event: 23.476 Executing VM operation: Cleanup
Event: 23.476 Executing VM operation: Cleanup done

Events (20 events):
Event: 21.852 loading class sun/misc/Unsafe
Event: 21.854 loading class sun/misc/Unsafe done
Event: 21.856 loading class jdk/internal/vm/annotation/ForceInline
Event: 21.856 loading class jdk/internal/vm/annotation/ForceInline done
Event: 21.871 loading class java/lang/ExceptionInInitializerError
Event: 21.871 loading class java/lang/ExceptionInInitializerError done
Event: 21.910 loading class java/text/ParsePosition
Event: 21.917 loading class java/text/ParsePosition done
Event: 21.917 loading class java/text/CalendarBuilder
Event: 21.918 loading class java/text/CalendarBuilder done
Event: 21.947 loading class java/time/DayOfWeek
Event: 21.949 loading class java/time/DayOfWeek done
Event: 21.949 loading class java/time/zone/ZoneOffsetTransitionRule$TimeDefinition
Event: 21.951 loading class java/time/zone/ZoneOffsetTransitionRule$TimeDefinition done
Event: 21.952 loading class sun/util/resources/ParallelListResourceBundle
Event: 21.953 loading class sun/util/resources/ParallelListResourceBundle done
Event: 21.954 loading class java/text/MessageFormat$Field
Event: 21.955 loading class java/text/MessageFormat$Field done
Event: 22.507 loading class java/io/ObjectOutputStream$PutField
Event: 22.511 loading class java/io/ObjectOutputStream$PutField done


Dynamic libraries:
0x00007ff709990000 - 0x00007ff7099a0000 	C:\Program Files\Java\jdk-17\bin\java.exe
0x00007ff811940000 - 0x00007ff811ba7000 	C:\WINDOWS\SYSTEM32\ntdll.dll
0x00007ff810720000 - 0x00007ff8107e9000 	C:\WINDOWS\System32\KERNEL32.DLL
0x00007ff80f070000 - 0x00007ff80f460000 	C:\WINDOWS\System32\KERNELBASE.dll
0x00007ff80bac0000 - 0x00007ff80bb5e000 	C:\WINDOWS\SYSTEM32\apphelp.dll
0x00007ff80ee60000 - 0x00007ff80efab000 	C:\WINDOWS\System32\ucrtbase.dll
0x00007fffe7480000 - 0x00007fffe749b000 	C:\Program Files\Java\jdk-17\bin\VCRUNTIME140.dll
0x00007fffecd70000 - 0x00007fffecd89000 	C:\Program Files\Java\jdk-17\bin\jli.dll
0x00007ff8105e0000 - 0x00007ff810694000 	C:\WINDOWS\System32\ADVAPI32.dll
0x00007ff8102b0000 - 0x00007ff810359000 	C:\WINDOWS\System32\msvcrt.dll
0x00007ff810b80000 - 0x00007ff810c26000 	C:\WINDOWS\System32\sechost.dll
0x00007ff80ffa0000 - 0x00007ff8100b8000 	C:\WINDOWS\System32\RPCRT4.dll
0x00007ff8100c0000 - 0x00007ff810285000 	C:\WINDOWS\System32\USER32.dll
0x00007ff80f470000 - 0x00007ff80f497000 	C:\WINDOWS\System32\win32u.dll
0x00007ff811350000 - 0x00007ff81137b000 	C:\WINDOWS\System32\GDI32.dll
0x00007ff80ec90000 - 0x00007ff80edc8000 	C:\WINDOWS\System32\gdi32full.dll
0x00007ffff6f10000 - 0x00007ffff71aa000 	C:\WINDOWS\WinSxS\amd64_microsoft.windows.common-controls_6595b64144ccf1df_6.0.26100.4768_none_3e0c112ce331287c\COMCTL32.dll
0x00007ff80f4a0000 - 0x00007ff80f543000 	C:\WINDOWS\System32\msvcp_win.dll
0x00007ff805dd0000 - 0x00007ff805ddb000 	C:\WINDOWS\SYSTEM32\VERSION.dll
0x00007ff810f40000 - 0x00007ff810f6f000 	C:\WINDOWS\System32\IMM32.DLL
0x00007ffff7700000 - 0x00007ffff770c000 	C:\Program Files\Java\jdk-17\bin\vcruntime140_1.dll
0x00007fffb1180000 - 0x00007fffb120e000 	C:\Program Files\Java\jdk-17\bin\msvcp140.dll
0x00007fff775b0000 - 0x00007fff78190000 	C:\Program Files\Java\jdk-17\bin\server\jvm.dll
0x00007ff810c30000 - 0x00007ff810c38000 	C:\WINDOWS\System32\PSAPI.DLL
0x00007ff801be0000 - 0x00007ff801bea000 	C:\WINDOWS\SYSTEM32\WSOCK32.dll
0x00007ff80fe40000 - 0x00007ff80feb4000 	C:\WINDOWS\System32\WS2_32.dll
0x00007ff805d90000 - 0x00007ff805dc5000 	C:\WINDOWS\SYSTEM32\WINMM.dll
0x00007ff80d7f0000 - 0x00007ff80d80b000 	C:\WINDOWS\SYSTEM32\kernel.appcore.dll
0x00007ffff73f0000 - 0x00007ffff73fa000 	C:\Program Files\Java\jdk-17\bin\jimage.dll
0x00007ffff3840000 - 0x00007ffff3a81000 	C:\WINDOWS\SYSTEM32\DBGHELP.DLL
0x00007ff8107f0000 - 0x00007ff810b75000 	C:\WINDOWS\System32\combase.dll
0x00007ff811380000 - 0x00007ff811460000 	C:\WINDOWS\System32\OLEAUT32.dll
0x00007ffff2d40000 - 0x00007ffff2d83000 	C:\WINDOWS\SYSTEM32\dbgcore.DLL
0x00007ff80ebf0000 - 0x00007ff80ec89000 	C:\WINDOWS\System32\bcryptPrimitives.dll
0x00007fffe6080000 - 0x00007fffe60a5000 	C:\Program Files\Java\jdk-17\bin\java.dll
0x00007fffabd30000 - 0x00007fffabe07000 	C:\Program Files\Java\jdk-17\bin\jsvml.dll
0x00007ff80f6d0000 - 0x00007ff80fe1d000 	C:\WINDOWS\System32\SHELL32.dll
0x00007ff80f550000 - 0x00007ff80f6c3000 	C:\WINDOWS\System32\wintypes.dll
0x00007ff80c690000 - 0x00007ff80cef0000 	C:\WINDOWS\SYSTEM32\windows.storage.dll
0x00007ff811000000 - 0x00007ff8110f5000 	C:\WINDOWS\System32\SHCORE.dll
0x00007ff8112b0000 - 0x00007ff81131a000 	C:\WINDOWS\System32\shlwapi.dll
0x00007ff80e990000 - 0x00007ff80e9b9000 	C:\WINDOWS\SYSTEM32\profapi.dll
0x00007fffe6620000 - 0x00007fffe6639000 	C:\Program Files\Java\jdk-17\bin\net.dll
0x00007ff8063e0000 - 0x00007ff8064fe000 	C:\WINDOWS\SYSTEM32\WINHTTP.dll
0x00007ff80dd80000 - 0x00007ff80ddeb000 	C:\WINDOWS\system32\mswsock.dll
0x00007fffe62e0000 - 0x00007fffe62f6000 	C:\Program Files\Java\jdk-17\bin\nio.dll
0x00007fffe6000000 - 0x00007fffe6018000 	C:\Program Files\Java\jdk-17\bin\zip.dll
0x00007ffff6af0000 - 0x00007ffff6b00000 	C:\Program Files\Java\jdk-17\bin\verify.dll
0x00007ff80d200000 - 0x00007ff80d233000 	C:\WINDOWS\SYSTEM32\IPHLPAPI.DLL
0x00007ff810290000 - 0x00007ff81029a000 	C:\WINDOWS\System32\NSI.dll
0x00007ff8061f0000 - 0x00007ff80620f000 	C:\WINDOWS\SYSTEM32\dhcpcsvc6.DLL
0x00007ff8061c0000 - 0x00007ff8061e5000 	C:\WINDOWS\SYSTEM32\dhcpcsvc.DLL
0x00007ff80d240000 - 0x00007ff80d366000 	C:\WINDOWS\SYSTEM32\DNSAPI.dll
0x00007ff8075a0000 - 0x00007ff8075ab000 	C:\Windows\System32\rasadhlp.dll
0x00007ff803790000 - 0x00007ff803816000 	C:\WINDOWS\System32\fwpuclnt.dll
0x00007ffff05c0000 - 0x00007ffff05ca000 	C:\Program Files\Java\jdk-17\bin\management.dll
0x00007ffff0360000 - 0x00007ffff036b000 	C:\Program Files\Java\jdk-17\bin\management_ext.dll
0x00007fffef2a0000 - 0x00007fffef2b8000 	C:\WINDOWS\system32\napinsp.dll
0x00007fffef280000 - 0x00007fffef292000 	C:\WINDOWS\System32\winrnr.dll
0x00007fffef240000 - 0x00007fffef270000 	C:\WINDOWS\system32\nlansp_c.dll
0x00007ff806560000 - 0x00007ff806580000 	C:\WINDOWS\system32\wshbth.dll
0x00007ff80e040000 - 0x00007ff80e05b000 	C:\WINDOWS\SYSTEM32\CRYPTSP.dll
0x00007ff80d750000 - 0x00007ff80d78b000 	C:\WINDOWS\system32\rsaenh.dll
0x00007ff80de20000 - 0x00007ff80de4b000 	C:\WINDOWS\SYSTEM32\USERENV.dll
0x00007ff80e960000 - 0x00007ff80e986000 	C:\WINDOWS\SYSTEM32\bcrypt.dll
0x00007ff80e060000 - 0x00007ff80e06c000 	C:\WINDOWS\SYSTEM32\CRYPTBASE.dll

dbghelp: loaded successfully - version: 4.0.5 - missing functions: none
symbol engine: initialized successfully - sym options: 0x614 - pdb path: .;C:\Program Files\Java\jdk-17\bin;C:\WINDOWS\SYSTEM32;C:\WINDOWS\WinSxS\amd64_microsoft.windows.common-controls_6595b64144ccf1df_6.0.26100.4768_none_3e0c112ce331287c;C:\Program Files\Java\jdk-17\bin\server

VM Arguments:
jvm_args: -Xmx128m -Xss256k 
java_command: target/eureka-server-0.0.1-SNAPSHOT.jar
java_class_path (initial): target/eureka-server-0.0.1-SNAPSHOT.jar
Launcher Type: SUN_STANDARD

[Global flags]
     intx CICompilerCount                          = 4                                         {product} {ergonomic}
     uint ConcGCThreads                            = 2                                         {product} {ergonomic}
     uint G1ConcRefinementThreads                  = 8                                         {product} {ergonomic}
   size_t G1HeapRegionSize                         = 1048576                                   {product} {ergonomic}
    uintx GCDrainStackTargetSize                   = 64                                        {product} {ergonomic}
   size_t InitialHeapSize                          = 100663296                                 {product} {ergonomic}
   size_t MarkStackSize                            = 4194304                                   {product} {ergonomic}
   size_t MaxHeapSize                              = 134217728                                 {product} {command line}
   size_t MaxNewSize                               = 79691776                                  {product} {ergonomic}
   size_t MinHeapDeltaBytes                        = 1048576                                   {product} {ergonomic}
   size_t MinHeapSize                              = 8388608                                   {product} {ergonomic}
    uintx NonNMethodCodeHeapSize                   = 5839372                                {pd product} {ergonomic}
    uintx NonProfiledCodeHeapSize                  = 122909434                              {pd product} {ergonomic}
    uintx ProfiledCodeHeapSize                     = 122909434                              {pd product} {ergonomic}
    uintx ReservedCodeCacheSize                    = 251658240                              {pd product} {ergonomic}
     bool SegmentedCodeCache                       = true                                      {product} {ergonomic}
   size_t SoftMaxHeapSize                          = 134217728                              {manageable} {ergonomic}
     intx ThreadStackSize                          = 256                                    {pd product} {command line}
     bool UseCompressedClassPointers               = true                           {product lp64_product} {ergonomic}
     bool UseCompressedOops                        = true                           {product lp64_product} {ergonomic}
     bool UseG1GC                                  = true                                      {product} {ergonomic}
     bool UseLargePagesIndividualAllocation        = false                                  {pd product} {ergonomic}

Logging:
Log output configuration:
 #0: stdout all=warning uptime,level,tags
 #1: stderr all=off uptime,level,tags

Environment Variables:
JAVA_HOME=C:\Program Files\Java\jdk-17
PATH=c;C:\Users\deepa\.trae\tools\trae-gopls\current;c;C:\Users\deepa\.trae\sdks\workspaces\d87b252e\versions\node\current;c;C:\Users\deepa\.trae\sdks\versions\node\current;\c\Users\deepa\bin;C:\Program Files\Git\mingw64\bin;C:\Program Files\Git\usr\local\bin;C:\Program Files\Git\usr\bin;C:\Program Files\Git\usr\bin;C:\Program Files\Git\mingw64\bin;C:\Program Files\Git\usr\bin;C:\Users\deepa\bin;C:\Users\deepa\.trae\tools\trae-gopls\current;C:\Users\deepa\.trae\sdks\workspaces\d87b252e\versions\node\current;C:\Users\deepa\.trae\sdks\versions\node\current;C:\Program Files\Common Files\Oracle\Java\javapath;C:\Users\deepa\AppData\Local\Programs\Python\Python313\Scripts;C:\Users\deepa\AppData\Local\Programs\Python\Python313;C:\WINDOWS\system32;C:\WINDOWS;C:\WINDOWS\System32\Wbem;C:\WINDOWS\System32\WindowsPowerShell\v1.0;C:\WINDOWS\System32\OpenSSH;C:\Program Files\nodejs;C:\ProgramData\chocolatey\bin;C:\Program Files\MySQL\MySQL Server 9.2\bin;C:\Program Files\MySQL\MySQL Server 8.0\bin;C:\Program Files\Git\cmd;C:\Program Files\Java\jdk-17\bin;C:\Users\deepa\AppData\Local\Programs\Trae\bin;C:\Users\deepa\AppData\Local\Programs\Python\Launcher;C:\Users\deepa\AppData\Local\Microsoft\WindowsApps;C:\Users\deepa\AppData\Local\Programs\Microsoft VS Code\bin;C:\Users\deepa\AppData\Roaming\npm;C:\Users\deepa\AppData\Local\Programs\cursor\resources\app\bin;E:\apache-tomcat-10.1.44\apache-tomcat-10.1.44\bin;C:\Program Files\Java\jdk-17\bin;C:\Users\deepa\.trae\extensions\vscjava.vscode-java-debug-0.59.0-universal\bundled\scripts\noConfigScripts;C:\Program Files\Git\usr\bin\vendor_perl;C:\Program Files\Git\usr\bin\core_perl
USERNAME=deepa
SHELL=C:\Program Files\Git\usr\bin\bash.exe
DISPLAY=needs-to-be-defined
LANG=en_US.UTF-8
OS=Windows_NT
PROCESSOR_IDENTIFIER=AMD64 Family 23 Model 24 Stepping 1, AuthenticAMD



---------------  S Y S T E M  ---------------

OS:
 Windows 11 , 64 bit Build 26100 (10.0.26100.4768)
OS uptime: 16 days 8:16 hours

CPU: total 8 (initial active 8) (8 cores per cpu, 2 threads per core) family 23 model 24 stepping 1 microcode 0x8108109, cx8, cmov, fxsr, ht, mmx, 3dnowpref, sse, sse2, sse3, ssse3, sse4a, sse4.1, sse4.2, popcnt, lzcnt, tsc, tscinvbit, avx, avx2, aes, clmul, bmi1, bmi2, adx, sha, fma, vzeroupper, clflush, clflushopt

Memory: 4k page, system-wide physical 6086M (238M free)
TotalPageFile size 24518M (AvailPageFile size 172M)
current process WorkingSet (physical memory assigned to process): 164M, peak: 169M
current process commit charge ("private bytes"): 212M, peak: 231M

vm_info: Java HotSpot(TM) 64-Bit Server VM (17.0.12+8-LTS-286) for windows-amd64 JRE (17.0.12+8-LTS-286), built on Jun  5 2024 06:46:59 by "mach5one" with MS VC++ 17.6 (VS2022)

END.
