#
# There is insufficient memory for the Java Runtime Environment to continue.
# Native memory allocation (malloc) failed to allocate 1595056 bytes for Chunk::new
# Possible reasons:
#   The system is out of physical RAM or swap space
#   The process is running with CompressedOops enabled, and the Java Heap may be blocking the growth of the native heap
# Possible solutions:
#   Reduce memory load on the system
#   Increase physical memory or swap space
#   Check if swap backing store is full
#   Decrease Java heap size (-Xmx/-Xms)
#   Decrease number of Java threads
#   Decrease Java thread stack sizes (-Xss)
#   Set larger code cache with -XX:ReservedCodeCacheSize=
#   JVM is running with Unscaled Compressed Oops mode in which the Java heap is
#     placed in the first 4GB address space. The Java Heap base address is the
#     maximum limit for the native heap growth. Please use -XX:HeapBaseMinAddress
#     to set the Java Heap base and to place the Java Heap above 4GB virtual address.
# This output file may be truncated or incomplete.
#
#  Out of Memory Error (arena.cpp:189), pid=30120, tid=28772
#
# JRE version: Java(TM) SE Runtime Environment (17.0.12+8) (build 17.0.12+8-LTS-286)
# Java VM: Java HotSpot(TM) 64-Bit Server VM (17.0.12+8-LTS-286, mixed mode, sharing, tiered, compressed oops, compressed class ptrs, g1 gc, windows-amd64)
# No core dump will be written. Minidumps are not enabled by default on client versions of Windows
#

---------------  S U M M A R Y ------------

Command Line: -Dmaven.home=C:/Users/deepa/Downloads/e-commerce-microservices-master/e-commerce-microservices-master -Dmaven.multiModuleProjectDirectory=C:/Users/deepa/Downloads/e-commerce-microservices-master/e-commerce-microservices-master/eureka-server org.apache.maven.wrapper.MavenWrapperMain spring-boot:run -Dspring-boot.run.jvmArguments=-Xmx256m

Host: AMD Ryzen 5 3500U with Radeon Vega Mobile Gfx  , 8 cores, 5G,  Windows 11 , 64 bit Build 26100 (10.0.26100.4768)
Time: Tue May 12 18:34:59 2026 India Standard Time elapsed time: 17.040619 seconds (0d 0h 0m 17s)

---------------  T H R E A D  ---------------

Current thread (0x000001adfc0fe650):  JavaThread "C2 CompilerThread0" daemon [_thread_in_native, id=28772, stack(0x00000083ac600000,0x00000083ac700000)]


Current CompileTask:
C2:  17041 2560   !   4       org.codehaus.plexus.interpolation.StringSearchInterpolator::interpolate (650 bytes)

Stack: [0x00000083ac600000,0x00000083ac700000]
Native frames: (J=compiled Java code, j=interpreted, Vv=VM code, C=native code)
V  [jvm.dll+0x67a04a]
V  [jvm.dll+0x7da4ed]
V  [jvm.dll+0x7dbe33]
V  [jvm.dll+0x7dc4a3]
V  [jvm.dll+0x24508f]
V  [jvm.dll+0xab773]
V  [jvm.dll+0xabd3c]
V  [jvm.dll+0x361b9f]
V  [jvm.dll+0x1ba64a]
V  [jvm.dll+0x216997]
V  [jvm.dll+0x215c6f]
V  [jvm.dll+0x1a2960]
V  [jvm.dll+0x22610b]
V  [jvm.dll+0x2242ab]
V  [jvm.dll+0x79075c]
V  [jvm.dll+0x78abea]
V  [jvm.dll+0x678f35]
C  [ucrtbase.dll+0x37b0]
C  [KERNEL32.DLL+0x2e8d7]
C  [ntdll.dll+0x3c34c]


---------------  P R O C E S S  ---------------

Threads class SMR info:
_java_thread_list=0x000001adfd331430, length=14, elements={
0x000001ad9d9b72f0, 0x000001ad9d61e150, 0x000001ad9d61ea20, 0x000001adfc0f2ac0,
0x000001adfc0f53a0, 0x000001adfc0f5c70, 0x000001adfc0f6540, 0x000001adfc0fe650,
0x000001adfc0fef60, 0x000001adfc0ff870, 0x000001adfc249d90, 0x000001adfc250290,
0x000001adfc36ccd0, 0x000001adfd3ddaf0
}

Java Threads: ( => current thread )
  0x000001ad9d9b72f0 JavaThread "main" [_thread_in_native, id=32084, stack(0x00000083ab400000,0x00000083ab500000)]
  0x000001ad9d61e150 JavaThread "Reference Handler" daemon [_thread_blocked, id=1564, stack(0x00000083ac000000,0x00000083ac100000)]
  0x000001ad9d61ea20 JavaThread "Finalizer" daemon [_thread_blocked, id=10572, stack(0x00000083ac100000,0x00000083ac200000)]
  0x000001adfc0f2ac0 JavaThread "Signal Dispatcher" daemon [_thread_blocked, id=4060, stack(0x00000083ac200000,0x00000083ac300000)]
  0x000001adfc0f53a0 JavaThread "Attach Listener" daemon [_thread_blocked, id=7048, stack(0x00000083ac300000,0x00000083ac400000)]
  0x000001adfc0f5c70 JavaThread "Service Thread" daemon [_thread_blocked, id=14248, stack(0x00000083ac400000,0x00000083ac500000)]
  0x000001adfc0f6540 JavaThread "Monitor Deflation Thread" daemon [_thread_blocked, id=23568, stack(0x00000083ac500000,0x00000083ac600000)]
=>0x000001adfc0fe650 JavaThread "C2 CompilerThread0" daemon [_thread_in_native, id=28772, stack(0x00000083ac600000,0x00000083ac700000)]
  0x000001adfc0fef60 JavaThread "C1 CompilerThread0" daemon [_thread_blocked, id=8984, stack(0x00000083ac700000,0x00000083ac800000)]
  0x000001adfc0ff870 JavaThread "Sweeper thread" daemon [_thread_blocked, id=17140, stack(0x00000083ac800000,0x00000083ac900000)]
  0x000001adfc249d90 JavaThread "Notification Thread" daemon [_thread_blocked, id=12300, stack(0x00000083ac900000,0x00000083aca00000)]
  0x000001adfc250290 JavaThread "Common-Cleaner" daemon [_thread_blocked, id=25172, stack(0x00000083acb00000,0x00000083acc00000)]
  0x000001adfc36ccd0 JavaThread "C2 CompilerThread1" daemon [_thread_in_native, id=3236, stack(0x00000083acc00000,0x00000083acd00000)]
  0x000001adfd3ddaf0 JavaThread "C2 CompilerThread2" daemon [_thread_in_native, id=26836, stack(0x00000083acd00000,0x00000083ace00000)]

Other Threads:
  0x000001ad9d5a33e0 VMThread "VM Thread" [stack: 0x00000083abf00000,0x00000083ac000000] [id=30956]
  0x000001ad9d53f5a0 WatcherThread [stack: 0x00000083aca00000,0x00000083acb00000] [id=24176]
  0x000001ad9d4e3f10 GCTaskThread "GC Thread#0" [stack: 0x00000083aba00000,0x00000083abb00000] [id=31480]
  0x000001adfc8ec380 GCTaskThread "GC Thread#1" [stack: 0x00000083ace00000,0x00000083acf00000] [id=31556]
  0x000001adfcc5ca50 GCTaskThread "GC Thread#2" [stack: 0x00000083acf00000,0x00000083ad000000] [id=30436]
  0x000001adfc35c730 GCTaskThread "GC Thread#3" [stack: 0x00000083ad000000,0x00000083ad100000] [id=5680]
  0x000001adfc8c3a30 GCTaskThread "GC Thread#4" [stack: 0x00000083ad100000,0x00000083ad200000] [id=18140]
  0x000001adfc8c3cf0 GCTaskThread "GC Thread#5" [stack: 0x00000083ad200000,0x00000083ad300000] [id=29436]
  0x000001adfc8e1830 GCTaskThread "GC Thread#6" [stack: 0x00000083ad300000,0x00000083ad400000] [id=30860]
  0x000001adfc8e1af0 GCTaskThread "GC Thread#7" [stack: 0x00000083ad400000,0x00000083ad500000] [id=27296]
  0x000001ad9d539db0 ConcurrentGCThread "G1 Main Marker" [stack: 0x00000083abb00000,0x00000083abc00000] [id=30924]
  0x000001ad9d53c480 ConcurrentGCThread "G1 Conc#0" [stack: 0x00000083abc00000,0x00000083abd00000] [id=3832]
  0x000001ad9d58cee0 ConcurrentGCThread "G1 Refine#0" [stack: 0x00000083abd00000,0x00000083abe00000] [id=12064]
  0x000001ad9d58d5c0 ConcurrentGCThread "G1 Service" [stack: 0x00000083abe00000,0x00000083abf00000] [id=20800]

Threads with active compile tasks:
C2 CompilerThread0    17212 2560   !   4       org.codehaus.plexus.interpolation.StringSearchInterpolator::interpolate (650 bytes)
C2 CompilerThread1    17212 2904       4       org.codehaus.plexus.util.xml.pull.MXParser::nextImpl (1202 bytes)
C2 CompilerThread2    17212 2799       4       java.util.HashSet::add (20 bytes)

VM state: not at safepoint (normal execution)

VM Mutex/Monitor currently owned by a thread: None

Heap address: 0x00000000a0e00000, size: 1522 MB, Compressed Oops mode: 32-bit

CDS archive(s) mapped at: [0x000001adbb000000-0x000001adbbbd0000-0x000001adbbbd0000), size 12386304, SharedBaseAddress: 0x000001adbb000000, ArchiveRelocationMode: 1.
Compressed class space mapped at: 0x000001adbc000000-0x000001adfc000000, reserved size: 1073741824
Narrow klass base: 0x000001adbb000000, Narrow klass shift: 0, Narrow klass range: 0x100000000

GC Precious Log:
 CPUs: 8 total, 8 available
 Memory: 6086M
 Large Page Support: Disabled
 NUMA Support: Disabled
 Compressed Oops: Enabled (32-bit)
 Heap Region Size: 1M
 Heap Min Capacity: 8M
 Heap Initial Capacity: 96M
 Heap Max Capacity: 1522M
 Pre-touch: Disabled
 Parallel Workers: 8
 Concurrent Workers: 2
 Concurrent Refinement Workers: 8
 Periodic GC: Disabled

Heap:
 garbage-first heap   total 98304K, used 17140K [0x00000000a0e00000, 0x0000000100000000)
  region size 1024K, 13 young (13312K), 8 survivors (8192K)
 Metaspace       used 12888K, committed 13056K, reserved 1114112K
  class space    used 1487K, committed 1600K, reserved 1048576K

Heap Regions: E=young(eden), S=young(survivor), O=old, HS=humongous(starts), HC=humongous(continues), CS=collection set, F=free, OA=open archive, CA=closed archive, TAMS=top-at-mark-start (previous, next)
|   0|0x00000000a0e00000, 0x00000000a0f00000, 0x00000000a0f00000|100%| O|  |TAMS 0x00000000a0e00000, 0x00000000a0e00000| Untracked 
|   1|0x00000000a0f00000, 0x00000000a1000000, 0x00000000a1000000|100%| O|  |TAMS 0x00000000a0f00000, 0x00000000a0f00000| Untracked 
|   2|0x00000000a1000000, 0x00000000a1100000, 0x00000000a1100000|100%| O|  |TAMS 0x00000000a1000000, 0x00000000a1000000| Untracked 
|   3|0x00000000a1100000, 0x00000000a1200000, 0x00000000a1200000|100%| O|  |TAMS 0x00000000a1100000, 0x00000000a1100000| Untracked 
|   4|0x00000000a1200000, 0x00000000a12bd000, 0x00000000a1300000| 73%| O|  |TAMS 0x00000000a1200000, 0x00000000a1200000| Untracked 
|   5|0x00000000a1300000, 0x00000000a1300000, 0x00000000a1400000|  0%| F|  |TAMS 0x00000000a1300000, 0x00000000a1300000| Untracked 
|   6|0x00000000a1400000, 0x00000000a1400000, 0x00000000a1500000|  0%| F|  |TAMS 0x00000000a1400000, 0x00000000a1400000| Untracked 
|   7|0x00000000a1500000, 0x00000000a1500000, 0x00000000a1600000|  0%| F|  |TAMS 0x00000000a1500000, 0x00000000a1500000| Untracked 
|   8|0x00000000a1600000, 0x00000000a1600000, 0x00000000a1700000|  0%| F|  |TAMS 0x00000000a1600000, 0x00000000a1600000| Untracked 
|   9|0x00000000a1700000, 0x00000000a1700000, 0x00000000a1800000|  0%| F|  |TAMS 0x00000000a1700000, 0x00000000a1700000| Untracked 
|  10|0x00000000a1800000, 0x00000000a1800000, 0x00000000a1900000|  0%| F|  |TAMS 0x00000000a1800000, 0x00000000a1800000| Untracked 
|  11|0x00000000a1900000, 0x00000000a1900000, 0x00000000a1a00000|  0%| F|  |TAMS 0x00000000a1900000, 0x00000000a1900000| Untracked 
|  12|0x00000000a1a00000, 0x00000000a1a00000, 0x00000000a1b00000|  0%| F|  |TAMS 0x00000000a1a00000, 0x00000000a1a00000| Untracked 
|  13|0x00000000a1b00000, 0x00000000a1b00000, 0x00000000a1c00000|  0%| F|  |TAMS 0x00000000a1b00000, 0x00000000a1b00000| Untracked 
|  14|0x00000000a1c00000, 0x00000000a1c00000, 0x00000000a1d00000|  0%| F|  |TAMS 0x00000000a1c00000, 0x00000000a1c00000| Untracked 
|  15|0x00000000a1d00000, 0x00000000a1d00000, 0x00000000a1e00000|  0%| F|  |TAMS 0x00000000a1d00000, 0x00000000a1d00000| Untracked 
|  16|0x00000000a1e00000, 0x00000000a1e00000, 0x00000000a1f00000|  0%| F|  |TAMS 0x00000000a1e00000, 0x00000000a1e00000| Untracked 
|  17|0x00000000a1f00000, 0x00000000a1f00000, 0x00000000a2000000|  0%| F|  |TAMS 0x00000000a1f00000, 0x00000000a1f00000| Untracked 
|  18|0x00000000a2000000, 0x00000000a2000000, 0x00000000a2100000|  0%| F|  |TAMS 0x00000000a2000000, 0x00000000a2000000| Untracked 
|  19|0x00000000a2100000, 0x00000000a2100000, 0x00000000a2200000|  0%| F|  |TAMS 0x00000000a2100000, 0x00000000a2100000| Untracked 
|  20|0x00000000a2200000, 0x00000000a2200000, 0x00000000a2300000|  0%| F|  |TAMS 0x00000000a2200000, 0x00000000a2200000| Untracked 
|  21|0x00000000a2300000, 0x00000000a2300000, 0x00000000a2400000|  0%| F|  |TAMS 0x00000000a2300000, 0x00000000a2300000| Untracked 
|  22|0x00000000a2400000, 0x00000000a2400000, 0x00000000a2500000|  0%| F|  |TAMS 0x00000000a2400000, 0x00000000a2400000| Untracked 
|  23|0x00000000a2500000, 0x00000000a2500000, 0x00000000a2600000|  0%| F|  |TAMS 0x00000000a2500000, 0x00000000a2500000| Untracked 
|  24|0x00000000a2600000, 0x00000000a2600000, 0x00000000a2700000|  0%| F|  |TAMS 0x00000000a2600000, 0x00000000a2600000| Untracked 
|  25|0x00000000a2700000, 0x00000000a2700000, 0x00000000a2800000|  0%| F|  |TAMS 0x00000000a2700000, 0x00000000a2700000| Untracked 
|  26|0x00000000a2800000, 0x00000000a2800000, 0x00000000a2900000|  0%| F|  |TAMS 0x00000000a2800000, 0x00000000a2800000| Untracked 
|  27|0x00000000a2900000, 0x00000000a2900000, 0x00000000a2a00000|  0%| F|  |TAMS 0x00000000a2900000, 0x00000000a2900000| Untracked 
|  28|0x00000000a2a00000, 0x00000000a2a00000, 0x00000000a2b00000|  0%| F|  |TAMS 0x00000000a2a00000, 0x00000000a2a00000| Untracked 
|  29|0x00000000a2b00000, 0x00000000a2b00000, 0x00000000a2c00000|  0%| F|  |TAMS 0x00000000a2b00000, 0x00000000a2b00000| Untracked 
|  30|0x00000000a2c00000, 0x00000000a2c00000, 0x00000000a2d00000|  0%| F|  |TAMS 0x00000000a2c00000, 0x00000000a2c00000| Untracked 
|  31|0x00000000a2d00000, 0x00000000a2e00000, 0x00000000a2e00000|100%| S|CS|TAMS 0x00000000a2d00000, 0x00000000a2d00000| Complete 
|  32|0x00000000a2e00000, 0x00000000a2f00000, 0x00000000a2f00000|100%| S|CS|TAMS 0x00000000a2e00000, 0x00000000a2e00000| Complete 
|  33|0x00000000a2f00000, 0x00000000a3000000, 0x00000000a3000000|100%| S|CS|TAMS 0x00000000a2f00000, 0x00000000a2f00000| Complete 
|  34|0x00000000a3000000, 0x00000000a3100000, 0x00000000a3100000|100%| S|CS|TAMS 0x00000000a3000000, 0x00000000a3000000| Complete 
|  35|0x00000000a3100000, 0x00000000a3200000, 0x00000000a3200000|100%| S|CS|TAMS 0x00000000a3100000, 0x00000000a3100000| Complete 
|  36|0x00000000a3200000, 0x00000000a3300000, 0x00000000a3300000|100%| S|CS|TAMS 0x00000000a3200000, 0x00000000a3200000| Complete 
|  37|0x00000000a3300000, 0x00000000a3400000, 0x00000000a3400000|100%| S|CS|TAMS 0x00000000a3300000, 0x00000000a3300000| Complete 
|  38|0x00000000a3400000, 0x00000000a3500000, 0x00000000a3500000|100%| S|CS|TAMS 0x00000000a3400000, 0x00000000a3400000| Complete 
|  39|0x00000000a3500000, 0x00000000a3500000, 0x00000000a3600000|  0%| F|  |TAMS 0x00000000a3500000, 0x00000000a3500000| Untracked 
|  40|0x00000000a3600000, 0x00000000a3600000, 0x00000000a3700000|  0%| F|  |TAMS 0x00000000a3600000, 0x00000000a3600000| Untracked 
|  41|0x00000000a3700000, 0x00000000a3700000, 0x00000000a3800000|  0%| F|  |TAMS 0x00000000a3700000, 0x00000000a3700000| Untracked 
|  42|0x00000000a3800000, 0x00000000a3800000, 0x00000000a3900000|  0%| F|  |TAMS 0x00000000a3800000, 0x00000000a3800000| Untracked 
|  43|0x00000000a3900000, 0x00000000a3900000, 0x00000000a3a00000|  0%| F|  |TAMS 0x00000000a3900000, 0x00000000a3900000| Untracked 
|  44|0x00000000a3a00000, 0x00000000a3a00000, 0x00000000a3b00000|  0%| F|  |TAMS 0x00000000a3a00000, 0x00000000a3a00000| Untracked 
|  45|0x00000000a3b00000, 0x00000000a3b00000, 0x00000000a3c00000|  0%| F|  |TAMS 0x00000000a3b00000, 0x00000000a3b00000| Untracked 
|  46|0x00000000a3c00000, 0x00000000a3c00000, 0x00000000a3d00000|  0%| F|  |TAMS 0x00000000a3c00000, 0x00000000a3c00000| Untracked 
|  47|0x00000000a3d00000, 0x00000000a3d00000, 0x00000000a3e00000|  0%| F|  |TAMS 0x00000000a3d00000, 0x00000000a3d00000| Untracked 
|  48|0x00000000a3e00000, 0x00000000a3e00000, 0x00000000a3f00000|  0%| F|  |TAMS 0x00000000a3e00000, 0x00000000a3e00000| Untracked 
|  49|0x00000000a3f00000, 0x00000000a3f00000, 0x00000000a4000000|  0%| F|  |TAMS 0x00000000a3f00000, 0x00000000a3f00000| Untracked 
|  50|0x00000000a4000000, 0x00000000a4000000, 0x00000000a4100000|  0%| F|  |TAMS 0x00000000a4000000, 0x00000000a4000000| Untracked 
|  51|0x00000000a4100000, 0x00000000a4100000, 0x00000000a4200000|  0%| F|  |TAMS 0x00000000a4100000, 0x00000000a4100000| Untracked 
|  52|0x00000000a4200000, 0x00000000a4200000, 0x00000000a4300000|  0%| F|  |TAMS 0x00000000a4200000, 0x00000000a4200000| Untracked 
|  53|0x00000000a4300000, 0x00000000a4300000, 0x00000000a4400000|  0%| F|  |TAMS 0x00000000a4300000, 0x00000000a4300000| Untracked 
|  54|0x00000000a4400000, 0x00000000a4400000, 0x00000000a4500000|  0%| F|  |TAMS 0x00000000a4400000, 0x00000000a4400000| Untracked 
|  55|0x00000000a4500000, 0x00000000a4500000, 0x00000000a4600000|  0%| F|  |TAMS 0x00000000a4500000, 0x00000000a4500000| Untracked 
|  56|0x00000000a4600000, 0x00000000a4600000, 0x00000000a4700000|  0%| F|  |TAMS 0x00000000a4600000, 0x00000000a4600000| Untracked 
|  57|0x00000000a4700000, 0x00000000a4700000, 0x00000000a4800000|  0%| F|  |TAMS 0x00000000a4700000, 0x00000000a4700000| Untracked 
|  58|0x00000000a4800000, 0x00000000a4800000, 0x00000000a4900000|  0%| F|  |TAMS 0x00000000a4800000, 0x00000000a4800000| Untracked 
|  59|0x00000000a4900000, 0x00000000a4900000, 0x00000000a4a00000|  0%| F|  |TAMS 0x00000000a4900000, 0x00000000a4900000| Untracked 
|  60|0x00000000a4a00000, 0x00000000a4a00000, 0x00000000a4b00000|  0%| F|  |TAMS 0x00000000a4a00000, 0x00000000a4a00000| Untracked 
|  61|0x00000000a4b00000, 0x00000000a4b00000, 0x00000000a4c00000|  0%| F|  |TAMS 0x00000000a4b00000, 0x00000000a4b00000| Untracked 
|  62|0x00000000a4c00000, 0x00000000a4c00000, 0x00000000a4d00000|  0%| F|  |TAMS 0x00000000a4c00000, 0x00000000a4c00000| Untracked 
|  63|0x00000000a4d00000, 0x00000000a4d00000, 0x00000000a4e00000|  0%| F|  |TAMS 0x00000000a4d00000, 0x00000000a4d00000| Untracked 
|  64|0x00000000a4e00000, 0x00000000a4e00000, 0x00000000a4f00000|  0%| F|  |TAMS 0x00000000a4e00000, 0x00000000a4e00000| Untracked 
|  65|0x00000000a4f00000, 0x00000000a4f00000, 0x00000000a5000000|  0%| F|  |TAMS 0x00000000a4f00000, 0x00000000a4f00000| Untracked 
|  66|0x00000000a5000000, 0x00000000a5000000, 0x00000000a5100000|  0%| F|  |TAMS 0x00000000a5000000, 0x00000000a5000000| Untracked 
|  67|0x00000000a5100000, 0x00000000a5100000, 0x00000000a5200000|  0%| F|  |TAMS 0x00000000a5100000, 0x00000000a5100000| Untracked 
|  68|0x00000000a5200000, 0x00000000a5200000, 0x00000000a5300000|  0%| F|  |TAMS 0x00000000a5200000, 0x00000000a5200000| Untracked 
|  69|0x00000000a5300000, 0x00000000a5300000, 0x00000000a5400000|  0%| F|  |TAMS 0x00000000a5300000, 0x00000000a5300000| Untracked 
|  70|0x00000000a5400000, 0x00000000a5400000, 0x00000000a5500000|  0%| F|  |TAMS 0x00000000a5400000, 0x00000000a5400000| Untracked 
|  71|0x00000000a5500000, 0x00000000a5500000, 0x00000000a5600000|  0%| F|  |TAMS 0x00000000a5500000, 0x00000000a5500000| Untracked 
|  72|0x00000000a5600000, 0x00000000a5600000, 0x00000000a5700000|  0%| F|  |TAMS 0x00000000a5600000, 0x00000000a5600000| Untracked 
|  73|0x00000000a5700000, 0x00000000a5700000, 0x00000000a5800000|  0%| F|  |TAMS 0x00000000a5700000, 0x00000000a5700000| Untracked 
|  74|0x00000000a5800000, 0x00000000a5800000, 0x00000000a5900000|  0%| F|  |TAMS 0x00000000a5800000, 0x00000000a5800000| Untracked 
|  75|0x00000000a5900000, 0x00000000a5900000, 0x00000000a5a00000|  0%| F|  |TAMS 0x00000000a5900000, 0x00000000a5900000| Untracked 
|  76|0x00000000a5a00000, 0x00000000a5a00000, 0x00000000a5b00000|  0%| F|  |TAMS 0x00000000a5a00000, 0x00000000a5a00000| Untracked 
|  77|0x00000000a5b00000, 0x00000000a5b00000, 0x00000000a5c00000|  0%| F|  |TAMS 0x00000000a5b00000, 0x00000000a5b00000| Untracked 
|  78|0x00000000a5c00000, 0x00000000a5c00000, 0x00000000a5d00000|  0%| F|  |TAMS 0x00000000a5c00000, 0x00000000a5c00000| Untracked 
|  79|0x00000000a5d00000, 0x00000000a5d00000, 0x00000000a5e00000|  0%| F|  |TAMS 0x00000000a5d00000, 0x00000000a5d00000| Untracked 
|  80|0x00000000a5e00000, 0x00000000a5e00000, 0x00000000a5f00000|  0%| F|  |TAMS 0x00000000a5e00000, 0x00000000a5e00000| Untracked 
|  81|0x00000000a5f00000, 0x00000000a5f00000, 0x00000000a6000000|  0%| F|  |TAMS 0x00000000a5f00000, 0x00000000a5f00000| Untracked 
|  82|0x00000000a6000000, 0x00000000a6000000, 0x00000000a6100000|  0%| F|  |TAMS 0x00000000a6000000, 0x00000000a6000000| Untracked 
|  83|0x00000000a6100000, 0x00000000a6100000, 0x00000000a6200000|  0%| F|  |TAMS 0x00000000a6100000, 0x00000000a6100000| Untracked 
|  84|0x00000000a6200000, 0x00000000a6200000, 0x00000000a6300000|  0%| F|  |TAMS 0x00000000a6200000, 0x00000000a6200000| Untracked 
|  85|0x00000000a6300000, 0x00000000a6300000, 0x00000000a6400000|  0%| F|  |TAMS 0x00000000a6300000, 0x00000000a6300000| Untracked 
|  86|0x00000000a6400000, 0x00000000a6400000, 0x00000000a6500000|  0%| F|  |TAMS 0x00000000a6400000, 0x00000000a6400000| Untracked 
|  87|0x00000000a6500000, 0x00000000a6500000, 0x00000000a6600000|  0%| F|  |TAMS 0x00000000a6500000, 0x00000000a6500000| Untracked 
|  88|0x00000000a6600000, 0x00000000a6600000, 0x00000000a6700000|  0%| F|  |TAMS 0x00000000a6600000, 0x00000000a6600000| Untracked 
|  89|0x00000000a6700000, 0x00000000a6700000, 0x00000000a6800000|  0%| F|  |TAMS 0x00000000a6700000, 0x00000000a6700000| Untracked 
|  90|0x00000000a6800000, 0x00000000a6800000, 0x00000000a6900000|  0%| F|  |TAMS 0x00000000a6800000, 0x00000000a6800000| Untracked 
|  91|0x00000000a6900000, 0x00000000a6980800, 0x00000000a6a00000| 50%| E|  |TAMS 0x00000000a6900000, 0x00000000a6900000| Complete 
|  92|0x00000000a6a00000, 0x00000000a6b00000, 0x00000000a6b00000|100%| E|CS|TAMS 0x00000000a6a00000, 0x00000000a6a00000| Complete 
|  93|0x00000000a6b00000, 0x00000000a6c00000, 0x00000000a6c00000|100%| E|CS|TAMS 0x00000000a6b00000, 0x00000000a6b00000| Complete 
|  94|0x00000000a6c00000, 0x00000000a6d00000, 0x00000000a6d00000|100%| E|CS|TAMS 0x00000000a6c00000, 0x00000000a6c00000| Complete 
|  95|0x00000000a6d00000, 0x00000000a6e00000, 0x00000000a6e00000|100%| E|CS|TAMS 0x00000000a6d00000, 0x00000000a6d00000| Complete 

Card table byte_map: [0x000001adb4e60000,0x000001adb5160000] _byte_map_base: 0x000001adb4959000

Marking Bits (Prev, Next): (CMBitMap*) 0x000001ad9d52c570, (CMBitMap*) 0x000001ad9d52c5b0
 Prev Bits: [0x000001adb5460000, 0x000001adb6c28000)
 Next Bits: [0x000001adb6c30000, 0x000001adb83f8000)

Polling page: 0x000001ad9ba90000

Metaspace:

Usage:
  Non-class:     11.14 MB used.
      Class:      1.45 MB used.
       Both:     12.59 MB used.

Virtual space:
  Non-class space:       64.00 MB reserved,      11.19 MB ( 17%) committed,  1 nodes.
      Class space:        1.00 GB reserved,       1.56 MB ( <1%) committed,  1 nodes.
             Both:        1.06 GB reserved,      12.75 MB (  1%) committed. 

Chunk freelists:
   Non-Class:  3.89 MB
       Class:  14.47 MB
        Both:  18.36 MB

MaxMetaspaceSize: unlimited
CompressedClassSpaceSize: 1.00 GB
Initial GC threshold: 21.00 MB
Current GC threshold: 21.00 MB
CDS: on
MetaspaceReclaimPolicy: balanced
 - commit_granule_bytes: 65536.
 - commit_granule_words: 8192.
 - virtual_space_node_default_size: 8388608.
 - enlarge_chunks_in_place: 1.
 - new_chunks_are_fully_committed: 0.
 - uncommit_free_chunks: 1.
 - use_allocation_guard: 0.
 - handle_deallocations: 1.


Internal statistics:

num_allocs_failed_limit: 0.
num_arena_births: 68.
num_arena_deaths: 0.
num_vsnodes_births: 2.
num_vsnodes_deaths: 0.
num_space_committed: 204.
num_space_uncommitted: 0.
num_chunks_returned_to_freelist: 0.
num_chunks_taken_from_freelist: 486.
num_chunk_merges: 0.
num_chunk_splits: 350.
num_chunks_enlarged: 282.
num_inconsistent_stats: 0.

CodeHeap 'non-profiled nmethods': size=120000Kb used=1495Kb max_used=1495Kb free=118504Kb
 bounds [0x000001adacca0000, 0x000001adacf10000, 0x000001adb41d0000]
CodeHeap 'profiled nmethods': size=120000Kb used=5969Kb max_used=5969Kb free=114031Kb
 bounds [0x000001ada51d0000, 0x000001ada57b0000, 0x000001adac700000]
CodeHeap 'non-nmethods': size=5760Kb used=1175Kb max_used=1238Kb free=4584Kb
 bounds [0x000001adac700000, 0x000001adac970000, 0x000001adacca0000]
 total_blobs=3407 nmethods=2941 adapters=378
 compilation: enabled
              stopped_count=0, restarted_count=0
 full_count=0

Compilation events (20 events):
Event: 16.014 Thread 0x000001adfc0fef60 nmethod 2878 0x000001ada5781690 code [0x000001ada5781880, 0x000001ada5781e88]
Event: 16.015 Thread 0x000001adfc0fef60 2879       3       com.google.inject.Key::ensureRetainedAtRuntime (14 bytes)
Event: 16.016 Thread 0x000001adfc0fef60 nmethod 2879 0x000001ada5782090 code [0x000001ada57822c0, 0x000001ada5782a68]
Event: 16.016 Thread 0x000001adfc0fef60 2881       3       org.eclipse.sisu.inject.InjectorBindings::publishWildcardMatches (81 bytes)
Event: 16.018 Thread 0x000001adfc0fef60 nmethod 2881 0x000001ada5782d10 code [0x000001ada5782f60, 0x000001ada57838b8]
Event: 16.018 Thread 0x000001adfc0fef60 2880       3       com.google.inject.Key::ensureIsBindingAnnotation (14 bytes)
Event: 16.019 Thread 0x000001adfc0fef60 nmethod 2880 0x000001ada5783d10 code [0x000001ada5783f40, 0x000001ada57846e8]
Event: 16.019 Thread 0x000001adfc0fef60 2882   !   3       com.google.inject.internal.InjectorImpl::getProvider (46 bytes)
Event: 16.021 Thread 0x000001adfc0fef60 nmethod 2882 0x000001ada5784a90 code [0x000001ada5784d20, 0x000001ada57857e8]
Event: 16.021 Thread 0x000001adfc0fef60 2884       3       com.google.inject.Scopes::isCircularProxy (5 bytes)
Event: 16.021 Thread 0x000001adfc0fef60 nmethod 2884 0x000001ada5785d90 code [0x000001ada5785f20, 0x000001ada5786138]
Event: 16.021 Thread 0x000001adfc0fef60 2883       3       com.google.inject.internal.State$1::blacklist (1 bytes)
Event: 16.021 Thread 0x000001adfc0fef60 nmethod 2883 0x000001ada5786210 code [0x000001ada57863a0, 0x000001ada57864b8]
Event: 16.024 Thread 0x000001adfc0fef60 2885       3       java.lang.String::valueOf (39 bytes)
Event: 16.025 Thread 0x000001adfc0fef60 nmethod 2885 0x000001ada5786590 code [0x000001ada5786780, 0x000001ada5786e98]
Event: 16.025 Thread 0x000001adfc0fef60 2886       3       java.lang.StringLatin1::toBytes (9 bytes)
Event: 16.025 Thread 0x000001adfc0fef60 nmethod 2886 0x000001ada5787090 code [0x000001ada5787220, 0x000001ada57873b8]
Event: 16.025 Thread 0x000001adfc0fef60 2887       3       java.lang.Integer::toString (55 bytes)
Event: 16.026 Thread 0x000001adfc0fef60 nmethod 2887 0x000001ada5787490 code [0x000001ada5787660, 0x000001ada57879f8]
Event: 16.027 Thread 0x000001adfc0fef60 2888       3       java.lang.StringUTF16::length (5 bytes)

GC Heap History (6 events):
Event: 8.525 GC heap before
{Heap before GC invocations=0 (full 0):
 garbage-first heap   total 98304K, used 23552K [0x00000000a0e00000, 0x0000000100000000)
  region size 1024K, 23 young (23552K), 0 survivors (0K)
 Metaspace       used 5601K, committed 5760K, reserved 1114112K
  class space    used 640K, committed 704K, reserved 1048576K
}
Event: 8.537 GC heap after
{Heap after GC invocations=1 (full 0):
 garbage-first heap   total 98304K, used 3848K [0x00000000a0e00000, 0x0000000100000000)
  region size 1024K, 3 young (3072K), 3 survivors (3072K)
 Metaspace       used 5601K, committed 5760K, reserved 1114112K
  class space    used 640K, committed 704K, reserved 1048576K
}
Event: 12.789 GC heap before
{Heap before GC invocations=1 (full 0):
 garbage-first heap   total 98304K, used 33544K [0x00000000a0e00000, 0x0000000100000000)
  region size 1024K, 32 young (32768K), 3 survivors (3072K)
 Metaspace       used 9962K, committed 10176K, reserved 1114112K
  class space    used 1210K, committed 1280K, reserved 1048576K
}
Event: 12.802 GC heap after
{Heap after GC invocations=2 (full 0):
 garbage-first heap   total 98304K, used 5666K [0x00000000a0e00000, 0x0000000100000000)
  region size 1024K, 2 young (2048K), 2 survivors (2048K)
 Metaspace       used 9962K, committed 10176K, reserved 1114112K
  class space    used 1210K, committed 1280K, reserved 1048576K
}
Event: 15.943 GC heap before
{Heap before GC invocations=2 (full 0):
 garbage-first heap   total 98304K, used 61986K [0x00000000a0e00000, 0x0000000100000000)
  region size 1024K, 57 young (58368K), 2 survivors (2048K)
 Metaspace       used 12779K, committed 12992K, reserved 1114112K
  class space    used 1478K, committed 1600K, reserved 1048576K
}
Event: 15.974 GC heap after
{Heap after GC invocations=3 (full 0):
 garbage-first heap   total 98304K, used 13044K [0x00000000a0e00000, 0x0000000100000000)
  region size 1024K, 8 young (8192K), 8 survivors (8192K)
 Metaspace       used 12779K, committed 12992K, reserved 1114112K
  class space    used 1478K, committed 1600K, reserved 1048576K
}

Deoptimization events (20 events):
Event: 15.752 Thread 0x000001ad9d9b72f0 Uncommon trap: trap_request=0xffffff45 fr.pc=0x000001adacd031d8 relative=0x0000000000000258
Event: 15.752 Thread 0x000001ad9d9b72f0 Uncommon trap: reason=unstable_if action=reinterpret pc=0x000001adacd031d8 method=java.lang.String.decodeASCII([BI[CII)I @ 7 c2
Event: 15.752 Thread 0x000001ad9d9b72f0 DEOPT PACKING pc=0x000001adacd031d8 sp=0x00000083ab4fc460
Event: 15.752 Thread 0x000001ad9d9b72f0 DEOPT UNPACKING pc=0x000001adac7523a3 sp=0x00000083ab4fc360 mode 2
Event: 15.779 Thread 0x000001ad9d9b72f0 Uncommon trap: trap_request=0xffffff45 fr.pc=0x000001adacdc7910 relative=0x0000000000000a90
Event: 15.779 Thread 0x000001ad9d9b72f0 Uncommon trap: reason=unstable_if action=reinterpret pc=0x000001adacdc7910 method=org.codehaus.plexus.util.xml.pull.MXParser.nextImpl()I @ 310 c2
Event: 15.779 Thread 0x000001ad9d9b72f0 DEOPT PACKING pc=0x000001adacdc7910 sp=0x00000083ab4fc5d0
Event: 15.779 Thread 0x000001ad9d9b72f0 DEOPT UNPACKING pc=0x000001adac7523a3 sp=0x00000083ab4fc548 mode 2
Event: 15.867 Thread 0x000001ad9d9b72f0 Uncommon trap: trap_request=0xffffffbe fr.pc=0x000001adacdf8f10 relative=0x0000000000000c30
Event: 15.867 Thread 0x000001ad9d9b72f0 Uncommon trap: reason=profile_predicate action=maybe_recompile pc=0x000001adacdf8f10 method=java.util.regex.Pattern$CharPropertyGreedy.match(Ljava/util/regex/Matcher;ILjava/lang/CharSequence;)Z @ 103 c2
Event: 15.867 Thread 0x000001ad9d9b72f0 DEOPT PACKING pc=0x000001adacdf8f10 sp=0x00000083ab4fc800
Event: 15.867 Thread 0x000001ad9d9b72f0 DEOPT UNPACKING pc=0x000001adac7523a3 sp=0x00000083ab4fc790 mode 2
Event: 15.870 Thread 0x000001ad9d9b72f0 Uncommon trap: trap_request=0xffffffbe fr.pc=0x000001adacdf8f10 relative=0x0000000000000c30
Event: 15.870 Thread 0x000001ad9d9b72f0 Uncommon trap: reason=profile_predicate action=maybe_recompile pc=0x000001adacdf8f10 method=java.util.regex.Pattern$CharPropertyGreedy.match(Ljava/util/regex/Matcher;ILjava/lang/CharSequence;)Z @ 103 c2
Event: 15.871 Thread 0x000001ad9d9b72f0 DEOPT PACKING pc=0x000001adacdf8f10 sp=0x00000083ab4fc950
Event: 15.871 Thread 0x000001ad9d9b72f0 DEOPT UNPACKING pc=0x000001adac7523a3 sp=0x00000083ab4fc8e0 mode 2
Event: 15.977 Thread 0x000001ad9d9b72f0 Uncommon trap: trap_request=0xffffff45 fr.pc=0x000001adacdfb9c4 relative=0x0000000000000a44
Event: 15.977 Thread 0x000001ad9d9b72f0 Uncommon trap: reason=unstable_if action=reinterpret pc=0x000001adacdfb9c4 method=org.codehaus.plexus.util.xml.pull.MXParser.nextImpl()I @ 1161 c2
Event: 15.977 Thread 0x000001ad9d9b72f0 DEOPT PACKING pc=0x000001adacdfb9c4 sp=0x00000083ab4fce60
Event: 15.977 Thread 0x000001ad9d9b72f0 DEOPT UNPACKING pc=0x000001adac7523a3 sp=0x00000083ab4fcde0 mode 2

Classes unloaded (0 events):
No events

Classes redefined (0 events):
No events

Internal exceptions (7 events):
Event: 5.346 Thread 0x000001ad9d9b72f0 Exception <a 'java/lang/NoSuchMethodError'{0x00000000a69cbe00}: 'java.lang.Object java.lang.invoke.DirectMethodHandle$Holder.invokeStaticInit(java.lang.Object, int, int, int, int)'> (0x00000000a69cbe00) 
thrown [s\open\src\hotspot\share\interpreter\linkResolver.cpp, line 759]
Event: 7.217 Thread 0x000001ad9d9b72f0 Exception <a 'java/lang/NoSuchMethodError'{0x00000000a68a2940}: 'java.lang.Object java.lang.invoke.DirectMethodHandle$Holder.invokeStaticInit(java.lang.Object, java.lang.Object, int, int, int, int)'> (0x00000000a68a2940) 
thrown [s\open\src\hotspot\share\interpreter\linkResolver.cpp, line 759]
Event: 8.201 Thread 0x000001ad9d9b72f0 Exception <a 'java/lang/NoSuchMethodError'{0x00000000a5c53700}: 'java.lang.Object java.lang.invoke.DirectMethodHandle$Holder.newInvokeSpecial(java.lang.Object, java.lang.Object, java.lang.Object, java.lang.Object, java.lang.Object)'> (0x00000000a5c53700) 
thrown [s\open\src\hotspot\share\interpreter\linkResolver.cpp, line 759]
Event: 12.943 Thread 0x000001ad9d9b72f0 Exception <a 'java/lang/NoClassDefFoundError'{0x00000000a6a504f8}: com/google/inject/servlet/ServletModuleTargetVisitor> (0x00000000a6a504f8) 
thrown [s\open\src\hotspot\share\classfile\systemDictionary.cpp, line 245]
Event: 12.944 Thread 0x000001ad9d9b72f0 Exception <a 'java/lang/NoClassDefFoundError'{0x00000000a6a531d0}: javax/annotation/Priority> (0x00000000a6a531d0) 
thrown [s\open\src\hotspot\share\classfile\systemDictionary.cpp, line 245]
Event: 13.247 Thread 0x000001ad9d9b72f0 Implicit null exception at 0x000001adaccc74f2 to 0x000001adaccc7ac0
Event: 13.248 Thread 0x000001ad9d9b72f0 Implicit null exception at 0x000001adaccc2272 to 0x000001adaccc2850

VM Operations (20 events):
Event: 12.751 Executing VM operation: HandshakeAllThreads done
Event: 12.788 Executing VM operation: G1CollectForAllocation
Event: 12.802 Executing VM operation: G1CollectForAllocation done
Event: 12.903 Executing VM operation: HandshakeAllThreads
Event: 12.903 Executing VM operation: HandshakeAllThreads done
Event: 13.061 Executing VM operation: HandshakeAllThreads
Event: 13.062 Executing VM operation: HandshakeAllThreads done
Event: 13.281 Executing VM operation: ICBufferFull
Event: 13.281 Executing VM operation: ICBufferFull done
Event: 13.468 Executing VM operation: HandshakeAllThreads
Event: 13.468 Executing VM operation: HandshakeAllThreads done
Event: 14.475 Executing VM operation: Cleanup
Event: 14.662 Executing VM operation: Cleanup done
Event: 15.670 Executing VM operation: Cleanup
Event: 15.670 Executing VM operation: Cleanup done
Event: 15.931 Executing VM operation: HandshakeAllThreads
Event: 15.931 Executing VM operation: HandshakeAllThreads done
Event: 15.942 Executing VM operation: G1CollectForAllocation
Event: 15.974 Executing VM operation: G1CollectForAllocation done
Event: 16.984 Executing VM operation: Cleanup

Events (20 events):
Event: 13.311 loading class sun/nio/ch/NativeThread done
Event: 13.311 loading class sun/nio/ch/FileLockTable
Event: 13.312 loading class sun/nio/ch/FileLockTable done
Event: 13.312 loading class sun/nio/ch/FileKey
Event: 13.312 loading class sun/nio/ch/FileKey done
Event: 13.312 loading class sun/nio/ch/FileLockTable$FileLockReference
Event: 13.312 loading class sun/nio/ch/FileLockTable$FileLockReference done
Event: 13.312 loading class java/nio/channels/spi/AbstractInterruptibleChannel$1
Event: 13.312 loading class sun/nio/ch/Interruptible
Event: 13.313 loading class sun/nio/ch/Interruptible done
Event: 13.313 loading class java/nio/channels/spi/AbstractInterruptibleChannel$1 done
Event: 13.432 Thread 0x000001adfd3ddaf0 Thread added: 0x000001adfd3ddaf0
Event: 13.441 loading class jdk/internal/reflect/UnsafeQualifiedObjectFieldAccessorImpl
Event: 13.442 loading class jdk/internal/reflect/UnsafeQualifiedFieldAccessorImpl
Event: 13.442 loading class jdk/internal/reflect/UnsafeQualifiedFieldAccessorImpl done
Event: 13.443 loading class jdk/internal/reflect/UnsafeQualifiedObjectFieldAccessorImpl done
Event: 13.467 loading class java/util/ArrayList$ListItr
Event: 13.468 loading class java/util/ArrayList$ListItr done
Event: 15.610 loading class java/util/LinkedList$ListItr
Event: 15.611 loading class java/util/LinkedList$ListItr done


Dynamic libraries:
0x00007ff709990000 - 0x00007ff7099a0000 	C:\Program Files\Java\jdk-17\bin\java.exe
0x00007ff811940000 - 0x00007ff811ba7000 	C:\WINDOWS\SYSTEM32\ntdll.dll
0x00007ff810720000 - 0x00007ff8107e9000 	C:\WINDOWS\System32\KERNEL32.DLL
0x00007ff80f070000 - 0x00007ff80f460000 	C:\WINDOWS\System32\KERNELBASE.dll
0x00007ff80bac0000 - 0x00007ff80bb5e000 	C:\WINDOWS\SYSTEM32\apphelp.dll
0x00007fffb1210000 - 0x00007fffb12be000 	c:\Users\deepa\AppData\Local\Programs\Trae\resources\app\modules\sandbox\x64\trae_sbox.dll
0x00007ff8105e0000 - 0x00007ff810694000 	C:\WINDOWS\System32\ADVAPI32.dll
0x00007ff8102b0000 - 0x00007ff810359000 	C:\WINDOWS\System32\msvcrt.dll
0x00007ff810b80000 - 0x00007ff810c26000 	C:\WINDOWS\System32\sechost.dll
0x00007ff80ffa0000 - 0x00007ff8100b8000 	C:\WINDOWS\System32\RPCRT4.dll
0x00007ff80ee60000 - 0x00007ff80efab000 	C:\WINDOWS\System32\ucrtbase.dll
0x00007fffe7480000 - 0x00007fffe749b000 	C:\Program Files\Java\jdk-17\bin\VCRUNTIME140.dll
0x00007fffecd70000 - 0x00007fffecd89000 	C:\Program Files\Java\jdk-17\bin\jli.dll
0x00007ff8100c0000 - 0x00007ff810285000 	C:\WINDOWS\System32\USER32.dll
0x00007ff80f470000 - 0x00007ff80f497000 	C:\WINDOWS\System32\win32u.dll
0x00007ff811350000 - 0x00007ff81137b000 	C:\WINDOWS\System32\GDI32.dll
0x00007ff80ec90000 - 0x00007ff80edc8000 	C:\WINDOWS\System32\gdi32full.dll
0x00007ff80f4a0000 - 0x00007ff80f543000 	C:\WINDOWS\System32\msvcp_win.dll
0x00007ff805dd0000 - 0x00007ff805ddb000 	C:\WINDOWS\SYSTEM32\VERSION.dll
0x00007ffff6f10000 - 0x00007ffff71aa000 	C:\WINDOWS\WinSxS\amd64_microsoft.windows.common-controls_6595b64144ccf1df_6.0.26100.4768_none_3e0c112ce331287c\COMCTL32.dll
0x00007fffb19d0000 - 0x00007fffb1a5f000 	c:\Users\deepa\AppData\Local\Programs\Trae\resources\app\modules\sandbox\x64\sbox_ipc.dll
0x00007ff810f40000 - 0x00007ff810f6f000 	C:\WINDOWS\System32\IMM32.DLL
0x00007ffff7700000 - 0x00007ffff770c000 	C:\Program Files\Java\jdk-17\bin\vcruntime140_1.dll
0x00007ffff3840000 - 0x00007ffff3a81000 	C:\WINDOWS\SYSTEM32\dbghelp.dll
0x00007ff8107f0000 - 0x00007ff810b75000 	C:\WINDOWS\System32\combase.dll
0x00007ff811380000 - 0x00007ff811460000 	C:\WINDOWS\System32\OLEAUT32.dll
0x00007ffff2d40000 - 0x00007ffff2d83000 	C:\WINDOWS\SYSTEM32\dbgcore.DLL
0x00007fffb1180000 - 0x00007fffb120e000 	C:\Program Files\Java\jdk-17\bin\msvcp140.dll
0x00007fff775b0000 - 0x00007fff78190000 	C:\Program Files\Java\jdk-17\bin\server\jvm.dll
0x00007ff810c30000 - 0x00007ff810c38000 	C:\WINDOWS\System32\PSAPI.DLL
0x00007ff801be0000 - 0x00007ff801bea000 	C:\WINDOWS\SYSTEM32\WSOCK32.dll
0x00007ff80fe40000 - 0x00007ff80feb4000 	C:\WINDOWS\System32\WS2_32.dll
0x00007ff805d90000 - 0x00007ff805dc5000 	C:\WINDOWS\SYSTEM32\WINMM.dll
0x00007ff80d7f0000 - 0x00007ff80d80b000 	C:\WINDOWS\SYSTEM32\kernel.appcore.dll
0x00007ffff73f0000 - 0x00007ffff73fa000 	C:\Program Files\Java\jdk-17\bin\jimage.dll
0x00007ff80ebf0000 - 0x00007ff80ec89000 	C:\WINDOWS\System32\bcryptPrimitives.dll
0x00007ff80d240000 - 0x00007ff80d366000 	C:\WINDOWS\SYSTEM32\dnsapi.dll
0x00007ff80d200000 - 0x00007ff80d233000 	C:\WINDOWS\SYSTEM32\IPHLPAPI.DLL
0x00007ff810290000 - 0x00007ff81029a000 	C:\WINDOWS\System32\NSI.dll
0x00007ff80f6d0000 - 0x00007ff80fe1d000 	C:\WINDOWS\System32\Shell32.dll
0x00007ff80f550000 - 0x00007ff80f6c3000 	C:\WINDOWS\System32\wintypes.dll
0x00007ff80c690000 - 0x00007ff80cef0000 	C:\WINDOWS\SYSTEM32\windows.storage.dll
0x00007ff811000000 - 0x00007ff8110f5000 	C:\WINDOWS\System32\shcore.dll
0x00007ff80bce0000 - 0x00007ff80bd8f000 	C:\WINDOWS\system32\uxtheme.dll
0x00007ff8112b0000 - 0x00007ff81131a000 	C:\WINDOWS\System32\shlwapi.dll
0x00007ff810360000 - 0x00007ff810408000 	C:\WINDOWS\System32\clbcatq.dll
0x00007ff802950000 - 0x00007ff802f94000 	C:\Windows\System32\OneCoreUAPCommonProxyStub.dll
0x00007ff811100000 - 0x00007ff8112a0000 	C:\WINDOWS\System32\ole32.dll
0x00007ff80e5c0000 - 0x00007ff80e617000 	C:\WINDOWS\SYSTEM32\CFGMGR32.dll
0x00007ff809860000 - 0x00007ff80996d000 	C:\WINDOWS\system32\propsys.dll
0x00007fffe6da0000 - 0x00007fffe6f21000 	C:\Windows\System32\Windows.System.Launcher.dll
0x00007ffffdfa0000 - 0x00007ffffdfba000 	C:\WINDOWS\SYSTEM32\windows.staterepositorycore.dll
0x00007fffef3d0000 - 0x00007fffef494000 	C:\Windows\System32\Windows.StateRepositoryPS.dll
0x00007ff80d920000 - 0x00007ff80d956000 	C:\WINDOWS\SYSTEM32\ntmarta.dll
0x00007fffe6cd0000 - 0x00007fffe6d92000 	C:\Windows\System32\Windows.FileExplorer.Common.dll
0x00007ffff0060000 - 0x00007ffff00b0000 	C:\WINDOWS\SYSTEM32\windows.staterepositoryclient.dll
0x00007fffe66d0000 - 0x00007fffe66ff000 	C:\Windows\System32\cldapi.dll
0x00007ff80daa0000 - 0x00007ff80dae9000 	C:\WINDOWS\SYSTEM32\SspiCli.dll
0x00007ffffae80000 - 0x00007ffffb065000 	C:\Windows\System32\urlmon.dll
0x00007ffffabb0000 - 0x00007ffffae7a000 	C:\Windows\System32\iertutil.dll
0x00007ffffab80000 - 0x00007ffffaba9000 	C:\Windows\System32\srvcli.dll
0x00007ff80d1c0000 - 0x00007ff80d1cd000 	C:\Windows\System32\netutils.dll
0x00007ff80e960000 - 0x00007ff80e986000 	C:\WINDOWS\SYSTEM32\bcrypt.dll
0x00007ff80e990000 - 0x00007ff80e9b9000 	C:\WINDOWS\SYSTEM32\profapi.dll
0x00007fffe6080000 - 0x00007fffe60a5000 	C:\Program Files\Java\jdk-17\bin\java.dll
0x00007fffabd30000 - 0x00007fffabe07000 	C:\Program Files\Java\jdk-17\bin\jsvml.dll
0x00007fffe6620000 - 0x00007fffe6639000 	C:\Program Files\Java\jdk-17\bin\net.dll
0x00007ff8063e0000 - 0x00007ff8064fe000 	C:\WINDOWS\SYSTEM32\WINHTTP.dll
0x00007ff80dd80000 - 0x00007ff80ddeb000 	C:\WINDOWS\system32\mswsock.dll
0x00007fffe62e0000 - 0x00007fffe62f6000 	C:\Program Files\Java\jdk-17\bin\nio.dll
0x00007fffe6000000 - 0x00007fffe6018000 	C:\Program Files\Java\jdk-17\bin\zip.dll
0x00007ffff6af0000 - 0x00007ffff6b00000 	C:\Program Files\Java\jdk-17\bin\verify.dll
0x00007ff80e040000 - 0x00007ff80e05b000 	C:\WINDOWS\SYSTEM32\CRYPTSP.dll
0x00007ff80d750000 - 0x00007ff80d78b000 	C:\WINDOWS\system32\rsaenh.dll
0x00007ff80de20000 - 0x00007ff80de4b000 	C:\WINDOWS\SYSTEM32\USERENV.dll
0x00007ff80e060000 - 0x00007ff80e06c000 	C:\WINDOWS\SYSTEM32\CRYPTBASE.dll
0x00007ff8061f0000 - 0x00007ff80620f000 	C:\WINDOWS\SYSTEM32\dhcpcsvc6.DLL
0x00007ff8061c0000 - 0x00007ff8061e5000 	C:\WINDOWS\SYSTEM32\dhcpcsvc.DLL
0x00007ff809aa0000 - 0x00007ff809aaa000 	C:\Users\deepa\AppData\Local\Temp\jansi-1.17.1-1902866263298770380.dll
0x00007ff809a90000 - 0x00007ff809a9a000 	C:\Users\deepa\AppData\Local\Temp\jansi-1.17.1-7717348810871393193.dll
0x00007fffd4790000 - 0x00007fffd47bf000 	C:\WINDOWS\system32\mssprxy.dll

dbghelp: loaded successfully - version: 4.0.5 - missing functions: none
symbol engine: initialized successfully - sym options: 0x614 - pdb path: .;C:\Program Files\Java\jdk-17\bin;C:\WINDOWS\SYSTEM32;c:\Users\deepa\AppData\Local\Programs\Trae\resources\app\modules\sandbox\x64;C:\WINDOWS\WinSxS\amd64_microsoft.windows.common-controls_6595b64144ccf1df_6.0.26100.4768_none_3e0c112ce331287c;C:\Program Files\Java\jdk-17\bin\server;C:\Users\deepa\AppData\Local\Temp

VM Arguments:
jvm_args: -Dmaven.home=C:/Users/deepa/Downloads/e-commerce-microservices-master/e-commerce-microservices-master -Dmaven.multiModuleProjectDirectory=C:/Users/deepa/Downloads/e-commerce-microservices-master/e-commerce-microservices-master/eureka-server 
java_command: org.apache.maven.wrapper.MavenWrapperMain spring-boot:run -Dspring-boot.run.jvmArguments=-Xmx256m
java_class_path (initial): C:/Users/deepa/Downloads/e-commerce-microservices-master/e-commerce-microservices-master/eureka-server/.mvn/wrapper/maven-wrapper.jar
Launcher Type: SUN_STANDARD

[Global flags]
     intx CICompilerCount                          = 4                                         {product} {ergonomic}
     uint ConcGCThreads                            = 2                                         {product} {ergonomic}
     uint G1ConcRefinementThreads                  = 8                                         {product} {ergonomic}
   size_t G1HeapRegionSize                         = 1048576                                   {product} {ergonomic}
    uintx GCDrainStackTargetSize                   = 64                                        {product} {ergonomic}
   size_t InitialHeapSize                          = 100663296                                 {product} {ergonomic}
   size_t MarkStackSize                            = 4194304                                   {product} {ergonomic}
   size_t MaxHeapSize                              = 1595932672                                {product} {ergonomic}
   size_t MaxNewSize                               = 957349888                                 {product} {ergonomic}
   size_t MinHeapDeltaBytes                        = 1048576                                   {product} {ergonomic}
   size_t MinHeapSize                              = 8388608                                   {product} {ergonomic}
    uintx NonNMethodCodeHeapSize                   = 5839372                                {pd product} {ergonomic}
    uintx NonProfiledCodeHeapSize                  = 122909434                              {pd product} {ergonomic}
    uintx ProfiledCodeHeapSize                     = 122909434                              {pd product} {ergonomic}
    uintx ReservedCodeCacheSize                    = 251658240                              {pd product} {ergonomic}
     bool SegmentedCodeCache                       = true                                      {product} {ergonomic}
   size_t SoftMaxHeapSize                          = 1595932672                             {manageable} {ergonomic}
     bool UseCompressedClassPointers               = true                           {product lp64_product} {ergonomic}
     bool UseCompressedOops                        = true                           {product lp64_product} {ergonomic}
     bool UseG1GC                                  = true                                      {product} {ergonomic}
     bool UseLargePagesIndividualAllocation        = false                                  {pd product} {ergonomic}

Logging:
Log output configuration:
 #0: stdout all=warning uptime,level,tags
 #1: stderr all=off uptime,level,tags

Environment Variables:
JAVA_HOME=C:/Program Files/Java/jdk-17
PATH=c;C:\Users\deepa\.trae\tools\trae-gopls\current;c;C:\Users\deepa\.trae\sdks\workspaces\d87b252e\versions\node\current;c;C:\Users\deepa\.trae\sdks\versions\node\current;C:\c\Users\deepa\bin;C:\Program Files\Git\mingw64\bin;C:\Program Files\Git\usr\local\bin;C:\Program Files\Git\usr\bin;C:\Program Files\Git\usr\bin;C:\Program Files\Git\mingw64\bin;C:\Program Files\Git\usr\bin;C:\Users\deepa\bin;C:\Users\deepa\.trae\tools\trae-gopls\current;C:\Users\deepa\.trae\sdks\workspaces\d87b252e\versions\node\current;C:\Users\deepa\.trae\sdks\versions\node\current;C:\Program Files\Common Files\Oracle\Java\javapath;C:\Users\deepa\AppData\Local\Programs\Python\Python313\Scripts;C:\Users\deepa\AppData\Local\Programs\Python\Python313;C:\WINDOWS\system32;C:\WINDOWS;C:\WINDOWS\System32\Wbem;C:\WINDOWS\System32\WindowsPowerShell\v1.0;C:\WINDOWS\System32\OpenSSH;C:\Program Files\nodejs;C:\ProgramData\chocolatey\bin;C:\Program Files\MySQL\MySQL Server 9.2\bin;C:\Program Files\MySQL\MySQL Server 8.0\bin;C:\Program Files\Git\cmd;C:\Program Files\Java\jdk-17\bin;C:\Users\deepa\AppData\Local\Programs\Trae\bin;C:\Users\deepa\AppData\Local\Programs\Python\Launcher;C:\Users\deepa\AppData\Local\Microsoft\WindowsApps;C:\Users\deepa\AppData\Local\Programs\Microsoft VS Code\bin;C:\Users\deepa\AppData\Roaming\npm;C:\Users\deepa\AppData\Local\Programs\cursor\resources\app\bin;E:\apache-tomcat-10.1.44\apache-tomcat-10.1.44\bin;C:\Program Files\Java\jdk-17\bin;C:\Users\deepa\.trae\extensions\vscjava.vscode-java-debug-0.59.0-universal\bundled\scripts\noConfigScripts;C:\Program Files\Git\usr\bin\vendor_perl;C:\Program Files\Git\usr\bin\core_perl
USERNAME=deepa
SHELL=C:\Program Files\Git\usr\bin\bash.exe
DISPLAY=needs-to-be-defined
LANG=en_US.UTF-8
OS=Windows_NT
PROCESSOR_IDENTIFIER=AMD64 Family 23 Model 24 Stepping 1, AuthenticAMD



---------------  S Y S T E M  ---------------

OS:
 Windows 11 , 64 bit Build 26100 (10.0.26100.4768)
OS uptime: 16 days 7:36 hours

CPU: total 8 (initial active 8) (8 cores per cpu, 2 threads per core) family 23 model 24 stepping 1 microcode 0x8108109, cx8, cmov, fxsr, ht, mmx, 3dnowpref, sse, sse2, sse3, ssse3, sse4a, sse4.1, sse4.2, popcnt, lzcnt, tsc, tscinvbit, avx, avx2, aes, clmul, bmi1, bmi2, adx, sha, fma, vzeroupper, clflush, clflushopt

Memory: 4k page, system-wide physical 6086M (589M free)
TotalPageFile size 24518M (AvailPageFile size 18M)
current process WorkingSet (physical memory assigned to process): 201M, peak: 204M
current process commit charge ("private bytes"): 253M, peak: 261M

vm_info: Java HotSpot(TM) 64-Bit Server VM (17.0.12+8-LTS-286) for windows-amd64 JRE (17.0.12+8-LTS-286), built on Jun  5 2024 06:46:59 by "mach5one" with MS VC++ 17.6 (VS2022)

END.
