#
# There is insufficient memory for the Java Runtime Environment to continue.
# Native memory allocation (malloc) failed to allocate 1098576 bytes for Chunk::new
# Possible reasons:
#   The system is out of physical RAM or swap space
#   The process is running with CompressedOops enabled, and the Java Heap may be blocking the growth of the native heap
# Possible solutions:
#   Reduce memory load on the system
#   Increase physical memory or swap space
#   Check if swap backing store is full
#   Decrease Java heap size (-Xmx/-Xms)
#   Decrease number of Java threads
#   Decrease Java thread stack sizes (-Xss)
#   Set larger code cache with -XX:ReservedCodeCacheSize=
#   JVM is running with Unscaled Compressed Oops mode in which the Java heap is
#     placed in the first 4GB address space. The Java Heap base address is the
#     maximum limit for the native heap growth. Please use -XX:HeapBaseMinAddress
#     to set the Java Heap base and to place the Java Heap above 4GB virtual address.
# This output file may be truncated or incomplete.
#
#  Out of Memory Error (arena.cpp:189), pid=21280, tid=19796
#
# JRE version: Java(TM) SE Runtime Environment (17.0.12+8) (build 17.0.12+8-LTS-286)
# Java VM: Java HotSpot(TM) 64-Bit Server VM (17.0.12+8-LTS-286, mixed mode, sharing, tiered, compressed oops, compressed class ptrs, g1 gc, windows-amd64)
# No core dump will be written. Minidumps are not enabled by default on client versions of Windows
#

---------------  S U M M A R Y ------------

Command Line: -Xmx256m target/eureka-server-0.0.1-SNAPSHOT.jar

Host: AMD Ryzen 5 3500U with Radeon Vega Mobile Gfx  , 8 cores, 5G,  Windows 11 , 64 bit Build 26100 (10.0.26100.4768)
Time: Tue May 12 19:06:55 2026 India Standard Time elapsed time: 1283.385833 seconds (0d 0h 21m 23s)

---------------  T H R E A D  ---------------

Current thread (0x0000021111124d90):  JavaThread "C2 CompilerThread0" daemon [_thread_in_native, id=19796, stack(0x000000f3b0400000,0x000000f3b0500000)]


Current CompileTask:
C2:1283386 4719       4       jdk.internal.loader.BuiltinClassLoader::loadClassOrNull (7 bytes)

Stack: [0x000000f3b0400000,0x000000f3b0500000]
Native frames: (J=compiled Java code, j=interpreted, Vv=VM code, C=native code)
V  [jvm.dll+0x67a04a]
V  [jvm.dll+0x7da4ed]
V  [jvm.dll+0x7dbe33]
V  [jvm.dll+0x7dc4a3]
V  [jvm.dll+0x24508f]
V  [jvm.dll+0xab773]
V  [jvm.dll+0xabd3c]
V  [jvm.dll+0x361b9f]
V  [jvm.dll+0x1ba64a]
V  [jvm.dll+0x216997]
V  [jvm.dll+0x215c6f]
V  [jvm.dll+0x1a2960]
V  [jvm.dll+0x22610b]
V  [jvm.dll+0x2242ab]
V  [jvm.dll+0x79075c]
V  [jvm.dll+0x78abea]
V  [jvm.dll+0x678f35]
C  [ucrtbase.dll+0x37b0]
C  [KERNEL32.DLL+0x2e8d7]
C  [ntdll.dll+0x3c34c]


---------------  P R O C E S S  ---------------

Threads class SMR info:
_java_thread_list=0x0000021157a93110, length=12, elements={
0x0000021176e63b30, 0x0000021176ac0e60, 0x0000021176ac67a0, 0x000002111111e4c0,
0x000002111111ed90, 0x00000211111201d0, 0x0000021111123620, 0x0000021111124d90,
0x0000021111132bc0, 0x0000021111163c50, 0x0000021111268eb0, 0x000002111126d7f0
}

Java Threads: ( => current thread )
  0x0000021176e63b30 JavaThread "main" [_thread_in_native, id=18060, stack(0x000000f3af700000,0x000000f3af800000)]
  0x0000021176ac0e60 JavaThread "Reference Handler" daemon [_thread_blocked, id=7176, stack(0x000000f3afe00000,0x000000f3aff00000)]
  0x0000021176ac67a0 JavaThread "Finalizer" daemon [_thread_blocked, id=7388, stack(0x000000f3aff00000,0x000000f3b0000000)]
  0x000002111111e4c0 JavaThread "Signal Dispatcher" daemon [_thread_blocked, id=25064, stack(0x000000f3b0000000,0x000000f3b0100000)]
  0x000002111111ed90 JavaThread "Attach Listener" daemon [_thread_blocked, id=30128, stack(0x000000f3b0100000,0x000000f3b0200000)]
  0x00000211111201d0 JavaThread "Service Thread" daemon [_thread_blocked, id=31232, stack(0x000000f3b0200000,0x000000f3b0300000)]
  0x0000021111123620 JavaThread "Monitor Deflation Thread" daemon [_thread_blocked, id=17216, stack(0x000000f3b0300000,0x000000f3b0400000)]
=>0x0000021111124d90 JavaThread "C2 CompilerThread0" daemon [_thread_in_native, id=19796, stack(0x000000f3b0400000,0x000000f3b0500000)]
  0x0000021111132bc0 JavaThread "C1 CompilerThread0" daemon [_thread_blocked, id=28404, stack(0x000000f3b0500000,0x000000f3b0600000)]
  0x0000021111163c50 JavaThread "Sweeper thread" daemon [_thread_blocked, id=20700, stack(0x000000f3b0600000,0x000000f3b0700000)]
  0x0000021111268eb0 JavaThread "Notification Thread" daemon [_thread_in_vm, id=20848, stack(0x000000f3b0700000,0x000000f3b0800000)]
  0x000002111126d7f0 JavaThread "Common-Cleaner" daemon [_thread_blocked, id=29372, stack(0x000000f3b0900000,0x000000f3b0a00000)]

Other Threads:
  0x0000021176abb1b0 VMThread "VM Thread" [stack: 0x000000f3afd00000,0x000000f3afe00000] [id=28116]
  0x000002111126d3b0 WatcherThread [stack: 0x000000f3b0800000,0x000000f3b0900000] [id=31340]
  0x0000021176934a40 GCTaskThread "GC Thread#0" [stack: 0x000000f3af800000,0x000000f3af900000] [id=25876]
  0x0000021111cc5e50 GCTaskThread "GC Thread#1" [stack: 0x000000f3b0a00000,0x000000f3b0b00000] [id=31172]
  0x000002111150e480 GCTaskThread "GC Thread#2" [stack: 0x000000f3b0b00000,0x000000f3b0c00000] [id=22560]
  0x0000021157058830 GCTaskThread "GC Thread#3" [stack: 0x000000f3b0c00000,0x000000f3b0d00000] [id=4700]
  0x00000211118b5de0 GCTaskThread "GC Thread#4" [stack: 0x000000f3b0d00000,0x000000f3b0e00000] [id=24000]
  0x0000021111a90110 GCTaskThread "GC Thread#5" [stack: 0x000000f3b0e00000,0x000000f3b0f00000] [id=2756]
  0x00000211118b2370 GCTaskThread "GC Thread#6" [stack: 0x000000f3b1000000,0x000000f3b1100000] [id=30336]
  0x0000021111740140 GCTaskThread "GC Thread#7" [stack: 0x000000f3b1100000,0x000000f3b1200000] [id=9880]
  0x0000021176e40a10 ConcurrentGCThread "G1 Main Marker" [stack: 0x000000f3af900000,0x000000f3afa00000] [id=22808]
  0x0000021176e8c750 ConcurrentGCThread "G1 Conc#0" [stack: 0x000000f3afa00000,0x000000f3afb00000] [id=31508]
  0x00000211585e0560 ConcurrentGCThread "G1 Conc#1" [stack: 0x000000f3b0f00000,0x000000f3b1000000] [id=31136]
  0x000002117697c640 ConcurrentGCThread "G1 Refine#0" [stack: 0x000000f3afb00000,0x000000f3afc00000] [id=29948]
  0x000002117697cf10 ConcurrentGCThread "G1 Service" [stack: 0x000000f3afc00000,0x000000f3afd00000] [id=23120]

Threads with active compile tasks:
C2 CompilerThread0  1283823 4719       4       jdk.internal.loader.BuiltinClassLoader::loadClassOrNull (7 bytes)

VM state: not at safepoint (normal execution)

VM Mutex/Monitor currently owned by a thread: None

Heap address: 0x00000000f0000000, size: 256 MB, Compressed Oops mode: 32-bit

CDS archive(s) mapped at: [0x0000021112000000-0x0000021112bd0000-0x0000021112bd0000), size 12386304, SharedBaseAddress: 0x0000021112000000, ArchiveRelocationMode: 1.
Compressed class space mapped at: 0x0000021113000000-0x0000021153000000, reserved size: 1073741824
Narrow klass base: 0x0000021112000000, Narrow klass shift: 0, Narrow klass range: 0x100000000

GC Precious Log:
 CPUs: 8 total, 8 available
 Memory: 6086M
 Large Page Support: Disabled
 NUMA Support: Disabled
 Compressed Oops: Enabled (32-bit)
 Heap Region Size: 1M
 Heap Min Capacity: 8M
 Heap Initial Capacity: 96M
 Heap Max Capacity: 256M
 Pre-touch: Disabled
 Parallel Workers: 8
 Concurrent Workers: 2
 Concurrent Refinement Workers: 8
 Periodic GC: Disabled

Heap:
 garbage-first heap   total 46080K, used 20599K [0x00000000f0000000, 0x0000000100000000)
  region size 1024K, 2 young (2048K), 1 survivors (1024K)
 Metaspace       used 33529K, committed 33920K, reserved 1114112K
  class space    used 4166K, committed 4352K, reserved 1048576K

Heap Regions: E=young(eden), S=young(survivor), O=old, HS=humongous(starts), HC=humongous(continues), CS=collection set, F=free, OA=open archive, CA=closed archive, TAMS=top-at-mark-start (previous, next)
|   0|0x00000000f0000000, 0x00000000f0100000, 0x00000000f0100000|100%| O|  |TAMS 0x00000000f0100000, 0x00000000f0000000| Untracked 
|   1|0x00000000f0100000, 0x00000000f0200000, 0x00000000f0200000|100%| O|  |TAMS 0x00000000f0200000, 0x00000000f0100000| Untracked 
|   2|0x00000000f0200000, 0x00000000f0300000, 0x00000000f0300000|100%| O|  |TAMS 0x00000000f0300000, 0x00000000f0200000| Untracked 
|   3|0x00000000f0300000, 0x00000000f0400000, 0x00000000f0400000|100%| O|  |TAMS 0x00000000f0400000, 0x00000000f0300000| Untracked 
|   4|0x00000000f0400000, 0x00000000f0500000, 0x00000000f0500000|100%| O|  |TAMS 0x00000000f0500000, 0x00000000f0400000| Untracked 
|   5|0x00000000f0500000, 0x00000000f0600000, 0x00000000f0600000|100%| O|  |TAMS 0x00000000f0529400, 0x00000000f0500000| Untracked 
|   6|0x00000000f0600000, 0x00000000f0700000, 0x00000000f0700000|100%| O|  |TAMS 0x00000000f0600000, 0x00000000f0600000| Untracked 
|   7|0x00000000f0700000, 0x00000000f0800000, 0x00000000f0800000|100%| O|  |TAMS 0x00000000f0700000, 0x00000000f0700000| Untracked 
|   8|0x00000000f0800000, 0x00000000f0900000, 0x00000000f0900000|100%| O|  |TAMS 0x00000000f0800000, 0x00000000f0800000| Untracked 
|   9|0x00000000f0900000, 0x00000000f0a00000, 0x00000000f0a00000|100%| O|  |TAMS 0x00000000f0900000, 0x00000000f0900000| Untracked 
|  10|0x00000000f0a00000, 0x00000000f0b00000, 0x00000000f0b00000|100%| O|  |TAMS 0x00000000f0a00000, 0x00000000f0a00000| Untracked 
|  11|0x00000000f0b00000, 0x00000000f0c00000, 0x00000000f0c00000|100%| O|  |TAMS 0x00000000f0b00000, 0x00000000f0b00000| Untracked 
|  12|0x00000000f0c00000, 0x00000000f0d00000, 0x00000000f0d00000|100%| O|  |TAMS 0x00000000f0c00000, 0x00000000f0c00000| Untracked 
|  13|0x00000000f0d00000, 0x00000000f0e00000, 0x00000000f0e00000|100%| O|  |TAMS 0x00000000f0d00000, 0x00000000f0d00000| Untracked 
|  14|0x00000000f0e00000, 0x00000000f0f00000, 0x00000000f0f00000|100%| O|  |TAMS 0x00000000f0e00000, 0x00000000f0e00000| Untracked 
|  15|0x00000000f0f00000, 0x00000000f1000000, 0x00000000f1000000|100%| O|  |TAMS 0x00000000f0f00000, 0x00000000f0f00000| Untracked 
|  16|0x00000000f1000000, 0x00000000f1100000, 0x00000000f1100000|100%| O|  |TAMS 0x00000000f1000000, 0x00000000f1000000| Untracked 
|  17|0x00000000f1100000, 0x00000000f1200000, 0x00000000f1200000|100%| O|  |TAMS 0x00000000f1100000, 0x00000000f1100000| Untracked 
|  18|0x00000000f1200000, 0x00000000f1300000, 0x00000000f1300000|100%| O|  |TAMS 0x00000000f1200000, 0x00000000f1200000| Untracked 
|  19|0x00000000f1300000, 0x00000000f133a600, 0x00000000f1400000| 22%| O|  |TAMS 0x00000000f1300000, 0x00000000f1300000| Untracked 
|  20|0x00000000f1400000, 0x00000000f1400000, 0x00000000f1500000|  0%| F|  |TAMS 0x00000000f1400000, 0x00000000f1400000| Untracked 
|  21|0x00000000f1500000, 0x00000000f1500000, 0x00000000f1600000|  0%| F|  |TAMS 0x00000000f1500000, 0x00000000f1500000| Untracked 
|  22|0x00000000f1600000, 0x00000000f1600000, 0x00000000f1700000|  0%| F|  |TAMS 0x00000000f1600000, 0x00000000f1600000| Untracked 
|  23|0x00000000f1700000, 0x00000000f1700000, 0x00000000f1800000|  0%| F|  |TAMS 0x00000000f1700000, 0x00000000f1700000| Untracked 
|  24|0x00000000f1800000, 0x00000000f1800000, 0x00000000f1900000|  0%| F|  |TAMS 0x00000000f1800000, 0x00000000f1800000| Untracked 
|  25|0x00000000f1900000, 0x00000000f1900000, 0x00000000f1a00000|  0%| F|  |TAMS 0x00000000f1900000, 0x00000000f1900000| Untracked 
|  26|0x00000000f1a00000, 0x00000000f1a00000, 0x00000000f1b00000|  0%| F|  |TAMS 0x00000000f1a00000, 0x00000000f1a00000| Untracked 
|  27|0x00000000f1b00000, 0x00000000f1be36e8, 0x00000000f1c00000| 88%| S|CS|TAMS 0x00000000f1b00000, 0x00000000f1b00000| Complete 
|  28|0x00000000f1c00000, 0x00000000f1c00000, 0x00000000f1d00000|  0%| F|  |TAMS 0x00000000f1c00000, 0x00000000f1c00000| Untracked 
|  29|0x00000000f1d00000, 0x00000000f1d00000, 0x00000000f1e00000|  0%| F|  |TAMS 0x00000000f1d00000, 0x00000000f1d00000| Untracked 
|  30|0x00000000f1e00000, 0x00000000f1e00000, 0x00000000f1f00000|  0%| F|  |TAMS 0x00000000f1e00000, 0x00000000f1e00000| Untracked 
|  31|0x00000000f1f00000, 0x00000000f1f00000, 0x00000000f2000000|  0%| F|  |TAMS 0x00000000f1f00000, 0x00000000f1f00000| Untracked 
|  32|0x00000000f2000000, 0x00000000f2000000, 0x00000000f2100000|  0%| F|  |TAMS 0x00000000f2000000, 0x00000000f2000000| Untracked 
|  33|0x00000000f2100000, 0x00000000f2100000, 0x00000000f2200000|  0%| F|  |TAMS 0x00000000f2100000, 0x00000000f2100000| Untracked 
|  34|0x00000000f2200000, 0x00000000f2200000, 0x00000000f2300000|  0%| F|  |TAMS 0x00000000f2200000, 0x00000000f2200000| Untracked 
|  35|0x00000000f2300000, 0x00000000f2300000, 0x00000000f2400000|  0%| F|  |TAMS 0x00000000f2300000, 0x00000000f2300000| Untracked 
|  36|0x00000000f2400000, 0x00000000f2400000, 0x00000000f2500000|  0%| F|  |TAMS 0x00000000f2400000, 0x00000000f2400000| Untracked 
|  37|0x00000000f2500000, 0x00000000f2500000, 0x00000000f2600000|  0%| F|  |TAMS 0x00000000f2500000, 0x00000000f2500000| Untracked 
|  38|0x00000000f2600000, 0x00000000f2600000, 0x00000000f2700000|  0%| F|  |TAMS 0x00000000f2600000, 0x00000000f2600000| Untracked 
|  39|0x00000000f2700000, 0x00000000f2700000, 0x00000000f2800000|  0%| F|  |TAMS 0x00000000f2700000, 0x00000000f2700000| Untracked 
|  88|0x00000000f5800000, 0x00000000f5800000, 0x00000000f5900000|  0%| F|  |TAMS 0x00000000f5800000, 0x00000000f5800000| Untracked 
|  89|0x00000000f5900000, 0x00000000f5900000, 0x00000000f5a00000|  0%| F|  |TAMS 0x00000000f5900000, 0x00000000f5900000| Untracked 
|  90|0x00000000f5a00000, 0x00000000f5a00000, 0x00000000f5b00000|  0%| F|  |TAMS 0x00000000f5a00000, 0x00000000f5a00000| Untracked 
|  91|0x00000000f5b00000, 0x00000000f5b00000, 0x00000000f5c00000|  0%| F|  |TAMS 0x00000000f5b00000, 0x00000000f5b00000| Untracked 
|  95|0x00000000f5f00000, 0x00000000f5fad958, 0x00000000f6000000| 67%| E|  |TAMS 0x00000000f5f00000, 0x00000000f5f00000| Complete 

Card table byte_map: [0x0000021176cb0000,0x0000021176d30000] _byte_map_base: 0x0000021176530000

Marking Bits (Prev, Next): (CMBitMap*) 0x0000021176e3f940, (CMBitMap*) 0x0000021176e3f900
 Prev Bits: [0x000002117f390000, 0x000002117f790000)
 Next Bits: [0x000002117ef90000, 0x000002117f390000)

Polling page: 0x0000021174cb0000

Metaspace:

Usage:
  Non-class:     28.67 MB used.
      Class:      4.07 MB used.
       Both:     32.74 MB used.

Virtual space:
  Non-class space:       64.00 MB reserved,      28.88 MB ( 45%) committed,  1 nodes.
      Class space:        1.00 GB reserved,       4.25 MB ( <1%) committed,  1 nodes.
             Both:        1.06 GB reserved,      33.12 MB (  3%) committed. 

Chunk freelists:
   Non-Class:  2.91 MB
       Class:  11.66 MB
        Both:  14.56 MB

MaxMetaspaceSize: unlimited
CompressedClassSpaceSize: 1.00 GB
Initial GC threshold: 21.00 MB
Current GC threshold: 35.12 MB
CDS: on
MetaspaceReclaimPolicy: balanced
 - commit_granule_bytes: 65536.
 - commit_granule_words: 8192.
 - virtual_space_node_default_size: 8388608.
 - enlarge_chunks_in_place: 1.
 - new_chunks_are_fully_committed: 0.
 - uncommit_free_chunks: 1.
 - use_allocation_guard: 0.
 - handle_deallocations: 1.


Internal statistics:

num_allocs_failed_limit: 3.
num_arena_births: 382.
num_arena_deaths: 0.
num_vsnodes_births: 2.
num_vsnodes_deaths: 0.
num_space_committed: 530.
num_space_uncommitted: 0.
num_chunks_returned_to_freelist: 3.
num_chunks_taken_from_freelist: 1599.
num_chunk_merges: 3.
num_chunk_splits: 1053.
num_chunks_enlarged: 770.
num_inconsistent_stats: 0.

CodeHeap 'non-profiled nmethods': size=120000Kb used=2660Kb max_used=3156Kb free=117339Kb
 bounds [0x0000021107ad0000, 0x0000021107df0000, 0x000002110f000000]
CodeHeap 'profiled nmethods': size=120000Kb used=8015Kb max_used=10147Kb free=111984Kb
 bounds [0x0000021100000000, 0x00000211009f0000, 0x0000021107530000]
CodeHeap 'non-nmethods': size=5760Kb used=1212Kb max_used=1275Kb free=4547Kb
 bounds [0x0000021107530000, 0x00000211077a0000, 0x0000021107ad0000]
 total_blobs=4435 nmethods=3921 adapters=426
 compilation: enabled
              stopped_count=0, restarted_count=0
 full_count=0

Compilation events (20 events):
Event: 1281.946 Thread 0x000002115756c940 nmethod 4707 0x0000021107b6b910 code [0x0000021107b6bb00, 0x0000021107b6d2b8]
Event: 1282.006 Thread 0x000002115756c940 4718       4       java.net.URLStreamHandler::setURL (73 bytes)
Event: 1282.006 Thread 0x0000021111124d90 4719       4       jdk.internal.loader.BuiltinClassLoader::loadClassOrNull (7 bytes)
Event: 1282.033 Thread 0x000002115756c940 nmethod 4718 0x0000021107b35c10 code [0x0000021107b35dc0, 0x0000021107b36938]
Event: 1282.033 Thread 0x000002115756c940 4720       4       org.springframework.boot.loader.jar.CentralDirectoryFileHeader::getCrc (16 bytes)
Event: 1282.035 Thread 0x000002115756c940 nmethod 4720 0x0000021107bb1e10 code [0x0000021107bb1f80, 0x0000021107bb2058]
Event: 1282.150 Thread 0x0000021111132bc0 4721       3       java.util.concurrent.CopyOnWriteArrayList::<init> (24 bytes)
Event: 1282.150 Thread 0x0000021111132bc0 nmethod 4721 0x0000021100268990 code [0x0000021100268b40, 0x0000021100268ed8]
Event: 1282.170 Thread 0x0000021111132bc0 4722       3       java.lang.ProcessEnvironment$CheckedEntrySet$1::next (5 bytes)
Event: 1282.170 Thread 0x0000021111132bc0 nmethod 4722 0x0000021100070e10 code [0x0000021100070fe0, 0x00000211000714a8]
Event: 1282.171 Thread 0x0000021111132bc0 4723       3       java.lang.ProcessEnvironment$CheckedEntrySet$1::next (20 bytes)
Event: 1282.171 Thread 0x0000021111132bc0 nmethod 4723 0x0000021100128490 code [0x0000021100128660, 0x0000021100128ac8]
Event: 1282.171 Thread 0x0000021111132bc0 4724       3       java.lang.ProcessEnvironment$CheckedEntry::<init> (10 bytes)
Event: 1282.171 Thread 0x0000021111132bc0 nmethod 4724 0x0000021100131990 code [0x0000021100131b20, 0x0000021100131cd8]
Event: 1282.171 Thread 0x0000021111132bc0 4725       3       java.lang.ProcessEnvironment$CheckedEntry::getKey (5 bytes)
Event: 1282.171 Thread 0x0000021111132bc0 nmethod 4725 0x000002110030c690 code [0x000002110030c840, 0x000002110030cb88]
Event: 1282.171 Thread 0x0000021111132bc0 4726       3       java.lang.ProcessEnvironment$CheckedEntry::getKey (13 bytes)
Event: 1282.171 Thread 0x0000021111132bc0 nmethod 4726 0x0000021100072c10 code [0x0000021100072dc0, 0x0000021100073088]
Event: 1282.171 Thread 0x0000021111132bc0 4727       3       java.util.Collections$UnmodifiableMap$UnmodifiableEntrySet$UnmodifiableEntry::getValue (10 bytes)
Event: 1282.171 Thread 0x0000021111132bc0 nmethod 4727 0x00000211002fcb10 code [0x00000211002fccc0, 0x00000211002fce88]

GC Heap History (20 events):
Event: 40.166 GC heap before
{Heap before GC invocations=24 (full 0):
 garbage-first heap   total 46080K, used 37090K [0x00000000f0000000, 0x0000000100000000)
  region size 1024K, 22 young (22528K), 3 survivors (3072K)
 Metaspace       used 29460K, committed 29824K, reserved 1114112K
  class space    used 3693K, committed 3904K, reserved 1048576K
}
Event: 40.181 GC heap after
{Heap after GC invocations=25 (full 0):
 garbage-first heap   total 46080K, used 18402K [0x00000000f0000000, 0x0000000100000000)
  region size 1024K, 3 young (3072K), 3 survivors (3072K)
 Metaspace       used 29460K, committed 29824K, reserved 1114112K
  class space    used 3693K, committed 3904K, reserved 1048576K
}
Event: 42.109 GC heap before
{Heap before GC invocations=25 (full 0):
 garbage-first heap   total 46080K, used 36834K [0x00000000f0000000, 0x0000000100000000)
  region size 1024K, 21 young (21504K), 3 survivors (3072K)
 Metaspace       used 30318K, committed 30656K, reserved 1114112K
  class space    used 3779K, committed 3968K, reserved 1048576K
}
Event: 42.122 GC heap after
{Heap after GC invocations=26 (full 0):
 garbage-first heap   total 46080K, used 18760K [0x00000000f0000000, 0x0000000100000000)
  region size 1024K, 2 young (2048K), 2 survivors (2048K)
 Metaspace       used 30318K, committed 30656K, reserved 1114112K
  class space    used 3779K, committed 3968K, reserved 1048576K
}
Event: 54.253 GC heap before
{Heap before GC invocations=26 (full 0):
 garbage-first heap   total 46080K, used 36168K [0x00000000f0000000, 0x0000000100000000)
  region size 1024K, 19 young (19456K), 2 survivors (2048K)
 Metaspace       used 31117K, committed 31424K, reserved 1114112K
  class space    used 3860K, committed 4032K, reserved 1048576K
}
Event: 54.260 GC heap after
{Heap after GC invocations=27 (full 0):
 garbage-first heap   total 46080K, used 19103K [0x00000000f0000000, 0x0000000100000000)
  region size 1024K, 2 young (2048K), 2 survivors (2048K)
 Metaspace       used 31117K, committed 31424K, reserved 1114112K
  class space    used 3860K, committed 4032K, reserved 1048576K
}
Event: 56.117 GC heap before
{Heap before GC invocations=27 (full 0):
 garbage-first heap   total 46080K, used 37535K [0x00000000f0000000, 0x0000000100000000)
  region size 1024K, 20 young (20480K), 2 survivors (2048K)
 Metaspace       used 32025K, committed 32320K, reserved 1114112K
  class space    used 3942K, committed 4096K, reserved 1048576K
}
Event: 56.125 GC heap after
{Heap after GC invocations=28 (full 0):
 garbage-first heap   total 46080K, used 19854K [0x00000000f0000000, 0x0000000100000000)
  region size 1024K, 3 young (3072K), 3 survivors (3072K)
 Metaspace       used 32025K, committed 32320K, reserved 1114112K
  class space    used 3942K, committed 4096K, reserved 1048576K
}
Event: 1279.934 GC heap before
{Heap before GC invocations=28 (full 0):
 garbage-first heap   total 46080K, used 36238K [0x00000000f0000000, 0x0000000100000000)
  region size 1024K, 19 young (19456K), 3 survivors (3072K)
 Metaspace       used 32258K, committed 32640K, reserved 1114112K
  class space    used 3975K, committed 4160K, reserved 1048576K
}
Event: 1280.864 GC heap after
{Heap after GC invocations=29 (full 0):
 garbage-first heap   total 46080K, used 19897K [0x00000000f0000000, 0x0000000100000000)
  region size 1024K, 2 young (2048K), 2 survivors (2048K)
 Metaspace       used 32258K, committed 32640K, reserved 1114112K
  class space    used 3975K, committed 4160K, reserved 1048576K
}
Event: 1280.885 GC heap before
{Heap before GC invocations=29 (full 0):
 garbage-first heap   total 46080K, used 20921K [0x00000000f0000000, 0x0000000100000000)
  region size 1024K, 3 young (3072K), 2 survivors (2048K)
 Metaspace       used 32259K, committed 32640K, reserved 1114112K
  class space    used 3975K, committed 4160K, reserved 1048576K
}
Event: 1280.888 GC heap after
{Heap after GC invocations=30 (full 0):
 garbage-first heap   total 46080K, used 20016K [0x00000000f0000000, 0x0000000100000000)
  region size 1024K, 1 young (1024K), 1 survivors (1024K)
 Metaspace       used 32259K, committed 32640K, reserved 1114112K
  class space    used 3975K, committed 4160K, reserved 1048576K
}
Event: 1280.902 GC heap before
{Heap before GC invocations=30 (full 0):
 garbage-first heap   total 46080K, used 21040K [0x00000000f0000000, 0x0000000100000000)
  region size 1024K, 2 young (2048K), 1 survivors (1024K)
 Metaspace       used 32275K, committed 32640K, reserved 1114112K
  class space    used 3977K, committed 4160K, reserved 1048576K
}
Event: 1280.903 GC heap after
{Heap after GC invocations=31 (full 0):
 garbage-first heap   total 46080K, used 19888K [0x00000000f0000000, 0x0000000100000000)
  region size 1024K, 1 young (1024K), 1 survivors (1024K)
 Metaspace       used 32275K, committed 32640K, reserved 1114112K
  class space    used 3977K, committed 4160K, reserved 1048576K
}
Event: 1280.984 GC heap before
{Heap before GC invocations=31 (full 0):
 garbage-first heap   total 46080K, used 20912K [0x00000000f0000000, 0x0000000100000000)
  region size 1024K, 2 young (2048K), 1 survivors (1024K)
 Metaspace       used 32310K, committed 32704K, reserved 1114112K
  class space    used 3981K, committed 4160K, reserved 1048576K
}
Event: 1280.985 GC heap after
{Heap after GC invocations=32 (full 0):
 garbage-first heap   total 46080K, used 19862K [0x00000000f0000000, 0x0000000100000000)
  region size 1024K, 1 young (1024K), 1 survivors (1024K)
 Metaspace       used 32310K, committed 32704K, reserved 1114112K
  class space    used 3981K, committed 4160K, reserved 1048576K
}
Event: 1281.114 GC heap before
{Heap before GC invocations=32 (full 0):
 garbage-first heap   total 46080K, used 20886K [0x00000000f0000000, 0x0000000100000000)
  region size 1024K, 2 young (2048K), 1 survivors (1024K)
 Metaspace       used 32321K, committed 32704K, reserved 1114112K
  class space    used 3983K, committed 4160K, reserved 1048576K
}
Event: 1281.115 GC heap after
{Heap after GC invocations=33 (full 0):
 garbage-first heap   total 46080K, used 19842K [0x00000000f0000000, 0x0000000100000000)
  region size 1024K, 1 young (1024K), 1 survivors (1024K)
 Metaspace       used 32321K, committed 32704K, reserved 1114112K
  class space    used 3983K, committed 4160K, reserved 1048576K
}
Event: 1281.848 GC heap before
{Heap before GC invocations=33 (full 0):
 garbage-first heap   total 46080K, used 36226K [0x00000000f0000000, 0x0000000100000000)
  region size 1024K, 18 young (18432K), 1 survivors (1024K)
 Metaspace       used 32861K, committed 33216K, reserved 1114112K
  class space    used 4048K, committed 4224K, reserved 1048576K
}
Event: 1281.851 GC heap after
{Heap after GC invocations=34 (full 0):
 garbage-first heap   total 46080K, used 20237K [0x00000000f0000000, 0x0000000100000000)
  region size 1024K, 1 young (1024K), 1 survivors (1024K)
 Metaspace       used 32861K, committed 33216K, reserved 1114112K
  class space    used 4048K, committed 4224K, reserved 1048576K
}

Deoptimization events (20 events):
Event: 1281.860 Thread 0x0000021176e63b30 Uncommon trap: trap_request=0xffffff66 fr.pc=0x0000021107c38560 relative=0x00000000000001c0
Event: 1281.860 Thread 0x0000021176e63b30 Uncommon trap: reason=speculate_class_check action=maybe_recompile pc=0x0000021107c38560 method=java.util.AbstractList.listIterator()Ljava/util/ListIterator; @ 2 c2
Event: 1281.860 Thread 0x0000021176e63b30 DEOPT PACKING pc=0x0000021107c38560 sp=0x000000f3af7fb7b0
Event: 1281.860 Thread 0x0000021176e63b30 DEOPT UNPACKING pc=0x00000211075823a3 sp=0x000000f3af7fb708 mode 2
Event: 1281.862 Thread 0x0000021176e63b30 Uncommon trap: trap_request=0xffffff66 fr.pc=0x0000021107c38560 relative=0x00000000000001c0
Event: 1281.862 Thread 0x0000021176e63b30 Uncommon trap: reason=speculate_class_check action=maybe_recompile pc=0x0000021107c38560 method=java.util.AbstractList.listIterator()Ljava/util/ListIterator; @ 2 c2
Event: 1281.862 Thread 0x0000021176e63b30 DEOPT PACKING pc=0x0000021107c38560 sp=0x000000f3af7fb7a0
Event: 1281.862 Thread 0x0000021176e63b30 DEOPT UNPACKING pc=0x00000211075823a3 sp=0x000000f3af7fb6f8 mode 2
Event: 1281.872 Thread 0x0000021176e63b30 Uncommon trap: trap_request=0xffffff66 fr.pc=0x0000021107c38560 relative=0x00000000000001c0
Event: 1281.872 Thread 0x0000021176e63b30 Uncommon trap: reason=speculate_class_check action=maybe_recompile pc=0x0000021107c38560 method=java.util.AbstractList.listIterator()Ljava/util/ListIterator; @ 2 c2
Event: 1281.872 Thread 0x0000021176e63b30 DEOPT PACKING pc=0x0000021107c38560 sp=0x000000f3af7fb6a0
Event: 1281.872 Thread 0x0000021176e63b30 DEOPT UNPACKING pc=0x00000211075823a3 sp=0x000000f3af7fb5f8 mode 2
Event: 1281.873 Thread 0x0000021176e63b30 Uncommon trap: trap_request=0xffffff66 fr.pc=0x0000021107c38560 relative=0x00000000000001c0
Event: 1281.873 Thread 0x0000021176e63b30 Uncommon trap: reason=speculate_class_check action=maybe_recompile pc=0x0000021107c38560 method=java.util.AbstractList.listIterator()Ljava/util/ListIterator; @ 2 c2
Event: 1281.873 Thread 0x0000021176e63b30 DEOPT PACKING pc=0x0000021107c38560 sp=0x000000f3af7fb7b0
Event: 1281.873 Thread 0x0000021176e63b30 DEOPT UNPACKING pc=0x00000211075823a3 sp=0x000000f3af7fb708 mode 2
Event: 1281.892 Thread 0x0000021176e63b30 Uncommon trap: trap_request=0xffffff45 fr.pc=0x0000021107d41ca4 relative=0x0000000000002a84
Event: 1281.892 Thread 0x0000021176e63b30 Uncommon trap: reason=unstable_if action=reinterpret pc=0x0000021107d41ca4 method=jdk.internal.org.objectweb.asm.Frame.push(Ljdk/internal/org/objectweb/asm/SymbolTable;Ljava/lang/String;)V @ 49 c2
Event: 1281.892 Thread 0x0000021176e63b30 DEOPT PACKING pc=0x0000021107d41ca4 sp=0x000000f3af7fa230
Event: 1281.892 Thread 0x0000021176e63b30 DEOPT UNPACKING pc=0x00000211075823a3 sp=0x000000f3af7fa150 mode 2

Classes unloaded (0 events):
No events

Classes redefined (0 events):
No events

Internal exceptions (20 events):
Event: 1279.820 Thread 0x0000021176e63b30 Exception <a 'java/lang/reflect/InvocationTargetException'{0x00000000f1f6ba10}> (0x00000000f1f6ba10) 
thrown [s\open\src\hotspot\share\runtime\reflection.cpp, line 1121]
Event: 1279.841 Thread 0x0000021176e63b30 Exception <a 'java/lang/reflect/InvocationTargetException'{0x00000000f1fef2f8}> (0x00000000f1fef2f8) 
thrown [s\open\src\hotspot\share\runtime\reflection.cpp, line 1121]
Event: 1280.872 Thread 0x0000021176e63b30 Exception <a 'java/lang/reflect/InvocationTargetException'{0x00000000f5f66dd8}> (0x00000000f5f66dd8) 
thrown [s\open\src\hotspot\share\runtime\reflection.cpp, line 1121]
Event: 1280.873 Thread 0x0000021176e63b30 Exception <a 'java/lang/reflect/InvocationTargetException'{0x00000000f5f73ce8}> (0x00000000f5f73ce8) 
thrown [s\open\src\hotspot\share\runtime\reflection.cpp, line 1121]
Event: 1280.874 Thread 0x0000021176e63b30 Exception <a 'java/lang/reflect/InvocationTargetException'{0x00000000f5f7c9e0}> (0x00000000f5f7c9e0) 
thrown [s\open\src\hotspot\share\runtime\reflection.cpp, line 1121]
Event: 1280.875 Thread 0x0000021176e63b30 Exception <a 'java/lang/reflect/InvocationTargetException'{0x00000000f5f8bbe8}> (0x00000000f5f8bbe8) 
thrown [s\open\src\hotspot\share\runtime\reflection.cpp, line 1121]
Event: 1280.876 Thread 0x0000021176e63b30 Exception <a 'java/lang/reflect/InvocationTargetException'{0x00000000f5f95bd0}> (0x00000000f5f95bd0) 
thrown [s\open\src\hotspot\share\runtime\reflection.cpp, line 1121]
Event: 1280.892 Thread 0x0000021176e63b30 Exception <a 'java/lang/reflect/InvocationTargetException'{0x00000000f5f3dfe8}> (0x00000000f5f3dfe8) 
thrown [s\open\src\hotspot\share\runtime\reflection.cpp, line 1121]
Event: 1280.902 Thread 0x0000021176e63b30 Implicit null exception at 0x0000021107b45870 to 0x0000021107b49320
Event: 1280.982 Thread 0x0000021176e63b30 Exception <a 'java/lang/NoClassDefFoundError'{0x00000000f5fd3798}: sun/reflect/Reflection> (0x00000000f5fd3798) 
thrown [s\open\src\hotspot\share\classfile\systemDictionary.cpp, line 245]
Event: 1281.084 Thread 0x0000021176e63b30 Exception <a 'java/lang/reflect/InvocationTargetException'{0x00000000f5f4ff88}> (0x00000000f5f4ff88) 
thrown [s\open\src\hotspot\share\runtime\reflection.cpp, line 1121]
Event: 1281.168 Thread 0x0000021176e63b30 Implicit null exception at 0x0000021107b58c96 to 0x0000021107b59358
Event: 1281.509 Thread 0x0000021176e63b30 Implicit null exception at 0x0000021107c91030 to 0x0000021107c91708
Event: 1281.510 Thread 0x0000021176e63b30 Exception <a 'java/lang/NoSuchMethodError'{0x00000000f22180d8}: 'int java.lang.invoke.DirectMethodHandle$Holder.invokeInterface(java.lang.Object, java.lang.Object, java.lang.Object, java.lang.Object)'> (0x00000000f22180d8) 
thrown [s\open\src\hotspot\share\interpreter\linkResolver.cpp, line 759]
Event: 1281.742 Thread 0x0000021176e63b30 Exception <a 'java/lang/NoSuchMethodError'{0x00000000f1f91c60}: 'java.lang.Object java.lang.invoke.DirectMethodHandle$Holder.invokeStaticInit(java.lang.Object, java.lang.Object, java.lang.Object, java.lang.Object)'> (0x00000000f1f91c60) 
thrown [s\open\src\hotspot\share\interpreter\linkResolver.cpp, line 759]
Event: 1281.885 Thread 0x0000021176e63b30 Exception <a 'java/lang/NoSuchMethodError'{0x00000000f5f7cf68}: 'java.lang.Object java.lang.invoke.DirectMethodHandle$Holder.newInvokeSpecial(java.lang.Object, java.lang.Object, java.lang.Object, java.lang.Object, java.lang.Object, java.lang.Object, java.lang.Object, java.lang.Object)'> (0x00000000f5f7cf68) 
thrown [s\open\src\hotspot\share\interpreter\linkResolver.cpp, line 759]
Event: 1281.886 Thread 0x0000021176e63b30 Exception <a 'java/lang/NoSuchMethodError'{0x00000000f5f82828}: 'java.lang.Object java.lang.invoke.DirectMethodHandle$Holder.invokeSpecial(java.lang.Object, java.lang.Object, java.lang.Object, java.lang.Object, java.lang.Object, java.lang.Object, java.lang.Object, java.lang.Object, java.lang.Object)'> (0x00000000f5f82828) 
thrown [s\open\src\hotspot\share\interpreter\linkResolver.cpp, line 759]
Event: 1281.886 Thread 0x0000021176e63b30 Exception <a 'java/lang/NoSuchMethodError'{0x00000000f5f87a00}: 'java.lang.Object java.lang.invoke.Invokers$Holder.linkToTargetMethod(java.lang.Object, java.lang.Object, java.lang.Object, java.lang.Object, java.lang.Object, java.lang.Object, java.lang.Object, java.lang.Object)'> (0x00000000f5f87a00) 
thrown [s\open\src\hotspot\share\interpreter\linkResolver.cpp, line 759]
Event: 1281.895 Thread 0x0000021176e63b30 Exception <a 'java/lang/NoSuchMethodError'{0x00000000f5fcbac8}: 'double java.lang.invoke.DirectMethodHandle$Holder.invokeStatic(java.lang.Object, java.lang.Object, java.lang.Object)'> (0x00000000f5fcbac8) 
thrown [s\open\src\hotspot\share\interpreter\linkResolver.cpp, line 759]
Event: 1282.172 Thread 0x0000021176e63b30 Exception <a 'java/lang/reflect/InvocationTargetException'{0x00000000f265eb58}> (0x00000000f265eb58) 
thrown [s\open\src\hotspot\share\runtime\reflection.cpp, line 1121]

VM Operations (20 events):
Event: 1280.902 Executing VM operation: G1CollectForAllocation
Event: 1280.903 Executing VM operation: G1CollectForAllocation done
Event: 1280.984 Executing VM operation: G1CollectForAllocation
Event: 1280.985 Executing VM operation: G1CollectForAllocation done
Event: 1281.114 Executing VM operation: G1CollectForAllocation
Event: 1281.115 Executing VM operation: G1CollectForAllocation done
Event: 1281.544 Executing VM operation: HandshakeAllThreads
Event: 1281.544 Executing VM operation: HandshakeAllThreads done
Event: 1281.598 Executing VM operation: HandshakeAllThreads
Event: 1281.598 Executing VM operation: HandshakeAllThreads done
Event: 1281.684 Executing VM operation: HandshakeAllThreads
Event: 1281.684 Executing VM operation: HandshakeAllThreads done
Event: 1281.740 Executing VM operation: HandshakeAllThreads
Event: 1281.740 Executing VM operation: HandshakeAllThreads done
Event: 1281.848 Executing VM operation: G1CollectForAllocation
Event: 1281.851 Executing VM operation: G1CollectForAllocation done
Event: 1281.901 Executing VM operation: HandshakeAllThreads
Event: 1281.901 Executing VM operation: HandshakeAllThreads done
Event: 1282.912 Executing VM operation: Cleanup
Event: 1282.912 Executing VM operation: Cleanup done

Events (20 events):
Event: 1281.699 Thread 0x0000021111163c50 flushing nmethod 0x00000211009bc910
Event: 1281.699 Thread 0x0000021111163c50 flushing nmethod 0x00000211009bde90
Event: 1281.699 Thread 0x0000021111163c50 flushing nmethod 0x00000211009be310
Event: 1281.699 Thread 0x0000021111163c50 flushing nmethod 0x00000211009bee90
Event: 1281.699 Thread 0x0000021111163c50 flushing nmethod 0x00000211009bf210
Event: 1281.699 Thread 0x0000021111163c50 flushing nmethod 0x00000211009bfa10
Event: 1281.699 Thread 0x0000021111163c50 flushing nmethod 0x00000211009bfd90
Event: 1281.699 Thread 0x0000021111163c50 flushing nmethod 0x00000211009c1810
Event: 1281.699 Thread 0x0000021111163c50 flushing nmethod 0x00000211009c3d90
Event: 1281.783 loading class com/sun/management/GarbageCollectionNotificationInfo
Event: 1281.783 loading class com/sun/management/GarbageCollectionNotificationInfo done
Event: 1281.806 loading class com/sun/management/UnixOperatingSystemMXBean
Event: 1281.807 loading class com/sun/management/UnixOperatingSystemMXBean done
Event: 1281.880 loading class java/util/concurrent/atomic/DoubleAdder
Event: 1281.883 loading class java/util/concurrent/atomic/DoubleAdder done
Event: 1281.887 loading class sun/management/NotificationEmitterSupport$ListenerInfo
Event: 1281.887 loading class sun/management/NotificationEmitterSupport$ListenerInfo done
Event: 1282.012 loading class java/util/concurrent/CopyOnWriteArraySet
Event: 1282.021 loading class java/util/concurrent/CopyOnWriteArraySet done
Event: 1282.150 Thread 0x000002115756c940 Thread exited: 0x000002115756c940


Dynamic libraries:
0x00007ff709990000 - 0x00007ff7099a0000 	C:\Program Files\Java\jdk-17\bin\java.exe
0x00007ff811940000 - 0x00007ff811ba7000 	C:\WINDOWS\SYSTEM32\ntdll.dll
0x00007ff810720000 - 0x00007ff8107e9000 	C:\WINDOWS\System32\KERNEL32.DLL
0x00007ff80f070000 - 0x00007ff80f460000 	C:\WINDOWS\System32\KERNELBASE.dll
0x00007ff80bac0000 - 0x00007ff80bb5e000 	C:\WINDOWS\SYSTEM32\apphelp.dll
0x00007fffb1210000 - 0x00007fffb12be000 	c:\Users\deepa\AppData\Local\Programs\Trae\resources\app\modules\sandbox\x64\trae_sbox.dll
0x00007ff8105e0000 - 0x00007ff810694000 	C:\WINDOWS\System32\ADVAPI32.dll
0x00007ff8102b0000 - 0x00007ff810359000 	C:\WINDOWS\System32\msvcrt.dll
0x00007ff810b80000 - 0x00007ff810c26000 	C:\WINDOWS\System32\sechost.dll
0x00007ff80ffa0000 - 0x00007ff8100b8000 	C:\WINDOWS\System32\RPCRT4.dll
0x00007ff80ee60000 - 0x00007ff80efab000 	C:\WINDOWS\System32\ucrtbase.dll
0x00007fffe7480000 - 0x00007fffe749b000 	C:\Program Files\Java\jdk-17\bin\VCRUNTIME140.dll
0x00007fffecd70000 - 0x00007fffecd89000 	C:\Program Files\Java\jdk-17\bin\jli.dll
0x00007ffff6f10000 - 0x00007ffff71aa000 	C:\WINDOWS\WinSxS\amd64_microsoft.windows.common-controls_6595b64144ccf1df_6.0.26100.4768_none_3e0c112ce331287c\COMCTL32.dll
0x00007ff8100c0000 - 0x00007ff810285000 	C:\WINDOWS\System32\USER32.dll
0x00007ff80f470000 - 0x00007ff80f497000 	C:\WINDOWS\System32\win32u.dll
0x00007ff811350000 - 0x00007ff81137b000 	C:\WINDOWS\System32\GDI32.dll
0x00007ff80ec90000 - 0x00007ff80edc8000 	C:\WINDOWS\System32\gdi32full.dll
0x00007ff80f4a0000 - 0x00007ff80f543000 	C:\WINDOWS\System32\msvcp_win.dll
0x00007ff805dd0000 - 0x00007ff805ddb000 	C:\WINDOWS\SYSTEM32\VERSION.dll
0x00007fffb19d0000 - 0x00007fffb1a5f000 	c:\Users\deepa\AppData\Local\Programs\Trae\resources\app\modules\sandbox\x64\sbox_ipc.dll
0x00007ff810f40000 - 0x00007ff810f6f000 	C:\WINDOWS\System32\IMM32.DLL
0x00007ffff3840000 - 0x00007ffff3a81000 	C:\WINDOWS\SYSTEM32\dbghelp.dll
0x00007ff8107f0000 - 0x00007ff810b75000 	C:\WINDOWS\System32\combase.dll
0x00007ff811380000 - 0x00007ff811460000 	C:\WINDOWS\System32\OLEAUT32.dll
0x00007ffff7700000 - 0x00007ffff770c000 	C:\Program Files\Java\jdk-17\bin\vcruntime140_1.dll
0x00007ffff2d40000 - 0x00007ffff2d83000 	C:\WINDOWS\SYSTEM32\dbgcore.DLL
0x00007fffb1180000 - 0x00007fffb120e000 	C:\Program Files\Java\jdk-17\bin\msvcp140.dll
0x00007fff775b0000 - 0x00007fff78190000 	C:\Program Files\Java\jdk-17\bin\server\jvm.dll
0x00007ff810c30000 - 0x00007ff810c38000 	C:\WINDOWS\System32\PSAPI.DLL
0x00007ff801be0000 - 0x00007ff801bea000 	C:\WINDOWS\SYSTEM32\WSOCK32.dll
0x00007ff80fe40000 - 0x00007ff80feb4000 	C:\WINDOWS\System32\WS2_32.dll
0x00007ff805d90000 - 0x00007ff805dc5000 	C:\WINDOWS\SYSTEM32\WINMM.dll
0x00007ff80d7f0000 - 0x00007ff80d80b000 	C:\WINDOWS\SYSTEM32\kernel.appcore.dll
0x00007ffff73f0000 - 0x00007ffff73fa000 	C:\Program Files\Java\jdk-17\bin\jimage.dll
0x00007ff80ebf0000 - 0x00007ff80ec89000 	C:\WINDOWS\System32\bcryptPrimitives.dll
0x00007ff80d240000 - 0x00007ff80d366000 	C:\WINDOWS\SYSTEM32\dnsapi.dll
0x00007ff80d200000 - 0x00007ff80d233000 	C:\WINDOWS\SYSTEM32\IPHLPAPI.DLL
0x00007ff810290000 - 0x00007ff81029a000 	C:\WINDOWS\System32\NSI.dll
0x00007fffe6080000 - 0x00007fffe60a5000 	C:\Program Files\Java\jdk-17\bin\java.dll
0x00007fffabd30000 - 0x00007fffabe07000 	C:\Program Files\Java\jdk-17\bin\jsvml.dll
0x00007ff80f6d0000 - 0x00007ff80fe1d000 	C:\WINDOWS\System32\SHELL32.dll
0x00007ff80f550000 - 0x00007ff80f6c3000 	C:\WINDOWS\System32\wintypes.dll
0x00007ff80c690000 - 0x00007ff80cef0000 	C:\WINDOWS\SYSTEM32\windows.storage.dll
0x00007ff811000000 - 0x00007ff8110f5000 	C:\WINDOWS\System32\SHCORE.dll
0x00007ff8112b0000 - 0x00007ff81131a000 	C:\WINDOWS\System32\shlwapi.dll
0x00007ff80e990000 - 0x00007ff80e9b9000 	C:\WINDOWS\SYSTEM32\profapi.dll
0x00007fffe6620000 - 0x00007fffe6639000 	C:\Program Files\Java\jdk-17\bin\net.dll
0x00007ff8063e0000 - 0x00007ff8064fe000 	C:\WINDOWS\SYSTEM32\WINHTTP.dll
0x00007ff80dd80000 - 0x00007ff80ddeb000 	C:\WINDOWS\system32\mswsock.dll
0x00007fffe62e0000 - 0x00007fffe62f6000 	C:\Program Files\Java\jdk-17\bin\nio.dll
0x00007fffe6000000 - 0x00007fffe6018000 	C:\Program Files\Java\jdk-17\bin\zip.dll
0x00007ffff6af0000 - 0x00007ffff6b00000 	C:\Program Files\Java\jdk-17\bin\verify.dll
0x00007ff8061f0000 - 0x00007ff80620f000 	C:\WINDOWS\SYSTEM32\dhcpcsvc6.DLL
0x00007ff8061c0000 - 0x00007ff8061e5000 	C:\WINDOWS\SYSTEM32\dhcpcsvc.DLL
0x00007ff8075a0000 - 0x00007ff8075ab000 	C:\Windows\System32\rasadhlp.dll
0x00007ff803790000 - 0x00007ff803816000 	C:\WINDOWS\System32\fwpuclnt.dll
0x00007ffff05c0000 - 0x00007ffff05ca000 	C:\Program Files\Java\jdk-17\bin\management.dll
0x00007ffff0360000 - 0x00007ffff036b000 	C:\Program Files\Java\jdk-17\bin\management_ext.dll
0x00007fffef2a0000 - 0x00007fffef2b8000 	C:\WINDOWS\system32\napinsp.dll
0x00007fffef280000 - 0x00007fffef292000 	C:\WINDOWS\System32\winrnr.dll
0x00007fffef240000 - 0x00007fffef270000 	C:\WINDOWS\system32\nlansp_c.dll
0x00007ff806560000 - 0x00007ff806580000 	C:\WINDOWS\system32\wshbth.dll
0x00007ff80e040000 - 0x00007ff80e05b000 	C:\WINDOWS\SYSTEM32\CRYPTSP.dll
0x00007ff80d750000 - 0x00007ff80d78b000 	C:\WINDOWS\system32\rsaenh.dll
0x00007ff80de20000 - 0x00007ff80de4b000 	C:\WINDOWS\SYSTEM32\USERENV.dll
0x00007ff80e960000 - 0x00007ff80e986000 	C:\WINDOWS\SYSTEM32\bcrypt.dll
0x00007ff80e060000 - 0x00007ff80e06c000 	C:\WINDOWS\SYSTEM32\CRYPTBASE.dll
0x00007ff80bce0000 - 0x00007ff80bd8f000 	C:\WINDOWS\system32\uxtheme.dll
0x00007ff810360000 - 0x00007ff810408000 	C:\WINDOWS\System32\clbcatq.dll
0x00007ff802950000 - 0x00007ff802f94000 	C:\Windows\System32\OneCoreUAPCommonProxyStub.dll
0x00007ff811100000 - 0x00007ff8112a0000 	C:\WINDOWS\System32\ole32.dll
0x00007ff80e5c0000 - 0x00007ff80e617000 	C:\WINDOWS\SYSTEM32\CFGMGR32.dll
0x00007ff809860000 - 0x00007ff80996d000 	C:\WINDOWS\system32\propsys.dll
0x00007fffe6da0000 - 0x00007fffe6f21000 	C:\Windows\System32\Windows.System.Launcher.dll
0x00007ffffdfa0000 - 0x00007ffffdfba000 	C:\WINDOWS\SYSTEM32\windows.staterepositorycore.dll
0x00007fffef3d0000 - 0x00007fffef494000 	C:\Windows\System32\Windows.StateRepositoryPS.dll
0x00007ff80d920000 - 0x00007ff80d956000 	C:\WINDOWS\SYSTEM32\ntmarta.dll
0x00007fffe6cd0000 - 0x00007fffe6d92000 	C:\Windows\System32\Windows.FileExplorer.Common.dll
0x00007ffff0060000 - 0x00007ffff00b0000 	C:\WINDOWS\SYSTEM32\windows.staterepositoryclient.dll
0x00007fffe66d0000 - 0x00007fffe66ff000 	C:\Windows\System32\cldapi.dll
0x00007ff80daa0000 - 0x00007ff80dae9000 	C:\WINDOWS\SYSTEM32\SspiCli.dll
0x00007ffffae80000 - 0x00007ffffb065000 	C:\Windows\System32\urlmon.dll
0x00007ffffabb0000 - 0x00007ffffae7a000 	C:\Windows\System32\iertutil.dll
0x00007ffffab80000 - 0x00007ffffaba9000 	C:\Windows\System32\srvcli.dll
0x00007ff80d1c0000 - 0x00007ff80d1cd000 	C:\Windows\System32\netutils.dll
0x00007ff8106a0000 - 0x00007ff81071a000 	C:\WINDOWS\System32\coml2.dll

dbghelp: loaded successfully - version: 4.0.5 - missing functions: none
symbol engine: initialized successfully - sym options: 0x614 - pdb path: .;C:\Program Files\Java\jdk-17\bin;C:\WINDOWS\SYSTEM32;c:\Users\deepa\AppData\Local\Programs\Trae\resources\app\modules\sandbox\x64;C:\WINDOWS\WinSxS\amd64_microsoft.windows.common-controls_6595b64144ccf1df_6.0.26100.4768_none_3e0c112ce331287c;C:\Program Files\Java\jdk-17\bin\server

VM Arguments:
jvm_args: -Xmx256m 
java_command: target/eureka-server-0.0.1-SNAPSHOT.jar
java_class_path (initial): target/eureka-server-0.0.1-SNAPSHOT.jar
Launcher Type: SUN_STANDARD

[Global flags]
     intx CICompilerCount                          = 4                                         {product} {ergonomic}
     uint ConcGCThreads                            = 2                                         {product} {ergonomic}
     uint G1ConcRefinementThreads                  = 8                                         {product} {ergonomic}
   size_t G1HeapRegionSize                         = 1048576                                   {product} {ergonomic}
    uintx GCDrainStackTargetSize                   = 64                                        {product} {ergonomic}
   size_t InitialHeapSize                          = 100663296                                 {product} {ergonomic}
   size_t MarkStackSize                            = 4194304                                   {product} {ergonomic}
   size_t MaxHeapSize                              = 268435456                                 {product} {command line}
   size_t MaxNewSize                               = 160432128                                 {product} {ergonomic}
   size_t MinHeapDeltaBytes                        = 1048576                                   {product} {ergonomic}
   size_t MinHeapSize                              = 8388608                                   {product} {ergonomic}
    uintx NonNMethodCodeHeapSize                   = 5839372                                {pd product} {ergonomic}
    uintx NonProfiledCodeHeapSize                  = 122909434                              {pd product} {ergonomic}
    uintx ProfiledCodeHeapSize                     = 122909434                              {pd product} {ergonomic}
    uintx ReservedCodeCacheSize                    = 251658240                              {pd product} {ergonomic}
     bool SegmentedCodeCache                       = true                                      {product} {ergonomic}
   size_t SoftMaxHeapSize                          = 268435456                              {manageable} {ergonomic}
     bool UseCompressedClassPointers               = true                           {product lp64_product} {ergonomic}
     bool UseCompressedOops                        = true                           {product lp64_product} {ergonomic}
     bool UseG1GC                                  = true                                      {product} {ergonomic}
     bool UseLargePagesIndividualAllocation        = false                                  {pd product} {ergonomic}

Logging:
Log output configuration:
 #0: stdout all=warning uptime,level,tags
 #1: stderr all=off uptime,level,tags

Environment Variables:
JAVA_HOME=C:\Program Files\Java\jdk-17
PATH=c;C:\Users\deepa\.trae\tools\trae-gopls\current;c;C:\Users\deepa\.trae\sdks\workspaces\d87b252e\versions\node\current;c;C:\Users\deepa\.trae\sdks\versions\node\current;\c\Users\deepa\bin;C:\Program Files\Git\mingw64\bin;C:\Program Files\Git\usr\local\bin;C:\Program Files\Git\usr\bin;C:\Program Files\Git\usr\bin;C:\Program Files\Git\mingw64\bin;C:\Program Files\Git\usr\bin;C:\Users\deepa\bin;C:\Users\deepa\.trae\tools\trae-gopls\current;C:\Users\deepa\.trae\sdks\workspaces\d87b252e\versions\node\current;C:\Users\deepa\.trae\sdks\versions\node\current;C:\Program Files\Common Files\Oracle\Java\javapath;C:\Users\deepa\AppData\Local\Programs\Python\Python313\Scripts;C:\Users\deepa\AppData\Local\Programs\Python\Python313;C:\WINDOWS\system32;C:\WINDOWS;C:\WINDOWS\System32\Wbem;C:\WINDOWS\System32\WindowsPowerShell\v1.0;C:\WINDOWS\System32\OpenSSH;C:\Program Files\nodejs;C:\ProgramData\chocolatey\bin;C:\Program Files\MySQL\MySQL Server 9.2\bin;C:\Program Files\MySQL\MySQL Server 8.0\bin;C:\Program Files\Git\cmd;C:\Program Files\Java\jdk-17\bin;C:\Users\deepa\AppData\Local\Programs\Trae\bin;C:\Users\deepa\AppData\Local\Programs\Python\Launcher;C:\Users\deepa\AppData\Local\Microsoft\WindowsApps;C:\Users\deepa\AppData\Local\Programs\Microsoft VS Code\bin;C:\Users\deepa\AppData\Roaming\npm;C:\Users\deepa\AppData\Local\Programs\cursor\resources\app\bin;E:\apache-tomcat-10.1.44\apache-tomcat-10.1.44\bin;C:\Program Files\Java\jdk-17\bin;C:\Users\deepa\.trae\extensions\vscjava.vscode-java-debug-0.59.0-universal\bundled\scripts\noConfigScripts;C:\Program Files\Git\usr\bin\vendor_perl;C:\Program Files\Git\usr\bin\core_perl
USERNAME=deepa
SHELL=C:\Program Files\Git\usr\bin\bash.exe
DISPLAY=needs-to-be-defined
LANG=en_US.UTF-8
OS=Windows_NT
PROCESSOR_IDENTIFIER=AMD64 Family 23 Model 24 Stepping 1, AuthenticAMD



---------------  S Y S T E M  ---------------

OS:
 Windows 11 , 64 bit Build 26100 (10.0.26100.4768)
OS uptime: 16 days 8:08 hours

CPU: total 8 (initial active 8) (8 cores per cpu, 2 threads per core) family 23 model 24 stepping 1 microcode 0x8108109, cx8, cmov, fxsr, ht, mmx, 3dnowpref, sse, sse2, sse3, ssse3, sse4a, sse4.1, sse4.2, popcnt, lzcnt, tsc, tscinvbit, avx, avx2, aes, clmul, bmi1, bmi2, adx, sha, fma, vzeroupper, clflush, clflushopt

Memory: 4k page, system-wide physical 6086M (630M free)
TotalPageFile size 24518M (AvailPageFile size 12M)
current process WorkingSet (physical memory assigned to process): 187M, peak: 188M
current process commit charge ("private bytes"): 205M, peak: 235M

vm_info: Java HotSpot(TM) 64-Bit Server VM (17.0.12+8-LTS-286) for windows-amd64 JRE (17.0.12+8-LTS-286), built on Jun  5 2024 06:46:59 by "mach5one" with MS VC++ 17.6 (VS2022)

END.
