2026-05-12 18:45:47.724  INFO 21280 --- [           main] trationDelegate$BeanPostProcessorChecker : Bean 'org.springframework.cloud.autoconfigure.ConfigurationPropertiesRebinderAutoConfiguration' of type [org.springframework.cloud.autoconfigure.ConfigurationPropertiesRebinderAutoConfiguration$$EnhancerBySpringCGLIB$$fa03c540] is not eligible for getting processed by all BeanPostProcessors (for example: not eligible for auto-proxying)

  .   ____          _            __ _ _
 /\\ / ___'_ __ _ _(_)_ __  __ _ \ \ \ \
( ( )\___ | '_ | '_| | '_ \/ _` | \ \ \ \
 \\/  ___)| |_)| | | | | || (_| |  ) ) ) )
  '  |____| .__|_| |_|_| |_\__, | / / / /
 =========|_|==============|___/=/_/_/_/
 :: Spring Boot ::        (v2.1.5.RELEASE)

2026-05-12 18:45:48.828  INFO 21280 --- [           main] c.r.e.EurekaServerApplication            : No active profile set, falling back to default profiles: default
2026-05-12 18:45:56.569  WARN 21280 --- [           main] o.s.boot.actuate.endpoint.EndpointId     : Endpoint ID 'service-registry' contains invalid characters, please migrate to a valid format.
2026-05-12 18:45:59.874  INFO 21280 --- [           main] o.s.cloud.context.scope.GenericScope     : BeanFactory id=70732503-b5f4-38d3-8aa5-7fe93f9c0d3b
2026-05-12 18:46:01.728  INFO 21280 --- [           main] trationDelegate$BeanPostProcessorChecker : Bean 'org.springframework.cloud.autoconfigure.ConfigurationPropertiesRebinderAutoConfiguration' of type [org.springframework.cloud.autoconfigure.ConfigurationPropertiesRebinderAutoConfiguration$$EnhancerBySpringCGLIB$$fa03c540] is not eligible for getting processed by all BeanPostProcessors (for example: not eligible for auto-proxying)
2026-05-12 18:46:25.673  INFO 21280 --- [           main] o.s.b.w.embedded.tomcat.TomcatWebServer  : Tomcat initialized with port(s): 8761 (http)
2026-05-12 18:46:26.223  INFO 21280 --- [           main] o.apache.catalina.core.StandardService   : Starting service [Tomcat]
2026-05-12 18:46:26.223  INFO 21280 --- [           main] org.apache.catalina.core.StandardEngine  : Starting Servlet engine: [Apache Tomcat/9.0.19]
2026-05-12 19:06:53.267  WARN 21280 --- [           main] o.a.tomcat.util.scan.StandardJarScanner  : Failed to scan [jar:file:/C:/Users/deepa/Downloads/e-commerce-microservices-master/e-commerce-microservices-master/eureka-server/target/eureka-server-0.0.1-SNAPSHOT.jar!/BOOT-INF/lib/spring-webmvc-5.1.7.RELEASE.jar!/] from classloader hierarchy

java.io.IOException: Unable to open root Jar file 'war:file:/C:/Users/deepa/Downloads/e-commerce-microservices-master/e-commerce-microservices-master/eureka-server/target/eureka-server-0.0.1-SNAPSHOT.jar*/BOOT-INF/lib/spring-webmvc-5.1.7.RELEASE.jar'
	at org.springframework.boot.loader.jar.Handler.getRootJarFile(Handler.java:324) ~[eureka-server-0.0.1-SNAPSHOT.jar:0.0.1-SNAPSHOT]
	at org.springframework.boot.loader.jar.Handler.getRootJarFileFromUrl(Handler.java:305) ~[eureka-server-0.0.1-SNAPSHOT.jar:0.0.1-SNAPSHOT]
	at org.springframework.boot.loader.jar.Handler.openConnection(Handler.java:84) ~[eureka-server-0.0.1-SNAPSHOT.jar:0.0.1-SNAPSHOT]
	at java.base/java.net.URL.openConnection(URL.java:1094) ~[na:na]
	at java.base/java.net.URL.openStream(URL.java:1161) ~[na:na]
	at org.apache.tomcat.util.descriptor.tld.TldResourcePath.openStream(TldResourcePath.java:127) ~[tomcat-embed-core-9.0.19.jar!/:9.0.19]
	at org.apache.tomcat.util.descriptor.tld.TldParser.parse(TldParser.java:61) ~[tomcat-embed-core-9.0.19.jar!/:9.0.19]
	at org.apache.jasper.servlet.TldScanner.parseTld(TldScanner.java:279) ~[tomcat-embed-jasper-9.0.19.jar!/:9.0.19]
	at org.apache.jasper.servlet.TldScanner$TldScannerCallback.scan(TldScanner.java:313) ~[tomcat-embed-jasper-9.0.19.jar!/:9.0.19]
	at org.apache.tomcat.util.scan.StandardJarScanner.process(StandardJarScanner.java:378) ~[tomcat-embed-core-9.0.19.jar!/:9.0.19]
	at org.apache.tomcat.util.scan.StandardJarScanner.processURLs(StandardJarScanner.java:309) ~[tomcat-embed-core-9.0.19.jar!/:9.0.19]
	at org.apache.tomcat.util.scan.StandardJarScanner.doScanClassPath(StandardJarScanner.java:266) ~[tomcat-embed-core-9.0.19.jar!/:9.0.19]
	at org.apache.tomcat.util.scan.StandardJarScanner.scan(StandardJarScanner.java:229) ~[tomcat-embed-core-9.0.19.jar!/:9.0.19]
	at org.apache.jasper.servlet.TldScanner.scanJars(TldScanner.java:262) ~[tomcat-embed-jasper-9.0.19.jar!/:9.0.19]
	at org.apache.jasper.servlet.TldScanner.scan(TldScanner.java:104) ~[tomcat-embed-jasper-9.0.19.jar!/:9.0.19]
	at org.apache.jasper.servlet.JasperInitializer.onStartup(JasperInitializer.java:83) ~[tomcat-embed-jasper-9.0.19.jar!/:9.0.19]
	at org.apache.catalina.core.StandardContext.startInternal(StandardContext.java:5139) ~[tomcat-embed-core-9.0.19.jar!/:9.0.19]
	at org.apache.catalina.util.LifecycleBase.start(LifecycleBase.java:183) ~[tomcat-embed-core-9.0.19.jar!/:9.0.19]
	at org.apache.catalina.core.ContainerBase$StartChild.call(ContainerBase.java:1377) ~[tomcat-embed-core-9.0.19.jar!/:9.0.19]
	at org.apache.catalina.core.ContainerBase$StartChild.call(ContainerBase.java:1367) ~[tomcat-embed-core-9.0.19.jar!/:9.0.19]
	at java.base/java.util.concurrent.FutureTask.run(FutureTask.java:264) ~[na:na]
	at org.apache.tomcat.util.threads.InlineExecutorService.execute(InlineExecutorService.java:75) ~[tomcat-embed-core-9.0.19.jar!/:9.0.19]
	at java.base/java.util.concurrent.AbstractExecutorService.submit(AbstractExecutorService.java:145) ~[na:na]
	at org.apache.catalina.core.ContainerBase.startInternal(ContainerBase.java:902) ~[tomcat-embed-core-9.0.19.jar!/:9.0.19]
	at org.apache.catalina.core.StandardHost.startInternal(StandardHost.java:831) ~[tomcat-embed-core-9.0.19.jar!/:9.0.19]
	at org.apache.catalina.util.LifecycleBase.start(LifecycleBase.java:183) ~[tomcat-embed-core-9.0.19.jar!/:9.0.19]
	at org.apache.catalina.core.ContainerBase$StartChild.call(ContainerBase.java:1377) ~[tomcat-embed-core-9.0.19.jar!/:9.0.19]
	at org.apache.catalina.core.ContainerBase$StartChild.call(ContainerBase.java:1367) ~[tomcat-embed-core-9.0.19.jar!/:9.0.19]
	at java.base/java.util.concurrent.FutureTask.run(FutureTask.java:264) ~[na:na]
	at org.apache.tomcat.util.threads.InlineExecutorService.execute(InlineExecutorService.java:75) ~[tomcat-embed-core-9.0.19.jar!/:9.0.19]
	at java.base/java.util.concurrent.AbstractExecutorService.submit(AbstractExecutorService.java:145) ~[na:na]
	at org.apache.catalina.core.ContainerBase.startInternal(ContainerBase.java:902) ~[tomcat-embed-core-9.0.19.jar!/:9.0.19]
	at org.apache.catalina.core.StandardEngine.startInternal(StandardEngine.java:262) ~[tomcat-embed-core-9.0.19.jar!/:9.0.19]
	at org.apache.catalina.util.LifecycleBase.start(LifecycleBase.java:183) ~[tomcat-embed-core-9.0.19.jar!/:9.0.19]
	at org.apache.catalina.core.StandardService.startInternal(StandardService.java:423) ~[tomcat-embed-core-9.0.19.jar!/:9.0.19]
	at org.apache.catalina.util.LifecycleBase.start(LifecycleBase.java:183) ~[tomcat-embed-core-9.0.19.jar!/:9.0.19]
	at org.apache.catalina.core.StandardServer.startInternal(StandardServer.java:932) ~[tomcat-embed-core-9.0.19.jar!/:9.0.19]
	at org.apache.catalina.util.LifecycleBase.start(LifecycleBase.java:183) ~[tomcat-embed-core-9.0.19.jar!/:9.0.19]
	at org.apache.catalina.startup.Tomcat.start(Tomcat.java:455) ~[tomcat-embed-core-9.0.19.jar!/:9.0.19]
	at org.springframework.boot.web.embedded.tomcat.TomcatWebServer.initialize(TomcatWebServer.java:106) ~[spring-boot-2.1.5.RELEASE.jar!/:2.1.5.RELEASE]
	at org.springframework.boot.web.embedded.tomcat.TomcatWebServer.<init>(TomcatWebServer.java:86) ~[spring-boot-2.1.5.RELEASE.jar!/:2.1.5.RELEASE]
	at org.springframework.boot.web.embedded.tomcat.TomcatServletWebServerFactory.getTomcatWebServer(TomcatServletWebServerFactory.java:427) ~[spring-boot-2.1.5.RELEASE.jar!/:2.1.5.RELEASE]
	at org.springframework.boot.web.embedded.tomcat.TomcatServletWebServerFactory.getWebServer(TomcatServletWebServerFactory.java:180) ~[spring-boot-2.1.5.RELEASE.jar!/:2.1.5.RELEASE]
	at org.springframework.boot.web.servlet.context.ServletWebServerApplicationContext.createWebServer(ServletWebServerApplicationContext.java:181) ~[spring-boot-2.1.5.RELEASE.jar!/:2.1.5.RELEASE]
	at org.springframework.boot.web.servlet.context.ServletWebServerApplicationContext.onRefresh(ServletWebServerApplicationContext.java:154) ~[spring-boot-2.1.5.RELEASE.jar!/:2.1.5.RELEASE]
	at org.springframework.context.support.AbstractApplicationContext.refresh(AbstractApplicationContext.java:543) ~[spring-context-5.1.7.RELEASE.jar!/:5.1.7.RELEASE]
	at org.springframework.boot.web.servlet.context.ServletWebServerApplicationContext.refresh(ServletWebServerApplicationContext.java:142) ~[spring-boot-2.1.5.RELEASE.jar!/:2.1.5.RELEASE]
	at org.springframework.boot.SpringApplication.refresh(SpringApplication.java:775) ~[spring-boot-2.1.5.RELEASE.jar!/:2.1.5.RELEASE]
	at org.springframework.boot.SpringApplication.refreshContext(SpringApplication.java:397) ~[spring-boot-2.1.5.RELEASE.jar!/:2.1.5.RELEASE]
	at org.springframework.boot.SpringApplication.run(SpringApplication.java:316) ~[spring-boot-2.1.5.RELEASE.jar!/:2.1.5.RELEASE]
	at org.springframework.boot.SpringApplication.run(SpringApplication.java:1260) ~[spring-boot-2.1.5.RELEASE.jar!/:2.1.5.RELEASE]
	at org.springframework.boot.SpringApplication.run(SpringApplication.java:1248) ~[spring-boot-2.1.5.RELEASE.jar!/:2.1.5.RELEASE]
	at com.rainbowforest.eurekaserver.EurekaServerApplication.main(EurekaServerApplication.java:11) ~[classes!/:0.0.1-SNAPSHOT]
	at java.base/jdk.internal.reflect.NativeMethodAccessorImpl.invoke0(Native Method) ~[na:na]
	at java.base/jdk.internal.reflect.NativeMethodAccessorImpl.invoke(NativeMethodAccessorImpl.java:77) ~[na:na]
	at java.base/jdk.internal.reflect.DelegatingMethodAccessorImpl.invoke(DelegatingMethodAccessorImpl.java:43) ~[na:na]
	at java.base/java.lang.reflect.Method.invoke(Method.java:568) ~[na:na]
	at org.springframework.boot.loader.MainMethodRunner.run(MainMethodRunner.java:48) ~[eureka-server-0.0.1-SNAPSHOT.jar:0.0.1-SNAPSHOT]
	at org.springframework.boot.loader.Launcher.launch(Launcher.java:87) ~[eureka-server-0.0.1-SNAPSHOT.jar:0.0.1-SNAPSHOT]
	at org.springframework.boot.loader.Launcher.launch(Launcher.java:50) ~[eureka-server-0.0.1-SNAPSHOT.jar:0.0.1-SNAPSHOT]
	at org.springframework.boot.loader.JarLauncher.main(JarLauncher.java:51) ~[eureka-server-0.0.1-SNAPSHOT.jar:0.0.1-SNAPSHOT]
Caused by: java.lang.IllegalStateException: Not a file URL
	at org.springframework.boot.loader.jar.Handler.getRootJarFile(Handler.java:311) ~[eureka-server-0.0.1-SNAPSHOT.jar:0.0.1-SNAPSHOT]
	... 60 common frames omitted

2026-05-12 19:06:53.355  WARN 21280 --- [           main] o.a.tomcat.util.scan.StandardJarScanner  : Failed to scan [jar:file:/C:/Users/deepa/Downloads/e-commerce-microservices-master/e-commerce-microservices-master/eureka-server/target/eureka-server-0.0.1-SNAPSHOT.jar!/BOOT-INF/lib/jersey-servlet-1.19.1.jar!/] from classloader hierarchy

java.io.IOException: Unable to open root Jar file 'war:file:/C:/Users/deepa/Downloads/e-commerce-microservices-master/e-commerce-microservices-master/eureka-server/target/eureka-server-0.0.1-SNAPSHOT.jar*/BOOT-INF/lib/jersey-servlet-1.19.1.jar'
	at org.springframework.boot.loader.jar.Handler.getRootJarFile(Handler.java:324) ~[eureka-server-0.0.1-SNAPSHOT.jar:0.0.1-SNAPSHOT]
	at org.springframework.boot.loader.jar.Handler.getRootJarFileFromUrl(Handler.java:305) ~[eureka-server-0.0.1-SNAPSHOT.jar:0.0.1-SNAPSHOT]
	at org.springframework.boot.loader.jar.Handler.openConnection(Handler.java:84) ~[eureka-server-0.0.1-SNAPSHOT.jar:0.0.1-SNAPSHOT]
	at java.base/java.net.URL.openConnection(URL.java:1094) ~[na:na]
	at java.base/java.net.URL.openStream(URL.java:1161) ~[na:na]
	at org.apache.tomcat.util.descriptor.tld.TldResourcePath.openStream(TldResourcePath.java:127) ~[tomcat-embed-core-9.0.19.jar!/:9.0.19]
	at org.apache.tomcat.util.descriptor.tld.TldParser.parse(TldParser.java:61) ~[tomcat-embed-core-9.0.19.jar!/:9.0.19]
	at org.apache.jasper.servlet.TldScanner.parseTld(TldScanner.java:279) ~[tomcat-embed-jasper-9.0.19.jar!/:9.0.19]
	at org.apache.jasper.servlet.TldScanner$TldScannerCallback.scan(TldScanner.java:313) ~[tomcat-embed-jasper-9.0.19.jar!/:9.0.19]
	at org.apache.tomcat.util.scan.StandardJarScanner.process(StandardJarScanner.java:378) ~[tomcat-embed-core-9.0.19.jar!/:9.0.19]
	at org.apache.tomcat.util.scan.StandardJarScanner.processURLs(StandardJarScanner.java:309) ~[tomcat-embed-core-9.0.19.jar!/:9.0.19]
	at org.apache.tomcat.util.scan.StandardJarScanner.doScanClassPath(StandardJarScanner.java:266) ~[tomcat-embed-core-9.0.19.jar!/:9.0.19]
	at org.apache.tomcat.util.scan.StandardJarScanner.scan(StandardJarScanner.java:229) ~[tomcat-embed-core-9.0.19.jar!/:9.0.19]
	at org.apache.jasper.servlet.TldScanner.scanJars(TldScanner.java:262) ~[tomcat-embed-jasper-9.0.19.jar!/:9.0.19]
	at org.apache.jasper.servlet.TldScanner.scan(TldScanner.java:104) ~[tomcat-embed-jasper-9.0.19.jar!/:9.0.19]
	at org.apache.jasper.servlet.JasperInitializer.onStartup(JasperInitializer.java:83) ~[tomcat-embed-jasper-9.0.19.jar!/:9.0.19]
	at org.apache.catalina.core.StandardContext.startInternal(StandardContext.java:5139) ~[tomcat-embed-core-9.0.19.jar!/:9.0.19]
	at org.apache.catalina.util.LifecycleBase.start(LifecycleBase.java:183) ~[tomcat-embed-core-9.0.19.jar!/:9.0.19]
	at org.apache.catalina.core.ContainerBase$StartChild.call(ContainerBase.java:1377) ~[tomcat-embed-core-9.0.19.jar!/:9.0.19]
	at org.apache.catalina.core.ContainerBase$StartChild.call(ContainerBase.java:1367) ~[tomcat-embed-core-9.0.19.jar!/:9.0.19]
	at java.base/java.util.concurrent.FutureTask.run(FutureTask.java:264) ~[na:na]
	at org.apache.tomcat.util.threads.InlineExecutorService.execute(InlineExecutorService.java:75) ~[tomcat-embed-core-9.0.19.jar!/:9.0.19]
	at java.base/java.util.concurrent.AbstractExecutorService.submit(AbstractExecutorService.java:145) ~[na:na]
	at org.apache.catalina.core.ContainerBase.startInternal(ContainerBase.java:902) ~[tomcat-embed-core-9.0.19.jar!/:9.0.19]
	at org.apache.catalina.core.StandardHost.startInternal(StandardHost.java:831) ~[tomcat-embed-core-9.0.19.jar!/:9.0.19]
	at org.apache.catalina.util.LifecycleBase.start(LifecycleBase.java:183) ~[tomcat-embed-core-9.0.19.jar!/:9.0.19]
	at org.apache.catalina.core.ContainerBase$StartChild.call(ContainerBase.java:1377) ~[tomcat-embed-core-9.0.19.jar!/:9.0.19]
	at org.apache.catalina.core.ContainerBase$StartChild.call(ContainerBase.java:1367) ~[tomcat-embed-core-9.0.19.jar!/:9.0.19]
	at java.base/java.util.concurrent.FutureTask.run(FutureTask.java:264) ~[na:na]
	at org.apache.tomcat.util.threads.InlineExecutorService.execute(InlineExecutorService.java:75) ~[tomcat-embed-core-9.0.19.jar!/:9.0.19]
	at java.base/java.util.concurrent.AbstractExecutorService.submit(AbstractExecutorService.java:145) ~[na:na]
	at org.apache.catalina.core.ContainerBase.startInternal(ContainerBase.java:902) ~[tomcat-embed-core-9.0.19.jar!/:9.0.19]
	at org.apache.catalina.core.StandardEngine.startInternal(StandardEngine.java:262) ~[tomcat-embed-core-9.0.19.jar!/:9.0.19]
	at org.apache.catalina.util.LifecycleBase.start(LifecycleBase.java:183) ~[tomcat-embed-core-9.0.19.jar!/:9.0.19]
	at org.apache.catalina.core.StandardService.startInternal(StandardService.java:423) ~[tomcat-embed-core-9.0.19.jar!/:9.0.19]
	at org.apache.catalina.util.LifecycleBase.start(LifecycleBase.java:183) ~[tomcat-embed-core-9.0.19.jar!/:9.0.19]
	at org.apache.catalina.core.StandardServer.startInternal(StandardServer.java:932) ~[tomcat-embed-core-9.0.19.jar!/:9.0.19]
	at org.apache.catalina.util.LifecycleBase.start(LifecycleBase.java:183) ~[tomcat-embed-core-9.0.19.jar!/:9.0.19]
	at org.apache.catalina.startup.Tomcat.start(Tomcat.java:455) ~[tomcat-embed-core-9.0.19.jar!/:9.0.19]
	at org.springframework.boot.web.embedded.tomcat.TomcatWebServer.initialize(TomcatWebServer.java:106) ~[spring-boot-2.1.5.RELEASE.jar!/:2.1.5.RELEASE]
	at org.springframework.boot.web.embedded.tomcat.TomcatWebServer.<init>(TomcatWebServer.java:86) ~[spring-boot-2.1.5.RELEASE.jar!/:2.1.5.RELEASE]
	at org.springframework.boot.web.embedded.tomcat.TomcatServletWebServerFactory.getTomcatWebServer(TomcatServletWebServerFactory.java:427) ~[spring-boot-2.1.5.RELEASE.jar!/:2.1.5.RELEASE]
	at org.springframework.boot.web.embedded.tomcat.TomcatServletWebServerFactory.getWebServer(TomcatServletWebServerFactory.java:180) ~[spring-boot-2.1.5.RELEASE.jar!/:2.1.5.RELEASE]
	at org.springframework.boot.web.servlet.context.ServletWebServerApplicationContext.createWebServer(ServletWebServerApplicationContext.java:181) ~[spring-boot-2.1.5.RELEASE.jar!/:2.1.5.RELEASE]
	at org.springframework.boot.web.servlet.context.ServletWebServerApplicationContext.onRefresh(ServletWebServerApplicationContext.java:154) ~[spring-boot-2.1.5.RELEASE.jar!/:2.1.5.RELEASE]
	at org.springframework.context.support.AbstractApplicationContext.refresh(AbstractApplicationContext.java:543) ~[spring-context-5.1.7.RELEASE.jar!/:5.1.7.RELEASE]
	at org.springframework.boot.web.servlet.context.ServletWebServerApplicationContext.refresh(ServletWebServerApplicationContext.java:142) ~[spring-boot-2.1.5.RELEASE.jar!/:2.1.5.RELEASE]
	at org.springframework.boot.SpringApplication.refresh(SpringApplication.java:775) ~[spring-boot-2.1.5.RELEASE.jar!/:2.1.5.RELEASE]
	at org.springframework.boot.SpringApplication.refreshContext(SpringApplication.java:397) ~[spring-boot-2.1.5.RELEASE.jar!/:2.1.5.RELEASE]
	at org.springframework.boot.SpringApplication.run(SpringApplication.java:316) ~[spring-boot-2.1.5.RELEASE.jar!/:2.1.5.RELEASE]
	at org.springframework.boot.SpringApplication.run(SpringApplication.java:1260) ~[spring-boot-2.1.5.RELEASE.jar!/:2.1.5.RELEASE]
	at org.springframework.boot.SpringApplication.run(SpringApplication.java:1248) ~[spring-boot-2.1.5.RELEASE.jar!/:2.1.5.RELEASE]
	at com.rainbowforest.eurekaserver.EurekaServerApplication.main(EurekaServerApplication.java:11) ~[classes!/:0.0.1-SNAPSHOT]
	at java.base/jdk.internal.reflect.NativeMethodAccessorImpl.invoke0(Native Method) ~[na:na]
	at java.base/jdk.internal.reflect.NativeMethodAccessorImpl.invoke(NativeMethodAccessorImpl.java:77) ~[na:na]
	at java.base/jdk.internal.reflect.DelegatingMethodAccessorImpl.invoke(DelegatingMethodAccessorImpl.java:43) ~[na:na]
	at java.base/java.lang.reflect.Method.invoke(Method.java:568) ~[na:na]
	at org.springframework.boot.loader.MainMethodRunner.run(MainMethodRunner.java:48) ~[eureka-server-0.0.1-SNAPSHOT.jar:0.0.1-SNAPSHOT]
	at org.springframework.boot.loader.Launcher.launch(Launcher.java:87) ~[eureka-server-0.0.1-SNAPSHOT.jar:0.0.1-SNAPSHOT]
	at org.springframework.boot.loader.Launcher.launch(Launcher.java:50) ~[eureka-server-0.0.1-SNAPSHOT.jar:0.0.1-SNAPSHOT]
	at org.springframework.boot.loader.JarLauncher.main(JarLauncher.java:51) ~[eureka-server-0.0.1-SNAPSHOT.jar:0.0.1-SNAPSHOT]
Caused by: java.lang.IllegalStateException: Not a file URL
	at org.springframework.boot.loader.jar.Handler.getRootJarFile(Handler.java:311) ~[eureka-server-0.0.1-SNAPSHOT.jar:0.0.1-SNAPSHOT]
	... 60 common frames omitted

2026-05-12 19:06:53.681  INFO 21280 --- [           main] org.apache.jasper.servlet.TldScanner     : At least one JAR was scanned for TLDs yet contained no TLDs. Enable debug logging for this logger for a complete list of JARs that were scanned but no TLDs were found in them. Skipping unneeded JARs during scanning can improve startup time and JSP compilation time.
2026-05-12 19:06:53.698  INFO 21280 --- [           main] o.a.c.c.C.[Tomcat].[localhost].[/]       : Initializing Spring embedded WebApplicationContext
2026-05-12 19:06:53.699  INFO 21280 --- [           main] o.s.web.context.ContextLoader            : Root WebApplicationContext: initialization completed in 1264761 ms
2026-05-12 19:06:54.349  WARN 21280 --- [           main] c.n.c.sources.URLConfigurationSource     : No URLs will be polled as dynamic configuration sources.
2026-05-12 19:06:54.349  INFO 21280 --- [           main] c.n.c.sources.URLConfigurationSource     : To enable URLs as dynamic configuration sources, define System property archaius.configurationSource.additionalUrls or make config.properties available on classpath.
#
# There is insufficient memory for the Java Runtime Environment to continue.
# Native memory allocation (malloc) failed to allocate 1098576 bytes for Chunk::new
# An error report file with more information is saved as:
# C:\Users\deepa\Downloads\e-commerce-microservices-master\e-commerce-microservices-master\eureka-server\hs_err_pid21280.log
2026-05-12 19:06:55.575  INFO 21280 --- [           main] c.netflix.config.DynamicPropertyFactory  : DynamicPropertyFactory is initialized with configuration sources: com.netflix.config.ConcurrentCompositeConfiguration@51b01960
#
# Compiler replay data is saved as:
# C:\Users\deepa\Downloads\e-commerce-microservices-master\e-commerce-microservices-master\eureka-server\replay_pid21280.log
2026-05-12 19:07:00.957  INFO 21280 --- [           main] c.s.j.s.i.a.WebApplicationImpl           : Initiating Jersey application, version 'Jersey: 1.19.1 03/11/2016 02:08 PM'
