#
# There is insufficient memory for the Java Runtime Environment to continue.
# Native memory allocation (malloc) failed to allocate 1269776 bytes for Chunk::new
# Possible reasons:
#   The system is out of physical RAM or swap space
#   The process is running with CompressedOops enabled, and the Java Heap may be blocking the growth of the native heap
# Possible solutions:
#   Reduce memory load on the system
#   Increase physical memory or swap space
#   Check if swap backing store is full
#   Decrease Java heap size (-Xmx/-Xms)
#   Decrease number of Java threads
#   Decrease Java thread stack sizes (-Xss)
#   Set larger code cache with -XX:ReservedCodeCacheSize=
#   JVM is running with Unscaled Compressed Oops mode in which the Java heap is
#     placed in the first 4GB address space. The Java Heap base address is the
#     maximum limit for the native heap growth. Please use -XX:HeapBaseMinAddress
#     to set the Java Heap base and to place the Java Heap above 4GB virtual address.
# This output file may be truncated or incomplete.
#
#  Out of Memory Error (arena.cpp:189), pid=32440, tid=16704
#
# JRE version: Java(TM) SE Runtime Environment (17.0.12+8) (build 17.0.12+8-LTS-286)
# Java VM: Java HotSpot(TM) 64-Bit Server VM (17.0.12+8-LTS-286, mixed mode, sharing, tiered, compressed oops, compressed class ptrs, g1 gc, windows-amd64)
# No core dump will be written. Minidumps are not enabled by default on client versions of Windows
#

---------------  S U M M A R Y ------------

Command Line: --add-opens=java.base/java.util=ALL-UNNAMED --add-opens=java.base/java.lang=ALL-UNNAMED --add-opens=java.base/java.lang.reflect=ALL-UNNAMED --add-opens=java.base/java.text=ALL-UNNAMED --add-opens=java.desktop/java.awt.font=ALL-UNNAMED com.rainbowforest.productcatalogservice.ProductCatalogServiceApplication

Host: AMD Ryzen 5 3500U with Radeon Vega Mobile Gfx  , 8 cores, 5G,  Windows 11 , 64 bit Build 26100 (10.0.26100.4768)
Time: Tue May 12 18:32:03 2026 India Standard Time elapsed time: 9.916200 seconds (0d 0h 0m 9s)

---------------  T H R E A D  ---------------

Current thread (0x000001c6542d20f0):  JavaThread "C2 CompilerThread1" daemon [_thread_in_native, id=16704, stack(0x0000006b5ea00000,0x0000006b5eb00000)]


Current CompileTask:
C2:   9916 2532       4       jdk.internal.org.objectweb.asm.Frame::execute (2305 bytes)

Stack: [0x0000006b5ea00000,0x0000006b5eb00000]
Native frames: (J=compiled Java code, j=interpreted, Vv=VM code, C=native code)
V  [jvm.dll+0x67a04a]
V  [jvm.dll+0x7da4ed]
V  [jvm.dll+0x7dbe33]
V  [jvm.dll+0x7dc4a3]
V  [jvm.dll+0x24508f]
V  [jvm.dll+0xab773]
V  [jvm.dll+0xabd3c]
V  [jvm.dll+0x361b9f]
V  [jvm.dll+0x1ba64a]
V  [jvm.dll+0x216997]
V  [jvm.dll+0x215c6f]
V  [jvm.dll+0x1a2960]
V  [jvm.dll+0x22610b]
V  [jvm.dll+0x2242ab]
V  [jvm.dll+0x79075c]
V  [jvm.dll+0x78abea]
V  [jvm.dll+0x678f35]
C  [ucrtbase.dll+0x37b0]
C  [KERNEL32.DLL+0x2e8d7]
C  [ntdll.dll+0x3c34c]


---------------  P R O C E S S  ---------------

Threads class SMR info:
_java_thread_list=0x000001c654c59e90, length=13, elements={
0x000001c67018dad0, 0x000001c67029d720, 0x000001c67029dff0, 0x000001c67eb033a0,
0x000001c6702abd10, 0x000001c6702ac5e0, 0x000001c6702aceb0, 0x000001c6702adab0,
0x000001c6702ae3c0, 0x000001c67eb13190, 0x000001c67ed92bb0, 0x000001c67ed974b0,
0x000001c6542d20f0
}

Java Threads: ( => current thread )
  0x000001c67018dad0 JavaThread "main" [_thread_in_vm, id=10196, stack(0x0000006b5d200000,0x0000006b5d300000)]
  0x000001c67029d720 JavaThread "Reference Handler" daemon [_thread_blocked, id=18872, stack(0x0000006b5de00000,0x0000006b5df00000)]
  0x000001c67029dff0 JavaThread "Finalizer" daemon [_thread_blocked, id=28728, stack(0x0000006b5df00000,0x0000006b5e000000)]
  0x000001c67eb033a0 JavaThread "Signal Dispatcher" daemon [_thread_blocked, id=7388, stack(0x0000006b5e000000,0x0000006b5e100000)]
  0x000001c6702abd10 JavaThread "Attach Listener" daemon [_thread_blocked, id=16248, stack(0x0000006b5e100000,0x0000006b5e200000)]
  0x000001c6702ac5e0 JavaThread "Service Thread" daemon [_thread_blocked, id=32344, stack(0x0000006b5e200000,0x0000006b5e300000)]
  0x000001c6702aceb0 JavaThread "Monitor Deflation Thread" daemon [_thread_blocked, id=30908, stack(0x0000006b5e300000,0x0000006b5e400000)]
  0x000001c6702adab0 JavaThread "C2 CompilerThread0" daemon [_thread_in_native, id=18060, stack(0x0000006b5e400000,0x0000006b5e500000)]
  0x000001c6702ae3c0 JavaThread "C1 CompilerThread0" daemon [_thread_blocked, id=18160, stack(0x0000006b5e500000,0x0000006b5e600000)]
  0x000001c67eb13190 JavaThread "Sweeper thread" daemon [_thread_blocked, id=12764, stack(0x0000006b5e600000,0x0000006b5e700000)]
  0x000001c67ed92bb0 JavaThread "Common-Cleaner" daemon [_thread_blocked, id=13492, stack(0x0000006b5e700000,0x0000006b5e800000)]
  0x000001c67ed974b0 JavaThread "Notification Thread" daemon [_thread_blocked, id=21084, stack(0x0000006b5e800000,0x0000006b5e900000)]
=>0x000001c6542d20f0 JavaThread "C2 CompilerThread1" daemon [_thread_in_native, id=16704, stack(0x0000006b5ea00000,0x0000006b5eb00000)]

Other Threads:
  0x000001c67023e8d0 VMThread "VM Thread" [stack: 0x0000006b5dd00000,0x0000006b5de00000] [id=32632]
  0x000001c6701e34a0 WatcherThread [stack: 0x0000006b5e900000,0x0000006b5ea00000] [id=16036]
  0x000001c670666210 GCTaskThread "GC Thread#0" [stack: 0x0000006b5d800000,0x0000006b5d900000] [id=22416]
  0x000001c65488df20 GCTaskThread "GC Thread#1" [stack: 0x0000006b5ec00000,0x0000006b5ed00000] [id=7716]
  0x000001c654200520 GCTaskThread "GC Thread#2" [stack: 0x0000006b5ed00000,0x0000006b5ee00000] [id=5596]
  0x000001c6545be7f0 GCTaskThread "GC Thread#3" [stack: 0x0000006b5ee00000,0x0000006b5ef00000] [id=27308]
  0x000001c6547ebcb0 GCTaskThread "GC Thread#4" [stack: 0x0000006b5ef00000,0x0000006b5f000000] [id=19200]
  0x000001c6549d4820 GCTaskThread "GC Thread#5" [stack: 0x0000006b5f000000,0x0000006b5f100000] [id=26692]
  0x000001c6549d4ae0 GCTaskThread "GC Thread#6" [stack: 0x0000006b5f100000,0x0000006b5f200000] [id=19752]
  0x000001c6544c82c0 GCTaskThread "GC Thread#7" [stack: 0x0000006b5f300000,0x0000006b5f400000] [id=31756]
  0x000001c6701d9240 ConcurrentGCThread "G1 Main Marker" [stack: 0x0000006b5d900000,0x0000006b5da00000] [id=24640]
  0x000001c6701dc480 ConcurrentGCThread "G1 Conc#0" [stack: 0x0000006b5da00000,0x0000006b5db00000] [id=30948]
  0x000001c6559b8120 ConcurrentGCThread "G1 Conc#1" [stack: 0x0000006b5f400000,0x0000006b5f500000] [id=10440]
  0x000001c670233750 ConcurrentGCThread "G1 Refine#0" [stack: 0x0000006b5db00000,0x0000006b5dc00000] [id=7884]
  0x000001c65430c690 ConcurrentGCThread "G1 Refine#1" [stack: 0x0000006b5f200000,0x0000006b5f300000] [id=24636]
  0x000001c670233e30 ConcurrentGCThread "G1 Service" [stack: 0x0000006b5dc00000,0x0000006b5dd00000] [id=26264]

Threads with active compile tasks:
C2 CompilerThread0    10052 2649   !   4       java.util.zip.ZipFile$Source::getEntryPos (181 bytes)
C2 CompilerThread1    10052 2532       4       jdk.internal.org.objectweb.asm.Frame::execute (2305 bytes)

VM state: not at safepoint (normal execution)

VM Mutex/Monitor currently owned by a thread: None

Heap address: 0x00000000a0e00000, size: 1522 MB, Compressed Oops mode: 32-bit

CDS archive(s) mapped at: [0x000001c60f000000-0x000001c60fbd0000-0x000001c60fbd0000), size 12386304, SharedBaseAddress: 0x000001c60f000000, ArchiveRelocationMode: 1.
Compressed class space mapped at: 0x000001c610000000-0x000001c650000000, reserved size: 1073741824
Narrow klass base: 0x000001c60f000000, Narrow klass shift: 0, Narrow klass range: 0x100000000

GC Precious Log:
 CPUs: 8 total, 8 available
 Memory: 6086M
 Large Page Support: Disabled
 NUMA Support: Disabled
 Compressed Oops: Enabled (32-bit)
 Heap Region Size: 1M
 Heap Min Capacity: 8M
 Heap Initial Capacity: 96M
 Heap Max Capacity: 1522M
 Pre-touch: Disabled
 Parallel Workers: 8
 Concurrent Workers: 2
 Concurrent Refinement Workers: 8
 Periodic GC: Disabled

Heap:
 garbage-first heap   total 55296K, used 28439K [0x00000000a0e00000, 0x0000000100000000)
  region size 1024K, 19 young (19456K), 4 survivors (4096K)
 Metaspace       used 22186K, committed 22400K, reserved 1114112K
  class space    used 2790K, committed 2880K, reserved 1048576K

Heap Regions: E=young(eden), S=young(survivor), O=old, HS=humongous(starts), HC=humongous(continues), CS=collection set, F=free, OA=open archive, CA=closed archive, TAMS=top-at-mark-start (previous, next)
|   0|0x00000000a0e00000, 0x00000000a0f00000, 0x00000000a0f00000|100%|HS|  |TAMS 0x00000000a0f00000, 0x00000000a0e00000| Complete 
|   1|0x00000000a0f00000, 0x00000000a1000000, 0x00000000a1000000|100%| O|  |TAMS 0x00000000a1000000, 0x00000000a0f00000| Untracked 
|   2|0x00000000a1000000, 0x00000000a1100000, 0x00000000a1100000|100%| O|  |TAMS 0x00000000a1100000, 0x00000000a1000000| Untracked 
|   3|0x00000000a1100000, 0x00000000a1200000, 0x00000000a1200000|100%| O|  |TAMS 0x00000000a1200000, 0x00000000a1100000| Untracked 
|   4|0x00000000a1200000, 0x00000000a1300000, 0x00000000a1300000|100%| O|  |TAMS 0x00000000a1300000, 0x00000000a1200000| Untracked 
|   5|0x00000000a1300000, 0x00000000a1400000, 0x00000000a1400000|100%| O|  |TAMS 0x00000000a1400000, 0x00000000a1300000| Untracked 
|   6|0x00000000a1400000, 0x00000000a1500000, 0x00000000a1500000|100%| O|  |TAMS 0x00000000a1500000, 0x00000000a1400000| Untracked 
|   7|0x00000000a1500000, 0x00000000a1600000, 0x00000000a1600000|100%| O|  |TAMS 0x00000000a1600000, 0x00000000a1500000| Untracked 
|   8|0x00000000a1600000, 0x00000000a1700000, 0x00000000a1700000|100%| O|  |TAMS 0x00000000a16b8c00, 0x00000000a1600000| Untracked 
|   9|0x00000000a1700000, 0x00000000a1800000, 0x00000000a1800000|100%| O|  |TAMS 0x00000000a1700000, 0x00000000a1700000| Untracked 
|  10|0x00000000a1800000, 0x00000000a1819600, 0x00000000a1900000|  9%| O|  |TAMS 0x00000000a1800000, 0x00000000a1800000| Complete 
|  11|0x00000000a1900000, 0x00000000a1900000, 0x00000000a1a00000|  0%| F|  |TAMS 0x00000000a1900000, 0x00000000a1900000| Untracked 
|  12|0x00000000a1a00000, 0x00000000a1a00000, 0x00000000a1b00000|  0%| F|  |TAMS 0x00000000a1a00000, 0x00000000a1a00000| Untracked 
|  13|0x00000000a1b00000, 0x00000000a1b00000, 0x00000000a1c00000|  0%| F|  |TAMS 0x00000000a1b00000, 0x00000000a1b00000| Untracked 
|  14|0x00000000a1c00000, 0x00000000a1c00000, 0x00000000a1d00000|  0%| F|  |TAMS 0x00000000a1c00000, 0x00000000a1c00000| Untracked 
|  15|0x00000000a1d00000, 0x00000000a1d00000, 0x00000000a1e00000|  0%| F|  |TAMS 0x00000000a1d00000, 0x00000000a1d00000| Untracked 
|  16|0x00000000a1e00000, 0x00000000a1e00000, 0x00000000a1f00000|  0%| F|  |TAMS 0x00000000a1e00000, 0x00000000a1e00000| Untracked 
|  17|0x00000000a1f00000, 0x00000000a1f00000, 0x00000000a2000000|  0%| F|  |TAMS 0x00000000a1f00000, 0x00000000a1f00000| Untracked 
|  18|0x00000000a2000000, 0x00000000a2000000, 0x00000000a2100000|  0%| F|  |TAMS 0x00000000a2000000, 0x00000000a2000000| Untracked 
|  19|0x00000000a2100000, 0x00000000a2100000, 0x00000000a2200000|  0%| F|  |TAMS 0x00000000a2100000, 0x00000000a2100000| Untracked 
|  20|0x00000000a2200000, 0x00000000a2200000, 0x00000000a2300000|  0%| F|  |TAMS 0x00000000a2200000, 0x00000000a2200000| Untracked 
|  21|0x00000000a2300000, 0x00000000a2300000, 0x00000000a2400000|  0%| F|  |TAMS 0x00000000a2300000, 0x00000000a2300000| Untracked 
|  22|0x00000000a2400000, 0x00000000a2400000, 0x00000000a2500000|  0%| F|  |TAMS 0x00000000a2400000, 0x00000000a2400000| Untracked 
|  23|0x00000000a2500000, 0x00000000a2500000, 0x00000000a2600000|  0%| F|  |TAMS 0x00000000a2500000, 0x00000000a2500000| Untracked 
|  24|0x00000000a2600000, 0x00000000a2600000, 0x00000000a2700000|  0%| F|  |TAMS 0x00000000a2600000, 0x00000000a2600000| Untracked 
|  25|0x00000000a2700000, 0x00000000a2700000, 0x00000000a2800000|  0%| F|  |TAMS 0x00000000a2700000, 0x00000000a2700000| Untracked 
|  26|0x00000000a2800000, 0x00000000a2800000, 0x00000000a2900000|  0%| F|  |TAMS 0x00000000a2800000, 0x00000000a2800000| Untracked 
|  27|0x00000000a2900000, 0x00000000a2900000, 0x00000000a2a00000|  0%| F|  |TAMS 0x00000000a2900000, 0x00000000a2900000| Untracked 
|  28|0x00000000a2a00000, 0x00000000a2a00000, 0x00000000a2b00000|  0%| F|  |TAMS 0x00000000a2a00000, 0x00000000a2a00000| Untracked 
|  29|0x00000000a2b00000, 0x00000000a2b00000, 0x00000000a2c00000|  0%| F|  |TAMS 0x00000000a2b00000, 0x00000000a2b00000| Untracked 
|  30|0x00000000a2c00000, 0x00000000a2c00000, 0x00000000a2d00000|  0%| F|  |TAMS 0x00000000a2c00000, 0x00000000a2c00000| Untracked 
|  31|0x00000000a2d00000, 0x00000000a2d00000, 0x00000000a2e00000|  0%| F|  |TAMS 0x00000000a2d00000, 0x00000000a2d00000| Untracked 
|  32|0x00000000a2e00000, 0x00000000a2e00000, 0x00000000a2f00000|  0%| F|  |TAMS 0x00000000a2e00000, 0x00000000a2e00000| Untracked 
|  33|0x00000000a2f00000, 0x00000000a2f00000, 0x00000000a3000000|  0%| F|  |TAMS 0x00000000a2f00000, 0x00000000a2f00000| Untracked 
|  34|0x00000000a3000000, 0x00000000a3000000, 0x00000000a3100000|  0%| F|  |TAMS 0x00000000a3000000, 0x00000000a3000000| Untracked 
|  35|0x00000000a3100000, 0x00000000a3200000, 0x00000000a3200000|100%| E|  |TAMS 0x00000000a3100000, 0x00000000a3100000| Complete 
|  36|0x00000000a3200000, 0x00000000a3300000, 0x00000000a3300000|100%| E|CS|TAMS 0x00000000a3200000, 0x00000000a3200000| Complete 
|  37|0x00000000a3300000, 0x00000000a3400000, 0x00000000a3400000|100%| E|CS|TAMS 0x00000000a3300000, 0x00000000a3300000| Complete 
|  38|0x00000000a3400000, 0x00000000a3500000, 0x00000000a3500000|100%| E|CS|TAMS 0x00000000a3400000, 0x00000000a3400000| Complete 
|  39|0x00000000a3500000, 0x00000000a3600000, 0x00000000a3600000|100%| E|CS|TAMS 0x00000000a3500000, 0x00000000a3500000| Complete 
|  40|0x00000000a3600000, 0x00000000a3700000, 0x00000000a3700000|100%| E|CS|TAMS 0x00000000a3600000, 0x00000000a3600000| Complete 
|  41|0x00000000a3700000, 0x00000000a3800000, 0x00000000a3800000|100%| E|CS|TAMS 0x00000000a3700000, 0x00000000a3700000| Complete 
|  42|0x00000000a3800000, 0x00000000a3900000, 0x00000000a3900000|100%| E|CS|TAMS 0x00000000a3800000, 0x00000000a3800000| Complete 
|  43|0x00000000a3900000, 0x00000000a3a00000, 0x00000000a3a00000|100%| E|CS|TAMS 0x00000000a3900000, 0x00000000a3900000| Complete 
|  44|0x00000000a3a00000, 0x00000000a3b00000, 0x00000000a3b00000|100%| E|CS|TAMS 0x00000000a3a00000, 0x00000000a3a00000| Complete 
|  45|0x00000000a3b00000, 0x00000000a3c00000, 0x00000000a3c00000|100%| E|CS|TAMS 0x00000000a3b00000, 0x00000000a3b00000| Complete 
|  46|0x00000000a3c00000, 0x00000000a3d00000, 0x00000000a3d00000|100%| E|CS|TAMS 0x00000000a3c00000, 0x00000000a3c00000| Complete 
|  47|0x00000000a3d00000, 0x00000000a3e00000, 0x00000000a3e00000|100%| E|CS|TAMS 0x00000000a3d00000, 0x00000000a3d00000| Complete 
|  48|0x00000000a3e00000, 0x00000000a3f00000, 0x00000000a3f00000|100%| E|CS|TAMS 0x00000000a3e00000, 0x00000000a3e00000| Complete 
|  86|0x00000000a6400000, 0x00000000a64ac880, 0x00000000a6500000| 67%| S|CS|TAMS 0x00000000a6400000, 0x00000000a6400000| Complete 
|  87|0x00000000a6500000, 0x00000000a6600000, 0x00000000a6600000|100%| S|CS|TAMS 0x00000000a6500000, 0x00000000a6500000| Complete 
|  88|0x00000000a6600000, 0x00000000a6700000, 0x00000000a6700000|100%| S|CS|TAMS 0x00000000a6600000, 0x00000000a6600000| Complete 
|  89|0x00000000a6700000, 0x00000000a6800000, 0x00000000a6800000|100%| S|CS|TAMS 0x00000000a6700000, 0x00000000a6700000| Complete 
|  95|0x00000000a6d00000, 0x00000000a6e00000, 0x00000000a6e00000|100%| E|CS|TAMS 0x00000000a6d00000, 0x00000000a6d00000| Complete 

Card table byte_map: [0x000001c678bd0000,0x000001c678ed0000] _byte_map_base: 0x000001c6786c9000

Marking Bits (Prev, Next): (CMBitMap*) 0x000001c6701ccd50, (CMBitMap*) 0x000001c6701ccd10
 Prev Bits: [0x000001c67a9a0000, 0x000001c67c168000)
 Next Bits: [0x000001c6791d0000, 0x000001c67a998000)

Polling page: 0x000001c66e790000

Metaspace:

Usage:
  Non-class:     18.94 MB used.
      Class:      2.73 MB used.
       Both:     21.67 MB used.

Virtual space:
  Non-class space:       64.00 MB reserved,      19.06 MB ( 30%) committed,  1 nodes.
      Class space:        1.00 GB reserved,       2.81 MB ( <1%) committed,  1 nodes.
             Both:        1.06 GB reserved,      21.88 MB (  2%) committed. 

Chunk freelists:
   Non-Class:  12.95 MB
       Class:  13.14 MB
        Both:  26.09 MB

MaxMetaspaceSize: unlimited
CompressedClassSpaceSize: 1.00 GB
Initial GC threshold: 21.00 MB
Current GC threshold: 35.31 MB
CDS: on
MetaspaceReclaimPolicy: balanced
 - commit_granule_bytes: 65536.
 - commit_granule_words: 8192.
 - virtual_space_node_default_size: 8388608.
 - enlarge_chunks_in_place: 1.
 - new_chunks_are_fully_committed: 0.
 - uncommit_free_chunks: 1.
 - use_allocation_guard: 0.
 - handle_deallocations: 1.


Internal statistics:

num_allocs_failed_limit: 3.
num_arena_births: 254.
num_arena_deaths: 0.
num_vsnodes_births: 2.
num_vsnodes_deaths: 0.
num_space_committed: 350.
num_space_uncommitted: 0.
num_chunks_returned_to_freelist: 3.
num_chunks_taken_from_freelist: 991.
num_chunk_merges: 3.
num_chunk_splits: 661.
num_chunks_enlarged: 482.
num_inconsistent_stats: 0.

CodeHeap 'non-profiled nmethods': size=120000Kb used=1187Kb max_used=1187Kb free=118812Kb
 bounds [0x000001c607ad0000, 0x000001c607d40000, 0x000001c60f000000]
CodeHeap 'profiled nmethods': size=120000Kb used=6157Kb max_used=6157Kb free=113842Kb
 bounds [0x000001c600000000, 0x000001c600610000, 0x000001c607530000]
CodeHeap 'non-nmethods': size=5760Kb used=1195Kb max_used=1251Kb free=4565Kb
 bounds [0x000001c607530000, 0x000001c6077a0000, 0x000001c607ad0000]
 total_blobs=3337 nmethods=2841 adapters=408
 compilation: enabled
              stopped_count=0, restarted_count=0
 full_count=0

Compilation events (20 events):
Event: 8.878 Thread 0x000001c6702ae3c0 2803       2       java.lang.reflect.Constructor::setAccessible (21 bytes)
Event: 8.879 Thread 0x000001c6702ae3c0 nmethod 2803 0x000001c6005e2610 code [0x000001c6005e27e0, 0x000001c6005e2a78]
Event: 8.879 Thread 0x000001c6702ae3c0 2804       2       java.lang.reflect.Constructor::checkCanSetAccessible (29 bytes)
Event: 8.879 Thread 0x000001c6702ae3c0 nmethod 2804 0x000001c6005e2c10 code [0x000001c6005e2dc0, 0x000001c6005e2fd8]
Event: 8.881 Thread 0x000001c6702ae3c0 2805       2       java.util.ArrayDeque::push (6 bytes)
Event: 8.882 Thread 0x000001c6702ae3c0 nmethod 2805 0x000001c6005e3110 code [0x000001c6005e32a0, 0x000001c6005e33c8]
Event: 8.882 Thread 0x000001c6702ae3c0 2806       2       java.util.ArrayDeque::addFirst (51 bytes)
Event: 8.882 Thread 0x000001c6702ae3c0 nmethod 2806 0x000001c6005e3490 code [0x000001c6005e3640, 0x000001c6005e3938]
Event: 8.882 Thread 0x000001c6702ae3c0 2807       3       org.springframework.boot.context.properties.source.ConfigurationPropertyName::equals (119 bytes)
Event: 8.884 Thread 0x000001c6702ae3c0 nmethod 2807 0x000001c6005e3a90 code [0x000001c6005e3d20, 0x000001c6005e4858]
Event: 8.884 Thread 0x000001c6702ae3c0 2808       3       org.springframework.boot.context.properties.source.SpringConfigurationPropertySource::find (55 bytes)
Event: 8.884 Thread 0x000001c6702ae3c0 nmethod 2808 0x000001c6005e4c10 code [0x000001c6005e4de0, 0x000001c6005e5158]
Event: 8.886 Thread 0x000001c6702ae3c0 2809       2       org.springframework.asm.MethodVisitor::visitParameter (36 bytes)
Event: 8.887 Thread 0x000001c6702ae3c0 nmethod 2809 0x000001c6005e5390 code [0x000001c6005e5540, 0x000001c6005e5738]
Event: 8.890 Thread 0x000001c6702ae3c0 2810       2       sun.reflect.annotation.AnnotationInvocationHandler::memberValueHashCode (137 bytes)
Event: 8.891 Thread 0x000001c6702ae3c0 nmethod 2810 0x000001c6005e5890 code [0x000001c6005e5b20, 0x000001c6005e6188]
Event: 8.892 Thread 0x000001c6702ae3c0 2811       2       org.springframework.core.type.classreading.RecursiveAnnotationArrayVisitor::visit (114 bytes)
Event: 8.893 Thread 0x000001c6702ae3c0 nmethod 2811 0x000001c6005e6410 code [0x000001c6005e6640, 0x000001c6005e6b88]
Event: 8.893 Thread 0x000001c6702ae3c0 2812       2       sun.reflect.annotation.AnnotationParser$1::run (40 bytes)
Event: 8.895 Thread 0x000001c6702ae3c0 nmethod 2812 0x000001c6005e6f10 code [0x000001c6005e7100, 0x000001c6005e7698]

GC Heap History (8 events):
Event: 4.728 GC heap before
{Heap before GC invocations=0 (full 0):
 garbage-first heap   total 98304K, used 23552K [0x00000000a0e00000, 0x0000000100000000)
  region size 1024K, 23 young (23552K), 0 survivors (0K)
 Metaspace       used 5463K, committed 5632K, reserved 1114112K
  class space    used 595K, committed 704K, reserved 1048576K
}
Event: 4.737 GC heap after
{Heap after GC invocations=1 (full 0):
 garbage-first heap   total 98304K, used 8714K [0x00000000a0e00000, 0x0000000100000000)
  region size 1024K, 3 young (3072K), 3 survivors (3072K)
 Metaspace       used 5463K, committed 5632K, reserved 1114112K
  class space    used 595K, committed 704K, reserved 1048576K
}
Event: 5.544 GC heap before
{Heap before GC invocations=1 (full 0):
 garbage-first heap   total 98304K, used 31242K [0x00000000a0e00000, 0x0000000100000000)
  region size 1024K, 25 young (25600K), 3 survivors (3072K)
 Metaspace       used 11279K, committed 11520K, reserved 1114112K
  class space    used 1428K, committed 1536K, reserved 1048576K
}
Event: 5.551 GC heap after
{Heap after GC invocations=2 (full 0):
 garbage-first heap   total 98304K, used 10559K [0x00000000a0e00000, 0x0000000100000000)
  region size 1024K, 2 young (2048K), 2 survivors (2048K)
 Metaspace       used 11279K, committed 11520K, reserved 1114112K
  class space    used 1428K, committed 1536K, reserved 1048576K
}
Event: 7.223 GC heap before
{Heap before GC invocations=2 (full 0):
 garbage-first heap   total 98304K, used 47423K [0x00000000a0e00000, 0x0000000100000000)
  region size 1024K, 39 young (39936K), 2 survivors (2048K)
 Metaspace       used 20635K, committed 20864K, reserved 1114112K
  class space    used 2599K, committed 2688K, reserved 1048576K
}
Event: 7.235 GC heap after
{Heap after GC invocations=3 (full 0):
 garbage-first heap   total 98304K, used 13229K [0x00000000a0e00000, 0x0000000100000000)
  region size 1024K, 5 young (5120K), 5 survivors (5120K)
 Metaspace       used 20635K, committed 20864K, reserved 1114112K
  class space    used 2599K, committed 2688K, reserved 1048576K
}
Event: 8.531 GC heap before
{Heap before GC invocations=3 (full 0):
 garbage-first heap   total 98304K, used 18349K [0x00000000a0e00000, 0x0000000100000000)
  region size 1024K, 11 young (11264K), 5 survivors (5120K)
 Metaspace       used 21308K, committed 21504K, reserved 1114112K
  class space    used 2688K, committed 2752K, reserved 1048576K
}
Event: 8.538 GC heap after
{Heap after GC invocations=4 (full 0):
 garbage-first heap   total 98304K, used 14103K [0x00000000a0e00000, 0x0000000100000000)
  region size 1024K, 4 young (4096K), 4 survivors (4096K)
 Metaspace       used 21308K, committed 21504K, reserved 1114112K
  class space    used 2688K, committed 2752K, reserved 1048576K
}

Deoptimization events (20 events):
Event: 8.567 Thread 0x000001c67018dad0 DEOPT PACKING pc=0x000001c60054e008 sp=0x0000006b5d2fe4b0
Event: 8.567 Thread 0x000001c67018dad0 DEOPT UNPACKING pc=0x000001c607582b43 sp=0x0000006b5d2fd9b8 mode 0
Event: 8.727 Thread 0x000001c67018dad0 Uncommon trap: trap_request=0xffffff45 fr.pc=0x000001c607b6f638 relative=0x0000000000002bb8
Event: 8.727 Thread 0x000001c67018dad0 Uncommon trap: reason=unstable_if action=reinterpret pc=0x000001c607b6f638 method=jdk.internal.loader.URLClassPath$FileLoader.getResource(Ljava/lang/String;Z)Ljdk/internal/loader/Resource; @ 139 c2
Event: 8.727 Thread 0x000001c67018dad0 DEOPT PACKING pc=0x000001c607b6f638 sp=0x0000006b5d2fd5e0
Event: 8.727 Thread 0x000001c67018dad0 DEOPT UNPACKING pc=0x000001c6075823a3 sp=0x0000006b5d2fd578 mode 2
Event: 8.738 Thread 0x000001c67018dad0 DEOPT PACKING pc=0x000001c60054e008 sp=0x0000006b5d2fda30
Event: 8.738 Thread 0x000001c67018dad0 DEOPT UNPACKING pc=0x000001c607582b43 sp=0x0000006b5d2fcf38 mode 0
Event: 8.858 Thread 0x000001c67018dad0 DEOPT PACKING pc=0x000001c6005c6a7d sp=0x0000006b5d2fdaa0
Event: 8.858 Thread 0x000001c67018dad0 DEOPT UNPACKING pc=0x000001c607582b43 sp=0x0000006b5d2fcf28 mode 0
Event: 8.881 Thread 0x000001c67018dad0 Uncommon trap: trap_request=0xffffff45 fr.pc=0x000001c607bd8ce0 relative=0x0000000000000ae0
Event: 8.881 Thread 0x000001c67018dad0 Uncommon trap: reason=unstable_if action=reinterpret pc=0x000001c607bd8ce0 method=org.springframework.boot.context.properties.source.ConfigurationPropertyName.equals(Ljava/lang/Object;)Z @ 90 c2
Event: 8.882 Thread 0x000001c67018dad0 DEOPT PACKING pc=0x000001c607bd8ce0 sp=0x0000006b5d2fe330
Event: 8.882 Thread 0x000001c67018dad0 DEOPT UNPACKING pc=0x000001c6075823a3 sp=0x0000006b5d2fe308 mode 2
Event: 8.882 Thread 0x000001c67018dad0 Uncommon trap: trap_request=0xffffff45 fr.pc=0x000001c607be0534 relative=0x0000000000002094
Event: 8.882 Thread 0x000001c67018dad0 Uncommon trap: reason=unstable_if action=reinterpret pc=0x000001c607be0534 method=org.springframework.boot.context.properties.source.ConfigurationPropertyName.equals(Ljava/lang/Object;)Z @ 90 c2
Event: 8.882 Thread 0x000001c67018dad0 DEOPT PACKING pc=0x000001c607be0534 sp=0x0000006b5d2fe450
Event: 8.882 Thread 0x000001c67018dad0 DEOPT UNPACKING pc=0x000001c6075823a3 sp=0x0000006b5d2fe358 mode 2
Event: 8.897 Thread 0x000001c67018dad0 DEOPT PACKING pc=0x000001c60054e008 sp=0x0000006b5d2fe170
Event: 8.897 Thread 0x000001c67018dad0 DEOPT UNPACKING pc=0x000001c607582b43 sp=0x0000006b5d2fd678 mode 0

Classes unloaded (0 events):
No events

Classes redefined (0 events):
No events

Internal exceptions (20 events):
Event: 6.246 Thread 0x000001c67018dad0 Exception <a 'java/lang/NoSuchMethodError'{0x00000000a56abbb8}: 'void java.lang.invoke.DirectMethodHandle$Holder.invokeInterface(java.lang.Object, java.lang.Object, java.lang.Object, java.lang.Object)'> (0x00000000a56abbb8) 
thrown [s\open\src\hotspot\share\interpreter\linkResolver.cpp, line 759]
Event: 6.472 Thread 0x000001c6542d20f0 Exception <a 'java/lang/IncompatibleClassChangeError'{0x00000000a5095580}: Found class java.lang.Object, but interface was expected> (0x00000000a5095580) 
thrown [s\open\src\hotspot\share\interpreter\linkResolver.cpp, line 826]
Event: 6.596 Thread 0x000001c67018dad0 Exception <a 'java/lang/NoSuchMethodError'{0x00000000a4db1358}: 'org.slf4j.impl.StaticMDCBinder org.slf4j.impl.StaticMDCBinder.getSingleton()'> (0x00000000a4db1358) 
thrown [s\open\src\hotspot\share\interpreter\linkResolver.cpp, line 759]
Event: 6.689 Thread 0x000001c67018dad0 Exception <a 'java/lang/NoSuchMethodError'{0x00000000a4b43508}: 'void java.lang.invoke.DirectMethodHandle$Holder.invokeInterface(java.lang.Object, java.lang.Object, java.lang.Object)'> (0x00000000a4b43508) 
thrown [s\open\src\hotspot\share\interpreter\linkResolver.cpp, line 759]
Event: 6.768 Thread 0x000001c67018dad0 Exception <a 'java/lang/NoSuchMethodError'{0x00000000a4ac2b48}: 'java.lang.Object java.lang.invoke.DirectMethodHandle$Holder.newInvokeSpecial(java.lang.Object, java.lang.Object, int, java.lang.Object, java.lang.Object)'> (0x00000000a4ac2b48) 
thrown [s\open\src\hotspot\share\interpreter\linkResolver.cpp, line 759]
Event: 7.294 Thread 0x000001c67018dad0 Exception <a 'java/lang/ClassNotFoundException'{0x00000000a6c5c5e8}: java/lang/ObjectCustomizer> (0x00000000a6c5c5e8) 
thrown [s\open\src\hotspot\share\classfile\systemDictionary.cpp, line 256]
Event: 7.296 Thread 0x000001c67018dad0 Exception <a 'java/lang/ClassNotFoundException'{0x00000000a6c62f78}: org/springframework/context/annotation/ConfigurationClassPostProcessorCustomizer> (0x00000000a6c62f78) 
thrown [s\open\src\hotspot\share\classfile\systemDictionary.cpp, line 256]
Event: 7.299 Thread 0x000001c67018dad0 Exception <a 'java/lang/ClassNotFoundException'{0x00000000a6c75158}: org/springframework/beans/factory/support/BeanDefinitionRegistryPostProcessorCustomizer> (0x00000000a6c75158) 
thrown [s\open\src\hotspot\share\classfile\systemDictionary.cpp, line 256]
Event: 7.300 Thread 0x000001c67018dad0 Exception <a 'java/lang/ClassNotFoundException'{0x00000000a6c79368}: org/springframework/beans/factory/config/BeanFactoryPostProcessorCustomizer> (0x00000000a6c79368) 
thrown [s\open\src\hotspot\share\classfile\systemDictionary.cpp, line 256]
Event: 7.301 Thread 0x000001c67018dad0 Exception <a 'java/lang/ClassNotFoundException'{0x00000000a6c7d158}: org/springframework/core/PriorityOrderedCustomizer> (0x00000000a6c7d158) 
thrown [s\open\src\hotspot\share\classfile\systemDictionary.cpp, line 256]
Event: 7.302 Thread 0x000001c67018dad0 Exception <a 'java/lang/ClassNotFoundException'{0x00000000a6c80230}: org/springframework/core/OrderedCustomizer> (0x00000000a6c80230) 
thrown [s\open\src\hotspot\share\classfile\systemDictionary.cpp, line 256]
Event: 7.303 Thread 0x000001c67018dad0 Exception <a 'java/lang/ClassNotFoundException'{0x00000000a6c84320}: org/springframework/context/ResourceLoaderAwareCustomizer> (0x00000000a6c84320) 
thrown [s\open\src\hotspot\share\classfile\systemDictionary.cpp, line 256]
Event: 7.304 Thread 0x000001c67018dad0 Exception <a 'java/lang/ClassNotFoundException'{0x00000000a6c883c8}: org/springframework/beans/factory/AwareCustomizer> (0x00000000a6c883c8) 
thrown [s\open\src\hotspot\share\classfile\systemDictionary.cpp, line 256]
Event: 7.305 Thread 0x000001c67018dad0 Exception <a 'java/lang/ClassNotFoundException'{0x00000000a6c8b7a0}: org/springframework/beans/factory/BeanClassLoaderAwareCustomizer> (0x00000000a6c8b7a0) 
thrown [s\open\src\hotspot\share\classfile\systemDictionary.cpp, line 256]
Event: 7.306 Thread 0x000001c67018dad0 Exception <a 'java/lang/ClassNotFoundException'{0x00000000a6c8f870}: org/springframework/beans/factory/AwareCustomizer> (0x00000000a6c8f870) 
thrown [s\open\src\hotspot\share\classfile\systemDictionary.cpp, line 256]
Event: 7.307 Thread 0x000001c67018dad0 Exception <a 'java/lang/ClassNotFoundException'{0x00000000a6c92ad8}: org/springframework/context/EnvironmentAwareCustomizer> (0x00000000a6c92ad8) 
thrown [s\open\src\hotspot\share\classfile\systemDictionary.cpp, line 256]
Event: 7.308 Thread 0x000001c67018dad0 Exception <a 'java/lang/ClassNotFoundException'{0x00000000a6c96b40}: org/springframework/beans/factory/AwareCustomizer> (0x00000000a6c96b40) 
thrown [s\open\src\hotspot\share\classfile\systemDictionary.cpp, line 256]
Event: 7.322 Thread 0x000001c67018dad0 Exception <a 'java/lang/NoSuchMethodError'{0x00000000a6cb5ad0}: 'int java.lang.invoke.DirectMethodHandle$Holder.invokeStatic(java.lang.Object, java.lang.Object, java.lang.Object, java.lang.Object)'> (0x00000000a6cb5ad0) 
thrown [s\open\src\hotspot\share\interpreter\linkResolver.cpp, line 759]
Event: 7.322 Thread 0x000001c67018dad0 Exception <a 'java/lang/NoSuchMethodError'{0x00000000a6cb9450}: 'java.lang.Object java.lang.invoke.Invokers$Holder.invokeExact_MT(java.lang.Object, java.lang.Object, java.lang.Object, java.lang.Object, java.lang.Object, java.lang.Object)'> (0x00000000a6cb9450) 
thrown [s\open\src\hotspot\share\interpreter\linkResolver.cpp, line 759]
Event: 8.594 Thread 0x000001c67018dad0 Exception <a 'java/lang/IncompatibleClassChangeError'{0x00000000a3eb4690}: Found class java.lang.Object, but interface was expected> (0x00000000a3eb4690) 
thrown [s\open\src\hotspot\share\interpreter\linkResolver.cpp, line 826]

VM Operations (20 events):
Event: 6.482 Executing VM operation: HandshakeAllThreads
Event: 6.482 Executing VM operation: HandshakeAllThreads done
Event: 6.540 Executing VM operation: ICBufferFull
Event: 6.540 Executing VM operation: ICBufferFull done
Event: 6.683 Executing VM operation: HandshakeAllThreads
Event: 6.683 Executing VM operation: HandshakeAllThreads done
Event: 7.077 Executing VM operation: HandshakeAllThreads
Event: 7.077 Executing VM operation: HandshakeAllThreads done
Event: 7.223 Executing VM operation: G1CollectForAllocation
Event: 7.235 Executing VM operation: G1CollectForAllocation done
Event: 8.249 Executing VM operation: Cleanup
Event: 8.249 Executing VM operation: Cleanup done
Event: 8.530 Executing VM operation: CollectForMetadataAllocation
Event: 8.538 Executing VM operation: CollectForMetadataAllocation done
Event: 8.550 Executing VM operation: G1Concurrent
Event: 8.553 Executing VM operation: G1Concurrent done
Event: 8.558 Executing VM operation: G1Concurrent
Event: 8.563 Executing VM operation: G1Concurrent done
Event: 9.568 Executing VM operation: Cleanup
Event: 9.569 Executing VM operation: Cleanup done

Events (20 events):
Event: 7.237 loading class java/lang/annotation/Repeatable
Event: 7.238 loading class java/lang/annotation/Repeatable done
Event: 7.293 loading class java/lang/ObjectCustomizer
Event: 7.293 loading class java/lang/ObjectCustomizer done
Event: 7.294 loading class java/lang/ObjectCustomizer
Event: 7.294 loading class java/lang/ObjectCustomizer done
Event: 7.327 loading class java/util/regex/Pattern$LazyLoop
Event: 7.327 loading class java/util/regex/Pattern$Loop
Event: 7.327 loading class java/util/regex/Pattern$Loop done
Event: 7.327 loading class java/util/regex/Pattern$LazyLoop done
Event: 7.328 loading class java/util/regex/Pattern$Prolog
Event: 7.328 loading class java/util/regex/Pattern$Prolog done
Event: 7.329 loading class java/util/regex/Pattern$SliceS
Event: 7.329 loading class java/util/regex/Pattern$SliceS done
Event: 8.489 Thread 0x000001c654ee6d30 Thread added: 0x000001c654ee6d30
Event: 8.512 loading class javax/naming/ldap/LdapContext
Event: 8.512 loading class javax/naming/directory/DirContext
Event: 8.512 loading class javax/naming/directory/DirContext done
Event: 8.512 loading class javax/naming/ldap/LdapContext done
Event: 8.570 Thread 0x000001c654ee6d30 Thread exited: 0x000001c654ee6d30


Dynamic libraries:
0x00007ff709990000 - 0x00007ff7099a0000 	C:\Program Files\Java\jdk-17\bin\java.exe
0x00007ff811940000 - 0x00007ff811ba7000 	C:\WINDOWS\SYSTEM32\ntdll.dll
0x00007ff810720000 - 0x00007ff8107e9000 	C:\WINDOWS\System32\KERNEL32.DLL
0x00007ff80f070000 - 0x00007ff80f460000 	C:\WINDOWS\System32\KERNELBASE.dll
0x00007ff80bac0000 - 0x00007ff80bb5e000 	C:\WINDOWS\SYSTEM32\apphelp.dll
0x00007fffb1210000 - 0x00007fffb12be000 	c:\Users\deepa\AppData\Local\Programs\Trae\resources\app\modules\sandbox\x64\trae_sbox.dll
0x00007ff8105e0000 - 0x00007ff810694000 	C:\WINDOWS\System32\ADVAPI32.dll
0x00007ff8102b0000 - 0x00007ff810359000 	C:\WINDOWS\System32\msvcrt.dll
0x00007ff810b80000 - 0x00007ff810c26000 	C:\WINDOWS\System32\sechost.dll
0x00007ff80ffa0000 - 0x00007ff8100b8000 	C:\WINDOWS\System32\RPCRT4.dll
0x00007ff80ee60000 - 0x00007ff80efab000 	C:\WINDOWS\System32\ucrtbase.dll
0x00007fffecd70000 - 0x00007fffecd89000 	C:\Program Files\Java\jdk-17\bin\jli.dll
0x00007fffe7480000 - 0x00007fffe749b000 	C:\Program Files\Java\jdk-17\bin\VCRUNTIME140.dll
0x00007ff8100c0000 - 0x00007ff810285000 	C:\WINDOWS\System32\USER32.dll
0x00007ff80f470000 - 0x00007ff80f497000 	C:\WINDOWS\System32\win32u.dll
0x00007ff811350000 - 0x00007ff81137b000 	C:\WINDOWS\System32\GDI32.dll
0x00007ff80ec90000 - 0x00007ff80edc8000 	C:\WINDOWS\System32\gdi32full.dll
0x00007ffff6f10000 - 0x00007ffff71aa000 	C:\WINDOWS\WinSxS\amd64_microsoft.windows.common-controls_6595b64144ccf1df_6.0.26100.4768_none_3e0c112ce331287c\COMCTL32.dll
0x00007ff80f4a0000 - 0x00007ff80f543000 	C:\WINDOWS\System32\msvcp_win.dll
0x00007ff805dd0000 - 0x00007ff805ddb000 	C:\WINDOWS\SYSTEM32\VERSION.dll
0x00007fffb19d0000 - 0x00007fffb1a5f000 	c:\Users\deepa\AppData\Local\Programs\Trae\resources\app\modules\sandbox\x64\sbox_ipc.dll
0x00007ff810f40000 - 0x00007ff810f6f000 	C:\WINDOWS\System32\IMM32.DLL
0x00007ffff3840000 - 0x00007ffff3a81000 	C:\WINDOWS\SYSTEM32\dbghelp.dll
0x00007ff8107f0000 - 0x00007ff810b75000 	C:\WINDOWS\System32\combase.dll
0x00007ff811380000 - 0x00007ff811460000 	C:\WINDOWS\System32\OLEAUT32.dll
0x00007ffff7700000 - 0x00007ffff770c000 	C:\Program Files\Java\jdk-17\bin\vcruntime140_1.dll
0x00007ffff2d40000 - 0x00007ffff2d83000 	C:\WINDOWS\SYSTEM32\dbgcore.DLL
0x00007fffb1180000 - 0x00007fffb120e000 	C:\Program Files\Java\jdk-17\bin\msvcp140.dll
0x00007fff775b0000 - 0x00007fff78190000 	C:\Program Files\Java\jdk-17\bin\server\jvm.dll
0x00007ff810c30000 - 0x00007ff810c38000 	C:\WINDOWS\System32\PSAPI.DLL
0x00007ff801be0000 - 0x00007ff801bea000 	C:\WINDOWS\SYSTEM32\WSOCK32.dll
0x00007ff80fe40000 - 0x00007ff80feb4000 	C:\WINDOWS\System32\WS2_32.dll
0x00007ff805d90000 - 0x00007ff805dc5000 	C:\WINDOWS\SYSTEM32\WINMM.dll
0x00007ff80d7f0000 - 0x00007ff80d80b000 	C:\WINDOWS\SYSTEM32\kernel.appcore.dll
0x00007ffff73f0000 - 0x00007ffff73fa000 	C:\Program Files\Java\jdk-17\bin\jimage.dll
0x00007ff80ebf0000 - 0x00007ff80ec89000 	C:\WINDOWS\System32\bcryptPrimitives.dll
0x00007ff80d240000 - 0x00007ff80d366000 	C:\WINDOWS\SYSTEM32\dnsapi.dll
0x00007ff80d200000 - 0x00007ff80d233000 	C:\WINDOWS\SYSTEM32\IPHLPAPI.DLL
0x00007ff810290000 - 0x00007ff81029a000 	C:\WINDOWS\System32\NSI.dll
0x00007ff80f6d0000 - 0x00007ff80fe1d000 	C:\WINDOWS\System32\Shell32.dll
0x00007ff80f550000 - 0x00007ff80f6c3000 	C:\WINDOWS\System32\wintypes.dll
0x00007ff80c690000 - 0x00007ff80cef0000 	C:\WINDOWS\SYSTEM32\windows.storage.dll
0x00007ff811000000 - 0x00007ff8110f5000 	C:\WINDOWS\System32\shcore.dll
0x00007ff80bce0000 - 0x00007ff80bd8f000 	C:\WINDOWS\system32\uxtheme.dll
0x00007ff8112b0000 - 0x00007ff81131a000 	C:\WINDOWS\System32\shlwapi.dll
0x00007ff810360000 - 0x00007ff810408000 	C:\WINDOWS\System32\clbcatq.dll
0x00007ff802950000 - 0x00007ff802f94000 	C:\Windows\System32\OneCoreUAPCommonProxyStub.dll
0x00007ff811100000 - 0x00007ff8112a0000 	C:\WINDOWS\System32\ole32.dll
0x00007ff80e5c0000 - 0x00007ff80e617000 	C:\WINDOWS\SYSTEM32\CFGMGR32.dll
0x00007ff809860000 - 0x00007ff80996d000 	C:\WINDOWS\system32\propsys.dll
0x00007fffe6da0000 - 0x00007fffe6f21000 	C:\Windows\System32\Windows.System.Launcher.dll
0x00007ffffdfa0000 - 0x00007ffffdfba000 	C:\WINDOWS\SYSTEM32\windows.staterepositorycore.dll
0x00007fffef3d0000 - 0x00007fffef494000 	C:\Windows\System32\Windows.StateRepositoryPS.dll
0x00007ff80d920000 - 0x00007ff80d956000 	C:\WINDOWS\SYSTEM32\ntmarta.dll
0x00007fffe6cd0000 - 0x00007fffe6d92000 	C:\Windows\System32\Windows.FileExplorer.Common.dll
0x00007ffff0060000 - 0x00007ffff00b0000 	C:\WINDOWS\SYSTEM32\windows.staterepositoryclient.dll
0x00007fffe66d0000 - 0x00007fffe66ff000 	C:\Windows\System32\cldapi.dll
0x00007ff80daa0000 - 0x00007ff80dae9000 	C:\WINDOWS\SYSTEM32\SspiCli.dll
0x00007ffffae80000 - 0x00007ffffb065000 	C:\Windows\System32\urlmon.dll
0x00007ffffabb0000 - 0x00007ffffae7a000 	C:\Windows\System32\iertutil.dll
0x00007ffffab80000 - 0x00007ffffaba9000 	C:\Windows\System32\srvcli.dll
0x00007ff80d1c0000 - 0x00007ff80d1cd000 	C:\Windows\System32\netutils.dll
0x00007ff80e960000 - 0x00007ff80e986000 	C:\WINDOWS\SYSTEM32\bcrypt.dll
0x00007fffd4790000 - 0x00007fffd47bf000 	C:\WINDOWS\system32\mssprxy.dll
0x00007ff80e990000 - 0x00007ff80e9b9000 	C:\WINDOWS\SYSTEM32\profapi.dll
0x00007fffe6080000 - 0x00007fffe60a5000 	C:\Program Files\Java\jdk-17\bin\java.dll
0x00007fffabd30000 - 0x00007fffabe07000 	C:\Program Files\Java\jdk-17\bin\jsvml.dll
0x00007fffe6620000 - 0x00007fffe6639000 	C:\Program Files\Java\jdk-17\bin\net.dll
0x00007ff8063e0000 - 0x00007ff8064fe000 	C:\WINDOWS\SYSTEM32\WINHTTP.dll
0x00007ff80dd80000 - 0x00007ff80ddeb000 	C:\WINDOWS\system32\mswsock.dll
0x00007fffe62e0000 - 0x00007fffe62f6000 	C:\Program Files\Java\jdk-17\bin\nio.dll
0x00007fffe6000000 - 0x00007fffe6018000 	C:\Program Files\Java\jdk-17\bin\zip.dll
0x00007ffff6af0000 - 0x00007ffff6b00000 	C:\Program Files\Java\jdk-17\bin\verify.dll
0x00007ff8061f0000 - 0x00007ff80620f000 	C:\WINDOWS\SYSTEM32\dhcpcsvc6.DLL
0x00007ff8061c0000 - 0x00007ff8061e5000 	C:\WINDOWS\SYSTEM32\dhcpcsvc.DLL
0x00007ff8075a0000 - 0x00007ff8075ab000 	C:\Windows\System32\rasadhlp.dll
0x00007ff803790000 - 0x00007ff803816000 	C:\WINDOWS\System32\fwpuclnt.dll
0x00007ffff05c0000 - 0x00007ffff05ca000 	C:\Program Files\Java\jdk-17\bin\management.dll
0x00007ffff0360000 - 0x00007ffff036b000 	C:\Program Files\Java\jdk-17\bin\management_ext.dll
0x00007fffef2a0000 - 0x00007fffef2b8000 	C:\WINDOWS\system32\napinsp.dll
0x00007fffef280000 - 0x00007fffef292000 	C:\WINDOWS\System32\winrnr.dll
0x00007fffef240000 - 0x00007fffef270000 	C:\WINDOWS\system32\nlansp_c.dll
0x00007ff806560000 - 0x00007ff806580000 	C:\WINDOWS\system32\wshbth.dll

dbghelp: loaded successfully - version: 4.0.5 - missing functions: none
symbol engine: initialized successfully - sym options: 0x614 - pdb path: .;C:\Program Files\Java\jdk-17\bin;C:\WINDOWS\SYSTEM32;c:\Users\deepa\AppData\Local\Programs\Trae\resources\app\modules\sandbox\x64;C:\WINDOWS\WinSxS\amd64_microsoft.windows.common-controls_6595b64144ccf1df_6.0.26100.4768_none_3e0c112ce331287c;C:\Program Files\Java\jdk-17\bin\server

VM Arguments:
jvm_args: --add-opens=java.base/java.util=ALL-UNNAMED --add-opens=java.base/java.lang=ALL-UNNAMED --add-opens=java.base/java.lang.reflect=ALL-UNNAMED --add-opens=java.base/java.text=ALL-UNNAMED --add-opens=java.desktop/java.awt.font=ALL-UNNAMED 
java_command: com.rainbowforest.productcatalogservice.ProductCatalogServiceApplication
java_class_path (initial): C:\Users\deepa\Downloads\e-commerce-microservices-master\e-commerce-microservices-master\product-catalog-service\target\classes;C:\Users\deepa\.m2\repository\org\springframework\boot\spring-boot-starter-data-jpa\2.1.5.RELEASE\spring-boot-starter-data-jpa-2.1.5.RELEASE.jar;C:\Users\deepa\.m2\repository\org\springframework\boot\spring-boot-starter-aop\2.1.5.RELEASE\spring-boot-starter-aop-2.1.5.RELEASE.jar;C:\Users\deepa\.m2\repository\org\springframework\spring-aop\5.1.7.RELEASE\spring-aop-5.1.7.RELEASE.jar;C:\Users\deepa\.m2\repository\org\aspectj\aspectjweaver\1.9.4\aspectjweaver-1.9.4.jar;C:\Users\deepa\.m2\repository\javax\transaction\javax.transaction-api\1.3\javax.transaction-api-1.3.jar;C:\Users\deepa\.m2\repository\javax\xml\bind\jaxb-api\2.3.1\jaxb-api-2.3.1.jar;C:\Users\deepa\.m2\repository\javax\activation\javax.activation-api\1.2.0\javax.activation-api-1.2.0.jar;C:\Users\deepa\.m2\repository\org\hibernate\hibernate-core\5.3.10.Final\hibernate-core-5.3.10.Final.jar;C:\Users\deepa\.m2\repository\org\jboss\logging\jboss-logging\3.3.2.Final\jboss-logging-3.3.2.Final.jar;C:\Users\deepa\.m2\repository\javax\persistence\javax.persistence-api\2.2\javax.persistence-api-2.2.jar;C:\Users\deepa\.m2\repository\org\javassist\javassist\3.23.2-GA\javassist-3.23.2-GA.jar;C:\Users\deepa\.m2\repository\net\bytebuddy\byte-buddy\1.9.12\byte-buddy-1.9.12.jar;C:\Users\deepa\.m2\repository\antlr\antlr\2.7.7\antlr-2.7.7.jar;C:\Users\deepa\.m2\repository\org\jboss\jandex\2.0.5.Final\jandex-2.0.5.Final.jar;C:\Users\deepa\.m2\repository\com\fasterxml\classmate\1.4.0\classmate-1.4.0.jar;C:\Users\deepa\.m2\repository\org\dom4j\dom4j\2.1.1\dom4j-2.1.1.jar;C:\Users\deepa\.m2\repository\org\hibernate\common\hibernate-commons-annotations\5.0.4.Final\hibernate-commons-annotations-5.0.4.Final.jar;C:\Users\deepa\.m2\repository\org\springframework\data\spring-data-jpa\2.1.8.RELEASE\spring-data-jpa-2.1.8.RELEASE.jar;C:\Users\deepa\.m2\repository\org\springframework
Launcher Type: SUN_STANDARD

[Global flags]
     intx CICompilerCount                          = 4                                         {product} {ergonomic}
     uint ConcGCThreads                            = 2                                         {product} {ergonomic}
     uint G1ConcRefinementThreads                  = 8                                         {product} {ergonomic}
   size_t G1HeapRegionSize                         = 1048576                                   {product} {ergonomic}
    uintx GCDrainStackTargetSize                   = 64                                        {product} {ergonomic}
   size_t InitialHeapSize                          = 100663296                                 {product} {ergonomic}
   size_t MarkStackSize                            = 4194304                                   {product} {ergonomic}
   size_t MaxHeapSize                              = 1595932672                                {product} {ergonomic}
   size_t MaxNewSize                               = 957349888                                 {product} {ergonomic}
   size_t MinHeapDeltaBytes                        = 1048576                                   {product} {ergonomic}
   size_t MinHeapSize                              = 8388608                                   {product} {ergonomic}
    uintx NonNMethodCodeHeapSize                   = 5839372                                {pd product} {ergonomic}
    uintx NonProfiledCodeHeapSize                  = 122909434                              {pd product} {ergonomic}
    uintx ProfiledCodeHeapSize                     = 122909434                              {pd product} {ergonomic}
    uintx ReservedCodeCacheSize                    = 251658240                              {pd product} {ergonomic}
     bool SegmentedCodeCache                       = true                                      {product} {ergonomic}
   size_t SoftMaxHeapSize                          = 1595932672                             {manageable} {ergonomic}
     bool UseCompressedClassPointers               = true                           {product lp64_product} {ergonomic}
     bool UseCompressedOops                        = true                           {product lp64_product} {ergonomic}
     bool UseG1GC                                  = true                                      {product} {ergonomic}
     bool UseLargePagesIndividualAllocation        = false                                  {pd product} {ergonomic}

Logging:
Log output configuration:
 #0: stdout all=warning uptime,level,tags
 #1: stderr all=off uptime,level,tags

Environment Variables:
JAVA_HOME=C:/Program Files/Java/jdk-17
PATH=c;C:\Users\deepa\.trae\tools\trae-gopls\current;c;C:\Users\deepa\.trae\sdks\workspaces\d87b252e\versions\node\current;c;C:\Users\deepa\.trae\sdks\versions\node\current;C:\c\Users\deepa\bin;C:\Program Files\Git\mingw64\bin;C:\Program Files\Git\usr\local\bin;C:\Program Files\Git\usr\bin;C:\Program Files\Git\usr\bin;C:\Program Files\Git\mingw64\bin;C:\Program Files\Git\usr\bin;C:\Users\deepa\bin;C:\Users\deepa\.trae\tools\trae-gopls\current;C:\Users\deepa\.trae\sdks\workspaces\d87b252e\versions\node\current;C:\Users\deepa\.trae\sdks\versions\node\current;C:\Program Files\Common Files\Oracle\Java\javapath;C:\Users\deepa\AppData\Local\Programs\Python\Python313\Scripts;C:\Users\deepa\AppData\Local\Programs\Python\Python313;C:\WINDOWS\system32;C:\WINDOWS;C:\WINDOWS\System32\Wbem;C:\WINDOWS\System32\WindowsPowerShell\v1.0;C:\WINDOWS\System32\OpenSSH;C:\Program Files\nodejs;C:\ProgramData\chocolatey\bin;C:\Program Files\MySQL\MySQL Server 9.2\bin;C:\Program Files\MySQL\MySQL Server 8.0\bin;C:\Program Files\Git\cmd;C:\Program Files\Java\jdk-17\bin;C:\Users\deepa\AppData\Local\Programs\Trae\bin;C:\Users\deepa\AppData\Local\Programs\Python\Launcher;C:\Users\deepa\AppData\Local\Microsoft\WindowsApps;C:\Users\deepa\AppData\Local\Programs\Microsoft VS Code\bin;C:\Users\deepa\AppData\Roaming\npm;C:\Users\deepa\AppData\Local\Programs\cursor\resources\app\bin;E:\apache-tomcat-10.1.44\apache-tomcat-10.1.44\bin;C:\Program Files\Java\jdk-17\bin;C:\Users\deepa\.trae\extensions\vscjava.vscode-java-debug-0.59.0-universal\bundled\scripts\noConfigScripts;C:\Program Files\Git\usr\bin\vendor_perl;C:\Program Files\Git\usr\bin\core_perl
USERNAME=deepa
SHELL=C:\Program Files\Git\usr\bin\bash.exe
DISPLAY=needs-to-be-defined
LANG=en_US.UTF-8
OS=Windows_NT
PROCESSOR_IDENTIFIER=AMD64 Family 23 Model 24 Stepping 1, AuthenticAMD



---------------  S Y S T E M  ---------------

OS:
 Windows 11 , 64 bit Build 26100 (10.0.26100.4768)
OS uptime: 16 days 7:33 hours

CPU: total 8 (initial active 8) (8 cores per cpu, 2 threads per core) family 23 model 24 stepping 1 microcode 0x8108109, cx8, cmov, fxsr, ht, mmx, 3dnowpref, sse, sse2, sse3, ssse3, sse4a, sse4.1, sse4.2, popcnt, lzcnt, tsc, tscinvbit, avx, avx2, aes, clmul, bmi1, bmi2, adx, sha, fma, vzeroupper, clflush, clflushopt

Memory: 4k page, system-wide physical 6086M (510M free)
TotalPageFile size 24518M (AvailPageFile size 159M)
current process WorkingSet (physical memory assigned to process): 165M, peak: 176M
current process commit charge ("private bytes"): 214M, peak: 250M

vm_info: Java HotSpot(TM) 64-Bit Server VM (17.0.12+8-LTS-286) for windows-amd64 JRE (17.0.12+8-LTS-286), built on Jun  5 2024 06:46:59 by "mach5one" with MS VC++ 17.6 (VS2022)

END.
