#
# There is insufficient memory for the Java Runtime Environment to continue.
# Native memory allocation (malloc) failed to allocate 1231296 bytes for Chunk::new
# Possible reasons:
#   The system is out of physical RAM or swap space
#   The process is running with CompressedOops enabled, and the Java Heap may be blocking the growth of the native heap
# Possible solutions:
#   Reduce memory load on the system
#   Increase physical memory or swap space
#   Check if swap backing store is full
#   Decrease Java heap size (-Xmx/-Xms)
#   Decrease number of Java threads
#   Decrease Java thread stack sizes (-Xss)
#   Set larger code cache with -XX:ReservedCodeCacheSize=
#   JVM is running with Unscaled Compressed Oops mode in which the Java heap is
#     placed in the first 4GB address space. The Java Heap base address is the
#     maximum limit for the native heap growth. Please use -XX:HeapBaseMinAddress
#     to set the Java Heap base and to place the Java Heap above 4GB virtual address.
# This output file may be truncated or incomplete.
#
#  Out of Memory Error (arena.cpp:189), pid=23072, tid=31632
#
# JRE version: Java(TM) SE Runtime Environment (17.0.12+8) (build 17.0.12+8-LTS-286)
# Java VM: Java HotSpot(TM) 64-Bit Server VM (17.0.12+8-LTS-286, mixed mode, sharing, tiered, compressed oops, compressed class ptrs, g1 gc, windows-amd64)
# No core dump will be written. Minidumps are not enabled by default on client versions of Windows
#

---------------  S U M M A R Y ------------

Command Line: -Dmaven.home=C:/Users/deepa/Downloads/e-commerce-microservices-master/e-commerce-microservices-master -Dmaven.multiModuleProjectDirectory=C:/Users/deepa/Downloads/e-commerce-microservices-master/e-commerce-microservices-master/product-catalog-service org.apache.maven.wrapper.MavenWrapperMain spring-boot:run

Host: AMD Ryzen 5 3500U with Radeon Vega Mobile Gfx  , 8 cores, 5G,  Windows 11 , 64 bit Build 26100 (10.0.26100.4768)
Time: Tue May 12 18:31:52 2026 India Standard Time elapsed time: 20.002786 seconds (0d 0h 0m 20s)

---------------  T H R E A D  ---------------

Current thread (0x00000164bd6b88a0):  JavaThread "C2 CompilerThread0" daemon [_thread_in_native, id=31632, stack(0x00000009ff600000,0x00000009ff700000)]


Current CompileTask:
C2:  20003 4522   !   4       org.apache.maven.model.ModelBase::clone (397 bytes)

Stack: [0x00000009ff600000,0x00000009ff700000]
Native frames: (J=compiled Java code, j=interpreted, Vv=VM code, C=native code)
V  [jvm.dll+0x67a04a]
V  [jvm.dll+0x7da4ed]
V  [jvm.dll+0x7dbe33]
V  [jvm.dll+0x7dc4a3]
V  [jvm.dll+0x24508f]
V  [jvm.dll+0xab773]
V  [jvm.dll+0xabd3c]
V  [jvm.dll+0x2aa52f]
V  [jvm.dll+0x581eb9]
V  [jvm.dll+0x21f422]
V  [jvm.dll+0x21f81f]
V  [jvm.dll+0x218aa0]
V  [jvm.dll+0x215b65]
V  [jvm.dll+0x1a2960]
V  [jvm.dll+0x22610b]
V  [jvm.dll+0x2242ab]
V  [jvm.dll+0x79075c]
V  [jvm.dll+0x78abea]
V  [jvm.dll+0x678f35]
C  [ucrtbase.dll+0x37b0]
C  [KERNEL32.DLL+0x2e8d7]
C  [ntdll.dll+0x3c34c]


---------------  P R O C E S S  ---------------

Threads class SMR info:
_java_thread_list=0x0000016484c1b2d0, length=13, elements={
0x00000164a04c3140, 0x00000164bd69bf70, 0x00000164bd69c840, 0x00000164bd6b4220,
0x00000164bd6b4af0, 0x00000164bd6b53c0, 0x00000164bd6b7ca0, 0x00000164bd6b88a0,
0x00000164bd6bc790, 0x00000164bd6bd4b0, 0x00000164bd81f920, 0x00000164bd829890,
0x00000164bd8deb70
}

Java Threads: ( => current thread )
  0x00000164a04c3140 JavaThread "main" [_thread_in_vm, id=11624, stack(0x00000009fe900000,0x00000009fea00000)]
  0x00000164bd69bf70 JavaThread "Reference Handler" daemon [_thread_blocked, id=27068, stack(0x00000009ff000000,0x00000009ff100000)]
  0x00000164bd69c840 JavaThread "Finalizer" daemon [_thread_blocked, id=29284, stack(0x00000009ff100000,0x00000009ff200000)]
  0x00000164bd6b4220 JavaThread "Signal Dispatcher" daemon [_thread_blocked, id=18556, stack(0x00000009ff200000,0x00000009ff300000)]
  0x00000164bd6b4af0 JavaThread "Attach Listener" daemon [_thread_blocked, id=8, stack(0x00000009ff300000,0x00000009ff400000)]
  0x00000164bd6b53c0 JavaThread "Service Thread" daemon [_thread_blocked, id=26860, stack(0x00000009ff400000,0x00000009ff500000)]
  0x00000164bd6b7ca0 JavaThread "Monitor Deflation Thread" daemon [_thread_blocked, id=20860, stack(0x00000009ff500000,0x00000009ff600000)]
=>0x00000164bd6b88a0 JavaThread "C2 CompilerThread0" daemon [_thread_in_native, id=31632, stack(0x00000009ff600000,0x00000009ff700000)]
  0x00000164bd6bc790 JavaThread "C1 CompilerThread0" daemon [_thread_blocked, id=29512, stack(0x00000009ff700000,0x00000009ff800000)]
  0x00000164bd6bd4b0 JavaThread "Sweeper thread" daemon [_thread_blocked, id=31608, stack(0x00000009ff800000,0x00000009ff900000)]
  0x00000164bd81f920 JavaThread "Notification Thread" daemon [_thread_blocked, id=27636, stack(0x00000009ff900000,0x00000009ffa00000)]
  0x00000164bd829890 JavaThread "Common-Cleaner" daemon [_thread_blocked, id=22816, stack(0x00000009ffb00000,0x00000009ffc00000)]
  0x00000164bd8deb70 JavaThread "C2 CompilerThread1" daemon [_thread_in_native, id=29804, stack(0x0000000980500000,0x0000000980600000)]

Other Threads:
  0x00000164bd6977e0 VMThread "VM Thread" [stack: 0x00000009fef00000,0x00000009ff000000] [id=31784]
  0x000001649ff96fb0 WatcherThread [stack: 0x00000009ffa00000,0x00000009ffb00000] [id=17928]
  0x00000164a049cd80 GCTaskThread "GC Thread#0" [stack: 0x00000009fea00000,0x00000009feb00000] [id=27124]
  0x00000164ff3988e0 GCTaskThread "GC Thread#1" [stack: 0x00000009ffe00000,0x00000009fff00000] [id=27920]
  0x00000164ff5ab350 GCTaskThread "GC Thread#2" [stack: 0x00000009fff00000,0x0000000a00000000] [id=4820]
  0x0000016484285450 GCTaskThread "GC Thread#3" [stack: 0x0000000980000000,0x0000000980100000] [id=13988]
  0x000001648420afb0 GCTaskThread "GC Thread#4" [stack: 0x0000000980100000,0x0000000980200000] [id=6792]
  0x000001648420b270 GCTaskThread "GC Thread#5" [stack: 0x0000000980200000,0x0000000980300000] [id=21192]
  0x000001648420b530 GCTaskThread "GC Thread#6" [stack: 0x0000000980300000,0x0000000980400000] [id=26536]
  0x000001648420b7f0 GCTaskThread "GC Thread#7" [stack: 0x0000000980400000,0x0000000980500000] [id=31636]
  0x000001649ff8be70 ConcurrentGCThread "G1 Main Marker" [stack: 0x00000009feb00000,0x00000009fec00000] [id=27000]
  0x000001649ff90df0 ConcurrentGCThread "G1 Conc#0" [stack: 0x00000009fec00000,0x00000009fed00000] [id=26640]
  0x000001649ffd80c0 ConcurrentGCThread "G1 Refine#0" [stack: 0x00000009fed00000,0x00000009fee00000] [id=24648]
  0x000001649ffda7b0 ConcurrentGCThread "G1 Service" [stack: 0x00000009fee00000,0x00000009fef00000] [id=8952]

Threads with active compile tasks:
C2 CompilerThread0    21184 4522   !   4       org.apache.maven.model.ModelBase::clone (397 bytes)
C2 CompilerThread1    21184 4597       4       java.lang.reflect.Field::getAnnotation (23 bytes)

VM state: not at safepoint (normal execution)

VM Mutex/Monitor currently owned by a thread: None

Heap address: 0x00000000a0e00000, size: 1522 MB, Compressed Oops mode: 32-bit

CDS archive(s) mapped at: [0x00000164be000000-0x00000164bebd0000-0x00000164bebd0000), size 12386304, SharedBaseAddress: 0x00000164be000000, ArchiveRelocationMode: 1.
Compressed class space mapped at: 0x00000164bf000000-0x00000164ff000000, reserved size: 1073741824
Narrow klass base: 0x00000164be000000, Narrow klass shift: 0, Narrow klass range: 0x100000000

GC Precious Log:
 CPUs: 8 total, 8 available
 Memory: 6086M
 Large Page Support: Disabled
 NUMA Support: Disabled
 Compressed Oops: Enabled (32-bit)
 Heap Region Size: 1M
 Heap Min Capacity: 8M
 Heap Initial Capacity: 96M
 Heap Max Capacity: 1522M
 Pre-touch: Disabled
 Parallel Workers: 8
 Concurrent Workers: 2
 Concurrent Refinement Workers: 8
 Periodic GC: Disabled

Heap:
 garbage-first heap   total 118784K, used 63350K [0x00000000a0e00000, 0x0000000100000000)
  region size 1024K, 35 young (35840K), 4 survivors (4096K)
 Metaspace       used 16143K, committed 16384K, reserved 1114112K
  class space    used 1782K, committed 1920K, reserved 1048576K

Heap Regions: E=young(eden), S=young(survivor), O=old, HS=humongous(starts), HC=humongous(continues), CS=collection set, F=free, OA=open archive, CA=closed archive, TAMS=top-at-mark-start (previous, next)
|   0|0x00000000a0e00000, 0x00000000a0f00000, 0x00000000a0f00000|100%| O|  |TAMS 0x00000000a0e00000, 0x00000000a0e00000| Untracked 
|   1|0x00000000a0f00000, 0x00000000a1000000, 0x00000000a1000000|100%| O|  |TAMS 0x00000000a0f00000, 0x00000000a0f00000| Untracked 
|   2|0x00000000a1000000, 0x00000000a1100000, 0x00000000a1100000|100%| O|  |TAMS 0x00000000a1000000, 0x00000000a1000000| Untracked 
|   3|0x00000000a1100000, 0x00000000a1200000, 0x00000000a1200000|100%| O|  |TAMS 0x00000000a1100000, 0x00000000a1100000| Untracked 
|   4|0x00000000a1200000, 0x00000000a1300000, 0x00000000a1300000|100%| O|  |TAMS 0x00000000a1200000, 0x00000000a1200000| Untracked 
|   5|0x00000000a1300000, 0x00000000a1400000, 0x00000000a1400000|100%| O|  |TAMS 0x00000000a1300000, 0x00000000a1300000| Untracked 
|   6|0x00000000a1400000, 0x00000000a1500000, 0x00000000a1500000|100%| O|  |TAMS 0x00000000a1400000, 0x00000000a1400000| Untracked 
|   7|0x00000000a1500000, 0x00000000a1600000, 0x00000000a1600000|100%| O|  |TAMS 0x00000000a1500000, 0x00000000a1500000| Untracked 
|   8|0x00000000a1600000, 0x00000000a1700000, 0x00000000a1700000|100%| O|  |TAMS 0x00000000a1600000, 0x00000000a1600000| Untracked 
|   9|0x00000000a1700000, 0x00000000a1800000, 0x00000000a1800000|100%| O|  |TAMS 0x00000000a1700000, 0x00000000a1700000| Untracked 
|  10|0x00000000a1800000, 0x00000000a1900000, 0x00000000a1900000|100%| O|  |TAMS 0x00000000a1800000, 0x00000000a1800000| Untracked 
|  11|0x00000000a1900000, 0x00000000a1a00000, 0x00000000a1a00000|100%| O|  |TAMS 0x00000000a1900000, 0x00000000a1900000| Untracked 
|  12|0x00000000a1a00000, 0x00000000a1b00000, 0x00000000a1b00000|100%| O|  |TAMS 0x00000000a1a00000, 0x00000000a1a00000| Untracked 
|  13|0x00000000a1b00000, 0x00000000a1c00000, 0x00000000a1c00000|100%| O|  |TAMS 0x00000000a1b00000, 0x00000000a1b00000| Untracked 
|  14|0x00000000a1c00000, 0x00000000a1d00000, 0x00000000a1d00000|100%| O|  |TAMS 0x00000000a1c00000, 0x00000000a1c00000| Untracked 
|  15|0x00000000a1d00000, 0x00000000a1e00000, 0x00000000a1e00000|100%| O|  |TAMS 0x00000000a1d00000, 0x00000000a1d00000| Untracked 
|  16|0x00000000a1e00000, 0x00000000a1f00000, 0x00000000a1f00000|100%| O|  |TAMS 0x00000000a1e00000, 0x00000000a1e00000| Untracked 
|  17|0x00000000a1f00000, 0x00000000a2000000, 0x00000000a2000000|100%| O|  |TAMS 0x00000000a1f00000, 0x00000000a1f00000| Untracked 
|  18|0x00000000a2000000, 0x00000000a2100000, 0x00000000a2100000|100%| O|  |TAMS 0x00000000a2000000, 0x00000000a2000000| Untracked 
|  19|0x00000000a2100000, 0x00000000a2200000, 0x00000000a2200000|100%| O|  |TAMS 0x00000000a2100000, 0x00000000a2100000| Untracked 
|  20|0x00000000a2200000, 0x00000000a2300000, 0x00000000a2300000|100%| O|  |TAMS 0x00000000a2200000, 0x00000000a2200000| Untracked 
|  21|0x00000000a2300000, 0x00000000a2400000, 0x00000000a2400000|100%| O|  |TAMS 0x00000000a2300000, 0x00000000a2300000| Untracked 
|  22|0x00000000a2400000, 0x00000000a2500000, 0x00000000a2500000|100%| O|  |TAMS 0x00000000a2400000, 0x00000000a2400000| Untracked 
|  23|0x00000000a2500000, 0x00000000a2600000, 0x00000000a2600000|100%| O|  |TAMS 0x00000000a2500000, 0x00000000a2500000| Untracked 
|  24|0x00000000a2600000, 0x00000000a2700000, 0x00000000a2700000|100%| O|  |TAMS 0x00000000a2600000, 0x00000000a2600000| Untracked 
|  25|0x00000000a2700000, 0x00000000a2800000, 0x00000000a2800000|100%| O|  |TAMS 0x00000000a2700000, 0x00000000a2700000| Untracked 
|  26|0x00000000a2800000, 0x00000000a2900000, 0x00000000a2900000|100%| O|  |TAMS 0x00000000a2800000, 0x00000000a2800000| Untracked 
|  27|0x00000000a2900000, 0x00000000a2a00000, 0x00000000a2a00000|100%| O|  |TAMS 0x00000000a2900000, 0x00000000a2900000| Untracked 
|  28|0x00000000a2a00000, 0x00000000a2a00000, 0x00000000a2b00000|  0%| F|  |TAMS 0x00000000a2a00000, 0x00000000a2a00000| Untracked 
|  29|0x00000000a2b00000, 0x00000000a2b00000, 0x00000000a2c00000|  0%| F|  |TAMS 0x00000000a2b00000, 0x00000000a2b00000| Untracked 
|  30|0x00000000a2c00000, 0x00000000a2c00000, 0x00000000a2d00000|  0%| F|  |TAMS 0x00000000a2c00000, 0x00000000a2c00000| Untracked 
|  31|0x00000000a2d00000, 0x00000000a2d00000, 0x00000000a2e00000|  0%| F|  |TAMS 0x00000000a2d00000, 0x00000000a2d00000| Untracked 
|  32|0x00000000a2e00000, 0x00000000a2e00000, 0x00000000a2f00000|  0%| F|  |TAMS 0x00000000a2e00000, 0x00000000a2e00000| Untracked 
|  33|0x00000000a2f00000, 0x00000000a2f00000, 0x00000000a3000000|  0%| F|  |TAMS 0x00000000a2f00000, 0x00000000a2f00000| Untracked 
|  34|0x00000000a3000000, 0x00000000a3000000, 0x00000000a3100000|  0%| F|  |TAMS 0x00000000a3000000, 0x00000000a3000000| Untracked 
|  35|0x00000000a3100000, 0x00000000a3100000, 0x00000000a3200000|  0%| F|  |TAMS 0x00000000a3100000, 0x00000000a3100000| Untracked 
|  36|0x00000000a3200000, 0x00000000a3200000, 0x00000000a3300000|  0%| F|  |TAMS 0x00000000a3200000, 0x00000000a3200000| Untracked 
|  37|0x00000000a3300000, 0x00000000a3300000, 0x00000000a3400000|  0%| F|  |TAMS 0x00000000a3300000, 0x00000000a3300000| Untracked 
|  38|0x00000000a3400000, 0x00000000a3400000, 0x00000000a3500000|  0%| F|  |TAMS 0x00000000a3400000, 0x00000000a3400000| Untracked 
|  39|0x00000000a3500000, 0x00000000a3500000, 0x00000000a3600000|  0%| F|  |TAMS 0x00000000a3500000, 0x00000000a3500000| Untracked 
|  40|0x00000000a3600000, 0x00000000a3600000, 0x00000000a3700000|  0%| F|  |TAMS 0x00000000a3600000, 0x00000000a3600000| Untracked 
|  41|0x00000000a3700000, 0x00000000a3700000, 0x00000000a3800000|  0%| F|  |TAMS 0x00000000a3700000, 0x00000000a3700000| Untracked 
|  42|0x00000000a3800000, 0x00000000a3800000, 0x00000000a3900000|  0%| F|  |TAMS 0x00000000a3800000, 0x00000000a3800000| Untracked 
|  43|0x00000000a3900000, 0x00000000a3900000, 0x00000000a3a00000|  0%| F|  |TAMS 0x00000000a3900000, 0x00000000a3900000| Untracked 
|  44|0x00000000a3a00000, 0x00000000a3a00000, 0x00000000a3b00000|  0%| F|  |TAMS 0x00000000a3a00000, 0x00000000a3a00000| Untracked 
|  45|0x00000000a3b00000, 0x00000000a3b00000, 0x00000000a3c00000|  0%| F|  |TAMS 0x00000000a3b00000, 0x00000000a3b00000| Untracked 
|  46|0x00000000a3c00000, 0x00000000a3c00000, 0x00000000a3d00000|  0%| F|  |TAMS 0x00000000a3c00000, 0x00000000a3c00000| Untracked 
|  47|0x00000000a3d00000, 0x00000000a3d00000, 0x00000000a3e00000|  0%| F|  |TAMS 0x00000000a3d00000, 0x00000000a3d00000| Untracked 
|  48|0x00000000a3e00000, 0x00000000a3e00000, 0x00000000a3f00000|  0%| F|  |TAMS 0x00000000a3e00000, 0x00000000a3e00000| Untracked 
|  49|0x00000000a3f00000, 0x00000000a3f00000, 0x00000000a4000000|  0%| F|  |TAMS 0x00000000a3f00000, 0x00000000a3f00000| Untracked 
|  50|0x00000000a4000000, 0x00000000a4000000, 0x00000000a4100000|  0%| F|  |TAMS 0x00000000a4000000, 0x00000000a4000000| Untracked 
|  51|0x00000000a4100000, 0x00000000a4100000, 0x00000000a4200000|  0%| F|  |TAMS 0x00000000a4100000, 0x00000000a4100000| Untracked 
|  52|0x00000000a4200000, 0x00000000a4200000, 0x00000000a4300000|  0%| F|  |TAMS 0x00000000a4200000, 0x00000000a4200000| Untracked 
|  53|0x00000000a4300000, 0x00000000a4300000, 0x00000000a4400000|  0%| F|  |TAMS 0x00000000a4300000, 0x00000000a4300000| Untracked 
|  54|0x00000000a4400000, 0x00000000a4400000, 0x00000000a4500000|  0%| F|  |TAMS 0x00000000a4400000, 0x00000000a4400000| Untracked 
|  55|0x00000000a4500000, 0x00000000a45ddbc0, 0x00000000a4600000| 86%| S|CS|TAMS 0x00000000a4500000, 0x00000000a4500000| Complete 
|  56|0x00000000a4600000, 0x00000000a4700000, 0x00000000a4700000|100%| S|CS|TAMS 0x00000000a4600000, 0x00000000a4600000| Complete 
|  57|0x00000000a4700000, 0x00000000a4800000, 0x00000000a4800000|100%| S|CS|TAMS 0x00000000a4700000, 0x00000000a4700000| Complete 
|  58|0x00000000a4800000, 0x00000000a4900000, 0x00000000a4900000|100%| S|CS|TAMS 0x00000000a4800000, 0x00000000a4800000| Complete 
|  59|0x00000000a4900000, 0x00000000a4900000, 0x00000000a4a00000|  0%| F|  |TAMS 0x00000000a4900000, 0x00000000a4900000| Untracked 
|  60|0x00000000a4a00000, 0x00000000a4a00000, 0x00000000a4b00000|  0%| F|  |TAMS 0x00000000a4a00000, 0x00000000a4a00000| Untracked 
|  61|0x00000000a4b00000, 0x00000000a4b00000, 0x00000000a4c00000|  0%| F|  |TAMS 0x00000000a4b00000, 0x00000000a4b00000| Untracked 
|  62|0x00000000a4c00000, 0x00000000a4c00000, 0x00000000a4d00000|  0%| F|  |TAMS 0x00000000a4c00000, 0x00000000a4c00000| Untracked 
|  63|0x00000000a4d00000, 0x00000000a4d00000, 0x00000000a4e00000|  0%| F|  |TAMS 0x00000000a4d00000, 0x00000000a4d00000| Untracked 
|  64|0x00000000a4e00000, 0x00000000a4e00000, 0x00000000a4f00000|  0%| F|  |TAMS 0x00000000a4e00000, 0x00000000a4e00000| Untracked 
|  65|0x00000000a4f00000, 0x00000000a4f00000, 0x00000000a5000000|  0%| F|  |TAMS 0x00000000a4f00000, 0x00000000a4f00000| Untracked 
|  66|0x00000000a5000000, 0x00000000a5000000, 0x00000000a5100000|  0%| F|  |TAMS 0x00000000a5000000, 0x00000000a5000000| Untracked 
|  67|0x00000000a5100000, 0x00000000a5100000, 0x00000000a5200000|  0%| F|  |TAMS 0x00000000a5100000, 0x00000000a5100000| Untracked 
|  68|0x00000000a5200000, 0x00000000a5200000, 0x00000000a5300000|  0%| F|  |TAMS 0x00000000a5200000, 0x00000000a5200000| Untracked 
|  69|0x00000000a5300000, 0x00000000a5300000, 0x00000000a5400000|  0%| F|  |TAMS 0x00000000a5300000, 0x00000000a5300000| Untracked 
|  70|0x00000000a5400000, 0x00000000a5400000, 0x00000000a5500000|  0%| F|  |TAMS 0x00000000a5400000, 0x00000000a5400000| Untracked 
|  71|0x00000000a5500000, 0x00000000a5500000, 0x00000000a5600000|  0%| F|  |TAMS 0x00000000a5500000, 0x00000000a5500000| Untracked 
|  72|0x00000000a5600000, 0x00000000a5600000, 0x00000000a5700000|  0%| F|  |TAMS 0x00000000a5600000, 0x00000000a5600000| Untracked 
|  73|0x00000000a5700000, 0x00000000a5700000, 0x00000000a5800000|  0%| F|  |TAMS 0x00000000a5700000, 0x00000000a5700000| Untracked 
|  74|0x00000000a5800000, 0x00000000a5800000, 0x00000000a5900000|  0%| F|  |TAMS 0x00000000a5800000, 0x00000000a5800000| Untracked 
|  75|0x00000000a5900000, 0x00000000a5900000, 0x00000000a5a00000|  0%| F|  |TAMS 0x00000000a5900000, 0x00000000a5900000| Untracked 
|  76|0x00000000a5a00000, 0x00000000a5a00000, 0x00000000a5b00000|  0%| F|  |TAMS 0x00000000a5a00000, 0x00000000a5a00000| Untracked 
|  77|0x00000000a5b00000, 0x00000000a5b00000, 0x00000000a5c00000|  0%| F|  |TAMS 0x00000000a5b00000, 0x00000000a5b00000| Untracked 
|  78|0x00000000a5c00000, 0x00000000a5c00000, 0x00000000a5d00000|  0%| F|  |TAMS 0x00000000a5c00000, 0x00000000a5c00000| Untracked 
|  79|0x00000000a5d00000, 0x00000000a5d00000, 0x00000000a5e00000|  0%| F|  |TAMS 0x00000000a5d00000, 0x00000000a5d00000| Untracked 
|  80|0x00000000a5e00000, 0x00000000a5e00000, 0x00000000a5f00000|  0%| F|  |TAMS 0x00000000a5e00000, 0x00000000a5e00000| Untracked 
|  81|0x00000000a5f00000, 0x00000000a5f00000, 0x00000000a6000000|  0%| F|  |TAMS 0x00000000a5f00000, 0x00000000a5f00000| Untracked 
|  82|0x00000000a6000000, 0x00000000a6000000, 0x00000000a6100000|  0%| F|  |TAMS 0x00000000a6000000, 0x00000000a6000000| Untracked 
|  83|0x00000000a6100000, 0x00000000a6100000, 0x00000000a6200000|  0%| F|  |TAMS 0x00000000a6100000, 0x00000000a6100000| Untracked 
|  84|0x00000000a6200000, 0x00000000a6200000, 0x00000000a6300000|  0%| F|  |TAMS 0x00000000a6200000, 0x00000000a6200000| Untracked 
|  85|0x00000000a6300000, 0x00000000a6400000, 0x00000000a6400000|100%| E|  |TAMS 0x00000000a6300000, 0x00000000a6300000| Complete 
|  86|0x00000000a6400000, 0x00000000a6500000, 0x00000000a6500000|100%| E|CS|TAMS 0x00000000a6400000, 0x00000000a6400000| Complete 
|  87|0x00000000a6500000, 0x00000000a6600000, 0x00000000a6600000|100%| E|CS|TAMS 0x00000000a6500000, 0x00000000a6500000| Complete 
|  88|0x00000000a6600000, 0x00000000a6700000, 0x00000000a6700000|100%| E|CS|TAMS 0x00000000a6600000, 0x00000000a6600000| Complete 
|  89|0x00000000a6700000, 0x00000000a6800000, 0x00000000a6800000|100%| E|CS|TAMS 0x00000000a6700000, 0x00000000a6700000| Complete 
|  90|0x00000000a6800000, 0x00000000a6900000, 0x00000000a6900000|100%| E|CS|TAMS 0x00000000a6800000, 0x00000000a6800000| Complete 
|  91|0x00000000a6900000, 0x00000000a6a00000, 0x00000000a6a00000|100%| E|CS|TAMS 0x00000000a6900000, 0x00000000a6900000| Complete 
|  92|0x00000000a6a00000, 0x00000000a6b00000, 0x00000000a6b00000|100%| E|CS|TAMS 0x00000000a6a00000, 0x00000000a6a00000| Complete 
|  93|0x00000000a6b00000, 0x00000000a6c00000, 0x00000000a6c00000|100%| E|CS|TAMS 0x00000000a6b00000, 0x00000000a6b00000| Complete 
|  94|0x00000000a6c00000, 0x00000000a6d00000, 0x00000000a6d00000|100%| E|CS|TAMS 0x00000000a6c00000, 0x00000000a6c00000| Complete 
|  95|0x00000000a6d00000, 0x00000000a6e00000, 0x00000000a6e00000|100%| E|CS|TAMS 0x00000000a6d00000, 0x00000000a6d00000| Complete 
|  96|0x00000000a6e00000, 0x00000000a6f00000, 0x00000000a6f00000|100%| E|CS|TAMS 0x00000000a6e00000, 0x00000000a6e00000| Complete 
|  97|0x00000000a6f00000, 0x00000000a7000000, 0x00000000a7000000|100%| E|CS|TAMS 0x00000000a6f00000, 0x00000000a6f00000| Complete 
|  98|0x00000000a7000000, 0x00000000a7100000, 0x00000000a7100000|100%| E|CS|TAMS 0x00000000a7000000, 0x00000000a7000000| Complete 
|  99|0x00000000a7100000, 0x00000000a7200000, 0x00000000a7200000|100%| E|CS|TAMS 0x00000000a7100000, 0x00000000a7100000| Complete 
| 100|0x00000000a7200000, 0x00000000a7300000, 0x00000000a7300000|100%| E|CS|TAMS 0x00000000a7200000, 0x00000000a7200000| Complete 
| 101|0x00000000a7300000, 0x00000000a7400000, 0x00000000a7400000|100%| E|CS|TAMS 0x00000000a7300000, 0x00000000a7300000| Complete 
| 102|0x00000000a7400000, 0x00000000a7500000, 0x00000000a7500000|100%| E|CS|TAMS 0x00000000a7400000, 0x00000000a7400000| Complete 
| 103|0x00000000a7500000, 0x00000000a7600000, 0x00000000a7600000|100%| E|CS|TAMS 0x00000000a7500000, 0x00000000a7500000| Complete 
| 104|0x00000000a7600000, 0x00000000a7700000, 0x00000000a7700000|100%| E|CS|TAMS 0x00000000a7600000, 0x00000000a7600000| Complete 
| 105|0x00000000a7700000, 0x00000000a7800000, 0x00000000a7800000|100%| E|CS|TAMS 0x00000000a7700000, 0x00000000a7700000| Complete 
| 106|0x00000000a7800000, 0x00000000a7900000, 0x00000000a7900000|100%| E|CS|TAMS 0x00000000a7800000, 0x00000000a7800000| Complete 
| 107|0x00000000a7900000, 0x00000000a7a00000, 0x00000000a7a00000|100%| E|CS|TAMS 0x00000000a7900000, 0x00000000a7900000| Complete 
| 108|0x00000000a7a00000, 0x00000000a7b00000, 0x00000000a7b00000|100%| E|CS|TAMS 0x00000000a7a00000, 0x00000000a7a00000| Complete 
| 109|0x00000000a7b00000, 0x00000000a7c00000, 0x00000000a7c00000|100%| E|CS|TAMS 0x00000000a7b00000, 0x00000000a7b00000| Complete 
| 110|0x00000000a7c00000, 0x00000000a7d00000, 0x00000000a7d00000|100%| E|CS|TAMS 0x00000000a7c00000, 0x00000000a7c00000| Complete 
| 111|0x00000000a7d00000, 0x00000000a7e00000, 0x00000000a7e00000|100%| E|CS|TAMS 0x00000000a7d00000, 0x00000000a7d00000| Complete 
| 112|0x00000000a7e00000, 0x00000000a7f00000, 0x00000000a7f00000|100%| E|CS|TAMS 0x00000000a7e00000, 0x00000000a7e00000| Complete 
| 113|0x00000000a7f00000, 0x00000000a8000000, 0x00000000a8000000|100%| E|CS|TAMS 0x00000000a7f00000, 0x00000000a7f00000| Complete 
| 114|0x00000000a8000000, 0x00000000a8100000, 0x00000000a8100000|100%| E|CS|TAMS 0x00000000a8000000, 0x00000000a8000000| Complete 
| 115|0x00000000a8100000, 0x00000000a8200000, 0x00000000a8200000|100%| E|CS|TAMS 0x00000000a8100000, 0x00000000a8100000| Complete 

Card table byte_map: [0x00000164b7850000,0x00000164b7b50000] _byte_map_base: 0x00000164b7349000

Marking Bits (Prev, Next): (CMBitMap*) 0x000001649ff7eb90, (CMBitMap*) 0x000001649ff7ebd0
 Prev Bits: [0x00000164b7e50000, 0x00000164b9618000)
 Next Bits: [0x00000164b9620000, 0x00000164bade8000)

Polling page: 0x000001649e330000

Metaspace:

Usage:
  Non-class:     14.04 MB used.
      Class:      1.75 MB used.
       Both:     15.79 MB used.

Virtual space:
  Non-class space:       64.00 MB reserved,      14.12 MB ( 22%) committed,  1 nodes.
      Class space:        1.00 GB reserved,       1.88 MB ( <1%) committed,  1 nodes.
             Both:        1.06 GB reserved,      16.00 MB (  1%) committed. 

Chunk freelists:
   Non-Class:  1.30 MB
       Class:  14.12 MB
        Both:  15.42 MB

MaxMetaspaceSize: unlimited
CompressedClassSpaceSize: 1.00 GB
Initial GC threshold: 21.00 MB
Current GC threshold: 21.00 MB
CDS: on
MetaspaceReclaimPolicy: balanced
 - commit_granule_bytes: 65536.
 - commit_granule_words: 8192.
 - virtual_space_node_default_size: 8388608.
 - enlarge_chunks_in_place: 1.
 - new_chunks_are_fully_committed: 0.
 - uncommit_free_chunks: 1.
 - use_allocation_guard: 0.
 - handle_deallocations: 1.


Internal statistics:

num_allocs_failed_limit: 0.
num_arena_births: 104.
num_arena_deaths: 0.
num_vsnodes_births: 2.
num_vsnodes_deaths: 0.
num_space_committed: 257.
num_space_uncommitted: 0.
num_chunks_returned_to_freelist: 0.
num_chunks_taken_from_freelist: 663.
num_chunk_merges: 0.
num_chunk_splits: 472.
num_chunks_enlarged: 369.
num_inconsistent_stats: 0.

CodeHeap 'non-profiled nmethods': size=120000Kb used=2456Kb max_used=3037Kb free=117543Kb
 bounds [0x00000164af7a0000, 0x00000164afab0000, 0x00000164b6cd0000]
CodeHeap 'profiled nmethods': size=120000Kb used=8121Kb max_used=10078Kb free=111878Kb
 bounds [0x00000164a7cd0000, 0x00000164a86b0000, 0x00000164af200000]
CodeHeap 'non-nmethods': size=5760Kb used=1182Kb max_used=1266Kb free=4577Kb
 bounds [0x00000164af200000, 0x00000164af470000, 0x00000164af7a0000]
 total_blobs=4356 nmethods=3881 adapters=387
 compilation: enabled
              stopped_count=0, restarted_count=0
 full_count=0

Compilation events (20 events):
Event: 18.953 Thread 0x00000164bd6bc790 4589   !   3       com.google.inject.spi.InjectionPoint::<init> (110 bytes)
Event: 18.959 Thread 0x00000164bd6bc790 nmethod 4589 0x00000164a7eedc10 code [0x00000164a7eee0c0, 0x00000164a7ef0908]
Event: 18.959 Thread 0x00000164bd6bc790 4598       2       java.util.LinkedHashMap::valuesToArray (38 bytes)
Event: 18.959 Thread 0x00000164bd6bc790 nmethod 4598 0x00000164a7ebfb90 code [0x00000164a7ebfd40, 0x00000164a7ebffb8]
Event: 18.959 Thread 0x00000164bd6bc790 4590       3       java.lang.reflect.Field::getDeclaredAnnotations (8 bytes)
Event: 18.960 Thread 0x00000164bd6bc790 nmethod 4590 0x00000164a805ed10 code [0x00000164a805eee0, 0x00000164a805f328]
Event: 18.960 Thread 0x00000164bd6bc790 4591       3       com.google.inject.TypeLiteral::getFieldType (30 bytes)
Event: 18.963 Thread 0x00000164bd6bc790 nmethod 4591 0x00000164a83b3b90 code [0x00000164a83b3ee0, 0x00000164a83b55b8]
Event: 18.963 Thread 0x00000164bd6bc790 4593       3       com.google.common.collect.ImmutableList::of (12 bytes)
Event: 18.964 Thread 0x00000164bd6bc790 nmethod 4593 0x00000164a7f0af90 code [0x00000164a7f0b1a0, 0x00000164a7f0ba48]
Event: 18.964 Thread 0x00000164bd6bc790 4595       3       com.google.common.collect.ImmutableSet$Builder::build (165 bytes)
Event: 18.966 Thread 0x00000164bd6bc790 nmethod 4595 0x00000164a7d55190 code [0x00000164a7d55440, 0x00000164a7d56308]
Event: 18.966 Thread 0x00000164bd6bc790 4594       3       sun.reflect.generics.reflectiveObjects.TypeVariableImpl::hashCode (16 bytes)
Event: 18.966 Thread 0x00000164bd6bc790 nmethod 4594 0x00000164a7d8c490 code [0x00000164a7d8c640, 0x00000164a7d8c878]
Event: 18.966 Thread 0x00000164bd6bc790 4599       1       sun.nio.fs.WindowsFileAttributes::fileKey (2 bytes)
Event: 18.966 Thread 0x00000164bd6bc790 nmethod 4599 0x00000164af93a190 code [0x00000164af93a320, 0x00000164af93a3f8]
Event: 18.971 Thread 0x00000164bd6bc790 4600       1       java.util.zip.ZipFile::getName (5 bytes)
Event: 18.972 Thread 0x00000164bd6bc790 nmethod 4600 0x00000164afa61510 code [0x00000164afa616a0, 0x00000164afa61778]
Event: 18.972 Thread 0x00000164bd6bc790 4601       3       sun.net.www.protocol.jar.JarFileFactory::urlFor (77 bytes)
Event: 18.973 Thread 0x00000164bd6bc790 nmethod 4601 0x00000164a7d46f10 code [0x00000164a7d471a0, 0x00000164a7d47b08]

GC Heap History (14 events):
Event: 2.052 GC heap before
{Heap before GC invocations=0 (full 0):
 garbage-first heap   total 98304K, used 23552K [0x00000000a0e00000, 0x0000000100000000)
  region size 1024K, 23 young (23552K), 0 survivors (0K)
 Metaspace       used 5597K, committed 5760K, reserved 1114112K
  class space    used 640K, committed 704K, reserved 1048576K
}
Event: 2.086 GC heap after
{Heap after GC invocations=1 (full 0):
 garbage-first heap   total 98304K, used 3836K [0x00000000a0e00000, 0x0000000100000000)
  region size 1024K, 3 young (3072K), 3 survivors (3072K)
 Metaspace       used 5597K, committed 5760K, reserved 1114112K
  class space    used 640K, committed 704K, reserved 1048576K
}
Event: 3.787 GC heap before
{Heap before GC invocations=1 (full 0):
 garbage-first heap   total 98304K, used 33532K [0x00000000a0e00000, 0x0000000100000000)
  region size 1024K, 32 young (32768K), 3 survivors (3072K)
 Metaspace       used 9938K, committed 10112K, reserved 1114112K
  class space    used 1205K, committed 1280K, reserved 1048576K
}
Event: 3.798 GC heap after
{Heap after GC invocations=2 (full 0):
 garbage-first heap   total 98304K, used 5633K [0x00000000a0e00000, 0x0000000100000000)
  region size 1024K, 2 young (2048K), 2 survivors (2048K)
 Metaspace       used 9938K, committed 10112K, reserved 1114112K
  class space    used 1205K, committed 1280K, reserved 1048576K
}
Event: 6.658 GC heap before
{Heap before GC invocations=2 (full 0):
 garbage-first heap   total 98304K, used 61953K [0x00000000a0e00000, 0x0000000100000000)
  region size 1024K, 57 young (58368K), 2 survivors (2048K)
 Metaspace       used 12783K, committed 12992K, reserved 1114112K
  class space    used 1477K, committed 1600K, reserved 1048576K
}
Event: 6.705 GC heap after
{Heap after GC invocations=3 (full 0):
 garbage-first heap   total 98304K, used 13255K [0x00000000a0e00000, 0x0000000100000000)
  region size 1024K, 8 young (8192K), 8 survivors (8192K)
 Metaspace       used 12783K, committed 12992K, reserved 1114112K
  class space    used 1477K, committed 1600K, reserved 1048576K
}
Event: 8.710 GC heap before
{Heap before GC invocations=3 (full 0):
 garbage-first heap   total 98304K, used 63431K [0x00000000a0e00000, 0x0000000100000000)
  region size 1024K, 57 young (58368K), 8 survivors (8192K)
 Metaspace       used 13220K, committed 13376K, reserved 1114112K
  class space    used 1506K, committed 1600K, reserved 1048576K
}
Event: 8.752 GC heap after
{Heap after GC invocations=4 (full 0):
 garbage-first heap   total 98304K, used 19815K [0x00000000a0e00000, 0x0000000100000000)
  region size 1024K, 7 young (7168K), 7 survivors (7168K)
 Metaspace       used 13220K, committed 13376K, reserved 1114112K
  class space    used 1506K, committed 1600K, reserved 1048576K
}
Event: 10.421 GC heap before
{Heap before GC invocations=4 (full 0):
 garbage-first heap   total 98304K, used 66919K [0x00000000a0e00000, 0x0000000100000000)
  region size 1024K, 53 young (54272K), 7 survivors (7168K)
 Metaspace       used 13474K, committed 13696K, reserved 1114112K
  class space    used 1507K, committed 1600K, reserved 1048576K
}
Event: 10.454 GC heap after
{Heap after GC invocations=5 (full 0):
 garbage-first heap   total 98304K, used 23552K [0x00000000a0e00000, 0x0000000100000000)
  region size 1024K, 4 young (4096K), 4 survivors (4096K)
 Metaspace       used 13474K, committed 13696K, reserved 1114112K
  class space    used 1507K, committed 1600K, reserved 1048576K
}
Event: 13.273 GC heap before
{Heap before GC invocations=5 (full 0):
 garbage-first heap   total 98304K, used 70656K [0x00000000a0e00000, 0x0000000100000000)
  region size 1024K, 50 young (51200K), 4 survivors (4096K)
 Metaspace       used 13860K, committed 14144K, reserved 1114112K
  class space    used 1522K, committed 1664K, reserved 1048576K
}
Event: 13.303 GC heap after
{Heap after GC invocations=6 (full 0):
 garbage-first heap   total 118784K, used 28611K [0x00000000a0e00000, 0x0000000100000000)
  region size 1024K, 5 young (5120K), 5 survivors (5120K)
 Metaspace       used 13860K, committed 14144K, reserved 1114112K
  class space    used 1522K, committed 1664K, reserved 1048576K
}
Event: 16.677 GC heap before
{Heap before GC invocations=6 (full 0):
 garbage-first heap   total 118784K, used 86979K [0x00000000a0e00000, 0x0000000100000000)
  region size 1024K, 62 young (63488K), 5 survivors (5120K)
 Metaspace       used 15300K, committed 15552K, reserved 1114112K
  class space    used 1650K, committed 1792K, reserved 1048576K
}
Event: 16.697 GC heap after
{Heap after GC invocations=7 (full 0):
 garbage-first heap   total 118784K, used 32630K [0x00000000a0e00000, 0x0000000100000000)
  region size 1024K, 4 young (4096K), 4 survivors (4096K)
 Metaspace       used 15300K, committed 15552K, reserved 1114112K
  class space    used 1650K, committed 1792K, reserved 1048576K
}

Deoptimization events (20 events):
Event: 18.571 Thread 0x00000164a04c3140 DEOPT PACKING pc=0x00000164afa83390 sp=0x00000009fe9fc630
Event: 18.571 Thread 0x00000164a04c3140 DEOPT UNPACKING pc=0x00000164af2523a3 sp=0x00000009fe9fc5d8 mode 2
Event: 18.571 Thread 0x00000164a04c3140 Uncommon trap: trap_request=0xffffffd6 fr.pc=0x00000164afa83390 relative=0x0000000000000370
Event: 18.571 Thread 0x00000164a04c3140 Uncommon trap: reason=array_check action=maybe_recompile pc=0x00000164afa83390 method=java.util.LinkedHashMap.valuesToArray([Ljava/lang/Object;)[Ljava/lang/Object; @ 25 c2
Event: 18.571 Thread 0x00000164a04c3140 DEOPT PACKING pc=0x00000164afa83390 sp=0x00000009fe9fc630
Event: 18.571 Thread 0x00000164a04c3140 DEOPT UNPACKING pc=0x00000164af2523a3 sp=0x00000009fe9fc5d8 mode 2
Event: 18.571 Thread 0x00000164a04c3140 Uncommon trap: trap_request=0xffffffd6 fr.pc=0x00000164afa83390 relative=0x0000000000000370
Event: 18.571 Thread 0x00000164a04c3140 Uncommon trap: reason=array_check action=maybe_recompile pc=0x00000164afa83390 method=java.util.LinkedHashMap.valuesToArray([Ljava/lang/Object;)[Ljava/lang/Object; @ 25 c2
Event: 18.571 Thread 0x00000164a04c3140 DEOPT PACKING pc=0x00000164afa83390 sp=0x00000009fe9fc630
Event: 18.571 Thread 0x00000164a04c3140 DEOPT UNPACKING pc=0x00000164af2523a3 sp=0x00000009fe9fc5d8 mode 2
Event: 18.607 Thread 0x00000164a04c3140 Uncommon trap: trap_request=0xffffff45 fr.pc=0x00000164af963798 relative=0x0000000000001bd8
Event: 18.607 Thread 0x00000164a04c3140 Uncommon trap: reason=unstable_if action=reinterpret pc=0x00000164af963798 method=java.lang.String.<init>([BIILjava/nio/charset/Charset;)V @ 18 c2
Event: 18.607 Thread 0x00000164a04c3140 DEOPT PACKING pc=0x00000164af963798 sp=0x00000009fe9fc5d0
Event: 18.607 Thread 0x00000164a04c3140 DEOPT UNPACKING pc=0x00000164af2523a3 sp=0x00000009fe9fc5b0 mode 2
Event: 18.749 Thread 0x00000164a04c3140 Uncommon trap: trap_request=0xffffff45 fr.pc=0x00000164af82b6e4 relative=0x0000000000000444
Event: 18.749 Thread 0x00000164a04c3140 Uncommon trap: reason=unstable_if action=reinterpret pc=0x00000164af82b6e4 method=java.util.jar.Manifest$FastInputStream.readLine([BII)I @ 90 c2
Event: 18.749 Thread 0x00000164a04c3140 DEOPT PACKING pc=0x00000164af82b6e4 sp=0x00000009fe9fc520
Event: 18.749 Thread 0x00000164a04c3140 DEOPT UNPACKING pc=0x00000164af2523a3 sp=0x00000009fe9fc4b0 mode 2
Event: 18.884 Thread 0x00000164a04c3140 DEOPT PACKING pc=0x00000164a7efbbbb sp=0x00000009fe9fc8d0
Event: 18.884 Thread 0x00000164a04c3140 DEOPT UNPACKING pc=0x00000164af252b43 sp=0x00000009fe9fbd68 mode 0

Classes unloaded (0 events):
No events

Classes redefined (0 events):
No events

Internal exceptions (15 events):
Event: 0.677 Thread 0x00000164a04c3140 Exception <a 'java/lang/NoSuchMethodError'{0x00000000a69cd1f0}: 'java.lang.Object java.lang.invoke.DirectMethodHandle$Holder.invokeStaticInit(java.lang.Object, int, int, int, int)'> (0x00000000a69cd1f0) 
thrown [s\open\src\hotspot\share\interpreter\linkResolver.cpp, line 759]
Event: 0.873 Thread 0x00000164a04c3140 Exception <a 'java/lang/NoSuchMethodError'{0x00000000a68a1e28}: 'java.lang.Object java.lang.invoke.DirectMethodHandle$Holder.invokeStaticInit(java.lang.Object, java.lang.Object, int, int, int, int)'> (0x00000000a68a1e28) 
thrown [s\open\src\hotspot\share\interpreter\linkResolver.cpp, line 759]
Event: 1.746 Thread 0x00000164a04c3140 Exception <a 'java/lang/NoSuchMethodError'{0x00000000a5c53790}: 'java.lang.Object java.lang.invoke.DirectMethodHandle$Holder.newInvokeSpecial(java.lang.Object, java.lang.Object, java.lang.Object, java.lang.Object, java.lang.Object)'> (0x00000000a5c53790) 
thrown [s\open\src\hotspot\share\interpreter\linkResolver.cpp, line 759]
Event: 4.241 Thread 0x00000164a04c3140 Exception <a 'java/lang/NoClassDefFoundError'{0x00000000a6a9c9c0}: com/google/inject/servlet/ServletModuleTargetVisitor> (0x00000000a6a9c9c0) 
thrown [s\open\src\hotspot\share\classfile\systemDictionary.cpp, line 245]
Event: 4.245 Thread 0x00000164a04c3140 Exception <a 'java/lang/NoClassDefFoundError'{0x00000000a6a9f698}: javax/annotation/Priority> (0x00000000a6a9f698) 
thrown [s\open\src\hotspot\share\classfile\systemDictionary.cpp, line 245]
Event: 4.872 Thread 0x00000164a04c3140 Implicit null exception at 0x00000164af7c6e72 to 0x00000164af7c7440
Event: 4.873 Thread 0x00000164a04c3140 Implicit null exception at 0x00000164af7c34f2 to 0x00000164af7c3ad0
Event: 6.843 Thread 0x00000164a04c3140 Implicit null exception at 0x00000164af8457ea to 0x00000164af8459a0
Event: 6.843 Thread 0x00000164a04c3140 Implicit null exception at 0x00000164af8451ea to 0x00000164af8453a4
Event: 6.844 Thread 0x00000164a04c3140 Implicit null exception at 0x00000164af842c0f to 0x00000164af842c89
Event: 7.074 Thread 0x00000164a04c3140 Implicit null exception at 0x00000164af89605b to 0x00000164af8979a8
Event: 7.074 Thread 0x00000164a04c3140 Implicit null exception at 0x00000164af815c1e to 0x00000164af816530
Event: 7.265 Thread 0x00000164a04c3140 Implicit null exception at 0x00000164af8e0276 to 0x00000164af8e061c
Event: 12.926 Thread 0x00000164a04c3140 Implicit null exception at 0x00000164af9f0fc8 to 0x00000164af9f1a7c
Event: 14.464 Thread 0x00000164a04c3140 Implicit null exception at 0x00000164af9906cf to 0x00000164af9907c1

VM Operations (20 events):
Event: 14.404 Executing VM operation: HandshakeAllThreads
Event: 14.404 Executing VM operation: HandshakeAllThreads done
Event: 14.543 Executing VM operation: HandshakeAllThreads
Event: 14.543 Executing VM operation: HandshakeAllThreads done
Event: 14.705 Executing VM operation: HandshakeAllThreads
Event: 14.705 Executing VM operation: HandshakeAllThreads done
Event: 15.716 Executing VM operation: Cleanup
Event: 15.716 Executing VM operation: Cleanup done
Event: 16.677 Executing VM operation: G1CollectForAllocation
Event: 16.697 Executing VM operation: G1CollectForAllocation done
Event: 16.699 Executing VM operation: HandshakeAllThreads
Event: 16.699 Executing VM operation: HandshakeAllThreads done
Event: 17.036 Executing VM operation: HandshakeAllThreads
Event: 17.036 Executing VM operation: HandshakeAllThreads done
Event: 17.392 Executing VM operation: HandshakeAllThreads
Event: 17.392 Executing VM operation: HandshakeAllThreads done
Event: 18.398 Executing VM operation: Cleanup
Event: 18.553 Executing VM operation: Cleanup done
Event: 19.557 Executing VM operation: Cleanup
Event: 19.557 Executing VM operation: Cleanup done

Events (20 events):
Event: 17.405 Thread 0x00000164bd6bd4b0 flushing nmethod 0x00000164a84a8510
Event: 17.406 Thread 0x00000164bd6bd4b0 flushing nmethod 0x00000164a84c4710
Event: 17.406 Thread 0x00000164bd6bd4b0 flushing nmethod 0x00000164a84d0c10
Event: 17.406 Thread 0x00000164bd6bd4b0 flushing nmethod 0x00000164a84d1090
Event: 17.406 Thread 0x00000164bd6bd4b0 flushing nmethod 0x00000164a84d2190
Event: 17.406 Thread 0x00000164bd6bd4b0 flushing nmethod 0x00000164a84d3510
Event: 17.406 Thread 0x00000164bd6bd4b0 flushing nmethod 0x00000164a84d4210
Event: 17.406 Thread 0x00000164bd6bd4b0 flushing nmethod 0x00000164a84d8190
Event: 17.406 Thread 0x00000164bd6bd4b0 flushing nmethod 0x00000164a84d8d90
Event: 17.406 Thread 0x00000164bd6bd4b0 flushing nmethod 0x00000164a84d9b10
Event: 17.406 Thread 0x00000164bd6bd4b0 flushing nmethod 0x00000164a84dac10
Event: 17.406 Thread 0x00000164bd6bd4b0 flushing nmethod 0x00000164a84db910
Event: 17.406 Thread 0x00000164bd6bd4b0 flushing nmethod 0x00000164a84fcf90
Event: 17.406 Thread 0x00000164bd6bd4b0 flushing nmethod 0x00000164a850af90
Event: 17.406 Thread 0x00000164bd6bd4b0 flushing nmethod 0x00000164a8530990
Event: 17.407 Thread 0x00000164bd6bd4b0 flushing nmethod 0x00000164a858fd90
Event: 17.407 Thread 0x00000164bd6bd4b0 flushing nmethod 0x00000164a8590510
Event: 17.407 Thread 0x00000164bd6bd4b0 flushing nmethod 0x00000164a8590910
Event: 17.407 Thread 0x00000164bd6bd4b0 flushing nmethod 0x00000164a85cb910
Event: 18.819 Thread 0x00000164bd8deb70 Thread added: 0x00000164bd8deb70


Dynamic libraries:
0x00007ff709990000 - 0x00007ff7099a0000 	C:\Program Files\Java\jdk-17\bin\java.exe
0x00007ff811940000 - 0x00007ff811ba7000 	C:\WINDOWS\SYSTEM32\ntdll.dll
0x00007ff810720000 - 0x00007ff8107e9000 	C:\WINDOWS\System32\KERNEL32.DLL
0x00007ff80f070000 - 0x00007ff80f460000 	C:\WINDOWS\System32\KERNELBASE.dll
0x00007ff80bac0000 - 0x00007ff80bb5e000 	C:\WINDOWS\SYSTEM32\apphelp.dll
0x00007fffb1210000 - 0x00007fffb12be000 	c:\Users\deepa\AppData\Local\Programs\Trae\resources\app\modules\sandbox\x64\trae_sbox.dll
0x00007ff8105e0000 - 0x00007ff810694000 	C:\WINDOWS\System32\ADVAPI32.dll
0x00007ff8102b0000 - 0x00007ff810359000 	C:\WINDOWS\System32\msvcrt.dll
0x00007ff810b80000 - 0x00007ff810c26000 	C:\WINDOWS\System32\sechost.dll
0x00007ff80ffa0000 - 0x00007ff8100b8000 	C:\WINDOWS\System32\RPCRT4.dll
0x00007ff80ee60000 - 0x00007ff80efab000 	C:\WINDOWS\System32\ucrtbase.dll
0x00007fffecd70000 - 0x00007fffecd89000 	C:\Program Files\Java\jdk-17\bin\jli.dll
0x00007fffe7480000 - 0x00007fffe749b000 	C:\Program Files\Java\jdk-17\bin\VCRUNTIME140.dll
0x00007ff8100c0000 - 0x00007ff810285000 	C:\WINDOWS\System32\USER32.dll
0x00007ffff6f10000 - 0x00007ffff71aa000 	C:\WINDOWS\WinSxS\amd64_microsoft.windows.common-controls_6595b64144ccf1df_6.0.26100.4768_none_3e0c112ce331287c\COMCTL32.dll
0x00007ff80f470000 - 0x00007ff80f497000 	C:\WINDOWS\System32\win32u.dll
0x00007ff811350000 - 0x00007ff81137b000 	C:\WINDOWS\System32\GDI32.dll
0x00007ff80ec90000 - 0x00007ff80edc8000 	C:\WINDOWS\System32\gdi32full.dll
0x00007ff80f4a0000 - 0x00007ff80f543000 	C:\WINDOWS\System32\msvcp_win.dll
0x00007ff805dd0000 - 0x00007ff805ddb000 	C:\WINDOWS\SYSTEM32\VERSION.dll
0x00007fffb19d0000 - 0x00007fffb1a5f000 	c:\Users\deepa\AppData\Local\Programs\Trae\resources\app\modules\sandbox\x64\sbox_ipc.dll
0x00007ff810f40000 - 0x00007ff810f6f000 	C:\WINDOWS\System32\IMM32.DLL
0x00007ffff3840000 - 0x00007ffff3a81000 	C:\WINDOWS\SYSTEM32\dbghelp.dll
0x00007ff8107f0000 - 0x00007ff810b75000 	C:\WINDOWS\System32\combase.dll
0x00007ff811380000 - 0x00007ff811460000 	C:\WINDOWS\System32\OLEAUT32.dll
0x00007ffff7700000 - 0x00007ffff770c000 	C:\Program Files\Java\jdk-17\bin\vcruntime140_1.dll
0x00007ffff2d40000 - 0x00007ffff2d83000 	C:\WINDOWS\SYSTEM32\dbgcore.DLL
0x00007fffb1180000 - 0x00007fffb120e000 	C:\Program Files\Java\jdk-17\bin\msvcp140.dll
0x00007fff775b0000 - 0x00007fff78190000 	C:\Program Files\Java\jdk-17\bin\server\jvm.dll
0x00007ff810c30000 - 0x00007ff810c38000 	C:\WINDOWS\System32\PSAPI.DLL
0x00007ff801be0000 - 0x00007ff801bea000 	C:\WINDOWS\SYSTEM32\WSOCK32.dll
0x00007ff80fe40000 - 0x00007ff80feb4000 	C:\WINDOWS\System32\WS2_32.dll
0x00007ff805d90000 - 0x00007ff805dc5000 	C:\WINDOWS\SYSTEM32\WINMM.dll
0x00007ff80d7f0000 - 0x00007ff80d80b000 	C:\WINDOWS\SYSTEM32\kernel.appcore.dll
0x00007ffff73f0000 - 0x00007ffff73fa000 	C:\Program Files\Java\jdk-17\bin\jimage.dll
0x00007ff80ebf0000 - 0x00007ff80ec89000 	C:\WINDOWS\System32\bcryptPrimitives.dll
0x00007ff80d240000 - 0x00007ff80d366000 	C:\WINDOWS\SYSTEM32\dnsapi.dll
0x00007ff80d200000 - 0x00007ff80d233000 	C:\WINDOWS\SYSTEM32\IPHLPAPI.DLL
0x00007ff810290000 - 0x00007ff81029a000 	C:\WINDOWS\System32\NSI.dll
0x00007fffe6080000 - 0x00007fffe60a5000 	C:\Program Files\Java\jdk-17\bin\java.dll
0x00007fffabd30000 - 0x00007fffabe07000 	C:\Program Files\Java\jdk-17\bin\jsvml.dll
0x00007ff80f6d0000 - 0x00007ff80fe1d000 	C:\WINDOWS\System32\SHELL32.dll
0x00007ff80f550000 - 0x00007ff80f6c3000 	C:\WINDOWS\System32\wintypes.dll
0x00007ff80c690000 - 0x00007ff80cef0000 	C:\WINDOWS\SYSTEM32\windows.storage.dll
0x00007ff811000000 - 0x00007ff8110f5000 	C:\WINDOWS\System32\SHCORE.dll
0x00007ff8112b0000 - 0x00007ff81131a000 	C:\WINDOWS\System32\shlwapi.dll
0x00007ff80e990000 - 0x00007ff80e9b9000 	C:\WINDOWS\SYSTEM32\profapi.dll
0x00007fffe6620000 - 0x00007fffe6639000 	C:\Program Files\Java\jdk-17\bin\net.dll
0x00007ff8063e0000 - 0x00007ff8064fe000 	C:\WINDOWS\SYSTEM32\WINHTTP.dll
0x00007ff80dd80000 - 0x00007ff80ddeb000 	C:\WINDOWS\system32\mswsock.dll
0x00007fffe62e0000 - 0x00007fffe62f6000 	C:\Program Files\Java\jdk-17\bin\nio.dll
0x00007fffe6000000 - 0x00007fffe6018000 	C:\Program Files\Java\jdk-17\bin\zip.dll
0x00007ffff6af0000 - 0x00007ffff6b00000 	C:\Program Files\Java\jdk-17\bin\verify.dll
0x00007ff80e040000 - 0x00007ff80e05b000 	C:\WINDOWS\SYSTEM32\CRYPTSP.dll
0x00007ff80d750000 - 0x00007ff80d78b000 	C:\WINDOWS\system32\rsaenh.dll
0x00007ff80de20000 - 0x00007ff80de4b000 	C:\WINDOWS\SYSTEM32\USERENV.dll
0x00007ff80e960000 - 0x00007ff80e986000 	C:\WINDOWS\SYSTEM32\bcrypt.dll
0x00007ff80e060000 - 0x00007ff80e06c000 	C:\WINDOWS\SYSTEM32\CRYPTBASE.dll
0x00007ff8061f0000 - 0x00007ff80620f000 	C:\WINDOWS\SYSTEM32\dhcpcsvc6.DLL
0x00007ff8061c0000 - 0x00007ff8061e5000 	C:\WINDOWS\SYSTEM32\dhcpcsvc.DLL
0x00007ffff5980000 - 0x00007ffff598a000 	C:\Users\deepa\AppData\Local\Temp\jansi-1.17.1-7321121039043488688.dll
0x00007ffff5450000 - 0x00007ffff545a000 	C:\Users\deepa\AppData\Local\Temp\jansi-1.17.1-9949085904840411142.dll

dbghelp: loaded successfully - version: 4.0.5 - missing functions: none
symbol engine: initialized successfully - sym options: 0x614 - pdb path: .;C:\Program Files\Java\jdk-17\bin;C:\WINDOWS\SYSTEM32;c:\Users\deepa\AppData\Local\Programs\Trae\resources\app\modules\sandbox\x64;C:\WINDOWS\WinSxS\amd64_microsoft.windows.common-controls_6595b64144ccf1df_6.0.26100.4768_none_3e0c112ce331287c;C:\Program Files\Java\jdk-17\bin\server;C:\Users\deepa\AppData\Local\Temp

VM Arguments:
jvm_args: -Dmaven.home=C:/Users/deepa/Downloads/e-commerce-microservices-master/e-commerce-microservices-master -Dmaven.multiModuleProjectDirectory=C:/Users/deepa/Downloads/e-commerce-microservices-master/e-commerce-microservices-master/product-catalog-service 
java_command: org.apache.maven.wrapper.MavenWrapperMain spring-boot:run
java_class_path (initial): C:/Users/deepa/Downloads/e-commerce-microservices-master/e-commerce-microservices-master/product-catalog-service/.mvn/wrapper/maven-wrapper.jar
Launcher Type: SUN_STANDARD

[Global flags]
     intx CICompilerCount                          = 4                                         {product} {ergonomic}
     uint ConcGCThreads                            = 2                                         {product} {ergonomic}
     uint G1ConcRefinementThreads                  = 8                                         {product} {ergonomic}
   size_t G1HeapRegionSize                         = 1048576                                   {product} {ergonomic}
    uintx GCDrainStackTargetSize                   = 64                                        {product} {ergonomic}
   size_t InitialHeapSize                          = 100663296                                 {product} {ergonomic}
   size_t MarkStackSize                            = 4194304                                   {product} {ergonomic}
   size_t MaxHeapSize                              = 1595932672                                {product} {ergonomic}
   size_t MaxNewSize                               = 957349888                                 {product} {ergonomic}
   size_t MinHeapDeltaBytes                        = 1048576                                   {product} {ergonomic}
   size_t MinHeapSize                              = 8388608                                   {product} {ergonomic}
    uintx NonNMethodCodeHeapSize                   = 5839372                                {pd product} {ergonomic}
    uintx NonProfiledCodeHeapSize                  = 122909434                              {pd product} {ergonomic}
    uintx ProfiledCodeHeapSize                     = 122909434                              {pd product} {ergonomic}
    uintx ReservedCodeCacheSize                    = 251658240                              {pd product} {ergonomic}
     bool SegmentedCodeCache                       = true                                      {product} {ergonomic}
   size_t SoftMaxHeapSize                          = 1595932672                             {manageable} {ergonomic}
     bool UseCompressedClassPointers               = true                           {product lp64_product} {ergonomic}
     bool UseCompressedOops                        = true                           {product lp64_product} {ergonomic}
     bool UseG1GC                                  = true                                      {product} {ergonomic}
     bool UseLargePagesIndividualAllocation        = false                                  {pd product} {ergonomic}

Logging:
Log output configuration:
 #0: stdout all=warning uptime,level,tags
 #1: stderr all=off uptime,level,tags

Environment Variables:
JAVA_HOME=C:/Program Files/Java/jdk-17
PATH=c;C:\Users\deepa\.trae\tools\trae-gopls\current;c;C:\Users\deepa\.trae\sdks\workspaces\d87b252e\versions\node\current;c;C:\Users\deepa\.trae\sdks\versions\node\current;C:\c\Users\deepa\bin;C:\Program Files\Git\mingw64\bin;C:\Program Files\Git\usr\local\bin;C:\Program Files\Git\usr\bin;C:\Program Files\Git\usr\bin;C:\Program Files\Git\mingw64\bin;C:\Program Files\Git\usr\bin;C:\Users\deepa\bin;C:\Users\deepa\.trae\tools\trae-gopls\current;C:\Users\deepa\.trae\sdks\workspaces\d87b252e\versions\node\current;C:\Users\deepa\.trae\sdks\versions\node\current;C:\Program Files\Common Files\Oracle\Java\javapath;C:\Users\deepa\AppData\Local\Programs\Python\Python313\Scripts;C:\Users\deepa\AppData\Local\Programs\Python\Python313;C:\WINDOWS\system32;C:\WINDOWS;C:\WINDOWS\System32\Wbem;C:\WINDOWS\System32\WindowsPowerShell\v1.0;C:\WINDOWS\System32\OpenSSH;C:\Program Files\nodejs;C:\ProgramData\chocolatey\bin;C:\Program Files\MySQL\MySQL Server 9.2\bin;C:\Program Files\MySQL\MySQL Server 8.0\bin;C:\Program Files\Git\cmd;C:\Program Files\Java\jdk-17\bin;C:\Users\deepa\AppData\Local\Programs\Trae\bin;C:\Users\deepa\AppData\Local\Programs\Python\Launcher;C:\Users\deepa\AppData\Local\Microsoft\WindowsApps;C:\Users\deepa\AppData\Local\Programs\Microsoft VS Code\bin;C:\Users\deepa\AppData\Roaming\npm;C:\Users\deepa\AppData\Local\Programs\cursor\resources\app\bin;E:\apache-tomcat-10.1.44\apache-tomcat-10.1.44\bin;C:\Program Files\Java\jdk-17\bin;C:\Users\deepa\.trae\extensions\vscjava.vscode-java-debug-0.59.0-universal\bundled\scripts\noConfigScripts;C:\Program Files\Git\usr\bin\vendor_perl;C:\Program Files\Git\usr\bin\core_perl
USERNAME=deepa
SHELL=C:\Program Files\Git\usr\bin\bash.exe
DISPLAY=needs-to-be-defined
LANG=en_US.UTF-8
OS=Windows_NT
PROCESSOR_IDENTIFIER=AMD64 Family 23 Model 24 Stepping 1, AuthenticAMD



---------------  S Y S T E M  ---------------

OS:
 Windows 11 , 64 bit Build 26100 (10.0.26100.4768)
OS uptime: 16 days 7:33 hours

CPU: total 8 (initial active 8) (8 cores per cpu, 2 threads per core) family 23 model 24 stepping 1 microcode 0x8108109, cx8, cmov, fxsr, ht, mmx, 3dnowpref, sse, sse2, sse3, ssse3, sse4a, sse4.1, sse4.2, popcnt, lzcnt, tsc, tscinvbit, avx, avx2, aes, clmul, bmi1, bmi2, adx, sha, fma, vzeroupper, clflush, clflushopt

Memory: 4k page, system-wide physical 6086M (502M free)
TotalPageFile size 24518M (AvailPageFile size 61M)
current process WorkingSet (physical memory assigned to process): 220M, peak: 220M
current process commit charge ("private bytes"): 263M, peak: 265M

vm_info: Java HotSpot(TM) 64-Bit Server VM (17.0.12+8-LTS-286) for windows-amd64 JRE (17.0.12+8-LTS-286), built on Jun  5 2024 06:46:59 by "mach5one" with MS VC++ 17.6 (VS2022)

END.
