2026-05-12 21:50:44.397  INFO 17092 --- [           main] trationDelegate$BeanPostProcessorChecker : Bean 'org.springframework.cloud.autoconfigure.ConfigurationPropertiesRebinderAutoConfiguration' of type [org.springframework.cloud.autoconfigure.ConfigurationPropertiesRebinderAutoConfiguration$$EnhancerBySpringCGLIB$$fedd3c52] is not eligible for getting processed by all BeanPostProcessors (for example: not eligible for auto-proxying)

  .   ____          _            __ _ _
 /\\ / ___'_ __ _ _(_)_ __  __ _ \ \ \ \
( ( )\___ | '_ | '_| | '_ \/ _` | \ \ \ \
 \\/  ___)| |_)| | | | | || (_| |  ) ) ) )
  '  |____| .__|_| |_|_| |_\__, | / / / /
 =========|_|==============|___/=/_/_/_/
 :: Spring Boot ::        (v2.1.5.RELEASE)

2026-05-12 21:50:51.719  INFO 17092 --- [           main] c.r.p.ProductCatalogServiceApplication   : No active profile set, falling back to default profiles: default
2026-05-12 21:50:56.937  INFO 17092 --- [           main] .s.d.r.c.RepositoryConfigurationDelegate : Bootstrapping Spring Data repositories in DEFAULT mode.
2026-05-12 21:50:57.357  INFO 17092 --- [           main] .s.d.r.c.RepositoryConfigurationDelegate : Finished Spring Data repository scanning in 372ms. Found 1 repository interfaces.
2026-05-12 21:50:59.065  INFO 17092 --- [           main] o.s.cloud.context.scope.GenericScope     : BeanFactory id=f4951f3a-1011-32f1-a443-56d32d3d7ae3
2026-05-12 21:50:59.541  INFO 17092 --- [           main] trationDelegate$BeanPostProcessorChecker : Bean 'org.springframework.transaction.annotation.ProxyTransactionManagementConfiguration' of type [org.springframework.transaction.annotation.ProxyTransactionManagementConfiguration$$EnhancerBySpringCGLIB$$e2c33955] is not eligible for getting processed by all BeanPostProcessors (for example: not eligible for auto-proxying)
2026-05-12 21:50:59.633  INFO 17092 --- [           main] trationDelegate$BeanPostProcessorChecker : Bean 'org.springframework.cloud.autoconfigure.ConfigurationPropertiesRebinderAutoConfiguration' of type [org.springframework.cloud.autoconfigure.ConfigurationPropertiesRebinderAutoConfiguration$$EnhancerBySpringCGLIB$$fedd3c52] is not eligible for getting processed by all BeanPostProcessors (for example: not eligible for auto-proxying)
2026-05-12 21:51:02.717  INFO 17092 --- [           main] o.s.b.w.embedded.tomcat.TomcatWebServer  : Tomcat initialized with port(s): 8810 (http)
2026-05-12 21:51:03.165  INFO 17092 --- [           main] o.apache.catalina.core.StandardService   : Starting service [Tomcat]
2026-05-12 21:51:03.166  INFO 17092 --- [           main] org.apache.catalina.core.StandardEngine  : Starting Servlet engine: [Apache Tomcat/9.0.19]
2026-05-12 21:51:03.880  INFO 17092 --- [           main] o.a.c.c.C.[Tomcat].[localhost].[/]       : Initializing Spring embedded WebApplicationContext
2026-05-12 21:51:03.884  INFO 17092 --- [           main] o.s.web.context.ContextLoader            : Root WebApplicationContext: initialization completed in 11512 ms
2026-05-12 21:51:05.914  INFO 17092 --- [           main] com.zaxxer.hikari.HikariDataSource       : HikariPool-1 - Starting...
2026-05-12 21:51:07.525  INFO 17092 --- [           main] com.zaxxer.hikari.HikariDataSource       : HikariPool-1 - Start completed.
2026-05-12 21:51:07.727  INFO 17092 --- [           main] o.hibernate.jpa.internal.util.LogHelper  : HHH000204: Processing PersistenceUnitInfo [
	name: default
	...]
2026-05-12 21:51:08.078  INFO 17092 --- [           main] org.hibernate.Version                    : HHH000412: Hibernate Core {5.3.10.Final}
2026-05-12 21:51:08.088  INFO 17092 --- [           main] org.hibernate.cfg.Environment            : HHH000206: hibernate.properties not found
2026-05-12 21:51:09.377  INFO 17092 --- [           main] o.hibernate.annotations.common.Version   : HCANN000001: Hibernate Commons Annotations {5.0.4.Final}
2026-05-12 21:51:13.515  INFO 17092 --- [           main] org.hibernate.dialect.Dialect            : HHH000400: Using dialect: org.hibernate.dialect.H2Dialect
Hibernate: create table products (id bigint generated by default as identity, availability integer not null, category varchar(255) not null, discription varchar(255), price decimal(19,2) not null, product_name varchar(255) not null, primary key (id))
2026-05-12 21:51:19.512  INFO 17092 --- [           main] j.LocalContainerEntityManagerFactoryBean : Initialized JPA EntityManagerFactory for persistence unit 'default'
2026-05-12 21:51:22.368  WARN 17092 --- [           main] c.n.c.sources.URLConfigurationSource     : No URLs will be polled as dynamic configuration sources.
2026-05-12 21:51:22.372  INFO 17092 --- [           main] c.n.c.sources.URLConfigurationSource     : To enable URLs as dynamic configuration sources, define System property archaius.configurationSource.additionalUrls or make config.properties available on classpath.
2026-05-12 21:51:22.400  WARN 17092 --- [           main] c.n.c.sources.URLConfigurationSource     : No URLs will be polled as dynamic configuration sources.
2026-05-12 21:51:22.404  INFO 17092 --- [           main] c.n.c.sources.URLConfigurationSource     : To enable URLs as dynamic configuration sources, define System property archaius.configurationSource.additionalUrls or make config.properties available on classpath.
2026-05-12 21:51:24.406  INFO 17092 --- [           main] o.s.s.concurrent.ThreadPoolTaskExecutor  : Initializing ExecutorService 'applicationTaskExecutor'
2026-05-12 21:51:24.627  WARN 17092 --- [           main] aWebConfiguration$JpaWebMvcConfiguration : spring.jpa.open-in-view is enabled by default. Therefore, database queries may be performed during view rendering. Explicitly configure spring.jpa.open-in-view to disable this warning
2026-05-12 21:51:33.616  INFO 17092 --- [           main] o.s.c.n.eureka.InstanceInfoFactory       : Setting initial instance status as: STARTING
2026-05-12 21:51:33.901  INFO 17092 --- [           main] com.netflix.discovery.DiscoveryClient    : Initializing Eureka in region us-east-1
2026-05-12 21:51:35.509  INFO 17092 --- [           main] c.n.d.provider.DiscoveryJerseyProvider   : Using JSON encoding codec LegacyJacksonJson
2026-05-12 21:51:35.511  INFO 17092 --- [           main] c.n.d.provider.DiscoveryJerseyProvider   : Using JSON decoding codec LegacyJacksonJson
2026-05-12 21:51:37.022  INFO 17092 --- [           main] c.n.d.provider.DiscoveryJerseyProvider   : Using XML encoding codec XStreamXml
2026-05-12 21:51:37.032  INFO 17092 --- [           main] c.n.d.provider.DiscoveryJerseyProvider   : Using XML decoding codec XStreamXml
2026-05-12 21:51:38.383  INFO 17092 --- [           main] c.n.d.s.r.aws.ConfigClusterResolver      : Resolving eureka endpoints via configuration
2026-05-12 21:51:38.889  INFO 17092 --- [           main] com.netflix.discovery.DiscoveryClient    : Disable delta property : false
2026-05-12 21:51:38.894  INFO 17092 --- [           main] com.netflix.discovery.DiscoveryClient    : Single vip registry refresh property : null
2026-05-12 21:51:38.897  INFO 17092 --- [           main] com.netflix.discovery.DiscoveryClient    : Force full registry fetch : false
2026-05-12 21:51:38.905  INFO 17092 --- [           main] com.netflix.discovery.DiscoveryClient    : Application is null : false
2026-05-12 21:51:38.906  INFO 17092 --- [           main] com.netflix.discovery.DiscoveryClient    : Registered Applications size is zero : true
2026-05-12 21:51:38.909  INFO 17092 --- [           main] com.netflix.discovery.DiscoveryClient    : Application version is -1: true
2026-05-12 21:51:38.911  INFO 17092 --- [           main] com.netflix.discovery.DiscoveryClient    : Getting all instance registry info from the eureka server
2026-05-12 21:51:39.794  INFO 17092 --- [           main] com.netflix.discovery.DiscoveryClient    : The response status is 200
2026-05-12 21:51:39.801  INFO 17092 --- [           main] com.netflix.discovery.DiscoveryClient    : Starting heartbeat executor: renew interval is: 30
2026-05-12 21:51:39.808  INFO 17092 --- [           main] c.n.discovery.InstanceInfoReplicator     : InstanceInfoReplicator onDemand update allowed rate per min is 4
2026-05-12 21:51:39.828  INFO 17092 --- [           main] com.netflix.discovery.DiscoveryClient    : Discovery Client initialized at timestamp 1778602899819 with initial instances count: 0
2026-05-12 21:51:39.836  INFO 17092 --- [           main] o.s.c.n.e.s.EurekaServiceRegistry        : Registering application PRODUCT-CATALOG-SERVICE with eureka with status UP
2026-05-12 21:51:39.840  INFO 17092 --- [           main] com.netflix.discovery.DiscoveryClient    : Saw local status change event StatusChangeEvent [timestamp=1778602899840, current=UP, previous=STARTING]
2026-05-12 21:51:40.004  INFO 17092 --- [nfoReplicator-0] com.netflix.discovery.DiscoveryClient    : DiscoveryClient_PRODUCT-CATALOG-SERVICE/Admin:product-catalog-service:8810: registering service...
2026-05-12 21:51:40.647  INFO 17092 --- [nfoReplicator-0] com.netflix.discovery.DiscoveryClient    : DiscoveryClient_PRODUCT-CATALOG-SERVICE/Admin:product-catalog-service:8810 - registration status: 204
2026-05-12 21:51:44.374  INFO 17092 --- [           main] o.s.b.w.embedded.tomcat.TomcatWebServer  : Tomcat started on port(s): 8810 (http) with context path ''
2026-05-12 21:51:44.395  INFO 17092 --- [           main] .s.c.n.e.s.EurekaAutoServiceRegistration : Updating port to 8810
2026-05-12 21:51:44.469  INFO 17092 --- [           main] c.r.p.ProductCatalogServiceApplication   : Started ProductCatalogServiceApplication in 64.924 seconds (JVM running for 69.42)
2026-05-12 21:52:10.427  INFO 17092 --- [freshExecutor-0] com.netflix.discovery.DiscoveryClient    : Disable delta property : false
2026-05-12 21:52:10.435  INFO 17092 --- [freshExecutor-0] com.netflix.discovery.DiscoveryClient    : Single vip registry refresh property : null
2026-05-12 21:52:10.442  INFO 17092 --- [freshExecutor-0] com.netflix.discovery.DiscoveryClient    : Force full registry fetch : false
2026-05-12 21:52:10.446  INFO 17092 --- [freshExecutor-0] com.netflix.discovery.DiscoveryClient    : Application is null : false
2026-05-12 21:52:10.451  INFO 17092 --- [freshExecutor-0] com.netflix.discovery.DiscoveryClient    : Registered Applications size is zero : true
2026-05-12 21:52:10.455  INFO 17092 --- [freshExecutor-0] com.netflix.discovery.DiscoveryClient    : Application version is -1: false
2026-05-12 21:52:10.521  INFO 17092 --- [freshExecutor-0] com.netflix.discovery.DiscoveryClient    : Getting all instance registry info from the eureka server
2026-05-12 21:52:12.168  INFO 17092 --- [freshExecutor-0] com.netflix.discovery.DiscoveryClient    : The response status is 200
