2026-05-14 10:55:55.483  INFO 16552 --- [           main] trationDelegate$BeanPostProcessorChecker : Bean 'org.springframework.cloud.autoconfigure.ConfigurationPropertiesRebinderAutoConfiguration' of type [org.springframework.cloud.autoconfigure.ConfigurationPropertiesRebinderAutoConfiguration$$EnhancerBySpringCGLIB$$3e593bcc] is not eligible for getting processed by all BeanPostProcessors (for example: not eligible for auto-proxying)

  .   ____          _            __ _ _
 /\\ / ___'_ __ _ _(_)_ __  __ _ \ \ \ \
( ( )\___ | '_ | '_| | '_ \/ _` | \ \ \ \
 \\/  ___)| |_)| | | | | || (_| |  ) ) ) )
  '  |____| .__|_| |_|_| |_\__, | / / / /
 =========|_|==============|___/=/_/_/_/
 :: Spring Boot ::        (v2.1.5.RELEASE)

2026-05-14 10:56:00.159  INFO 16552 --- [           main] .ProductRecommendationServiceApplication : No active profile set, falling back to default profiles: default
2026-05-14 10:56:09.421  INFO 16552 --- [           main] .s.d.r.c.RepositoryConfigurationDelegate : Bootstrapping Spring Data repositories in DEFAULT mode.
2026-05-14 10:56:11.870  INFO 16552 --- [           main] .s.d.r.c.RepositoryConfigurationDelegate : Finished Spring Data repository scanning in 2223ms. Found 3 repository interfaces.
2026-05-14 10:56:16.049  INFO 16552 --- [           main] o.s.cloud.context.scope.GenericScope     : BeanFactory id=2f9f8e5f-4bdd-30d6-b921-9a69e132ae86
2026-05-14 10:56:16.357  INFO 16552 --- [           main] trationDelegate$BeanPostProcessorChecker : Bean 'com.rainbowforest.recommendationservice.feignClient.ProductClient' of type [org.springframework.cloud.openfeign.FeignClientFactoryBean] is not eligible for getting processed by all BeanPostProcessors (for example: not eligible for auto-proxying)
2026-05-14 10:56:16.364  INFO 16552 --- [           main] trationDelegate$BeanPostProcessorChecker : Bean 'com.rainbowforest.recommendationservice.feignClient.UserClient' of type [org.springframework.cloud.openfeign.FeignClientFactoryBean] is not eligible for getting processed by all BeanPostProcessors (for example: not eligible for auto-proxying)
2026-05-14 10:56:17.305  INFO 16552 --- [           main] trationDelegate$BeanPostProcessorChecker : Bean 'org.springframework.transaction.annotation.ProxyTransactionManagementConfiguration' of type [org.springframework.transaction.annotation.ProxyTransactionManagementConfiguration$$EnhancerBySpringCGLIB$$223f38cf] is not eligible for getting processed by all BeanPostProcessors (for example: not eligible for auto-proxying)
2026-05-14 10:56:17.485  INFO 16552 --- [           main] trationDelegate$BeanPostProcessorChecker : Bean 'org.springframework.cloud.autoconfigure.ConfigurationPropertiesRebinderAutoConfiguration' of type [org.springframework.cloud.autoconfigure.ConfigurationPropertiesRebinderAutoConfiguration$$EnhancerBySpringCGLIB$$3e593bcc] is not eligible for getting processed by all BeanPostProcessors (for example: not eligible for auto-proxying)
2026-05-14 10:56:32.781  INFO 16552 --- [           main] o.s.b.w.embedded.tomcat.TomcatWebServer  : Tomcat initialized with port(s): 8812 (http)
2026-05-14 10:56:33.561  INFO 16552 --- [           main] o.apache.catalina.core.StandardService   : Starting service [Tomcat]
2026-05-14 10:56:33.585  INFO 16552 --- [           main] org.apache.catalina.core.StandardEngine  : Starting Servlet engine: [Apache Tomcat/9.0.19]
2026-05-14 10:56:34.476  INFO 16552 --- [           main] o.a.c.c.C.[Tomcat].[localhost].[/]       : Initializing Spring embedded WebApplicationContext
2026-05-14 10:56:34.519  INFO 16552 --- [           main] o.s.web.context.ContextLoader            : Root WebApplicationContext: initialization completed in 34211 ms
2026-05-14 10:56:35.868  INFO 16552 --- [           main] com.zaxxer.hikari.HikariDataSource       : HikariPool-1 - Starting...
2026-05-14 10:56:37.087  INFO 16552 --- [           main] com.zaxxer.hikari.HikariDataSource       : HikariPool-1 - Start completed.
2026-05-14 10:56:37.430  INFO 16552 --- [           main] o.hibernate.jpa.internal.util.LogHelper  : HHH000204: Processing PersistenceUnitInfo [
	name: default
	...]
2026-05-14 10:56:37.839  INFO 16552 --- [           main] org.hibernate.Version                    : HHH000412: Hibernate Core {5.3.10.Final}
2026-05-14 10:56:37.859  INFO 16552 --- [           main] org.hibernate.cfg.Environment            : HHH000206: hibernate.properties not found
2026-05-14 10:56:38.661  INFO 16552 --- [           main] o.hibernate.annotations.common.Version   : HCANN000001: Hibernate Commons Annotations {5.0.4.Final}
2026-05-14 10:56:41.171  INFO 16552 --- [           main] org.hibernate.dialect.Dialect            : HHH000400: Using dialect: org.hibernate.dialect.H2Dialect
Hibernate: create table products (id bigint generated by default as identity, product_name varchar(255), primary key (id))
Hibernate: create table recommendation (id bigint generated by default as identity, rating integer, product_id bigint, user_id bigint, primary key (id))
Hibernate: create table users (id bigint generated by default as identity, user_name varchar(255), primary key (id))
Hibernate: alter table recommendation add constraint FKo0353mdic5a439h2dhnst344t foreign key (product_id) references products
Hibernate: alter table recommendation add constraint FKrwu8ddeus85k2p40wlvojuw1v foreign key (user_id) references users
2026-05-14 10:56:47.898  INFO 16552 --- [           main] j.LocalContainerEntityManagerFactoryBean : Initialized JPA EntityManagerFactory for persistence unit 'default'
2026-05-14 10:56:51.236  INFO 16552 --- [           main] o.h.h.i.QueryTranslatorFactoryInitiator  : HHH000397: Using ASTQueryTranslatorFactory
2026-05-14 10:56:53.455  WARN 16552 --- [           main] c.n.c.sources.URLConfigurationSource     : No URLs will be polled as dynamic configuration sources.
2026-05-14 10:56:53.459  INFO 16552 --- [           main] c.n.c.sources.URLConfigurationSource     : To enable URLs as dynamic configuration sources, define System property archaius.configurationSource.additionalUrls or make config.properties available on classpath.
2026-05-14 10:56:53.603  WARN 16552 --- [           main] c.n.c.sources.URLConfigurationSource     : No URLs will be polled as dynamic configuration sources.
2026-05-14 10:56:53.628  INFO 16552 --- [           main] c.n.c.sources.URLConfigurationSource     : To enable URLs as dynamic configuration sources, define System property archaius.configurationSource.additionalUrls or make config.properties available on classpath.
2026-05-14 10:56:55.173  INFO 16552 --- [           main] o.s.s.concurrent.ThreadPoolTaskExecutor  : Initializing ExecutorService 'applicationTaskExecutor'
2026-05-14 10:56:55.437  WARN 16552 --- [           main] aWebConfiguration$JpaWebMvcConfiguration : spring.jpa.open-in-view is enabled by default. Therefore, database queries may be performed during view rendering. Explicitly configure spring.jpa.open-in-view to disable this warning
2026-05-14 10:56:59.456  INFO 16552 --- [           main] o.s.c.n.eureka.InstanceInfoFactory       : Setting initial instance status as: STARTING
2026-05-14 10:56:59.786  INFO 16552 --- [           main] com.netflix.discovery.DiscoveryClient    : Initializing Eureka in region us-east-1
2026-05-14 10:57:01.923  INFO 16552 --- [           main] c.n.d.provider.DiscoveryJerseyProvider   : Using JSON encoding codec LegacyJacksonJson
2026-05-14 10:57:01.932  INFO 16552 --- [           main] c.n.d.provider.DiscoveryJerseyProvider   : Using JSON decoding codec LegacyJacksonJson
2026-05-14 10:57:03.412  INFO 16552 --- [           main] c.n.d.provider.DiscoveryJerseyProvider   : Using XML encoding codec XStreamXml
2026-05-14 10:57:03.415  INFO 16552 --- [           main] c.n.d.provider.DiscoveryJerseyProvider   : Using XML decoding codec XStreamXml
2026-05-14 10:57:04.708  INFO 16552 --- [           main] c.n.d.s.r.aws.ConfigClusterResolver      : Resolving eureka endpoints via configuration
2026-05-14 10:57:06.745  INFO 16552 --- [           main] com.netflix.discovery.DiscoveryClient    : Disable delta property : false
2026-05-14 10:57:06.746  INFO 16552 --- [           main] com.netflix.discovery.DiscoveryClient    : Single vip registry refresh property : null
2026-05-14 10:57:06.750  INFO 16552 --- [           main] com.netflix.discovery.DiscoveryClient    : Force full registry fetch : false
2026-05-14 10:57:06.752  INFO 16552 --- [           main] com.netflix.discovery.DiscoveryClient    : Application is null : false
2026-05-14 10:57:06.755  INFO 16552 --- [           main] com.netflix.discovery.DiscoveryClient    : Registered Applications size is zero : true
2026-05-14 10:57:06.757  INFO 16552 --- [           main] com.netflix.discovery.DiscoveryClient    : Application version is -1: true
2026-05-14 10:57:06.760  INFO 16552 --- [           main] com.netflix.discovery.DiscoveryClient    : Getting all instance registry info from the eureka server
2026-05-14 10:57:08.594  INFO 16552 --- [           main] com.netflix.discovery.DiscoveryClient    : The response status is 200
2026-05-14 10:57:08.603  INFO 16552 --- [           main] com.netflix.discovery.DiscoveryClient    : Starting heartbeat executor: renew interval is: 30
2026-05-14 10:57:08.612  INFO 16552 --- [           main] c.n.discovery.InstanceInfoReplicator     : InstanceInfoReplicator onDemand update allowed rate per min is 4
2026-05-14 10:57:08.625  INFO 16552 --- [           main] com.netflix.discovery.DiscoveryClient    : Discovery Client initialized at timestamp 1778736428620 with initial instances count: 3
2026-05-14 10:57:08.631  INFO 16552 --- [           main] o.s.c.n.e.s.EurekaServiceRegistry        : Registering application PRODUCT-RECOMMENDATION-SERVICE with eureka with status UP
2026-05-14 10:57:08.633  INFO 16552 --- [           main] com.netflix.discovery.DiscoveryClient    : Saw local status change event StatusChangeEvent [timestamp=1778736428633, current=UP, previous=STARTING]
2026-05-14 10:57:08.643  INFO 16552 --- [nfoReplicator-0] com.netflix.discovery.DiscoveryClient    : DiscoveryClient_PRODUCT-RECOMMENDATION-SERVICE/Admin:product-recommendation-service:8812: registering service...
2026-05-14 10:57:08.757  INFO 16552 --- [nfoReplicator-0] com.netflix.discovery.DiscoveryClient    : DiscoveryClient_PRODUCT-RECOMMENDATION-SERVICE/Admin:product-recommendation-service:8812 - registration status: 204
2026-05-14 10:57:19.011  INFO 16552 --- [           main] o.s.b.w.embedded.tomcat.TomcatWebServer  : Tomcat started on port(s): 8812 (http) with context path ''
2026-05-14 10:57:19.014  INFO 16552 --- [           main] .s.c.n.e.s.EurekaAutoServiceRegistration : Updating port to 8812
2026-05-14 10:57:19.032  INFO 16552 --- [           main] .ProductRecommendationServiceApplication : Started ProductRecommendationServiceApplication in 95.072 seconds (JVM running for 106.055)
2026-05-14 11:02:06.853  INFO 16552 --- [trap-executor-0] c.n.d.s.r.aws.ConfigClusterResolver      : Resolving eureka endpoints via configuration
2026-05-14 11:07:07.140  INFO 16552 --- [trap-executor-0] c.n.d.s.r.aws.ConfigClusterResolver      : Resolving eureka endpoints via configuration
2026-05-14 11:12:07.683  INFO 16552 --- [trap-executor-0] c.n.d.s.r.aws.ConfigClusterResolver      : Resolving eureka endpoints via configuration
