2026-05-12 21:50:21.251  INFO 25672 --- [           main] trationDelegate$BeanPostProcessorChecker : Bean 'org.springframework.cloud.autoconfigure.ConfigurationPropertiesRebinderAutoConfiguration' of type [org.springframework.cloud.autoconfigure.ConfigurationPropertiesRebinderAutoConfiguration$$EnhancerBySpringCGLIB$$8993ca23] is not eligible for getting processed by all BeanPostProcessors (for example: not eligible for auto-proxying)

  .   ____          _            __ _ _
 /\\ / ___'_ __ _ _(_)_ __  __ _ \ \ \ \
( ( )\___ | '_ | '_| | '_ \/ _` | \ \ \ \
 \\/  ___)| |_)| | | | | || (_| |  ) ) ) )
  '  |____| .__|_| |_|_| |_\__, | / / / /
 =========|_|==============|___/=/_/_/_/
 :: Spring Boot ::        (v2.1.5.RELEASE)

2026-05-12 21:50:22.417  INFO 25672 --- [           main] c.r.userservice.UserServiceApplication   : No active profile set, falling back to default profiles: default
2026-05-12 21:50:25.156  INFO 25672 --- [           main] .s.d.r.c.RepositoryConfigurationDelegate : Bootstrapping Spring Data repositories in DEFAULT mode.
2026-05-12 21:50:25.782  INFO 25672 --- [           main] .s.d.r.c.RepositoryConfigurationDelegate : Finished Spring Data repository scanning in 542ms. Found 3 repository interfaces.
2026-05-12 21:50:28.848  INFO 25672 --- [           main] o.s.cloud.context.scope.GenericScope     : BeanFactory id=f9438244-cac9-3fe5-9cb0-8a520f4ec22f
2026-05-12 21:50:29.508  INFO 25672 --- [           main] trationDelegate$BeanPostProcessorChecker : Bean 'org.springframework.transaction.annotation.ProxyTransactionManagementConfiguration' of type [org.springframework.transaction.annotation.ProxyTransactionManagementConfiguration$$EnhancerBySpringCGLIB$$6d79c726] is not eligible for getting processed by all BeanPostProcessors (for example: not eligible for auto-proxying)
2026-05-12 21:50:29.650  INFO 25672 --- [           main] trationDelegate$BeanPostProcessorChecker : Bean 'org.springframework.cloud.autoconfigure.ConfigurationPropertiesRebinderAutoConfiguration' of type [org.springframework.cloud.autoconfigure.ConfigurationPropertiesRebinderAutoConfiguration$$EnhancerBySpringCGLIB$$8993ca23] is not eligible for getting processed by all BeanPostProcessors (for example: not eligible for auto-proxying)
2026-05-12 21:50:34.354  INFO 25672 --- [           main] o.s.b.w.embedded.tomcat.TomcatWebServer  : Tomcat initialized with port(s): 8811 (http)
2026-05-12 21:50:34.595  INFO 25672 --- [           main] o.apache.catalina.core.StandardService   : Starting service [Tomcat]
2026-05-12 21:50:34.597  INFO 25672 --- [           main] org.apache.catalina.core.StandardEngine  : Starting Servlet engine: [Apache Tomcat/9.0.19]
2026-05-12 21:50:35.404  INFO 25672 --- [           main] o.a.c.c.C.[Tomcat].[localhost].[/]       : Initializing Spring embedded WebApplicationContext
2026-05-12 21:50:35.405  INFO 25672 --- [           main] o.s.web.context.ContextLoader            : Root WebApplicationContext: initialization completed in 12848 ms
2026-05-12 21:50:36.781  INFO 25672 --- [           main] com.zaxxer.hikari.HikariDataSource       : HikariPool-1 - Starting...
2026-05-12 21:50:37.794  INFO 25672 --- [           main] com.zaxxer.hikari.HikariDataSource       : HikariPool-1 - Start completed.
2026-05-12 21:50:38.025  INFO 25672 --- [           main] o.hibernate.jpa.internal.util.LogHelper  : HHH000204: Processing PersistenceUnitInfo [
	name: default
	...]
2026-05-12 21:50:38.642  INFO 25672 --- [           main] org.hibernate.Version                    : HHH000412: Hibernate Core {5.3.10.Final}
2026-05-12 21:50:38.652  INFO 25672 --- [           main] org.hibernate.cfg.Environment            : HHH000206: hibernate.properties not found
2026-05-12 21:50:40.325  INFO 25672 --- [           main] o.hibernate.annotations.common.Version   : HCANN000001: Hibernate Commons Annotations {5.0.4.Final}
2026-05-12 21:50:43.405  INFO 25672 --- [           main] org.hibernate.dialect.Dialect            : HHH000400: Using dialect: org.hibernate.dialect.H2Dialect
Hibernate: create table user_role (id bigint generated by default as identity, role_name varchar(255), primary key (id))
Hibernate: create table users (id bigint generated by default as identity, active integer, user_name varchar(50) not null, user_password varchar(50) not null, role_id bigint, user_details_id bigint, primary key (id))
Hibernate: create table users_details (id bigint generated by default as identity, country varchar(30), email varchar(50) not null, first_name varchar(50) not null, last_name varchar(50) not null, locality varchar(30), phone_number varchar(15), street varchar(30), street_number varchar(10), zip_code varchar(6), primary key (id))
Hibernate: alter table users drop constraint if exists UK_k8d0f2n7n88w1a16yhua64onx
Hibernate: alter table users add constraint UK_k8d0f2n7n88w1a16yhua64onx unique (user_name)
Hibernate: alter table users_details drop constraint if exists UK_mld8vik5lrt9308nbcic8me3w
Hibernate: alter table users_details add constraint UK_mld8vik5lrt9308nbcic8me3w unique (email)
Hibernate: alter table users add constraint FKqjp6iwe2anthe5yx88fl0coan foreign key (role_id) references user_role
Hibernate: alter table users add constraint FKo67696pv3l098u660mnbtsi32 foreign key (user_details_id) references users_details
2026-05-12 21:50:50.010  INFO 25672 --- [           main] j.LocalContainerEntityManagerFactoryBean : Initialized JPA EntityManagerFactory for persistence unit 'default'
2026-05-12 21:50:53.268  WARN 25672 --- [           main] c.n.c.sources.URLConfigurationSource     : No URLs will be polled as dynamic configuration sources.
2026-05-12 21:50:53.269  INFO 25672 --- [           main] c.n.c.sources.URLConfigurationSource     : To enable URLs as dynamic configuration sources, define System property archaius.configurationSource.additionalUrls or make config.properties available on classpath.
2026-05-12 21:50:53.343  WARN 25672 --- [           main] c.n.c.sources.URLConfigurationSource     : No URLs will be polled as dynamic configuration sources.
2026-05-12 21:50:53.356  INFO 25672 --- [           main] c.n.c.sources.URLConfigurationSource     : To enable URLs as dynamic configuration sources, define System property archaius.configurationSource.additionalUrls or make config.properties available on classpath.
2026-05-12 21:50:55.377  INFO 25672 --- [           main] o.s.s.concurrent.ThreadPoolTaskExecutor  : Initializing ExecutorService 'applicationTaskExecutor'
2026-05-12 21:50:55.599  WARN 25672 --- [           main] aWebConfiguration$JpaWebMvcConfiguration : spring.jpa.open-in-view is enabled by default. Therefore, database queries may be performed during view rendering. Explicitly configure spring.jpa.open-in-view to disable this warning
2026-05-12 21:51:07.401  INFO 25672 --- [           main] o.s.c.n.eureka.InstanceInfoFactory       : Setting initial instance status as: STARTING
2026-05-12 21:51:07.761  INFO 25672 --- [           main] com.netflix.discovery.DiscoveryClient    : Initializing Eureka in region us-east-1
2026-05-12 21:51:11.321  INFO 25672 --- [           main] c.n.d.provider.DiscoveryJerseyProvider   : Using JSON encoding codec LegacyJacksonJson
2026-05-12 21:51:11.329  INFO 25672 --- [           main] c.n.d.provider.DiscoveryJerseyProvider   : Using JSON decoding codec LegacyJacksonJson
2026-05-12 21:51:17.431  INFO 25672 --- [           main] c.n.d.provider.DiscoveryJerseyProvider   : Using XML encoding codec XStreamXml
2026-05-12 21:51:17.436  INFO 25672 --- [           main] c.n.d.provider.DiscoveryJerseyProvider   : Using XML decoding codec XStreamXml
2026-05-12 21:51:21.501  INFO 25672 --- [           main] c.n.d.s.r.aws.ConfigClusterResolver      : Resolving eureka endpoints via configuration
2026-05-12 21:51:24.625  INFO 25672 --- [           main] com.netflix.discovery.DiscoveryClient    : Disable delta property : false
2026-05-12 21:51:24.627  INFO 25672 --- [           main] com.netflix.discovery.DiscoveryClient    : Single vip registry refresh property : null
2026-05-12 21:51:24.634  INFO 25672 --- [           main] com.netflix.discovery.DiscoveryClient    : Force full registry fetch : false
2026-05-12 21:51:24.647  INFO 25672 --- [           main] com.netflix.discovery.DiscoveryClient    : Application is null : false
2026-05-12 21:51:24.649  INFO 25672 --- [           main] com.netflix.discovery.DiscoveryClient    : Registered Applications size is zero : true
2026-05-12 21:51:24.655  INFO 25672 --- [           main] com.netflix.discovery.DiscoveryClient    : Application version is -1: true
2026-05-12 21:51:24.658  INFO 25672 --- [           main] com.netflix.discovery.DiscoveryClient    : Getting all instance registry info from the eureka server
2026-05-12 21:51:30.756  INFO 25672 --- [           main] com.netflix.discovery.DiscoveryClient    : The response status is 200
2026-05-12 21:51:30.791  INFO 25672 --- [           main] com.netflix.discovery.DiscoveryClient    : Starting heartbeat executor: renew interval is: 30
2026-05-12 21:51:30.811  INFO 25672 --- [           main] c.n.discovery.InstanceInfoReplicator     : InstanceInfoReplicator onDemand update allowed rate per min is 4
2026-05-12 21:51:30.863  INFO 25672 --- [           main] com.netflix.discovery.DiscoveryClient    : Discovery Client initialized at timestamp 1778602890826 with initial instances count: 0
2026-05-12 21:51:30.889  INFO 25672 --- [           main] o.s.c.n.e.s.EurekaServiceRegistry        : Registering application USER-SERVICE with eureka with status UP
2026-05-12 21:51:30.896  INFO 25672 --- [           main] com.netflix.discovery.DiscoveryClient    : Saw local status change event StatusChangeEvent [timestamp=1778602890895, current=UP, previous=STARTING]
2026-05-12 21:51:30.938  INFO 25672 --- [nfoReplicator-0] com.netflix.discovery.DiscoveryClient    : DiscoveryClient_USER-SERVICE/Admin:user-service:8811: registering service...
2026-05-12 21:51:32.746  INFO 25672 --- [nfoReplicator-0] com.netflix.discovery.DiscoveryClient    : DiscoveryClient_USER-SERVICE/Admin:user-service:8811 - registration status: 204
2026-05-12 21:51:39.442  INFO 25672 --- [           main] o.s.b.w.embedded.tomcat.TomcatWebServer  : Tomcat started on port(s): 8811 (http) with context path ''
2026-05-12 21:51:39.448  INFO 25672 --- [           main] .s.c.n.e.s.EurekaAutoServiceRegistration : Updating port to 8811
2026-05-12 21:51:39.479  INFO 25672 --- [           main] c.r.userservice.UserServiceApplication   : Started UserServiceApplication in 83.754 seconds (JVM running for 86.525)
2026-05-12 21:52:00.821  INFO 25672 --- [freshExecutor-0] com.netflix.discovery.DiscoveryClient    : Disable delta property : false
2026-05-12 21:52:00.863  INFO 25672 --- [freshExecutor-0] com.netflix.discovery.DiscoveryClient    : Single vip registry refresh property : null
2026-05-12 21:52:00.931  INFO 25672 --- [freshExecutor-0] com.netflix.discovery.DiscoveryClient    : Force full registry fetch : false
2026-05-12 21:52:00.940  INFO 25672 --- [freshExecutor-0] com.netflix.discovery.DiscoveryClient    : Application is null : false
2026-05-12 21:52:01.013  INFO 25672 --- [freshExecutor-0] com.netflix.discovery.DiscoveryClient    : Registered Applications size is zero : true
2026-05-12 21:52:01.030  INFO 25672 --- [freshExecutor-0] com.netflix.discovery.DiscoveryClient    : Application version is -1: false
2026-05-12 21:52:01.033  INFO 25672 --- [freshExecutor-0] com.netflix.discovery.DiscoveryClient    : Getting all instance registry info from the eureka server
2026-05-12 21:52:03.187  INFO 25672 --- [freshExecutor-0] com.netflix.discovery.DiscoveryClient    : The response status is 200
